<?xml version="1.0" encoding="UTF-8"?>
<testsuites tests="4" failures="0" disabled="0" errors="0" time="0.035" timestamp="2021-04-29T01:01:09" name="AllTests">
  <testsuite name="Sysinit" tests="2" failures="0" disabled="0" errors="0" time="0.035" timestamp="2021-04-29T01:01:09">
    <testcase name="LegacyPath" status="run" result="completed" time="0.001" timestamp="2021-04-29T01:01:09" classname="Sysinit" />
    <testcase name="XdgDefaultPath" status="run" result="completed" time="0.034" timestamp="2021-04-29T01:01:09" classname="Sysinit" />
  </testsuite>
  <testsuite name="SysinitSetXdgUserDataHome" tests="1" failures="0" disabled="0" errors="0" time="0" timestamp="2021-04-29T01:01:09">
    <testcase name="XdgSetPath" status="run" result="completed" time="0" timestamp="2021-04-29T01:01:09" classname="SysinitSetXdgUserDataHome" />
  </testsuite>
  <testsuite name="SysinitSetTrashXdgUserDataHome" tests="1" failures="0" disabled="0" errors="0" time="0" timestamp="2021-04-29T01:01:09">
    <testcase name="XdgSetToTrashPath" status="run" result="completed" time="0" timestamp="2021-04-29T01:01:09" classname="SysinitSetTrashXdgUserDataHome" />
  </testsuite>
</testsuites>
