<?xml version="1.0" encoding="UTF-8"?>
<testsuites tests="240" failures="0" disabled="0" errors="0" time="0.016" timestamp="2021-04-29T00:55:01" name="AllTests">
  <testsuite name="NISTTestVector/PRNGTest" tests="240" failures="0" disabled="0" errors="0" time="0.016" timestamp="2021-04-29T00:55:01">
    <testcase name="HashDRBG/0" value_param="168-byte object &lt;10-AA 57-FF C2-55 00-00 30-AA 57-FF C2-55 00-00 30-AA 57-FF C2-55 00-00 40-AA 57-FF C2-55 00-00 50-AA 57-FF C2-55 00-00 50-AA 57-FF C2-55 00-00 00-00 00-00 00-00 00-00 00-00 00-00 00-00 00-00 ... 10-AB 57-FF C2-55 00-00 10-AB 57-FF C2-55 00-00 00-00 00-00 00-00 00-00 00-00 00-00 00-00 00-00 00-00 00-00 00-00 00-00 20-AB 57-FF C2-55 00-00 50-AB 57-FF C2-55 00-00 50-AB 57-FF C2-55 00-00&gt;" status="run" result="completed" time="0" timestamp="2021-04-29T00:55:01" classname="NISTTestVector/PRNGTest" />
    <testcase name="HashDRBG/1" value_param="168-byte object &lt;10-AA 57-FF C2-55 00-00 30-AA 57-FF C2-55 00-00 30-AA 57-FF C2-55 00-00 40-AA 57-FF C2-55 00-00 50-AA 57-FF C2-55 00-00 50-AA 57-FF C2-55 00-00 00-00 00-00 00-00 00-00 00-00 00-00 00-00 00-00 ... 10-AB 57-FF C2-55 00-00 10-AB 57-FF C2-55 00-00 00-00 00-00 00-00 00-00 00-00 00-00 00-00 00-00 00-00 00-00 00-00 00-00 20-AB 57-FF C2-55 00-00 50-AB 57-FF C2-55 00-00 50-AB 57-FF C2-55 00-00&gt;" status="run" result="completed" time="0.001" timestamp="2021-04-29T00:55:01" classname="NISTTestVector/PRNGTest" />
    <testcase name="HashDRBG/2" value_param="168-byte object &lt;10-AA 57-FF C2-55 00-00 30-AA 57-FF C2-55 00-00 30-AA 57-FF C2-55 00-00 40-AA 57-FF C2-55 00-00 50-AA 57-FF C2-55 00-00 50-AA 57-FF C2-55 00-00 00-00 00-00 00-00 00-00 00-00 00-00 00-00 00-00 ... 10-AB 57-FF C2-55 00-00 10-AB 57-FF C2-55 00-00 00-00 00-00 00-00 00-00 00-00 00-00 00-00 00-00 00-00 00-00 00-00 00-00 20-AB 57-FF C2-55 00-00 50-AB 57-FF C2-55 00-00 50-AB 57-FF C2-55 00-00&gt;" status="run" result="completed" time="0" timestamp="2021-04-29T00:55:01" classname="NISTTestVector/PRNGTest" />
    <testcase name="HashDRBG/3" value_param="168-byte object &lt;10-AA 57-FF C2-55 00-00 30-AA 57-FF C2-55 00-00 30-AA 57-FF C2-55 00-00 40-AA 57-FF C2-55 00-00 50-AA 57-FF C2-55 00-00 50-AA 57-FF C2-55 00-00 00-00 00-00 00-00 00-00 00-00 00-00 00-00 00-00 ... 10-AB 57-FF C2-55 00-00 10-AB 57-FF C2-55 00-00 00-00 00-00 00-00 00-00 00-00 00-00 00-00 00-00 00-00 00-00 00-00 00-00 20-AB 57-FF C2-55 00-00 50-AB 57-FF C2-55 00-00 50-AB 57-FF C2-55 00-00&gt;" status="run" result="completed" time="0" timestamp="2021-04-29T00:55:01" classname="NISTTestVector/PRNGTest" />
    <testcase name="HashDRBG/4" value_param="168-byte object &lt;10-AA 57-FF C2-55 00-00 30-AA 57-FF C2-55 00-00 30-AA 57-FF C2-55 00-00 40-AA 57-FF C2-55 00-00 50-AA 57-FF C2-55 00-00 50-AA 57-FF C2-55 00-00 00-00 00-00 00-00 00-00 00-00 00-00 00-00 00-00 ... 10-AB 57-FF C2-55 00-00 10-AB 57-FF C2-55 00-00 00-00 00-00 00-00 00-00 00-00 00-00 00-00 00-00 00-00 00-00 00-00 00-00 20-AB 57-FF C2-55 00-00 50-AB 57-FF C2-55 00-00 50-AB 57-FF C2-55 00-00&gt;" status="run" result="completed" time="0" timestamp="2021-04-29T00:55:01" classname="NISTTestVector/PRNGTest" />
    <testcase name="HashDRBG/5" value_param="168-byte object &lt;10-AA 57-FF C2-55 00-00 30-AA 57-FF C2-55 00-00 30-AA 57-FF C2-55 00-00 40-AA 57-FF C2-55 00-00 50-AA 57-FF C2-55 00-00 50-AA 57-FF C2-55 00-00 00-00 00-00 00-00 00-00 00-00 00-00 00-00 00-00 ... 10-AB 57-FF C2-55 00-00 10-AB 57-FF C2-55 00-00 00-00 00-00 00-00 00-00 00-00 00-00 00-00 00-00 00-00 00-00 00-00 00-00 20-AB 57-FF C2-55 00-00 50-AB 57-FF C2-55 00-00 50-AB 57-FF C2-55 00-00&gt;" status="run" result="completed" time="0" timestamp="2021-04-29T00:55:01" classname="NISTTestVector/PRNGTest" />
    <testcase name="HashDRBG/6" value_param="168-byte object &lt;10-AA 57-FF C2-55 00-00 30-AA 57-FF C2-55 00-00 30-AA 57-FF C2-55 00-00 40-AA 57-FF C2-55 00-00 50-AA 57-FF C2-55 00-00 50-AA 57-FF C2-55 00-00 00-00 00-00 00-00 00-00 00-00 00-00 00-00 00-00 ... 10-AB 57-FF C2-55 00-00 10-AB 57-FF C2-55 00-00 00-00 00-00 00-00 00-00 00-00 00-00 00-00 00-00 00-00 00-00 00-00 00-00 20-AB 57-FF C2-55 00-00 50-AB 57-FF C2-55 00-00 50-AB 57-FF C2-55 00-00&gt;" status="run" result="completed" time="0" timestamp="2021-04-29T00:55:01" classname="NISTTestVector/PRNGTest" />
    <testcase name="HashDRBG/7" value_param="168-byte object &lt;10-AA 57-FF C2-55 00-00 30-AA 57-FF C2-55 00-00 30-AA 57-FF C2-55 00-00 40-AA 57-FF C2-55 00-00 50-AA 57-FF C2-55 00-00 50-AA 57-FF C2-55 00-00 00-00 00-00 00-00 00-00 00-00 00-00 00-00 00-00 ... 10-AB 57-FF C2-55 00-00 10-AB 57-FF C2-55 00-00 00-00 00-00 00-00 00-00 00-00 00-00 00-00 00-00 00-00 00-00 00-00 00-00 20-AB 57-FF C2-55 00-00 50-AB 57-FF C2-55 00-00 50-AB 57-FF C2-55 00-00&gt;" status="run" result="completed" time="0" timestamp="2021-04-29T00:55:01" classname="NISTTestVector/PRNGTest" />
    <testcase name="HashDRBG/8" value_param="168-byte object &lt;10-AA 57-FF C2-55 00-00 30-AA 57-FF C2-55 00-00 30-AA 57-FF C2-55 00-00 40-AA 57-FF C2-55 00-00 50-AA 57-FF C2-55 00-00 50-AA 57-FF C2-55 00-00 00-00 00-00 00-00 00-00 00-00 00-00 00-00 00-00 ... 10-AB 57-FF C2-55 00-00 10-AB 57-FF C2-55 00-00 00-00 00-00 00-00 00-00 00-00 00-00 00-00 00-00 00-00 00-00 00-00 00-00 20-AB 57-FF C2-55 00-00 50-AB 57-FF C2-55 00-00 50-AB 57-FF C2-55 00-00&gt;" status="run" result="completed" time="0" timestamp="2021-04-29T00:55:01" classname="NISTTestVector/PRNGTest" />
    <testcase name="HashDRBG/9" value_param="168-byte object &lt;10-AA 57-FF C2-55 00-00 30-AA 57-FF C2-55 00-00 30-AA 57-FF C2-55 00-00 40-AA 57-FF C2-55 00-00 50-AA 57-FF C2-55 00-00 50-AA 57-FF C2-55 00-00 00-00 00-00 00-00 00-00 00-00 00-00 00-00 00-00 ... 10-AB 57-FF C2-55 00-00 10-AB 57-FF C2-55 00-00 00-00 00-00 00-00 00-00 00-00 00-00 00-00 00-00 00-00 00-00 00-00 00-00 20-AB 57-FF C2-55 00-00 50-AB 57-FF C2-55 00-00 50-AB 57-FF C2-55 00-00&gt;" status="run" result="completed" time="0" timestamp="2021-04-29T00:55:01" classname="NISTTestVector/PRNGTest" />
    <testcase name="HashDRBG/10" value_param="168-byte object &lt;10-AA 57-FF C2-55 00-00 30-AA 57-FF C2-55 00-00 30-AA 57-FF C2-55 00-00 40-AA 57-FF C2-55 00-00 50-AA 57-FF C2-55 00-00 50-AA 57-FF C2-55 00-00 00-00 00-00 00-00 00-00 00-00 00-00 00-00 00-00 ... 10-AB 57-FF C2-55 00-00 10-AB 57-FF C2-55 00-00 00-00 00-00 00-00 00-00 00-00 00-00 00-00 00-00 00-00 00-00 00-00 00-00 20-AB 57-FF C2-55 00-00 50-AB 57-FF C2-55 00-00 50-AB 57-FF C2-55 00-00&gt;" status="run" result="completed" time="0" timestamp="2021-04-29T00:55:01" classname="NISTTestVector/PRNGTest" />
    <testcase name="HashDRBG/11" value_param="168-byte object &lt;10-AA 57-FF C2-55 00-00 30-AA 57-FF C2-55 00-00 30-AA 57-FF C2-55 00-00 40-AA 57-FF C2-55 00-00 50-AA 57-FF C2-55 00-00 50-AA 57-FF C2-55 00-00 00-00 00-00 00-00 00-00 00-00 00-00 00-00 00-00 ... 10-AB 57-FF C2-55 00-00 10-AB 57-FF C2-55 00-00 00-00 00-00 00-00 00-00 00-00 00-00 00-00 00-00 00-00 00-00 00-00 00-00 20-AB 57-FF C2-55 00-00 50-AB 57-FF C2-55 00-00 50-AB 57-FF C2-55 00-00&gt;" status="run" result="completed" time="0" timestamp="2021-04-29T00:55:01" classname="NISTTestVector/PRNGTest" />
    <testcase name="HashDRBG/12" value_param="168-byte object &lt;10-AA 57-FF C2-55 00-00 30-AA 57-FF C2-55 00-00 30-AA 57-FF C2-55 00-00 40-AA 57-FF C2-55 00-00 50-AA 57-FF C2-55 00-00 50-AA 57-FF C2-55 00-00 00-00 00-00 00-00 00-00 00-00 00-00 00-00 00-00 ... 10-AB 57-FF C2-55 00-00 10-AB 57-FF C2-55 00-00 00-00 00-00 00-00 00-00 00-00 00-00 00-00 00-00 00-00 00-00 00-00 00-00 20-AB 57-FF C2-55 00-00 50-AB 57-FF C2-55 00-00 50-AB 57-FF C2-55 00-00&gt;" status="run" result="completed" time="0" timestamp="2021-04-29T00:55:01" classname="NISTTestVector/PRNGTest" />
    <testcase name="HashDRBG/13" value_param="168-byte object &lt;10-AA 57-FF C2-55 00-00 30-AA 57-FF C2-55 00-00 30-AA 57-FF C2-55 00-00 40-AA 57-FF C2-55 00-00 50-AA 57-FF C2-55 00-00 50-AA 57-FF C2-55 00-00 00-00 00-00 00-00 00-00 00-00 00-00 00-00 00-00 ... 10-AB 57-FF C2-55 00-00 10-AB 57-FF C2-55 00-00 00-00 00-00 00-00 00-00 00-00 00-00 00-00 00-00 00-00 00-00 00-00 00-00 20-AB 57-FF C2-55 00-00 50-AB 57-FF C2-55 00-00 50-AB 57-FF C2-55 00-00&gt;" status="run" result="completed" time="0" timestamp="2021-04-29T00:55:01" classname="NISTTestVector/PRNGTest" />
    <testcase name="HashDRBG/14" value_param="168-byte object &lt;10-AA 57-FF C2-55 00-00 30-AA 57-FF C2-55 00-00 30-AA 57-FF C2-55 00-00 40-AA 57-FF C2-55 00-00 50-AA 57-FF C2-55 00-00 50-AA 57-FF C2-55 00-00 00-00 00-00 00-00 00-00 00-00 00-00 00-00 00-00 ... 10-AB 57-FF C2-55 00-00 10-AB 57-FF C2-55 00-00 00-00 00-00 00-00 00-00 00-00 00-00 00-00 00-00 00-00 00-00 00-00 00-00 20-AB 57-FF C2-55 00-00 50-AB 57-FF C2-55 00-00 50-AB 57-FF C2-55 00-00&gt;" status="run" result="completed" time="0" timestamp="2021-04-29T00:55:01" classname="NISTTestVector/PRNGTest" />
    <testcase name="HashDRBG/15" value_param="168-byte object &lt;10-AA 57-FF C2-55 00-00 30-AA 57-FF C2-55 00-00 30-AA 57-FF C2-55 00-00 40-AA 57-FF C2-55 00-00 50-AA 57-FF C2-55 00-00 50-AA 57-FF C2-55 00-00 00-00 00-00 00-00 00-00 00-00 00-00 00-00 00-00 ... 10-AB 57-FF C2-55 00-00 10-AB 57-FF C2-55 00-00 60-AB 57-FF C2-55 00-00 80-AB 57-FF C2-55 00-00 80-AB 57-FF C2-55 00-00 20-AB 57-FF C2-55 00-00 50-AB 57-FF C2-55 00-00 50-AB 57-FF C2-55 00-00&gt;" status="run" result="completed" time="0" timestamp="2021-04-29T00:55:01" classname="NISTTestVector/PRNGTest" />
    <testcase name="HashDRBG/16" value_param="168-byte object &lt;D0-08 58-FF C2-55 00-00 F0-08 58-FF C2-55 00-00 F0-08 58-FF C2-55 00-00 40-AA 57-FF C2-55 00-00 50-AA 57-FF C2-55 00-00 50-AA 57-FF C2-55 00-00 00-00 00-00 00-00 00-00 00-00 00-00 00-00 00-00 ... 20-09 58-FF C2-55 00-00 20-09 58-FF C2-55 00-00 30-09 58-FF C2-55 00-00 50-09 58-FF C2-55 00-00 50-09 58-FF C2-55 00-00 20-AB 57-FF C2-55 00-00 50-AB 57-FF C2-55 00-00 50-AB 57-FF C2-55 00-00&gt;" status="run" result="completed" time="0" timestamp="2021-04-29T00:55:01" classname="NISTTestVector/PRNGTest" />
    <testcase name="HashDRBG/17" value_param="168-byte object &lt;A0-08 58-FF C2-55 00-00 C0-08 58-FF C2-55 00-00 C0-08 58-FF C2-55 00-00 40-AA 57-FF C2-55 00-00 50-AA 57-FF C2-55 00-00 50-AA 57-FF C2-55 00-00 00-00 00-00 00-00 00-00 00-00 00-00 00-00 00-00 ... 60-AE 57-FF C2-55 00-00 60-AE 57-FF C2-55 00-00 40-AC 57-FF C2-55 00-00 60-AC 57-FF C2-55 00-00 60-AC 57-FF C2-55 00-00 20-AB 57-FF C2-55 00-00 50-AB 57-FF C2-55 00-00 50-AB 57-FF C2-55 00-00&gt;" status="run" result="completed" time="0.001" timestamp="2021-04-29T00:55:01" classname="NISTTestVector/PRNGTest" />
    <testcase name="HashDRBG/18" value_param="168-byte object &lt;70-08 58-FF C2-55 00-00 90-08 58-FF C2-55 00-00 90-08 58-FF C2-55 00-00 40-AA 57-FF C2-55 00-00 50-AA 57-FF C2-55 00-00 50-AA 57-FF C2-55 00-00 00-00 00-00 00-00 00-00 00-00 00-00 00-00 00-00 ... 30-0A 58-FF C2-55 00-00 30-0A 58-FF C2-55 00-00 B0-09 58-FF C2-55 00-00 D0-09 58-FF C2-55 00-00 D0-09 58-FF C2-55 00-00 20-AB 57-FF C2-55 00-00 50-AB 57-FF C2-55 00-00 50-AB 57-FF C2-55 00-00&gt;" status="run" result="completed" time="0" timestamp="2021-04-29T00:55:01" classname="NISTTestVector/PRNGTest" />
    <testcase name="HashDRBG/19" value_param="168-byte object &lt;10-AA 57-FF C2-55 00-00 30-AA 57-FF C2-55 00-00 30-AA 57-FF C2-55 00-00 40-AA 57-FF C2-55 00-00 50-AA 57-FF C2-55 00-00 50-AA 57-FF C2-55 00-00 00-00 00-00 00-00 00-00 00-00 00-00 00-00 00-00 ... 90-0A 58-FF C2-55 00-00 90-0A 58-FF C2-55 00-00 60-AB 57-FF C2-55 00-00 80-AB 57-FF C2-55 00-00 80-AB 57-FF C2-55 00-00 20-AB 57-FF C2-55 00-00 50-AB 57-FF C2-55 00-00 50-AB 57-FF C2-55 00-00&gt;" status="run" result="completed" time="0" timestamp="2021-04-29T00:55:01" classname="NISTTestVector/PRNGTest" />
    <testcase name="HashDRBG/20" value_param="168-byte object &lt;D0-08 58-FF C2-55 00-00 F0-08 58-FF C2-55 00-00 F0-08 58-FF C2-55 00-00 40-AA 57-FF C2-55 00-00 50-AA 57-FF C2-55 00-00 50-AA 57-FF C2-55 00-00 00-00 00-00 00-00 00-00 00-00 00-00 00-00 00-00 ... D0-10 58-FF C2-55 00-00 D0-10 58-FF C2-55 00-00 30-09 58-FF C2-55 00-00 50-09 58-FF C2-55 00-00 50-09 58-FF C2-55 00-00 20-AB 57-FF C2-55 00-00 50-AB 57-FF C2-55 00-00 50-AB 57-FF C2-55 00-00&gt;" status="run" result="completed" time="0" timestamp="2021-04-29T00:55:01" classname="NISTTestVector/PRNGTest" />
    <testcase name="HashDRBG/21" value_param="168-byte object &lt;A0-08 58-FF C2-55 00-00 C0-08 58-FF C2-55 00-00 C0-08 58-FF C2-55 00-00 40-AA 57-FF C2-55 00-00 50-AA 57-FF C2-55 00-00 50-AA 57-FF C2-55 00-00 00-00 00-00 00-00 00-00 00-00 00-00 00-00 00-00 ... D0-17 58-FF C2-55 00-00 D0-17 58-FF C2-55 00-00 40-AC 57-FF C2-55 00-00 60-AC 57-FF C2-55 00-00 60-AC 57-FF C2-55 00-00 20-AB 57-FF C2-55 00-00 50-AB 57-FF C2-55 00-00 50-AB 57-FF C2-55 00-00&gt;" status="run" result="completed" time="0" timestamp="2021-04-29T00:55:01" classname="NISTTestVector/PRNGTest" />
    <testcase name="HashDRBG/22" value_param="168-byte object &lt;70-08 58-FF C2-55 00-00 90-08 58-FF C2-55 00-00 90-08 58-FF C2-55 00-00 40-AA 57-FF C2-55 00-00 50-AA 57-FF C2-55 00-00 50-AA 57-FF C2-55 00-00 00-00 00-00 00-00 00-00 00-00 00-00 00-00 00-00 ... 10-1E 58-FF C2-55 00-00 10-1E 58-FF C2-55 00-00 B0-09 58-FF C2-55 00-00 D0-09 58-FF C2-55 00-00 D0-09 58-FF C2-55 00-00 20-AB 57-FF C2-55 00-00 50-AB 57-FF C2-55 00-00 50-AB 57-FF C2-55 00-00&gt;" status="run" result="completed" time="0" timestamp="2021-04-29T00:55:01" classname="NISTTestVector/PRNGTest" />
    <testcase name="HashDRBG/23" value_param="168-byte object &lt;10-AA 57-FF C2-55 00-00 30-AA 57-FF C2-55 00-00 30-AA 57-FF C2-55 00-00 40-AA 57-FF C2-55 00-00 50-AA 57-FF C2-55 00-00 50-AA 57-FF C2-55 00-00 00-00 00-00 00-00 00-00 00-00 00-00 00-00 00-00 ... 50-24 58-FF C2-55 00-00 50-24 58-FF C2-55 00-00 60-AB 57-FF C2-55 00-00 80-AB 57-FF C2-55 00-00 80-AB 57-FF C2-55 00-00 20-AB 57-FF C2-55 00-00 50-AB 57-FF C2-55 00-00 50-AB 57-FF C2-55 00-00&gt;" status="run" result="completed" time="0" timestamp="2021-04-29T00:55:01" classname="NISTTestVector/PRNGTest" />
    <testcase name="HashDRBG/24" value_param="168-byte object &lt;D0-08 58-FF C2-55 00-00 F0-08 58-FF C2-55 00-00 F0-08 58-FF C2-55 00-00 40-AA 57-FF C2-55 00-00 50-AA 57-FF C2-55 00-00 50-AA 57-FF C2-55 00-00 00-00 00-00 00-00 00-00 00-00 00-00 00-00 00-00 ... 90-2A 58-FF C2-55 00-00 90-2A 58-FF C2-55 00-00 30-09 58-FF C2-55 00-00 50-09 58-FF C2-55 00-00 50-09 58-FF C2-55 00-00 20-AB 57-FF C2-55 00-00 50-AB 57-FF C2-55 00-00 50-AB 57-FF C2-55 00-00&gt;" status="run" result="completed" time="0" timestamp="2021-04-29T00:55:01" classname="NISTTestVector/PRNGTest" />
    <testcase name="HashDRBG/25" value_param="168-byte object &lt;A0-08 58-FF C2-55 00-00 C0-08 58-FF C2-55 00-00 C0-08 58-FF C2-55 00-00 40-AA 57-FF C2-55 00-00 50-AA 57-FF C2-55 00-00 50-AA 57-FF C2-55 00-00 00-00 00-00 00-00 00-00 00-00 00-00 00-00 00-00 ... D0-30 58-FF C2-55 00-00 D0-30 58-FF C2-55 00-00 40-AC 57-FF C2-55 00-00 60-AC 57-FF C2-55 00-00 60-AC 57-FF C2-55 00-00 20-AB 57-FF C2-55 00-00 50-AB 57-FF C2-55 00-00 50-AB 57-FF C2-55 00-00&gt;" status="run" result="completed" time="0" timestamp="2021-04-29T00:55:01" classname="NISTTestVector/PRNGTest" />
    <testcase name="HashDRBG/26" value_param="168-byte object &lt;70-08 58-FF C2-55 00-00 90-08 58-FF C2-55 00-00 90-08 58-FF C2-55 00-00 40-AA 57-FF C2-55 00-00 50-AA 57-FF C2-55 00-00 50-AA 57-FF C2-55 00-00 00-00 00-00 00-00 00-00 00-00 00-00 00-00 00-00 ... 10-37 58-FF C2-55 00-00 10-37 58-FF C2-55 00-00 B0-09 58-FF C2-55 00-00 D0-09 58-FF C2-55 00-00 D0-09 58-FF C2-55 00-00 20-AB 57-FF C2-55 00-00 50-AB 57-FF C2-55 00-00 50-AB 57-FF C2-55 00-00&gt;" status="run" result="completed" time="0" timestamp="2021-04-29T00:55:01" classname="NISTTestVector/PRNGTest" />
    <testcase name="HashDRBG/27" value_param="168-byte object &lt;10-AA 57-FF C2-55 00-00 30-AA 57-FF C2-55 00-00 30-AA 57-FF C2-55 00-00 40-AA 57-FF C2-55 00-00 50-AA 57-FF C2-55 00-00 50-AA 57-FF C2-55 00-00 00-00 00-00 00-00 00-00 00-00 00-00 00-00 00-00 ... 50-3D 58-FF C2-55 00-00 50-3D 58-FF C2-55 00-00 60-AB 57-FF C2-55 00-00 80-AB 57-FF C2-55 00-00 80-AB 57-FF C2-55 00-00 20-AB 57-FF C2-55 00-00 50-AB 57-FF C2-55 00-00 50-AB 57-FF C2-55 00-00&gt;" status="run" result="completed" time="0" timestamp="2021-04-29T00:55:01" classname="NISTTestVector/PRNGTest" />
    <testcase name="HashDRBG/28" value_param="168-byte object &lt;D0-08 58-FF C2-55 00-00 F0-08 58-FF C2-55 00-00 F0-08 58-FF C2-55 00-00 40-AA 57-FF C2-55 00-00 50-AA 57-FF C2-55 00-00 50-AA 57-FF C2-55 00-00 00-00 00-00 00-00 00-00 00-00 00-00 00-00 00-00 ... 90-43 58-FF C2-55 00-00 90-43 58-FF C2-55 00-00 30-09 58-FF C2-55 00-00 50-09 58-FF C2-55 00-00 50-09 58-FF C2-55 00-00 20-AB 57-FF C2-55 00-00 50-AB 57-FF C2-55 00-00 50-AB 57-FF C2-55 00-00&gt;" status="run" result="completed" time="0" timestamp="2021-04-29T00:55:01" classname="NISTTestVector/PRNGTest" />
    <testcase name="HashDRBG/29" value_param="168-byte object &lt;A0-08 58-FF C2-55 00-00 C0-08 58-FF C2-55 00-00 C0-08 58-FF C2-55 00-00 40-AA 57-FF C2-55 00-00 50-AA 57-FF C2-55 00-00 50-AA 57-FF C2-55 00-00 00-00 00-00 00-00 00-00 00-00 00-00 00-00 00-00 ... D0-49 58-FF C2-55 00-00 D0-49 58-FF C2-55 00-00 40-AC 57-FF C2-55 00-00 60-AC 57-FF C2-55 00-00 60-AC 57-FF C2-55 00-00 20-AB 57-FF C2-55 00-00 50-AB 57-FF C2-55 00-00 50-AB 57-FF C2-55 00-00&gt;" status="run" result="completed" time="0" timestamp="2021-04-29T00:55:01" classname="NISTTestVector/PRNGTest" />
    <testcase name="HashDRBG/30" value_param="168-byte object &lt;70-08 58-FF C2-55 00-00 90-08 58-FF C2-55 00-00 90-08 58-FF C2-55 00-00 40-AA 57-FF C2-55 00-00 50-AA 57-FF C2-55 00-00 50-AA 57-FF C2-55 00-00 F0-4F 58-FF C2-55 00-00 10-50 58-FF C2-55 00-00 ... D0-09 58-FF C2-55 00-00 D0-09 58-FF C2-55 00-00 00-00 00-00 00-00 00-00 00-00 00-00 00-00 00-00 00-00 00-00 00-00 00-00 20-AB 57-FF C2-55 00-00 50-AB 57-FF C2-55 00-00 50-AB 57-FF C2-55 00-00&gt;" status="run" result="completed" time="0" timestamp="2021-04-29T00:55:01" classname="NISTTestVector/PRNGTest" />
    <testcase name="HashDRBG/31" value_param="168-byte object &lt;30-09 58-FF C2-55 00-00 50-09 58-FF C2-55 00-00 50-09 58-FF C2-55 00-00 40-AA 57-FF C2-55 00-00 50-AA 57-FF C2-55 00-00 50-AA 57-FF C2-55 00-00 70-5C 58-FF C2-55 00-00 90-5C 58-FF C2-55 00-00 ... D0-62 58-FF C2-55 00-00 D0-62 58-FF C2-55 00-00 00-00 00-00 00-00 00-00 00-00 00-00 00-00 00-00 00-00 00-00 00-00 00-00 20-AB 57-FF C2-55 00-00 50-AB 57-FF C2-55 00-00 50-AB 57-FF C2-55 00-00&gt;" status="run" result="completed" time="0" timestamp="2021-04-29T00:55:01" classname="NISTTestVector/PRNGTest" />
    <testcase name="HashDRBG/32" value_param="168-byte object &lt;70-5C 58-FF C2-55 00-00 90-5C 58-FF C2-55 00-00 90-5C 58-FF C2-55 00-00 40-AA 57-FF C2-55 00-00 50-AA 57-FF C2-55 00-00 50-AA 57-FF C2-55 00-00 B0-62 58-FF C2-55 00-00 D0-62 58-FF C2-55 00-00 ... 60-0A 58-FF C2-55 00-00 60-0A 58-FF C2-55 00-00 00-00 00-00 00-00 00-00 00-00 00-00 00-00 00-00 00-00 00-00 00-00 00-00 20-AB 57-FF C2-55 00-00 50-AB 57-FF C2-55 00-00 50-AB 57-FF C2-55 00-00&gt;" status="run" result="completed" time="0.001" timestamp="2021-04-29T00:55:01" classname="NISTTestVector/PRNGTest" />
    <testcase name="HashDRBG/33" value_param="168-byte object &lt;B0-62 58-FF C2-55 00-00 D0-62 58-FF C2-55 00-00 D0-62 58-FF C2-55 00-00 40-AA 57-FF C2-55 00-00 50-AA 57-FF C2-55 00-00 50-AA 57-FF C2-55 00-00 40-0A 58-FF C2-55 00-00 60-0A 58-FF C2-55 00-00 ... 30-AA 57-FF C2-55 00-00 30-AA 57-FF C2-55 00-00 00-00 00-00 00-00 00-00 00-00 00-00 00-00 00-00 00-00 00-00 00-00 00-00 20-AB 57-FF C2-55 00-00 50-AB 57-FF C2-55 00-00 50-AB 57-FF C2-55 00-00&gt;" status="run" result="completed" time="0" timestamp="2021-04-29T00:55:01" classname="NISTTestVector/PRNGTest" />
    <testcase name="HashDRBG/34" value_param="168-byte object &lt;40-0A 58-FF C2-55 00-00 60-0A 58-FF C2-55 00-00 60-0A 58-FF C2-55 00-00 40-AA 57-FF C2-55 00-00 50-AA 57-FF C2-55 00-00 50-AA 57-FF C2-55 00-00 10-AA 57-FF C2-55 00-00 30-AA 57-FF C2-55 00-00 ... 60-AC 57-FF C2-55 00-00 60-AC 57-FF C2-55 00-00 00-00 00-00 00-00 00-00 00-00 00-00 00-00 00-00 00-00 00-00 00-00 00-00 20-AB 57-FF C2-55 00-00 50-AB 57-FF C2-55 00-00 50-AB 57-FF C2-55 00-00&gt;" status="run" result="completed" time="0" timestamp="2021-04-29T00:55:01" classname="NISTTestVector/PRNGTest" />
    <testcase name="HashDRBG/35" value_param="168-byte object &lt;10-AA 57-FF C2-55 00-00 30-AA 57-FF C2-55 00-00 30-AA 57-FF C2-55 00-00 40-AA 57-FF C2-55 00-00 50-AA 57-FF C2-55 00-00 50-AA 57-FF C2-55 00-00 40-AC 57-FF C2-55 00-00 60-AC 57-FF C2-55 00-00 ... D0-49 58-FF C2-55 00-00 D0-49 58-FF C2-55 00-00 00-00 00-00 00-00 00-00 00-00 00-00 00-00 00-00 00-00 00-00 00-00 00-00 20-AB 57-FF C2-55 00-00 50-AB 57-FF C2-55 00-00 50-AB 57-FF C2-55 00-00&gt;" status="run" result="completed" time="0" timestamp="2021-04-29T00:55:01" classname="NISTTestVector/PRNGTest" />
    <testcase name="HashDRBG/36" value_param="168-byte object &lt;40-AC 57-FF C2-55 00-00 60-AC 57-FF C2-55 00-00 60-AC 57-FF C2-55 00-00 40-AA 57-FF C2-55 00-00 50-AA 57-FF C2-55 00-00 50-AA 57-FF C2-55 00-00 B0-49 58-FF C2-55 00-00 D0-49 58-FF C2-55 00-00 ... D0-09 58-FF C2-55 00-00 D0-09 58-FF C2-55 00-00 00-00 00-00 00-00 00-00 00-00 00-00 00-00 00-00 00-00 00-00 00-00 00-00 20-AB 57-FF C2-55 00-00 50-AB 57-FF C2-55 00-00 50-AB 57-FF C2-55 00-00&gt;" status="run" result="completed" time="0" timestamp="2021-04-29T00:55:01" classname="NISTTestVector/PRNGTest" />
    <testcase name="HashDRBG/37" value_param="168-byte object &lt;B0-49 58-FF C2-55 00-00 D0-49 58-FF C2-55 00-00 D0-49 58-FF C2-55 00-00 40-AA 57-FF C2-55 00-00 50-AA 57-FF C2-55 00-00 50-AA 57-FF C2-55 00-00 B0-09 58-FF C2-55 00-00 D0-09 58-FF C2-55 00-00 ... B0-73 58-FF C2-55 00-00 B0-73 58-FF C2-55 00-00 00-00 00-00 00-00 00-00 00-00 00-00 00-00 00-00 00-00 00-00 00-00 00-00 20-AB 57-FF C2-55 00-00 50-AB 57-FF C2-55 00-00 50-AB 57-FF C2-55 00-00&gt;" status="run" result="completed" time="0" timestamp="2021-04-29T00:55:01" classname="NISTTestVector/PRNGTest" />
    <testcase name="HashDRBG/38" value_param="168-byte object &lt;B0-09 58-FF C2-55 00-00 D0-09 58-FF C2-55 00-00 D0-09 58-FF C2-55 00-00 40-AA 57-FF C2-55 00-00 50-AA 57-FF C2-55 00-00 50-AA 57-FF C2-55 00-00 90-73 58-FF C2-55 00-00 B0-73 58-FF C2-55 00-00 ... 90-79 58-FF C2-55 00-00 90-79 58-FF C2-55 00-00 00-00 00-00 00-00 00-00 00-00 00-00 00-00 00-00 00-00 00-00 00-00 00-00 20-AB 57-FF C2-55 00-00 50-AB 57-FF C2-55 00-00 50-AB 57-FF C2-55 00-00&gt;" status="run" result="completed" time="0" timestamp="2021-04-29T00:55:01" classname="NISTTestVector/PRNGTest" />
    <testcase name="HashDRBG/39" value_param="168-byte object &lt;90-73 58-FF C2-55 00-00 B0-73 58-FF C2-55 00-00 B0-73 58-FF C2-55 00-00 40-AA 57-FF C2-55 00-00 50-AA 57-FF C2-55 00-00 50-AA 57-FF C2-55 00-00 70-79 58-FF C2-55 00-00 90-79 58-FF C2-55 00-00 ... F0-80 58-FF C2-55 00-00 F0-80 58-FF C2-55 00-00 00-00 00-00 00-00 00-00 00-00 00-00 00-00 00-00 00-00 00-00 00-00 00-00 20-AB 57-FF C2-55 00-00 50-AB 57-FF C2-55 00-00 50-AB 57-FF C2-55 00-00&gt;" status="run" result="completed" time="0" timestamp="2021-04-29T00:55:01" classname="NISTTestVector/PRNGTest" />
    <testcase name="HashDRBG/40" value_param="168-byte object &lt;70-79 58-FF C2-55 00-00 90-79 58-FF C2-55 00-00 90-79 58-FF C2-55 00-00 40-AA 57-FF C2-55 00-00 50-AA 57-FF C2-55 00-00 50-AA 57-FF C2-55 00-00 D0-80 58-FF C2-55 00-00 F0-80 58-FF C2-55 00-00 ... D0-86 58-FF C2-55 00-00 D0-86 58-FF C2-55 00-00 00-00 00-00 00-00 00-00 00-00 00-00 00-00 00-00 00-00 00-00 00-00 00-00 20-AB 57-FF C2-55 00-00 50-AB 57-FF C2-55 00-00 50-AB 57-FF C2-55 00-00&gt;" status="run" result="completed" time="0" timestamp="2021-04-29T00:55:01" classname="NISTTestVector/PRNGTest" />
    <testcase name="HashDRBG/41" value_param="168-byte object &lt;D0-80 58-FF C2-55 00-00 F0-80 58-FF C2-55 00-00 F0-80 58-FF C2-55 00-00 40-AA 57-FF C2-55 00-00 50-AA 57-FF C2-55 00-00 50-AA 57-FF C2-55 00-00 B0-86 58-FF C2-55 00-00 D0-86 58-FF C2-55 00-00 ... B0-8C 58-FF C2-55 00-00 B0-8C 58-FF C2-55 00-00 00-00 00-00 00-00 00-00 00-00 00-00 00-00 00-00 00-00 00-00 00-00 00-00 20-AB 57-FF C2-55 00-00 50-AB 57-FF C2-55 00-00 50-AB 57-FF C2-55 00-00&gt;" status="run" result="completed" time="0" timestamp="2021-04-29T00:55:01" classname="NISTTestVector/PRNGTest" />
    <testcase name="HashDRBG/42" value_param="168-byte object &lt;B0-86 58-FF C2-55 00-00 D0-86 58-FF C2-55 00-00 D0-86 58-FF C2-55 00-00 40-AA 57-FF C2-55 00-00 50-AA 57-FF C2-55 00-00 50-AA 57-FF C2-55 00-00 90-8C 58-FF C2-55 00-00 B0-8C 58-FF C2-55 00-00 ... 90-92 58-FF C2-55 00-00 90-92 58-FF C2-55 00-00 00-00 00-00 00-00 00-00 00-00 00-00 00-00 00-00 00-00 00-00 00-00 00-00 20-AB 57-FF C2-55 00-00 50-AB 57-FF C2-55 00-00 50-AB 57-FF C2-55 00-00&gt;" status="run" result="completed" time="0" timestamp="2021-04-29T00:55:01" classname="NISTTestVector/PRNGTest" />
    <testcase name="HashDRBG/43" value_param="168-byte object &lt;90-8C 58-FF C2-55 00-00 B0-8C 58-FF C2-55 00-00 B0-8C 58-FF C2-55 00-00 40-AA 57-FF C2-55 00-00 50-AA 57-FF C2-55 00-00 50-AA 57-FF C2-55 00-00 70-92 58-FF C2-55 00-00 90-92 58-FF C2-55 00-00 ... 70-98 58-FF C2-55 00-00 70-98 58-FF C2-55 00-00 00-00 00-00 00-00 00-00 00-00 00-00 00-00 00-00 00-00 00-00 00-00 00-00 20-AB 57-FF C2-55 00-00 50-AB 57-FF C2-55 00-00 50-AB 57-FF C2-55 00-00&gt;" status="run" result="completed" time="0" timestamp="2021-04-29T00:55:01" classname="NISTTestVector/PRNGTest" />
    <testcase name="HashDRBG/44" value_param="168-byte object &lt;70-92 58-FF C2-55 00-00 90-92 58-FF C2-55 00-00 90-92 58-FF C2-55 00-00 40-AA 57-FF C2-55 00-00 50-AA 57-FF C2-55 00-00 50-AA 57-FF C2-55 00-00 50-98 58-FF C2-55 00-00 70-98 58-FF C2-55 00-00 ... 50-9E 58-FF C2-55 00-00 50-9E 58-FF C2-55 00-00 00-00 00-00 00-00 00-00 00-00 00-00 00-00 00-00 00-00 00-00 00-00 00-00 20-AB 57-FF C2-55 00-00 50-AB 57-FF C2-55 00-00 50-AB 57-FF C2-55 00-00&gt;" status="run" result="completed" time="0" timestamp="2021-04-29T00:55:01" classname="NISTTestVector/PRNGTest" />
    <testcase name="HashDRBG/45" value_param="168-byte object &lt;50-98 58-FF C2-55 00-00 70-98 58-FF C2-55 00-00 70-98 58-FF C2-55 00-00 40-AA 57-FF C2-55 00-00 50-AA 57-FF C2-55 00-00 50-AA 57-FF C2-55 00-00 30-9E 58-FF C2-55 00-00 50-9E 58-FF C2-55 00-00 ... 30-A4 58-FF C2-55 00-00 30-A4 58-FF C2-55 00-00 F0-A9 58-FF C2-55 00-00 10-AA 58-FF C2-55 00-00 10-AA 58-FF C2-55 00-00 20-AB 57-FF C2-55 00-00 50-AB 57-FF C2-55 00-00 50-AB 57-FF C2-55 00-00&gt;" status="run" result="completed" time="0" timestamp="2021-04-29T00:55:01" classname="NISTTestVector/PRNGTest" />
    <testcase name="HashDRBG/46" value_param="168-byte object &lt;80-C1 58-FF C2-55 00-00 A0-C1 58-FF C2-55 00-00 A0-C1 58-FF C2-55 00-00 40-AA 57-FF C2-55 00-00 50-AA 57-FF C2-55 00-00 50-AA 57-FF C2-55 00-00 B0-C1 58-FF C2-55 00-00 D0-C1 58-FF C2-55 00-00 ... 50-C2 58-FF C2-55 00-00 50-C2 58-FF C2-55 00-00 90-C2 58-FF C2-55 00-00 B0-C2 58-FF C2-55 00-00 B0-C2 58-FF C2-55 00-00 20-AB 57-FF C2-55 00-00 50-AB 57-FF C2-55 00-00 50-AB 57-FF C2-55 00-00&gt;" status="run" result="completed" time="0" timestamp="2021-04-29T00:55:01" classname="NISTTestVector/PRNGTest" />
    <testcase name="HashDRBG/47" value_param="168-byte object &lt;10-A4 58-FF C2-55 00-00 30-A4 58-FF C2-55 00-00 30-A4 58-FF C2-55 00-00 40-AA 57-FF C2-55 00-00 50-AA 57-FF C2-55 00-00 50-AA 57-FF C2-55 00-00 F0-A9 58-FF C2-55 00-00 10-AA 58-FF C2-55 00-00 ... 50-9E 58-FF C2-55 00-00 50-9E 58-FF C2-55 00-00 50-C1 58-FF C2-55 00-00 70-C1 58-FF C2-55 00-00 70-C1 58-FF C2-55 00-00 20-AB 57-FF C2-55 00-00 50-AB 57-FF C2-55 00-00 50-AB 57-FF C2-55 00-00&gt;" status="run" result="completed" time="0" timestamp="2021-04-29T00:55:01" classname="NISTTestVector/PRNGTest" />
    <testcase name="HashDRBG/48" value_param="168-byte object &lt;30-C2 58-FF C2-55 00-00 50-C2 58-FF C2-55 00-00 50-C2 58-FF C2-55 00-00 40-AA 57-FF C2-55 00-00 50-AA 57-FF C2-55 00-00 50-AA 57-FF C2-55 00-00 90-C2 58-FF C2-55 00-00 B0-C2 58-FF C2-55 00-00 ... D0-C1 58-FF C2-55 00-00 D0-C1 58-FF C2-55 00-00 D0-AF 58-FF C2-55 00-00 F0-AF 58-FF C2-55 00-00 F0-AF 58-FF C2-55 00-00 20-AB 57-FF C2-55 00-00 50-AB 57-FF C2-55 00-00 50-AB 57-FF C2-55 00-00&gt;" status="run" result="completed" time="0" timestamp="2021-04-29T00:55:01" classname="NISTTestVector/PRNGTest" />
    <testcase name="HashDRBG/49" value_param="168-byte object &lt;30-9E 58-FF C2-55 00-00 50-9E 58-FF C2-55 00-00 50-9E 58-FF C2-55 00-00 40-AA 57-FF C2-55 00-00 50-AA 57-FF C2-55 00-00 50-AA 57-FF C2-55 00-00 50-C1 58-FF C2-55 00-00 70-C1 58-FF C2-55 00-00 ... 10-AA 58-FF C2-55 00-00 10-AA 58-FF C2-55 00-00 C0-C2 58-FF C2-55 00-00 E0-C2 58-FF C2-55 00-00 E0-C2 58-FF C2-55 00-00 20-AB 57-FF C2-55 00-00 50-AB 57-FF C2-55 00-00 50-AB 57-FF C2-55 00-00&gt;" status="run" result="completed" time="0.001" timestamp="2021-04-29T00:55:01" classname="NISTTestVector/PRNGTest" />
    <testcase name="HashDRBG/50" value_param="168-byte object &lt;B0-C1 58-FF C2-55 00-00 D0-C1 58-FF C2-55 00-00 D0-C1 58-FF C2-55 00-00 40-AA 57-FF C2-55 00-00 50-AA 57-FF C2-55 00-00 50-AA 57-FF C2-55 00-00 D0-AF 58-FF C2-55 00-00 F0-AF 58-FF C2-55 00-00 ... B0-C2 58-FF C2-55 00-00 B0-C2 58-FF C2-55 00-00 20-C1 58-FF C2-55 00-00 40-C1 58-FF C2-55 00-00 40-C1 58-FF C2-55 00-00 20-AB 57-FF C2-55 00-00 50-AB 57-FF C2-55 00-00 50-AB 57-FF C2-55 00-00&gt;" status="run" result="completed" time="0" timestamp="2021-04-29T00:55:01" classname="NISTTestVector/PRNGTest" />
    <testcase name="HashDRBG/51" value_param="168-byte object &lt;F0-A9 58-FF C2-55 00-00 10-AA 58-FF C2-55 00-00 10-AA 58-FF C2-55 00-00 40-AA 57-FF C2-55 00-00 50-AA 57-FF C2-55 00-00 50-AA 57-FF C2-55 00-00 C0-C2 58-FF C2-55 00-00 E0-C2 58-FF C2-55 00-00 ... 70-C1 58-FF C2-55 00-00 70-C1 58-FF C2-55 00-00 B0-B5 58-FF C2-55 00-00 D0-B5 58-FF C2-55 00-00 D0-B5 58-FF C2-55 00-00 20-AB 57-FF C2-55 00-00 50-AB 57-FF C2-55 00-00 50-AB 57-FF C2-55 00-00&gt;" status="run" result="completed" time="0" timestamp="2021-04-29T00:55:01" classname="NISTTestVector/PRNGTest" />
    <testcase name="HashDRBG/52" value_param="168-byte object &lt;90-C2 58-FF C2-55 00-00 B0-C2 58-FF C2-55 00-00 B0-C2 58-FF C2-55 00-00 40-AA 57-FF C2-55 00-00 50-AA 57-FF C2-55 00-00 50-AA 57-FF C2-55 00-00 20-C1 58-FF C2-55 00-00 40-C1 58-FF C2-55 00-00 ... F0-AF 58-FF C2-55 00-00 F0-AF 58-FF C2-55 00-00 20-C3 58-FF C2-55 00-00 40-C3 58-FF C2-55 00-00 40-C3 58-FF C2-55 00-00 20-AB 57-FF C2-55 00-00 50-AB 57-FF C2-55 00-00 50-AB 57-FF C2-55 00-00&gt;" status="run" result="completed" time="0" timestamp="2021-04-29T00:55:01" classname="NISTTestVector/PRNGTest" />
    <testcase name="HashDRBG/53" value_param="168-byte object &lt;50-C1 58-FF C2-55 00-00 70-C1 58-FF C2-55 00-00 70-C1 58-FF C2-55 00-00 40-AA 57-FF C2-55 00-00 50-AA 57-FF C2-55 00-00 50-AA 57-FF C2-55 00-00 B0-B5 58-FF C2-55 00-00 D0-B5 58-FF C2-55 00-00 ... E0-C2 58-FF C2-55 00-00 E0-C2 58-FF C2-55 00-00 90-C9 58-FF C2-55 00-00 B0-C9 58-FF C2-55 00-00 B0-C9 58-FF C2-55 00-00 20-AB 57-FF C2-55 00-00 50-AB 57-FF C2-55 00-00 50-AB 57-FF C2-55 00-00&gt;" status="run" result="completed" time="0" timestamp="2021-04-29T00:55:01" classname="NISTTestVector/PRNGTest" />
    <testcase name="HashDRBG/54" value_param="168-byte object &lt;D0-AF 58-FF C2-55 00-00 F0-AF 58-FF C2-55 00-00 F0-AF 58-FF C2-55 00-00 40-AA 57-FF C2-55 00-00 50-AA 57-FF C2-55 00-00 50-AA 57-FF C2-55 00-00 20-C3 58-FF C2-55 00-00 40-C3 58-FF C2-55 00-00 ... 40-C1 58-FF C2-55 00-00 40-C1 58-FF C2-55 00-00 00-D0 58-FF C2-55 00-00 20-D0 58-FF C2-55 00-00 20-D0 58-FF C2-55 00-00 20-AB 57-FF C2-55 00-00 50-AB 57-FF C2-55 00-00 50-AB 57-FF C2-55 00-00&gt;" status="run" result="completed" time="0" timestamp="2021-04-29T00:55:01" classname="NISTTestVector/PRNGTest" />
    <testcase name="HashDRBG/55" value_param="168-byte object &lt;C0-C2 58-FF C2-55 00-00 E0-C2 58-FF C2-55 00-00 E0-C2 58-FF C2-55 00-00 40-AA 57-FF C2-55 00-00 50-AA 57-FF C2-55 00-00 50-AA 57-FF C2-55 00-00 90-C9 58-FF C2-55 00-00 B0-C9 58-FF C2-55 00-00 ... D0-B5 58-FF C2-55 00-00 D0-B5 58-FF C2-55 00-00 70-D6 58-FF C2-55 00-00 90-D6 58-FF C2-55 00-00 90-D6 58-FF C2-55 00-00 20-AB 57-FF C2-55 00-00 50-AB 57-FF C2-55 00-00 50-AB 57-FF C2-55 00-00&gt;" status="run" result="completed" time="0" timestamp="2021-04-29T00:55:01" classname="NISTTestVector/PRNGTest" />
    <testcase name="HashDRBG/56" value_param="168-byte object &lt;20-C1 58-FF C2-55 00-00 40-C1 58-FF C2-55 00-00 40-C1 58-FF C2-55 00-00 40-AA 57-FF C2-55 00-00 50-AA 57-FF C2-55 00-00 50-AA 57-FF C2-55 00-00 00-D0 58-FF C2-55 00-00 20-D0 58-FF C2-55 00-00 ... 40-C3 58-FF C2-55 00-00 40-C3 58-FF C2-55 00-00 E0-DC 58-FF C2-55 00-00 00-DD 58-FF C2-55 00-00 00-DD 58-FF C2-55 00-00 20-AB 57-FF C2-55 00-00 50-AB 57-FF C2-55 00-00 50-AB 57-FF C2-55 00-00&gt;" status="run" result="completed" time="0" timestamp="2021-04-29T00:55:01" classname="NISTTestVector/PRNGTest" />
    <testcase name="HashDRBG/57" value_param="168-byte object &lt;B0-B5 58-FF C2-55 00-00 D0-B5 58-FF C2-55 00-00 D0-B5 58-FF C2-55 00-00 40-AA 57-FF C2-55 00-00 50-AA 57-FF C2-55 00-00 50-AA 57-FF C2-55 00-00 70-D6 58-FF C2-55 00-00 90-D6 58-FF C2-55 00-00 ... B0-C9 58-FF C2-55 00-00 B0-C9 58-FF C2-55 00-00 50-E3 58-FF C2-55 00-00 70-E3 58-FF C2-55 00-00 70-E3 58-FF C2-55 00-00 20-AB 57-FF C2-55 00-00 50-AB 57-FF C2-55 00-00 50-AB 57-FF C2-55 00-00&gt;" status="run" result="completed" time="0" timestamp="2021-04-29T00:55:01" classname="NISTTestVector/PRNGTest" />
    <testcase name="HashDRBG/58" value_param="168-byte object &lt;20-C3 58-FF C2-55 00-00 40-C3 58-FF C2-55 00-00 40-C3 58-FF C2-55 00-00 40-AA 57-FF C2-55 00-00 50-AA 57-FF C2-55 00-00 50-AA 57-FF C2-55 00-00 E0-DC 58-FF C2-55 00-00 00-DD 58-FF C2-55 00-00 ... 20-D0 58-FF C2-55 00-00 20-D0 58-FF C2-55 00-00 C0-E9 58-FF C2-55 00-00 E0-E9 58-FF C2-55 00-00 E0-E9 58-FF C2-55 00-00 20-AB 57-FF C2-55 00-00 50-AB 57-FF C2-55 00-00 50-AB 57-FF C2-55 00-00&gt;" status="run" result="completed" time="0" timestamp="2021-04-29T00:55:01" classname="NISTTestVector/PRNGTest" />
    <testcase name="HashDRBG/59" value_param="168-byte object &lt;90-C9 58-FF C2-55 00-00 B0-C9 58-FF C2-55 00-00 B0-C9 58-FF C2-55 00-00 40-AA 57-FF C2-55 00-00 50-AA 57-FF C2-55 00-00 50-AA 57-FF C2-55 00-00 50-E3 58-FF C2-55 00-00 70-E3 58-FF C2-55 00-00 ... 90-D6 58-FF C2-55 00-00 90-D6 58-FF C2-55 00-00 30-F0 58-FF C2-55 00-00 50-F0 58-FF C2-55 00-00 50-F0 58-FF C2-55 00-00 20-AB 57-FF C2-55 00-00 50-AB 57-FF C2-55 00-00 50-AB 57-FF C2-55 00-00&gt;" status="run" result="completed" time="0" timestamp="2021-04-29T00:55:01" classname="NISTTestVector/PRNGTest" />
    <testcase name="HashDRBG/60" value_param="168-byte object &lt;00-D0 58-FF C2-55 00-00 20-D0 58-FF C2-55 00-00 20-D0 58-FF C2-55 00-00 40-AA 57-FF C2-55 00-00 50-AA 57-FF C2-55 00-00 50-AA 57-FF C2-55 00-00 00-00 00-00 00-00 00-00 00-00 00-00 00-00 00-00 ... E0-E9 58-FF C2-55 00-00 E0-E9 58-FF C2-55 00-00 00-00 00-00 00-00 00-00 00-00 00-00 00-00 00-00 00-00 00-00 00-00 00-00 20-AB 57-FF C2-55 00-00 50-AB 57-FF C2-55 00-00 50-AB 57-FF C2-55 00-00&gt;" status="run" result="completed" time="0" timestamp="2021-04-29T00:55:01" classname="NISTTestVector/PRNGTest" />
    <testcase name="HashDRBG/61" value_param="168-byte object &lt;A0-F6 58-FF C2-55 00-00 C0-F6 58-FF C2-55 00-00 C0-F6 58-FF C2-55 00-00 40-AA 57-FF C2-55 00-00 50-AA 57-FF C2-55 00-00 50-AA 57-FF C2-55 00-00 00-00 00-00 00-00 00-00 00-00 00-00 00-00 00-00 ... 90-92 58-FF C2-55 00-00 90-92 58-FF C2-55 00-00 00-00 00-00 00-00 00-00 00-00 00-00 00-00 00-00 00-00 00-00 00-00 00-00 20-AB 57-FF C2-55 00-00 50-AB 57-FF C2-55 00-00 50-AB 57-FF C2-55 00-00&gt;" status="run" result="completed" time="0" timestamp="2021-04-29T00:55:01" classname="NISTTestVector/PRNGTest" />
    <testcase name="HashDRBG/62" value_param="168-byte object &lt;D0-16 59-FF C2-55 00-00 F0-16 59-FF C2-55 00-00 F0-16 59-FF C2-55 00-00 40-AA 57-FF C2-55 00-00 50-AA 57-FF C2-55 00-00 50-AA 57-FF C2-55 00-00 00-00 00-00 00-00 00-00 00-00 00-00 00-00 00-00 ... 90-D6 58-FF C2-55 00-00 90-D6 58-FF C2-55 00-00 00-00 00-00 00-00 00-00 00-00 00-00 00-00 00-00 00-00 00-00 00-00 00-00 20-AB 57-FF C2-55 00-00 50-AB 57-FF C2-55 00-00 50-AB 57-FF C2-55 00-00&gt;" status="run" result="completed" time="0" timestamp="2021-04-29T00:55:01" classname="NISTTestVector/PRNGTest" />
    <testcase name="HashDRBG/63" value_param="168-byte object &lt;70-D6 58-FF C2-55 00-00 90-D6 58-FF C2-55 00-00 90-D6 58-FF C2-55 00-00 40-AA 57-FF C2-55 00-00 50-AA 57-FF C2-55 00-00 50-AA 57-FF C2-55 00-00 00-00 00-00 00-00 00-00 00-00 00-00 00-00 00-00 ... 80-10 59-FF C2-55 00-00 80-10 59-FF C2-55 00-00 00-00 00-00 00-00 00-00 00-00 00-00 00-00 00-00 00-00 00-00 00-00 00-00 20-AB 57-FF C2-55 00-00 50-AB 57-FF C2-55 00-00 50-AB 57-FF C2-55 00-00&gt;" status="run" result="completed" time="0" timestamp="2021-04-29T00:55:01" classname="NISTTestVector/PRNGTest" />
    <testcase name="HashDRBG/64" value_param="168-byte object &lt;70-D6 58-FF C2-55 00-00 90-D6 58-FF C2-55 00-00 90-D6 58-FF C2-55 00-00 40-AA 57-FF C2-55 00-00 50-AA 57-FF C2-55 00-00 50-AA 57-FF C2-55 00-00 00-00 00-00 00-00 00-00 00-00 00-00 00-00 00-00 ... 80-10 59-FF C2-55 00-00 80-10 59-FF C2-55 00-00 00-00 00-00 00-00 00-00 00-00 00-00 00-00 00-00 00-00 00-00 00-00 00-00 20-AB 57-FF C2-55 00-00 50-AB 57-FF C2-55 00-00 50-AB 57-FF C2-55 00-00&gt;" status="run" result="completed" time="0.001" timestamp="2021-04-29T00:55:01" classname="NISTTestVector/PRNGTest" />
    <testcase name="HashDRBG/65" value_param="168-byte object &lt;70-D6 58-FF C2-55 00-00 90-D6 58-FF C2-55 00-00 90-D6 58-FF C2-55 00-00 40-AA 57-FF C2-55 00-00 50-AA 57-FF C2-55 00-00 50-AA 57-FF C2-55 00-00 00-00 00-00 00-00 00-00 00-00 00-00 00-00 00-00 ... 80-10 59-FF C2-55 00-00 80-10 59-FF C2-55 00-00 00-00 00-00 00-00 00-00 00-00 00-00 00-00 00-00 00-00 00-00 00-00 00-00 20-AB 57-FF C2-55 00-00 50-AB 57-FF C2-55 00-00 50-AB 57-FF C2-55 00-00&gt;" status="run" result="completed" time="0" timestamp="2021-04-29T00:55:01" classname="NISTTestVector/PRNGTest" />
    <testcase name="HashDRBG/66" value_param="168-byte object &lt;70-D6 58-FF C2-55 00-00 90-D6 58-FF C2-55 00-00 90-D6 58-FF C2-55 00-00 40-AA 57-FF C2-55 00-00 50-AA 57-FF C2-55 00-00 50-AA 57-FF C2-55 00-00 00-00 00-00 00-00 00-00 00-00 00-00 00-00 00-00 ... 80-10 59-FF C2-55 00-00 80-10 59-FF C2-55 00-00 00-00 00-00 00-00 00-00 00-00 00-00 00-00 00-00 00-00 00-00 00-00 00-00 20-AB 57-FF C2-55 00-00 50-AB 57-FF C2-55 00-00 50-AB 57-FF C2-55 00-00&gt;" status="run" result="completed" time="0" timestamp="2021-04-29T00:55:01" classname="NISTTestVector/PRNGTest" />
    <testcase name="HashDRBG/67" value_param="168-byte object &lt;70-D6 58-FF C2-55 00-00 90-D6 58-FF C2-55 00-00 90-D6 58-FF C2-55 00-00 40-AA 57-FF C2-55 00-00 50-AA 57-FF C2-55 00-00 50-AA 57-FF C2-55 00-00 00-00 00-00 00-00 00-00 00-00 00-00 00-00 00-00 ... 80-10 59-FF C2-55 00-00 80-10 59-FF C2-55 00-00 00-00 00-00 00-00 00-00 00-00 00-00 00-00 00-00 00-00 00-00 00-00 00-00 20-AB 57-FF C2-55 00-00 50-AB 57-FF C2-55 00-00 50-AB 57-FF C2-55 00-00&gt;" status="run" result="completed" time="0" timestamp="2021-04-29T00:55:01" classname="NISTTestVector/PRNGTest" />
    <testcase name="HashDRBG/68" value_param="168-byte object &lt;70-D6 58-FF C2-55 00-00 90-D6 58-FF C2-55 00-00 90-D6 58-FF C2-55 00-00 40-AA 57-FF C2-55 00-00 50-AA 57-FF C2-55 00-00 50-AA 57-FF C2-55 00-00 00-00 00-00 00-00 00-00 00-00 00-00 00-00 00-00 ... 80-10 59-FF C2-55 00-00 80-10 59-FF C2-55 00-00 00-00 00-00 00-00 00-00 00-00 00-00 00-00 00-00 00-00 00-00 00-00 00-00 20-AB 57-FF C2-55 00-00 50-AB 57-FF C2-55 00-00 50-AB 57-FF C2-55 00-00&gt;" status="run" result="completed" time="0" timestamp="2021-04-29T00:55:01" classname="NISTTestVector/PRNGTest" />
    <testcase name="HashDRBG/69" value_param="168-byte object &lt;70-D6 58-FF C2-55 00-00 90-D6 58-FF C2-55 00-00 90-D6 58-FF C2-55 00-00 40-AA 57-FF C2-55 00-00 50-AA 57-FF C2-55 00-00 50-AA 57-FF C2-55 00-00 00-00 00-00 00-00 00-00 00-00 00-00 00-00 00-00 ... 80-10 59-FF C2-55 00-00 80-10 59-FF C2-55 00-00 00-00 00-00 00-00 00-00 00-00 00-00 00-00 00-00 00-00 00-00 00-00 00-00 20-AB 57-FF C2-55 00-00 50-AB 57-FF C2-55 00-00 50-AB 57-FF C2-55 00-00&gt;" status="run" result="completed" time="0" timestamp="2021-04-29T00:55:01" classname="NISTTestVector/PRNGTest" />
    <testcase name="HashDRBG/70" value_param="168-byte object &lt;70-D6 58-FF C2-55 00-00 90-D6 58-FF C2-55 00-00 90-D6 58-FF C2-55 00-00 40-AA 57-FF C2-55 00-00 50-AA 57-FF C2-55 00-00 50-AA 57-FF C2-55 00-00 00-00 00-00 00-00 00-00 00-00 00-00 00-00 00-00 ... 80-10 59-FF C2-55 00-00 80-10 59-FF C2-55 00-00 00-00 00-00 00-00 00-00 00-00 00-00 00-00 00-00 00-00 00-00 00-00 00-00 20-AB 57-FF C2-55 00-00 50-AB 57-FF C2-55 00-00 50-AB 57-FF C2-55 00-00&gt;" status="run" result="completed" time="0" timestamp="2021-04-29T00:55:01" classname="NISTTestVector/PRNGTest" />
    <testcase name="HashDRBG/71" value_param="168-byte object &lt;70-D6 58-FF C2-55 00-00 90-D6 58-FF C2-55 00-00 90-D6 58-FF C2-55 00-00 40-AA 57-FF C2-55 00-00 50-AA 57-FF C2-55 00-00 50-AA 57-FF C2-55 00-00 00-00 00-00 00-00 00-00 00-00 00-00 00-00 00-00 ... 80-10 59-FF C2-55 00-00 80-10 59-FF C2-55 00-00 00-00 00-00 00-00 00-00 00-00 00-00 00-00 00-00 00-00 00-00 00-00 00-00 20-AB 57-FF C2-55 00-00 50-AB 57-FF C2-55 00-00 50-AB 57-FF C2-55 00-00&gt;" status="run" result="completed" time="0" timestamp="2021-04-29T00:55:01" classname="NISTTestVector/PRNGTest" />
    <testcase name="HashDRBG/72" value_param="168-byte object &lt;70-D6 58-FF C2-55 00-00 90-D6 58-FF C2-55 00-00 90-D6 58-FF C2-55 00-00 40-AA 57-FF C2-55 00-00 50-AA 57-FF C2-55 00-00 50-AA 57-FF C2-55 00-00 00-00 00-00 00-00 00-00 00-00 00-00 00-00 00-00 ... 80-10 59-FF C2-55 00-00 80-10 59-FF C2-55 00-00 00-00 00-00 00-00 00-00 00-00 00-00 00-00 00-00 00-00 00-00 00-00 00-00 20-AB 57-FF C2-55 00-00 50-AB 57-FF C2-55 00-00 50-AB 57-FF C2-55 00-00&gt;" status="run" result="completed" time="0" timestamp="2021-04-29T00:55:01" classname="NISTTestVector/PRNGTest" />
    <testcase name="HashDRBG/73" value_param="168-byte object &lt;70-D6 58-FF C2-55 00-00 90-D6 58-FF C2-55 00-00 90-D6 58-FF C2-55 00-00 40-AA 57-FF C2-55 00-00 50-AA 57-FF C2-55 00-00 50-AA 57-FF C2-55 00-00 00-00 00-00 00-00 00-00 00-00 00-00 00-00 00-00 ... 80-10 59-FF C2-55 00-00 80-10 59-FF C2-55 00-00 00-00 00-00 00-00 00-00 00-00 00-00 00-00 00-00 00-00 00-00 00-00 00-00 20-AB 57-FF C2-55 00-00 50-AB 57-FF C2-55 00-00 50-AB 57-FF C2-55 00-00&gt;" status="run" result="completed" time="0" timestamp="2021-04-29T00:55:01" classname="NISTTestVector/PRNGTest" />
    <testcase name="HashDRBG/74" value_param="168-byte object &lt;70-D6 58-FF C2-55 00-00 90-D6 58-FF C2-55 00-00 90-D6 58-FF C2-55 00-00 40-AA 57-FF C2-55 00-00 50-AA 57-FF C2-55 00-00 50-AA 57-FF C2-55 00-00 00-00 00-00 00-00 00-00 00-00 00-00 00-00 00-00 ... 80-10 59-FF C2-55 00-00 80-10 59-FF C2-55 00-00 00-00 00-00 00-00 00-00 00-00 00-00 00-00 00-00 00-00 00-00 00-00 00-00 20-AB 57-FF C2-55 00-00 50-AB 57-FF C2-55 00-00 50-AB 57-FF C2-55 00-00&gt;" status="run" result="completed" time="0" timestamp="2021-04-29T00:55:01" classname="NISTTestVector/PRNGTest" />
    <testcase name="HashDRBG/75" value_param="168-byte object &lt;70-D6 58-FF C2-55 00-00 90-D6 58-FF C2-55 00-00 90-D6 58-FF C2-55 00-00 40-AA 57-FF C2-55 00-00 50-AA 57-FF C2-55 00-00 50-AA 57-FF C2-55 00-00 00-00 00-00 00-00 00-00 00-00 00-00 00-00 00-00 ... 80-10 59-FF C2-55 00-00 80-10 59-FF C2-55 00-00 40-1D 59-FF C2-55 00-00 60-1D 59-FF C2-55 00-00 60-1D 59-FF C2-55 00-00 20-AB 57-FF C2-55 00-00 50-AB 57-FF C2-55 00-00 50-AB 57-FF C2-55 00-00&gt;" status="run" result="completed" time="0" timestamp="2021-04-29T00:55:01" classname="NISTTestVector/PRNGTest" />
    <testcase name="HashDRBG/76" value_param="168-byte object &lt;E0-7A 59-FF C2-55 00-00 00-7B 59-FF C2-55 00-00 00-7B 59-FF C2-55 00-00 40-AA 57-FF C2-55 00-00 50-AA 57-FF C2-55 00-00 50-AA 57-FF C2-55 00-00 00-00 00-00 00-00 00-00 00-00 00-00 00-00 00-00 ... 30-7B 59-FF C2-55 00-00 30-7B 59-FF C2-55 00-00 40-7B 59-FF C2-55 00-00 60-7B 59-FF C2-55 00-00 60-7B 59-FF C2-55 00-00 20-AB 57-FF C2-55 00-00 50-AB 57-FF C2-55 00-00 50-AB 57-FF C2-55 00-00&gt;" status="run" result="completed" time="0" timestamp="2021-04-29T00:55:01" classname="NISTTestVector/PRNGTest" />
    <testcase name="HashDRBG/77" value_param="168-byte object &lt;B0-7A 59-FF C2-55 00-00 D0-7A 59-FF C2-55 00-00 D0-7A 59-FF C2-55 00-00 40-AA 57-FF C2-55 00-00 50-AA 57-FF C2-55 00-00 50-AA 57-FF C2-55 00-00 00-00 00-00 00-00 00-00 00-00 00-00 00-00 00-00 ... 50-F0 58-FF C2-55 00-00 50-F0 58-FF C2-55 00-00 F0-09 59-FF C2-55 00-00 10-0A 59-FF C2-55 00-00 10-0A 59-FF C2-55 00-00 20-AB 57-FF C2-55 00-00 50-AB 57-FF C2-55 00-00 50-AB 57-FF C2-55 00-00&gt;" status="run" result="completed" time="0" timestamp="2021-04-29T00:55:01" classname="NISTTestVector/PRNGTest" />
    <testcase name="HashDRBG/78" value_param="168-byte object &lt;80-7A 59-FF C2-55 00-00 A0-7A 59-FF C2-55 00-00 A0-7A 59-FF C2-55 00-00 40-AA 57-FF C2-55 00-00 50-AA 57-FF C2-55 00-00 50-AA 57-FF C2-55 00-00 00-00 00-00 00-00 00-00 00-00 00-00 00-00 00-00 ... 40-7C 59-FF C2-55 00-00 40-7C 59-FF C2-55 00-00 C0-7B 59-FF C2-55 00-00 E0-7B 59-FF C2-55 00-00 E0-7B 59-FF C2-55 00-00 20-AB 57-FF C2-55 00-00 50-AB 57-FF C2-55 00-00 50-AB 57-FF C2-55 00-00&gt;" status="run" result="completed" time="0" timestamp="2021-04-29T00:55:01" classname="NISTTestVector/PRNGTest" />
    <testcase name="HashDRBG/79" value_param="168-byte object &lt;70-D6 58-FF C2-55 00-00 90-D6 58-FF C2-55 00-00 90-D6 58-FF C2-55 00-00 40-AA 57-FF C2-55 00-00 50-AA 57-FF C2-55 00-00 50-AA 57-FF C2-55 00-00 00-00 00-00 00-00 00-00 00-00 00-00 00-00 00-00 ... A0-7C 59-FF C2-55 00-00 A0-7C 59-FF C2-55 00-00 40-1D 59-FF C2-55 00-00 60-1D 59-FF C2-55 00-00 60-1D 59-FF C2-55 00-00 20-AB 57-FF C2-55 00-00 50-AB 57-FF C2-55 00-00 50-AB 57-FF C2-55 00-00&gt;" status="run" result="completed" time="0" timestamp="2021-04-29T00:55:01" classname="NISTTestVector/PRNGTest" />
    <testcase name="HashDRBG/80" value_param="168-byte object &lt;E0-7A 59-FF C2-55 00-00 00-7B 59-FF C2-55 00-00 00-7B 59-FF C2-55 00-00 40-AA 57-FF C2-55 00-00 50-AA 57-FF C2-55 00-00 50-AA 57-FF C2-55 00-00 00-00 00-00 00-00 00-00 00-00 00-00 00-00 00-00 ... E0-82 59-FF C2-55 00-00 E0-82 59-FF C2-55 00-00 40-7B 59-FF C2-55 00-00 60-7B 59-FF C2-55 00-00 60-7B 59-FF C2-55 00-00 20-AB 57-FF C2-55 00-00 50-AB 57-FF C2-55 00-00 50-AB 57-FF C2-55 00-00&gt;" status="run" result="completed" time="0" timestamp="2021-04-29T00:55:01" classname="NISTTestVector/PRNGTest" />
    <testcase name="HashDRBG/81" value_param="168-byte object &lt;B0-7A 59-FF C2-55 00-00 D0-7A 59-FF C2-55 00-00 D0-7A 59-FF C2-55 00-00 40-AA 57-FF C2-55 00-00 50-AA 57-FF C2-55 00-00 50-AA 57-FF C2-55 00-00 00-00 00-00 00-00 00-00 00-00 00-00 00-00 00-00 ... 20-89 59-FF C2-55 00-00 20-89 59-FF C2-55 00-00 F0-09 59-FF C2-55 00-00 10-0A 59-FF C2-55 00-00 10-0A 59-FF C2-55 00-00 20-AB 57-FF C2-55 00-00 50-AB 57-FF C2-55 00-00 50-AB 57-FF C2-55 00-00&gt;" status="run" result="completed" time="0" timestamp="2021-04-29T00:55:01" classname="NISTTestVector/PRNGTest" />
    <testcase name="HashDRBG/82" value_param="168-byte object &lt;80-7A 59-FF C2-55 00-00 A0-7A 59-FF C2-55 00-00 A0-7A 59-FF C2-55 00-00 40-AA 57-FF C2-55 00-00 50-AA 57-FF C2-55 00-00 50-AA 57-FF C2-55 00-00 00-00 00-00 00-00 00-00 00-00 00-00 00-00 00-00 ... 60-8F 59-FF C2-55 00-00 60-8F 59-FF C2-55 00-00 C0-7B 59-FF C2-55 00-00 E0-7B 59-FF C2-55 00-00 E0-7B 59-FF C2-55 00-00 20-AB 57-FF C2-55 00-00 50-AB 57-FF C2-55 00-00 50-AB 57-FF C2-55 00-00&gt;" status="run" result="completed" time="0" timestamp="2021-04-29T00:55:01" classname="NISTTestVector/PRNGTest" />
    <testcase name="HashDRBG/83" value_param="168-byte object &lt;70-D6 58-FF C2-55 00-00 90-D6 58-FF C2-55 00-00 90-D6 58-FF C2-55 00-00 40-AA 57-FF C2-55 00-00 50-AA 57-FF C2-55 00-00 50-AA 57-FF C2-55 00-00 00-00 00-00 00-00 00-00 00-00 00-00 00-00 00-00 ... A0-95 59-FF C2-55 00-00 A0-95 59-FF C2-55 00-00 40-1D 59-FF C2-55 00-00 60-1D 59-FF C2-55 00-00 60-1D 59-FF C2-55 00-00 20-AB 57-FF C2-55 00-00 50-AB 57-FF C2-55 00-00 50-AB 57-FF C2-55 00-00&gt;" status="run" result="completed" time="0" timestamp="2021-04-29T00:55:01" classname="NISTTestVector/PRNGTest" />
    <testcase name="HashDRBG/84" value_param="168-byte object &lt;E0-7A 59-FF C2-55 00-00 00-7B 59-FF C2-55 00-00 00-7B 59-FF C2-55 00-00 40-AA 57-FF C2-55 00-00 50-AA 57-FF C2-55 00-00 50-AA 57-FF C2-55 00-00 00-00 00-00 00-00 00-00 00-00 00-00 00-00 00-00 ... E0-9B 59-FF C2-55 00-00 E0-9B 59-FF C2-55 00-00 40-7B 59-FF C2-55 00-00 60-7B 59-FF C2-55 00-00 60-7B 59-FF C2-55 00-00 20-AB 57-FF C2-55 00-00 50-AB 57-FF C2-55 00-00 50-AB 57-FF C2-55 00-00&gt;" status="run" result="completed" time="0" timestamp="2021-04-29T00:55:01" classname="NISTTestVector/PRNGTest" />
    <testcase name="HashDRBG/85" value_param="168-byte object &lt;B0-7A 59-FF C2-55 00-00 D0-7A 59-FF C2-55 00-00 D0-7A 59-FF C2-55 00-00 40-AA 57-FF C2-55 00-00 50-AA 57-FF C2-55 00-00 50-AA 57-FF C2-55 00-00 00-00 00-00 00-00 00-00 00-00 00-00 00-00 00-00 ... 20-A2 59-FF C2-55 00-00 20-A2 59-FF C2-55 00-00 F0-09 59-FF C2-55 00-00 10-0A 59-FF C2-55 00-00 10-0A 59-FF C2-55 00-00 20-AB 57-FF C2-55 00-00 50-AB 57-FF C2-55 00-00 50-AB 57-FF C2-55 00-00&gt;" status="run" result="completed" time="0" timestamp="2021-04-29T00:55:01" classname="NISTTestVector/PRNGTest" />
    <testcase name="HashDRBG/86" value_param="168-byte object &lt;80-7A 59-FF C2-55 00-00 A0-7A 59-FF C2-55 00-00 A0-7A 59-FF C2-55 00-00 40-AA 57-FF C2-55 00-00 50-AA 57-FF C2-55 00-00 50-AA 57-FF C2-55 00-00 00-00 00-00 00-00 00-00 00-00 00-00 00-00 00-00 ... 60-A8 59-FF C2-55 00-00 60-A8 59-FF C2-55 00-00 C0-7B 59-FF C2-55 00-00 E0-7B 59-FF C2-55 00-00 E0-7B 59-FF C2-55 00-00 20-AB 57-FF C2-55 00-00 50-AB 57-FF C2-55 00-00 50-AB 57-FF C2-55 00-00&gt;" status="run" result="completed" time="0" timestamp="2021-04-29T00:55:01" classname="NISTTestVector/PRNGTest" />
    <testcase name="HashDRBG/87" value_param="168-byte object &lt;70-D6 58-FF C2-55 00-00 90-D6 58-FF C2-55 00-00 90-D6 58-FF C2-55 00-00 40-AA 57-FF C2-55 00-00 50-AA 57-FF C2-55 00-00 50-AA 57-FF C2-55 00-00 00-00 00-00 00-00 00-00 00-00 00-00 00-00 00-00 ... A0-AE 59-FF C2-55 00-00 A0-AE 59-FF C2-55 00-00 40-1D 59-FF C2-55 00-00 60-1D 59-FF C2-55 00-00 60-1D 59-FF C2-55 00-00 20-AB 57-FF C2-55 00-00 50-AB 57-FF C2-55 00-00 50-AB 57-FF C2-55 00-00&gt;" status="run" result="completed" time="0" timestamp="2021-04-29T00:55:01" classname="NISTTestVector/PRNGTest" />
    <testcase name="HashDRBG/88" value_param="168-byte object &lt;E0-7A 59-FF C2-55 00-00 00-7B 59-FF C2-55 00-00 00-7B 59-FF C2-55 00-00 40-AA 57-FF C2-55 00-00 50-AA 57-FF C2-55 00-00 50-AA 57-FF C2-55 00-00 00-00 00-00 00-00 00-00 00-00 00-00 00-00 00-00 ... E0-B4 59-FF C2-55 00-00 E0-B4 59-FF C2-55 00-00 40-7B 59-FF C2-55 00-00 60-7B 59-FF C2-55 00-00 60-7B 59-FF C2-55 00-00 20-AB 57-FF C2-55 00-00 50-AB 57-FF C2-55 00-00 50-AB 57-FF C2-55 00-00&gt;" status="run" result="completed" time="0" timestamp="2021-04-29T00:55:01" classname="NISTTestVector/PRNGTest" />
    <testcase name="HashDRBG/89" value_param="168-byte object &lt;B0-7A 59-FF C2-55 00-00 D0-7A 59-FF C2-55 00-00 D0-7A 59-FF C2-55 00-00 40-AA 57-FF C2-55 00-00 50-AA 57-FF C2-55 00-00 50-AA 57-FF C2-55 00-00 00-00 00-00 00-00 00-00 00-00 00-00 00-00 00-00 ... 20-BB 59-FF C2-55 00-00 20-BB 59-FF C2-55 00-00 F0-09 59-FF C2-55 00-00 10-0A 59-FF C2-55 00-00 10-0A 59-FF C2-55 00-00 20-AB 57-FF C2-55 00-00 50-AB 57-FF C2-55 00-00 50-AB 57-FF C2-55 00-00&gt;" status="run" result="completed" time="0" timestamp="2021-04-29T00:55:01" classname="NISTTestVector/PRNGTest" />
    <testcase name="HashDRBG/90" value_param="168-byte object &lt;80-7A 59-FF C2-55 00-00 A0-7A 59-FF C2-55 00-00 A0-7A 59-FF C2-55 00-00 40-AA 57-FF C2-55 00-00 50-AA 57-FF C2-55 00-00 50-AA 57-FF C2-55 00-00 40-C1 59-FF C2-55 00-00 60-C1 59-FF C2-55 00-00 ... E0-7B 59-FF C2-55 00-00 E0-7B 59-FF C2-55 00-00 00-00 00-00 00-00 00-00 00-00 00-00 00-00 00-00 00-00 00-00 00-00 00-00 20-AB 57-FF C2-55 00-00 50-AB 57-FF C2-55 00-00 50-AB 57-FF C2-55 00-00&gt;" status="run" result="completed" time="0" timestamp="2021-04-29T00:55:01" classname="NISTTestVector/PRNGTest" />
    <testcase name="HashDRBG/91" value_param="168-byte object &lt;40-7B 59-FF C2-55 00-00 60-7B 59-FF C2-55 00-00 60-7B 59-FF C2-55 00-00 40-AA 57-FF C2-55 00-00 50-AA 57-FF C2-55 00-00 50-AA 57-FF C2-55 00-00 C0-CD 59-FF C2-55 00-00 E0-CD 59-FF C2-55 00-00 ... 20-D4 59-FF C2-55 00-00 20-D4 59-FF C2-55 00-00 00-00 00-00 00-00 00-00 00-00 00-00 00-00 00-00 00-00 00-00 00-00 00-00 20-AB 57-FF C2-55 00-00 50-AB 57-FF C2-55 00-00 50-AB 57-FF C2-55 00-00&gt;" status="run" result="completed" time="0" timestamp="2021-04-29T00:55:01" classname="NISTTestVector/PRNGTest" />
    <testcase name="HashDRBG/92" value_param="168-byte object &lt;C0-CD 59-FF C2-55 00-00 E0-CD 59-FF C2-55 00-00 E0-CD 59-FF C2-55 00-00 40-AA 57-FF C2-55 00-00 50-AA 57-FF C2-55 00-00 50-AA 57-FF C2-55 00-00 00-D4 59-FF C2-55 00-00 20-D4 59-FF C2-55 00-00 ... 70-7C 59-FF C2-55 00-00 70-7C 59-FF C2-55 00-00 00-00 00-00 00-00 00-00 00-00 00-00 00-00 00-00 00-00 00-00 00-00 00-00 20-AB 57-FF C2-55 00-00 50-AB 57-FF C2-55 00-00 50-AB 57-FF C2-55 00-00&gt;" status="run" result="completed" time="0" timestamp="2021-04-29T00:55:01" classname="NISTTestVector/PRNGTest" />
    <testcase name="HashDRBG/93" value_param="168-byte object &lt;00-D4 59-FF C2-55 00-00 20-D4 59-FF C2-55 00-00 20-D4 59-FF C2-55 00-00 40-AA 57-FF C2-55 00-00 50-AA 57-FF C2-55 00-00 50-AA 57-FF C2-55 00-00 50-7C 59-FF C2-55 00-00 70-7C 59-FF C2-55 00-00 ... 90-D6 58-FF C2-55 00-00 90-D6 58-FF C2-55 00-00 00-00 00-00 00-00 00-00 00-00 00-00 00-00 00-00 00-00 00-00 00-00 00-00 20-AB 57-FF C2-55 00-00 50-AB 57-FF C2-55 00-00 50-AB 57-FF C2-55 00-00&gt;" status="run" result="completed" time="0" timestamp="2021-04-29T00:55:01" classname="NISTTestVector/PRNGTest" />
    <testcase name="HashDRBG/94" value_param="168-byte object &lt;50-7C 59-FF C2-55 00-00 70-7C 59-FF C2-55 00-00 70-7C 59-FF C2-55 00-00 40-AA 57-FF C2-55 00-00 50-AA 57-FF C2-55 00-00 50-AA 57-FF C2-55 00-00 70-D6 58-FF C2-55 00-00 90-D6 58-FF C2-55 00-00 ... 10-0A 59-FF C2-55 00-00 10-0A 59-FF C2-55 00-00 00-00 00-00 00-00 00-00 00-00 00-00 00-00 00-00 00-00 00-00 00-00 00-00 20-AB 57-FF C2-55 00-00 50-AB 57-FF C2-55 00-00 50-AB 57-FF C2-55 00-00&gt;" status="run" result="completed" time="0" timestamp="2021-04-29T00:55:01" classname="NISTTestVector/PRNGTest" />
    <testcase name="HashDRBG/95" value_param="168-byte object &lt;70-D6 58-FF C2-55 00-00 90-D6 58-FF C2-55 00-00 90-D6 58-FF C2-55 00-00 40-AA 57-FF C2-55 00-00 50-AA 57-FF C2-55 00-00 50-AA 57-FF C2-55 00-00 F0-09 59-FF C2-55 00-00 10-0A 59-FF C2-55 00-00 ... 20-BB 59-FF C2-55 00-00 20-BB 59-FF C2-55 00-00 00-00 00-00 00-00 00-00 00-00 00-00 00-00 00-00 00-00 00-00 00-00 00-00 20-AB 57-FF C2-55 00-00 50-AB 57-FF C2-55 00-00 50-AB 57-FF C2-55 00-00&gt;" status="run" result="completed" time="0" timestamp="2021-04-29T00:55:01" classname="NISTTestVector/PRNGTest" />
    <testcase name="HashDRBG/96" value_param="168-byte object &lt;F0-09 59-FF C2-55 00-00 10-0A 59-FF C2-55 00-00 10-0A 59-FF C2-55 00-00 40-AA 57-FF C2-55 00-00 50-AA 57-FF C2-55 00-00 50-AA 57-FF C2-55 00-00 00-BB 59-FF C2-55 00-00 20-BB 59-FF C2-55 00-00 ... E0-7B 59-FF C2-55 00-00 E0-7B 59-FF C2-55 00-00 00-00 00-00 00-00 00-00 00-00 00-00 00-00 00-00 00-00 00-00 00-00 00-00 20-AB 57-FF C2-55 00-00 50-AB 57-FF C2-55 00-00 50-AB 57-FF C2-55 00-00&gt;" status="run" result="completed" time="0.001" timestamp="2021-04-29T00:55:01" classname="NISTTestVector/PRNGTest" />
    <testcase name="HashDRBG/97" value_param="168-byte object &lt;00-BB 59-FF C2-55 00-00 20-BB 59-FF C2-55 00-00 20-BB 59-FF C2-55 00-00 40-AA 57-FF C2-55 00-00 50-AA 57-FF C2-55 00-00 50-AA 57-FF C2-55 00-00 C0-7B 59-FF C2-55 00-00 E0-7B 59-FF C2-55 00-00 ... 00-E5 59-FF C2-55 00-00 00-E5 59-FF C2-55 00-00 00-00 00-00 00-00 00-00 00-00 00-00 00-00 00-00 00-00 00-00 00-00 00-00 20-AB 57-FF C2-55 00-00 50-AB 57-FF C2-55 00-00 50-AB 57-FF C2-55 00-00&gt;" status="run" result="completed" time="0" timestamp="2021-04-29T00:55:01" classname="NISTTestVector/PRNGTest" />
    <testcase name="HashDRBG/98" value_param="168-byte object &lt;C0-7B 59-FF C2-55 00-00 E0-7B 59-FF C2-55 00-00 E0-7B 59-FF C2-55 00-00 40-AA 57-FF C2-55 00-00 50-AA 57-FF C2-55 00-00 50-AA 57-FF C2-55 00-00 E0-E4 59-FF C2-55 00-00 00-E5 59-FF C2-55 00-00 ... E0-EA 59-FF C2-55 00-00 E0-EA 59-FF C2-55 00-00 00-00 00-00 00-00 00-00 00-00 00-00 00-00 00-00 00-00 00-00 00-00 00-00 20-AB 57-FF C2-55 00-00 50-AB 57-FF C2-55 00-00 50-AB 57-FF C2-55 00-00&gt;" status="run" result="completed" time="0" timestamp="2021-04-29T00:55:01" classname="NISTTestVector/PRNGTest" />
    <testcase name="HashDRBG/99" value_param="168-byte object &lt;E0-E4 59-FF C2-55 00-00 00-E5 59-FF C2-55 00-00 00-E5 59-FF C2-55 00-00 40-AA 57-FF C2-55 00-00 50-AA 57-FF C2-55 00-00 50-AA 57-FF C2-55 00-00 C0-EA 59-FF C2-55 00-00 E0-EA 59-FF C2-55 00-00 ... C0-F0 59-FF C2-55 00-00 C0-F0 59-FF C2-55 00-00 00-00 00-00 00-00 00-00 00-00 00-00 00-00 00-00 00-00 00-00 00-00 00-00 20-AB 57-FF C2-55 00-00 50-AB 57-FF C2-55 00-00 50-AB 57-FF C2-55 00-00&gt;" status="run" result="completed" time="0" timestamp="2021-04-29T00:55:01" classname="NISTTestVector/PRNGTest" />
    <testcase name="HashDRBG/100" value_param="168-byte object &lt;C0-EA 59-FF C2-55 00-00 E0-EA 59-FF C2-55 00-00 E0-EA 59-FF C2-55 00-00 40-AA 57-FF C2-55 00-00 50-AA 57-FF C2-55 00-00 50-AA 57-FF C2-55 00-00 A0-F0 59-FF C2-55 00-00 C0-F0 59-FF C2-55 00-00 ... A0-F6 59-FF C2-55 00-00 A0-F6 59-FF C2-55 00-00 00-00 00-00 00-00 00-00 00-00 00-00 00-00 00-00 00-00 00-00 00-00 00-00 20-AB 57-FF C2-55 00-00 50-AB 57-FF C2-55 00-00 50-AB 57-FF C2-55 00-00&gt;" status="run" result="completed" time="0" timestamp="2021-04-29T00:55:01" classname="NISTTestVector/PRNGTest" />
    <testcase name="HashDRBG/101" value_param="168-byte object &lt;A0-F0 59-FF C2-55 00-00 C0-F0 59-FF C2-55 00-00 C0-F0 59-FF C2-55 00-00 40-AA 57-FF C2-55 00-00 50-AA 57-FF C2-55 00-00 50-AA 57-FF C2-55 00-00 80-F6 59-FF C2-55 00-00 A0-F6 59-FF C2-55 00-00 ... 80-FC 59-FF C2-55 00-00 80-FC 59-FF C2-55 00-00 00-00 00-00 00-00 00-00 00-00 00-00 00-00 00-00 00-00 00-00 00-00 00-00 20-AB 57-FF C2-55 00-00 50-AB 57-FF C2-55 00-00 50-AB 57-FF C2-55 00-00&gt;" status="run" result="completed" time="0" timestamp="2021-04-29T00:55:01" classname="NISTTestVector/PRNGTest" />
    <testcase name="HashDRBG/102" value_param="168-byte object &lt;80-F6 59-FF C2-55 00-00 A0-F6 59-FF C2-55 00-00 A0-F6 59-FF C2-55 00-00 40-AA 57-FF C2-55 00-00 50-AA 57-FF C2-55 00-00 50-AA 57-FF C2-55 00-00 60-FC 59-FF C2-55 00-00 80-FC 59-FF C2-55 00-00 ... 60-02 5A-FF C2-55 00-00 60-02 5A-FF C2-55 00-00 00-00 00-00 00-00 00-00 00-00 00-00 00-00 00-00 00-00 00-00 00-00 00-00 20-AB 57-FF C2-55 00-00 50-AB 57-FF C2-55 00-00 50-AB 57-FF C2-55 00-00&gt;" status="run" result="completed" time="0" timestamp="2021-04-29T00:55:01" classname="NISTTestVector/PRNGTest" />
    <testcase name="HashDRBG/103" value_param="168-byte object &lt;60-FC 59-FF C2-55 00-00 80-FC 59-FF C2-55 00-00 80-FC 59-FF C2-55 00-00 40-AA 57-FF C2-55 00-00 50-AA 57-FF C2-55 00-00 50-AA 57-FF C2-55 00-00 40-02 5A-FF C2-55 00-00 60-02 5A-FF C2-55 00-00 ... 40-08 5A-FF C2-55 00-00 40-08 5A-FF C2-55 00-00 00-00 00-00 00-00 00-00 00-00 00-00 00-00 00-00 00-00 00-00 00-00 00-00 20-AB 57-FF C2-55 00-00 50-AB 57-FF C2-55 00-00 50-AB 57-FF C2-55 00-00&gt;" status="run" result="completed" time="0" timestamp="2021-04-29T00:55:01" classname="NISTTestVector/PRNGTest" />
    <testcase name="HashDRBG/104" value_param="168-byte object &lt;40-02 5A-FF C2-55 00-00 60-02 5A-FF C2-55 00-00 60-02 5A-FF C2-55 00-00 40-AA 57-FF C2-55 00-00 50-AA 57-FF C2-55 00-00 50-AA 57-FF C2-55 00-00 20-08 5A-FF C2-55 00-00 40-08 5A-FF C2-55 00-00 ... 20-0E 5A-FF C2-55 00-00 20-0E 5A-FF C2-55 00-00 00-00 00-00 00-00 00-00 00-00 00-00 00-00 00-00 00-00 00-00 00-00 00-00 20-AB 57-FF C2-55 00-00 50-AB 57-FF C2-55 00-00 50-AB 57-FF C2-55 00-00&gt;" status="run" result="completed" time="0" timestamp="2021-04-29T00:55:01" classname="NISTTestVector/PRNGTest" />
    <testcase name="HashDRBG/105" value_param="168-byte object &lt;20-08 5A-FF C2-55 00-00 40-08 5A-FF C2-55 00-00 40-08 5A-FF C2-55 00-00 40-AA 57-FF C2-55 00-00 50-AA 57-FF C2-55 00-00 50-AA 57-FF C2-55 00-00 00-0E 5A-FF C2-55 00-00 20-0E 5A-FF C2-55 00-00 ... 00-14 5A-FF C2-55 00-00 00-14 5A-FF C2-55 00-00 C0-19 5A-FF C2-55 00-00 E0-19 5A-FF C2-55 00-00 E0-19 5A-FF C2-55 00-00 20-AB 57-FF C2-55 00-00 50-AB 57-FF C2-55 00-00 50-AB 57-FF C2-55 00-00&gt;" status="run" result="completed" time="0" timestamp="2021-04-29T00:55:01" classname="NISTTestVector/PRNGTest" />
    <testcase name="HashDRBG/106" value_param="168-byte object &lt;50-31 5A-FF C2-55 00-00 70-31 5A-FF C2-55 00-00 70-31 5A-FF C2-55 00-00 40-AA 57-FF C2-55 00-00 50-AA 57-FF C2-55 00-00 50-AA 57-FF C2-55 00-00 80-31 5A-FF C2-55 00-00 A0-31 5A-FF C2-55 00-00 ... 20-32 5A-FF C2-55 00-00 20-32 5A-FF C2-55 00-00 60-32 5A-FF C2-55 00-00 80-32 5A-FF C2-55 00-00 80-32 5A-FF C2-55 00-00 20-AB 57-FF C2-55 00-00 50-AB 57-FF C2-55 00-00 50-AB 57-FF C2-55 00-00&gt;" status="run" result="completed" time="0" timestamp="2021-04-29T00:55:01" classname="NISTTestVector/PRNGTest" />
    <testcase name="HashDRBG/107" value_param="168-byte object &lt;E0-13 5A-FF C2-55 00-00 00-14 5A-FF C2-55 00-00 00-14 5A-FF C2-55 00-00 40-AA 57-FF C2-55 00-00 50-AA 57-FF C2-55 00-00 50-AA 57-FF C2-55 00-00 C0-19 5A-FF C2-55 00-00 E0-19 5A-FF C2-55 00-00 ... 20-0E 5A-FF C2-55 00-00 20-0E 5A-FF C2-55 00-00 20-31 5A-FF C2-55 00-00 40-31 5A-FF C2-55 00-00 40-31 5A-FF C2-55 00-00 20-AB 57-FF C2-55 00-00 50-AB 57-FF C2-55 00-00 50-AB 57-FF C2-55 00-00&gt;" status="run" result="completed" time="0" timestamp="2021-04-29T00:55:01" classname="NISTTestVector/PRNGTest" />
    <testcase name="HashDRBG/108" value_param="168-byte object &lt;00-32 5A-FF C2-55 00-00 20-32 5A-FF C2-55 00-00 20-32 5A-FF C2-55 00-00 40-AA 57-FF C2-55 00-00 50-AA 57-FF C2-55 00-00 50-AA 57-FF C2-55 00-00 60-32 5A-FF C2-55 00-00 80-32 5A-FF C2-55 00-00 ... A0-31 5A-FF C2-55 00-00 A0-31 5A-FF C2-55 00-00 A0-1F 5A-FF C2-55 00-00 C0-1F 5A-FF C2-55 00-00 C0-1F 5A-FF C2-55 00-00 20-AB 57-FF C2-55 00-00 50-AB 57-FF C2-55 00-00 50-AB 57-FF C2-55 00-00&gt;" status="run" result="completed" time="0" timestamp="2021-04-29T00:55:01" classname="NISTTestVector/PRNGTest" />
    <testcase name="HashDRBG/109" value_param="168-byte object &lt;00-0E 5A-FF C2-55 00-00 20-0E 5A-FF C2-55 00-00 20-0E 5A-FF C2-55 00-00 40-AA 57-FF C2-55 00-00 50-AA 57-FF C2-55 00-00 50-AA 57-FF C2-55 00-00 20-31 5A-FF C2-55 00-00 40-31 5A-FF C2-55 00-00 ... E0-19 5A-FF C2-55 00-00 E0-19 5A-FF C2-55 00-00 90-32 5A-FF C2-55 00-00 B0-32 5A-FF C2-55 00-00 B0-32 5A-FF C2-55 00-00 20-AB 57-FF C2-55 00-00 50-AB 57-FF C2-55 00-00 50-AB 57-FF C2-55 00-00&gt;" status="run" result="completed" time="0" timestamp="2021-04-29T00:55:01" classname="NISTTestVector/PRNGTest" />
    <testcase name="HashDRBG/110" value_param="168-byte object &lt;80-31 5A-FF C2-55 00-00 A0-31 5A-FF C2-55 00-00 A0-31 5A-FF C2-55 00-00 40-AA 57-FF C2-55 00-00 50-AA 57-FF C2-55 00-00 50-AA 57-FF C2-55 00-00 A0-1F 5A-FF C2-55 00-00 C0-1F 5A-FF C2-55 00-00 ... 80-32 5A-FF C2-55 00-00 80-32 5A-FF C2-55 00-00 F0-30 5A-FF C2-55 00-00 10-31 5A-FF C2-55 00-00 10-31 5A-FF C2-55 00-00 20-AB 57-FF C2-55 00-00 50-AB 57-FF C2-55 00-00 50-AB 57-FF C2-55 00-00&gt;" status="run" result="completed" time="0" timestamp="2021-04-29T00:55:01" classname="NISTTestVector/PRNGTest" />
    <testcase name="HashDRBG/111" value_param="168-byte object &lt;C0-19 5A-FF C2-55 00-00 E0-19 5A-FF C2-55 00-00 E0-19 5A-FF C2-55 00-00 40-AA 57-FF C2-55 00-00 50-AA 57-FF C2-55 00-00 50-AA 57-FF C2-55 00-00 90-32 5A-FF C2-55 00-00 B0-32 5A-FF C2-55 00-00 ... 40-31 5A-FF C2-55 00-00 40-31 5A-FF C2-55 00-00 80-25 5A-FF C2-55 00-00 A0-25 5A-FF C2-55 00-00 A0-25 5A-FF C2-55 00-00 20-AB 57-FF C2-55 00-00 50-AB 57-FF C2-55 00-00 50-AB 57-FF C2-55 00-00&gt;" status="run" result="completed" time="0" timestamp="2021-04-29T00:55:01" classname="NISTTestVector/PRNGTest" />
    <testcase name="HashDRBG/112" value_param="168-byte object &lt;60-32 5A-FF C2-55 00-00 80-32 5A-FF C2-55 00-00 80-32 5A-FF C2-55 00-00 40-AA 57-FF C2-55 00-00 50-AA 57-FF C2-55 00-00 50-AA 57-FF C2-55 00-00 F0-30 5A-FF C2-55 00-00 10-31 5A-FF C2-55 00-00 ... C0-1F 5A-FF C2-55 00-00 C0-1F 5A-FF C2-55 00-00 F0-32 5A-FF C2-55 00-00 10-33 5A-FF C2-55 00-00 10-33 5A-FF C2-55 00-00 20-AB 57-FF C2-55 00-00 50-AB 57-FF C2-55 00-00 50-AB 57-FF C2-55 00-00&gt;" status="run" result="completed" time="0" timestamp="2021-04-29T00:55:01" classname="NISTTestVector/PRNGTest" />
    <testcase name="HashDRBG/113" value_param="168-byte object &lt;20-31 5A-FF C2-55 00-00 40-31 5A-FF C2-55 00-00 40-31 5A-FF C2-55 00-00 40-AA 57-FF C2-55 00-00 50-AA 57-FF C2-55 00-00 50-AA 57-FF C2-55 00-00 80-25 5A-FF C2-55 00-00 A0-25 5A-FF C2-55 00-00 ... B0-32 5A-FF C2-55 00-00 B0-32 5A-FF C2-55 00-00 60-39 5A-FF C2-55 00-00 80-39 5A-FF C2-55 00-00 80-39 5A-FF C2-55 00-00 20-AB 57-FF C2-55 00-00 50-AB 57-FF C2-55 00-00 50-AB 57-FF C2-55 00-00&gt;" status="run" result="completed" time="0" timestamp="2021-04-29T00:55:01" classname="NISTTestVector/PRNGTest" />
    <testcase name="HashDRBG/114" value_param="168-byte object &lt;A0-1F 5A-FF C2-55 00-00 C0-1F 5A-FF C2-55 00-00 C0-1F 5A-FF C2-55 00-00 40-AA 57-FF C2-55 00-00 50-AA 57-FF C2-55 00-00 50-AA 57-FF C2-55 00-00 F0-32 5A-FF C2-55 00-00 10-33 5A-FF C2-55 00-00 ... 10-31 5A-FF C2-55 00-00 10-31 5A-FF C2-55 00-00 D0-3F 5A-FF C2-55 00-00 F0-3F 5A-FF C2-55 00-00 F0-3F 5A-FF C2-55 00-00 20-AB 57-FF C2-55 00-00 50-AB 57-FF C2-55 00-00 50-AB 57-FF C2-55 00-00&gt;" status="run" result="completed" time="0" timestamp="2021-04-29T00:55:01" classname="NISTTestVector/PRNGTest" />
    <testcase name="HashDRBG/115" value_param="168-byte object &lt;90-32 5A-FF C2-55 00-00 B0-32 5A-FF C2-55 00-00 B0-32 5A-FF C2-55 00-00 40-AA 57-FF C2-55 00-00 50-AA 57-FF C2-55 00-00 50-AA 57-FF C2-55 00-00 60-39 5A-FF C2-55 00-00 80-39 5A-FF C2-55 00-00 ... A0-25 5A-FF C2-55 00-00 A0-25 5A-FF C2-55 00-00 40-46 5A-FF C2-55 00-00 60-46 5A-FF C2-55 00-00 60-46 5A-FF C2-55 00-00 20-AB 57-FF C2-55 00-00 50-AB 57-FF C2-55 00-00 50-AB 57-FF C2-55 00-00&gt;" status="run" result="completed" time="0" timestamp="2021-04-29T00:55:01" classname="NISTTestVector/PRNGTest" />
    <testcase name="HashDRBG/116" value_param="168-byte object &lt;F0-30 5A-FF C2-55 00-00 10-31 5A-FF C2-55 00-00 10-31 5A-FF C2-55 00-00 40-AA 57-FF C2-55 00-00 50-AA 57-FF C2-55 00-00 50-AA 57-FF C2-55 00-00 D0-3F 5A-FF C2-55 00-00 F0-3F 5A-FF C2-55 00-00 ... 10-33 5A-FF C2-55 00-00 10-33 5A-FF C2-55 00-00 B0-4C 5A-FF C2-55 00-00 D0-4C 5A-FF C2-55 00-00 D0-4C 5A-FF C2-55 00-00 20-AB 57-FF C2-55 00-00 50-AB 57-FF C2-55 00-00 50-AB 57-FF C2-55 00-00&gt;" status="run" result="completed" time="0" timestamp="2021-04-29T00:55:01" classname="NISTTestVector/PRNGTest" />
    <testcase name="HashDRBG/117" value_param="168-byte object &lt;80-25 5A-FF C2-55 00-00 A0-25 5A-FF C2-55 00-00 A0-25 5A-FF C2-55 00-00 40-AA 57-FF C2-55 00-00 50-AA 57-FF C2-55 00-00 50-AA 57-FF C2-55 00-00 40-46 5A-FF C2-55 00-00 60-46 5A-FF C2-55 00-00 ... 80-39 5A-FF C2-55 00-00 80-39 5A-FF C2-55 00-00 20-53 5A-FF C2-55 00-00 40-53 5A-FF C2-55 00-00 40-53 5A-FF C2-55 00-00 20-AB 57-FF C2-55 00-00 50-AB 57-FF C2-55 00-00 50-AB 57-FF C2-55 00-00&gt;" status="run" result="completed" time="0" timestamp="2021-04-29T00:55:01" classname="NISTTestVector/PRNGTest" />
    <testcase name="HashDRBG/118" value_param="168-byte object &lt;F0-32 5A-FF C2-55 00-00 10-33 5A-FF C2-55 00-00 10-33 5A-FF C2-55 00-00 40-AA 57-FF C2-55 00-00 50-AA 57-FF C2-55 00-00 50-AA 57-FF C2-55 00-00 B0-4C 5A-FF C2-55 00-00 D0-4C 5A-FF C2-55 00-00 ... F0-3F 5A-FF C2-55 00-00 F0-3F 5A-FF C2-55 00-00 90-59 5A-FF C2-55 00-00 B0-59 5A-FF C2-55 00-00 B0-59 5A-FF C2-55 00-00 20-AB 57-FF C2-55 00-00 50-AB 57-FF C2-55 00-00 50-AB 57-FF C2-55 00-00&gt;" status="run" result="completed" time="0" timestamp="2021-04-29T00:55:01" classname="NISTTestVector/PRNGTest" />
    <testcase name="HashDRBG/119" value_param="168-byte object &lt;60-39 5A-FF C2-55 00-00 80-39 5A-FF C2-55 00-00 80-39 5A-FF C2-55 00-00 40-AA 57-FF C2-55 00-00 50-AA 57-FF C2-55 00-00 50-AA 57-FF C2-55 00-00 20-53 5A-FF C2-55 00-00 40-53 5A-FF C2-55 00-00 ... 60-46 5A-FF C2-55 00-00 60-46 5A-FF C2-55 00-00 00-60 5A-FF C2-55 00-00 20-60 5A-FF C2-55 00-00 20-60 5A-FF C2-55 00-00 20-AB 57-FF C2-55 00-00 50-AB 57-FF C2-55 00-00 50-AB 57-FF C2-55 00-00&gt;" status="run" result="completed" time="0" timestamp="2021-04-29T00:55:01" classname="NISTTestVector/PRNGTest" />
    <testcase name="HashDRBG/120" value_param="168-byte object &lt;D0-3F 5A-FF C2-55 00-00 F0-3F 5A-FF C2-55 00-00 F0-3F 5A-FF C2-55 00-00 40-AA 57-FF C2-55 00-00 50-AA 57-FF C2-55 00-00 50-AA 57-FF C2-55 00-00 00-00 00-00 00-00 00-00 00-00 00-00 00-00 00-00 ... B0-59 5A-FF C2-55 00-00 B0-59 5A-FF C2-55 00-00 00-00 00-00 00-00 00-00 00-00 00-00 00-00 00-00 00-00 00-00 00-00 00-00 20-AB 57-FF C2-55 00-00 50-AB 57-FF C2-55 00-00 50-AB 57-FF C2-55 00-00&gt;" status="run" result="completed" time="0" timestamp="2021-04-29T00:55:01" classname="NISTTestVector/PRNGTest" />
    <testcase name="HashDRBG/121" value_param="168-byte object &lt;70-66 5A-FF C2-55 00-00 90-66 5A-FF C2-55 00-00 90-66 5A-FF C2-55 00-00 40-AA 57-FF C2-55 00-00 50-AA 57-FF C2-55 00-00 50-AA 57-FF C2-55 00-00 00-00 00-00 00-00 00-00 00-00 00-00 00-00 00-00 ... 60-02 5A-FF C2-55 00-00 60-02 5A-FF C2-55 00-00 00-00 00-00 00-00 00-00 00-00 00-00 00-00 00-00 00-00 00-00 00-00 00-00 20-AB 57-FF C2-55 00-00 50-AB 57-FF C2-55 00-00 50-AB 57-FF C2-55 00-00&gt;" status="run" result="completed" time="0" timestamp="2021-04-29T00:55:01" classname="NISTTestVector/PRNGTest" />
    <testcase name="HashDRBG/122" value_param="168-byte object &lt;A0-86 5A-FF C2-55 00-00 C0-86 5A-FF C2-55 00-00 C0-86 5A-FF C2-55 00-00 40-AA 57-FF C2-55 00-00 50-AA 57-FF C2-55 00-00 50-AA 57-FF C2-55 00-00 00-00 00-00 00-00 00-00 00-00 00-00 00-00 00-00 ... 60-46 5A-FF C2-55 00-00 60-46 5A-FF C2-55 00-00 00-00 00-00 00-00 00-00 00-00 00-00 00-00 00-00 00-00 00-00 00-00 00-00 20-AB 57-FF C2-55 00-00 50-AB 57-FF C2-55 00-00 50-AB 57-FF C2-55 00-00&gt;" status="run" result="completed" time="0" timestamp="2021-04-29T00:55:01" classname="NISTTestVector/PRNGTest" />
    <testcase name="HashDRBG/123" value_param="168-byte object &lt;40-46 5A-FF C2-55 00-00 60-46 5A-FF C2-55 00-00 60-46 5A-FF C2-55 00-00 40-AA 57-FF C2-55 00-00 50-AA 57-FF C2-55 00-00 50-AA 57-FF C2-55 00-00 00-00 00-00 00-00 00-00 00-00 00-00 00-00 00-00 ... 50-80 5A-FF C2-55 00-00 50-80 5A-FF C2-55 00-00 00-00 00-00 00-00 00-00 00-00 00-00 00-00 00-00 00-00 00-00 00-00 00-00 20-AB 57-FF C2-55 00-00 50-AB 57-FF C2-55 00-00 50-AB 57-FF C2-55 00-00&gt;" status="run" result="completed" time="0" timestamp="2021-04-29T00:55:01" classname="NISTTestVector/PRNGTest" />
    <testcase name="HashDRBG/124" value_param="168-byte object &lt;40-46 5A-FF C2-55 00-00 60-46 5A-FF C2-55 00-00 60-46 5A-FF C2-55 00-00 40-AA 57-FF C2-55 00-00 50-AA 57-FF C2-55 00-00 50-AA 57-FF C2-55 00-00 00-00 00-00 00-00 00-00 00-00 00-00 00-00 00-00 ... 50-80 5A-FF C2-55 00-00 50-80 5A-FF C2-55 00-00 00-00 00-00 00-00 00-00 00-00 00-00 00-00 00-00 00-00 00-00 00-00 00-00 20-AB 57-FF C2-55 00-00 50-AB 57-FF C2-55 00-00 50-AB 57-FF C2-55 00-00&gt;" status="run" result="completed" time="0" timestamp="2021-04-29T00:55:01" classname="NISTTestVector/PRNGTest" />
    <testcase name="HashDRBG/125" value_param="168-byte object &lt;40-46 5A-FF C2-55 00-00 60-46 5A-FF C2-55 00-00 60-46 5A-FF C2-55 00-00 40-AA 57-FF C2-55 00-00 50-AA 57-FF C2-55 00-00 50-AA 57-FF C2-55 00-00 00-00 00-00 00-00 00-00 00-00 00-00 00-00 00-00 ... 50-80 5A-FF C2-55 00-00 50-80 5A-FF C2-55 00-00 00-00 00-00 00-00 00-00 00-00 00-00 00-00 00-00 00-00 00-00 00-00 00-00 20-AB 57-FF C2-55 00-00 50-AB 57-FF C2-55 00-00 50-AB 57-FF C2-55 00-00&gt;" status="run" result="completed" time="0" timestamp="2021-04-29T00:55:01" classname="NISTTestVector/PRNGTest" />
    <testcase name="HashDRBG/126" value_param="168-byte object &lt;40-46 5A-FF C2-55 00-00 60-46 5A-FF C2-55 00-00 60-46 5A-FF C2-55 00-00 40-AA 57-FF C2-55 00-00 50-AA 57-FF C2-55 00-00 50-AA 57-FF C2-55 00-00 00-00 00-00 00-00 00-00 00-00 00-00 00-00 00-00 ... 50-80 5A-FF C2-55 00-00 50-80 5A-FF C2-55 00-00 00-00 00-00 00-00 00-00 00-00 00-00 00-00 00-00 00-00 00-00 00-00 00-00 20-AB 57-FF C2-55 00-00 50-AB 57-FF C2-55 00-00 50-AB 57-FF C2-55 00-00&gt;" status="run" result="completed" time="0" timestamp="2021-04-29T00:55:01" classname="NISTTestVector/PRNGTest" />
    <testcase name="HashDRBG/127" value_param="168-byte object &lt;40-46 5A-FF C2-55 00-00 60-46 5A-FF C2-55 00-00 60-46 5A-FF C2-55 00-00 40-AA 57-FF C2-55 00-00 50-AA 57-FF C2-55 00-00 50-AA 57-FF C2-55 00-00 00-00 00-00 00-00 00-00 00-00 00-00 00-00 00-00 ... 50-80 5A-FF C2-55 00-00 50-80 5A-FF C2-55 00-00 00-00 00-00 00-00 00-00 00-00 00-00 00-00 00-00 00-00 00-00 00-00 00-00 20-AB 57-FF C2-55 00-00 50-AB 57-FF C2-55 00-00 50-AB 57-FF C2-55 00-00&gt;" status="run" result="completed" time="0.001" timestamp="2021-04-29T00:55:01" classname="NISTTestVector/PRNGTest" />
    <testcase name="HashDRBG/128" value_param="168-byte object &lt;40-46 5A-FF C2-55 00-00 60-46 5A-FF C2-55 00-00 60-46 5A-FF C2-55 00-00 40-AA 57-FF C2-55 00-00 50-AA 57-FF C2-55 00-00 50-AA 57-FF C2-55 00-00 00-00 00-00 00-00 00-00 00-00 00-00 00-00 00-00 ... 50-80 5A-FF C2-55 00-00 50-80 5A-FF C2-55 00-00 00-00 00-00 00-00 00-00 00-00 00-00 00-00 00-00 00-00 00-00 00-00 00-00 20-AB 57-FF C2-55 00-00 50-AB 57-FF C2-55 00-00 50-AB 57-FF C2-55 00-00&gt;" status="run" result="completed" time="0" timestamp="2021-04-29T00:55:01" classname="NISTTestVector/PRNGTest" />
    <testcase name="HashDRBG/129" value_param="168-byte object &lt;40-46 5A-FF C2-55 00-00 60-46 5A-FF C2-55 00-00 60-46 5A-FF C2-55 00-00 40-AA 57-FF C2-55 00-00 50-AA 57-FF C2-55 00-00 50-AA 57-FF C2-55 00-00 00-00 00-00 00-00 00-00 00-00 00-00 00-00 00-00 ... 50-80 5A-FF C2-55 00-00 50-80 5A-FF C2-55 00-00 00-00 00-00 00-00 00-00 00-00 00-00 00-00 00-00 00-00 00-00 00-00 00-00 20-AB 57-FF C2-55 00-00 50-AB 57-FF C2-55 00-00 50-AB 57-FF C2-55 00-00&gt;" status="run" result="completed" time="0" timestamp="2021-04-29T00:55:01" classname="NISTTestVector/PRNGTest" />
    <testcase name="HashDRBG/130" value_param="168-byte object &lt;40-46 5A-FF C2-55 00-00 60-46 5A-FF C2-55 00-00 60-46 5A-FF C2-55 00-00 40-AA 57-FF C2-55 00-00 50-AA 57-FF C2-55 00-00 50-AA 57-FF C2-55 00-00 00-00 00-00 00-00 00-00 00-00 00-00 00-00 00-00 ... 50-80 5A-FF C2-55 00-00 50-80 5A-FF C2-55 00-00 00-00 00-00 00-00 00-00 00-00 00-00 00-00 00-00 00-00 00-00 00-00 00-00 20-AB 57-FF C2-55 00-00 50-AB 57-FF C2-55 00-00 50-AB 57-FF C2-55 00-00&gt;" status="run" result="completed" time="0" timestamp="2021-04-29T00:55:01" classname="NISTTestVector/PRNGTest" />
    <testcase name="HashDRBG/131" value_param="168-byte object &lt;40-46 5A-FF C2-55 00-00 60-46 5A-FF C2-55 00-00 60-46 5A-FF C2-55 00-00 40-AA 57-FF C2-55 00-00 50-AA 57-FF C2-55 00-00 50-AA 57-FF C2-55 00-00 00-00 00-00 00-00 00-00 00-00 00-00 00-00 00-00 ... 50-80 5A-FF C2-55 00-00 50-80 5A-FF C2-55 00-00 00-00 00-00 00-00 00-00 00-00 00-00 00-00 00-00 00-00 00-00 00-00 00-00 20-AB 57-FF C2-55 00-00 50-AB 57-FF C2-55 00-00 50-AB 57-FF C2-55 00-00&gt;" status="run" result="completed" time="0" timestamp="2021-04-29T00:55:01" classname="NISTTestVector/PRNGTest" />
    <testcase name="HashDRBG/132" value_param="168-byte object &lt;40-46 5A-FF C2-55 00-00 60-46 5A-FF C2-55 00-00 60-46 5A-FF C2-55 00-00 40-AA 57-FF C2-55 00-00 50-AA 57-FF C2-55 00-00 50-AA 57-FF C2-55 00-00 00-00 00-00 00-00 00-00 00-00 00-00 00-00 00-00 ... 50-80 5A-FF C2-55 00-00 50-80 5A-FF C2-55 00-00 00-00 00-00 00-00 00-00 00-00 00-00 00-00 00-00 00-00 00-00 00-00 00-00 20-AB 57-FF C2-55 00-00 50-AB 57-FF C2-55 00-00 50-AB 57-FF C2-55 00-00&gt;" status="run" result="completed" time="0" timestamp="2021-04-29T00:55:01" classname="NISTTestVector/PRNGTest" />
    <testcase name="HashDRBG/133" value_param="168-byte object &lt;40-46 5A-FF C2-55 00-00 60-46 5A-FF C2-55 00-00 60-46 5A-FF C2-55 00-00 40-AA 57-FF C2-55 00-00 50-AA 57-FF C2-55 00-00 50-AA 57-FF C2-55 00-00 00-00 00-00 00-00 00-00 00-00 00-00 00-00 00-00 ... 50-80 5A-FF C2-55 00-00 50-80 5A-FF C2-55 00-00 00-00 00-00 00-00 00-00 00-00 00-00 00-00 00-00 00-00 00-00 00-00 00-00 20-AB 57-FF C2-55 00-00 50-AB 57-FF C2-55 00-00 50-AB 57-FF C2-55 00-00&gt;" status="run" result="completed" time="0" timestamp="2021-04-29T00:55:01" classname="NISTTestVector/PRNGTest" />
    <testcase name="HashDRBG/134" value_param="168-byte object &lt;40-46 5A-FF C2-55 00-00 60-46 5A-FF C2-55 00-00 60-46 5A-FF C2-55 00-00 40-AA 57-FF C2-55 00-00 50-AA 57-FF C2-55 00-00 50-AA 57-FF C2-55 00-00 00-00 00-00 00-00 00-00 00-00 00-00 00-00 00-00 ... 50-80 5A-FF C2-55 00-00 50-80 5A-FF C2-55 00-00 00-00 00-00 00-00 00-00 00-00 00-00 00-00 00-00 00-00 00-00 00-00 00-00 20-AB 57-FF C2-55 00-00 50-AB 57-FF C2-55 00-00 50-AB 57-FF C2-55 00-00&gt;" status="run" result="completed" time="0" timestamp="2021-04-29T00:55:01" classname="NISTTestVector/PRNGTest" />
    <testcase name="HashDRBG/135" value_param="168-byte object &lt;40-46 5A-FF C2-55 00-00 60-46 5A-FF C2-55 00-00 60-46 5A-FF C2-55 00-00 40-AA 57-FF C2-55 00-00 50-AA 57-FF C2-55 00-00 50-AA 57-FF C2-55 00-00 00-00 00-00 00-00 00-00 00-00 00-00 00-00 00-00 ... 50-80 5A-FF C2-55 00-00 50-80 5A-FF C2-55 00-00 10-8D 5A-FF C2-55 00-00 30-8D 5A-FF C2-55 00-00 30-8D 5A-FF C2-55 00-00 20-AB 57-FF C2-55 00-00 50-AB 57-FF C2-55 00-00 50-AB 57-FF C2-55 00-00&gt;" status="run" result="completed" time="0" timestamp="2021-04-29T00:55:01" classname="NISTTestVector/PRNGTest" />
    <testcase name="HashDRBG/136" value_param="168-byte object &lt;B0-EE 5A-FF C2-55 00-00 D0-EE 5A-FF C2-55 00-00 D0-EE 5A-FF C2-55 00-00 40-AA 57-FF C2-55 00-00 50-AA 57-FF C2-55 00-00 50-AA 57-FF C2-55 00-00 00-00 00-00 00-00 00-00 00-00 00-00 00-00 00-00 ... 00-EF 5A-FF C2-55 00-00 00-EF 5A-FF C2-55 00-00 10-EF 5A-FF C2-55 00-00 30-EF 5A-FF C2-55 00-00 30-EF 5A-FF C2-55 00-00 20-AB 57-FF C2-55 00-00 50-AB 57-FF C2-55 00-00 50-AB 57-FF C2-55 00-00&gt;" status="run" result="completed" time="0" timestamp="2021-04-29T00:55:01" classname="NISTTestVector/PRNGTest" />
    <testcase name="HashDRBG/137" value_param="168-byte object &lt;80-EE 5A-FF C2-55 00-00 A0-EE 5A-FF C2-55 00-00 A0-EE 5A-FF C2-55 00-00 40-AA 57-FF C2-55 00-00 50-AA 57-FF C2-55 00-00 50-AA 57-FF C2-55 00-00 00-00 00-00 00-00 00-00 00-00 00-00 00-00 00-00 ... 20-60 5A-FF C2-55 00-00 20-60 5A-FF C2-55 00-00 C0-79 5A-FF C2-55 00-00 E0-79 5A-FF C2-55 00-00 E0-79 5A-FF C2-55 00-00 20-AB 57-FF C2-55 00-00 50-AB 57-FF C2-55 00-00 50-AB 57-FF C2-55 00-00&gt;" status="run" result="completed" time="0" timestamp="2021-04-29T00:55:01" classname="NISTTestVector/PRNGTest" />
    <testcase name="HashDRBG/138" value_param="168-byte object &lt;50-EE 5A-FF C2-55 00-00 70-EE 5A-FF C2-55 00-00 70-EE 5A-FF C2-55 00-00 40-AA 57-FF C2-55 00-00 50-AA 57-FF C2-55 00-00 50-AA 57-FF C2-55 00-00 00-00 00-00 00-00 00-00 00-00 00-00 00-00 00-00 ... 10-F0 5A-FF C2-55 00-00 10-F0 5A-FF C2-55 00-00 90-EF 5A-FF C2-55 00-00 B0-EF 5A-FF C2-55 00-00 B0-EF 5A-FF C2-55 00-00 20-AB 57-FF C2-55 00-00 50-AB 57-FF C2-55 00-00 50-AB 57-FF C2-55 00-00&gt;" status="run" result="completed" time="0" timestamp="2021-04-29T00:55:01" classname="NISTTestVector/PRNGTest" />
[...]
    <testcase name="HashDRBG/206" value_param="168-byte object &lt;10-5A 5C-FF C2-55 00-00 30-5A 5C-FF C2-55 00-00 30-5A 5C-FF C2-55 00-00 40-AA 57-FF C2-55 00-00 50-AA 57-FF C2-55 00-00 50-AA 57-FF C2-55 00-00 00-00 00-00 00-00 00-00 00-00 00-00 00-00 00-00 ... F0-87 5C-FF C2-55 00-00 F0-87 5C-FF C2-55 00-00 50-5B 5C-FF C2-55 00-00 70-5B 5C-FF C2-55 00-00 70-5B 5C-FF C2-55 00-00 20-AB 57-FF C2-55 00-00 50-AB 57-FF C2-55 00-00 50-AB 57-FF C2-55 00-00&gt;" status="run" result="completed" time="0" timestamp="2021-04-29T00:55:01" classname="NISTTestVector/PRNGTest" />
    <testcase name="HashDRBG/207" value_param="168-byte object &lt;10-BA 5B-FF C2-55 00-00 30-BA 5B-FF C2-55 00-00 30-BA 5B-FF C2-55 00-00 40-AA 57-FF C2-55 00-00 50-AA 57-FF C2-55 00-00 50-AA 57-FF C2-55 00-00 00-00 00-00 00-00 00-00 00-00 00-00 00-00 00-00 ... 30-8E 5C-FF C2-55 00-00 30-8E 5C-FF C2-55 00-00 E0-00 5C-FF C2-55 00-00 00-01 5C-FF C2-55 00-00 00-01 5C-FF C2-55 00-00 20-AB 57-FF C2-55 00-00 50-AB 57-FF C2-55 00-00 50-AB 57-FF C2-55 00-00&gt;" status="run" result="completed" time="0" timestamp="2021-04-29T00:55:01" classname="NISTTestVector/PRNGTest" />
    <testcase name="HashDRBG/208" value_param="168-byte object &lt;70-5A 5C-FF C2-55 00-00 90-5A 5C-FF C2-55 00-00 90-5A 5C-FF C2-55 00-00 40-AA 57-FF C2-55 00-00 50-AA 57-FF C2-55 00-00 50-AA 57-FF C2-55 00-00 00-00 00-00 00-00 00-00 00-00 00-00 00-00 00-00 ... 70-94 5C-FF C2-55 00-00 70-94 5C-FF C2-55 00-00 D0-5A 5C-FF C2-55 00-00 F0-5A 5C-FF C2-55 00-00 F0-5A 5C-FF C2-55 00-00 20-AB 57-FF C2-55 00-00 50-AB 57-FF C2-55 00-00 50-AB 57-FF C2-55 00-00&gt;" status="run" result="completed" time="0" timestamp="2021-04-29T00:55:01" classname="NISTTestVector/PRNGTest" />
    <testcase name="HashDRBG/209" value_param="168-byte object &lt;40-5A 5C-FF C2-55 00-00 60-5A 5C-FF C2-55 00-00 60-5A 5C-FF C2-55 00-00 40-AA 57-FF C2-55 00-00 50-AA 57-FF C2-55 00-00 50-AA 57-FF C2-55 00-00 00-00 00-00 00-00 00-00 00-00 00-00 00-00 00-00 ... B0-9A 5C-FF C2-55 00-00 B0-9A 5C-FF C2-55 00-00 90-ED 5B-FF C2-55 00-00 B0-ED 5B-FF C2-55 00-00 B0-ED 5B-FF C2-55 00-00 20-AB 57-FF C2-55 00-00 50-AB 57-FF C2-55 00-00 50-AB 57-FF C2-55 00-00&gt;" status="run" result="completed" time="0" timestamp="2021-04-29T00:55:01" classname="NISTTestVector/PRNGTest" />
    <testcase name="HashDRBG/210" value_param="168-byte object &lt;10-5A 5C-FF C2-55 00-00 30-5A 5C-FF C2-55 00-00 30-5A 5C-FF C2-55 00-00 40-AA 57-FF C2-55 00-00 50-AA 57-FF C2-55 00-00 50-AA 57-FF C2-55 00-00 D0-A0 5C-FF C2-55 00-00 F0-A0 5C-FF C2-55 00-00 ... 70-5B 5C-FF C2-55 00-00 70-5B 5C-FF C2-55 00-00 00-00 00-00 00-00 00-00 00-00 00-00 00-00 00-00 00-00 00-00 00-00 00-00 20-AB 57-FF C2-55 00-00 50-AB 57-FF C2-55 00-00 50-AB 57-FF C2-55 00-00&gt;" status="run" result="completed" time="0" timestamp="2021-04-29T00:55:01" classname="NISTTestVector/PRNGTest" />
    <testcase name="HashDRBG/211" value_param="168-byte object &lt;D0-5A 5C-FF C2-55 00-00 F0-5A 5C-FF C2-55 00-00 F0-5A 5C-FF C2-55 00-00 40-AA 57-FF C2-55 00-00 50-AA 57-FF C2-55 00-00 50-AA 57-FF C2-55 00-00 50-AD 5C-FF C2-55 00-00 70-AD 5C-FF C2-55 00-00 ... B0-B3 5C-FF C2-55 00-00 B0-B3 5C-FF C2-55 00-00 00-00 00-00 00-00 00-00 00-00 00-00 00-00 00-00 00-00 00-00 00-00 00-00 20-AB 57-FF C2-55 00-00 50-AB 57-FF C2-55 00-00 50-AB 57-FF C2-55 00-00&gt;" status="run" result="completed" time="0" timestamp="2021-04-29T00:55:01" classname="NISTTestVector/PRNGTest" />
    <testcase name="HashDRBG/212" value_param="168-byte object &lt;50-AD 5C-FF C2-55 00-00 70-AD 5C-FF C2-55 00-00 70-AD 5C-FF C2-55 00-00 40-AA 57-FF C2-55 00-00 50-AA 57-FF C2-55 00-00 50-AA 57-FF C2-55 00-00 90-B3 5C-FF C2-55 00-00 B0-B3 5C-FF C2-55 00-00 ... 00-5C 5C-FF C2-55 00-00 00-5C 5C-FF C2-55 00-00 00-00 00-00 00-00 00-00 00-00 00-00 00-00 00-00 00-00 00-00 00-00 00-00 20-AB 57-FF C2-55 00-00 50-AB 57-FF C2-55 00-00 50-AB 57-FF C2-55 00-00&gt;" status="run" result="completed" time="0" timestamp="2021-04-29T00:55:01" classname="NISTTestVector/PRNGTest" />
    <testcase name="HashDRBG/213" value_param="168-byte object &lt;90-B3 5C-FF C2-55 00-00 B0-B3 5C-FF C2-55 00-00 B0-B3 5C-FF C2-55 00-00 40-AA 57-FF C2-55 00-00 50-AA 57-FF C2-55 00-00 50-AA 57-FF C2-55 00-00 E0-5B 5C-FF C2-55 00-00 00-5C 5C-FF C2-55 00-00 ... 30-BA 5B-FF C2-55 00-00 30-BA 5B-FF C2-55 00-00 00-00 00-00 00-00 00-00 00-00 00-00 00-00 00-00 00-00 00-00 00-00 00-00 20-AB 57-FF C2-55 00-00 50-AB 57-FF C2-55 00-00 50-AB 57-FF C2-55 00-00&gt;" status="run" result="completed" time="0" timestamp="2021-04-29T00:55:01" classname="NISTTestVector/PRNGTest" />
    <testcase name="HashDRBG/214" value_param="168-byte object &lt;E0-5B 5C-FF C2-55 00-00 00-5C 5C-FF C2-55 00-00 00-5C 5C-FF C2-55 00-00 40-AA 57-FF C2-55 00-00 50-AA 57-FF C2-55 00-00 50-AA 57-FF C2-55 00-00 10-BA 5B-FF C2-55 00-00 30-BA 5B-FF C2-55 00-00 ... B0-ED 5B-FF C2-55 00-00 B0-ED 5B-FF C2-55 00-00 00-00 00-00 00-00 00-00 00-00 00-00 00-00 00-00 00-00 00-00 00-00 00-00 20-AB 57-FF C2-55 00-00 50-AB 57-FF C2-55 00-00 50-AB 57-FF C2-55 00-00&gt;" status="run" result="completed" time="0" timestamp="2021-04-29T00:55:01" classname="NISTTestVector/PRNGTest" />
    <testcase name="HashDRBG/215" value_param="168-byte object &lt;10-BA 5B-FF C2-55 00-00 30-BA 5B-FF C2-55 00-00 30-BA 5B-FF C2-55 00-00 40-AA 57-FF C2-55 00-00 50-AA 57-FF C2-55 00-00 50-AA 57-FF C2-55 00-00 90-ED 5B-FF C2-55 00-00 B0-ED 5B-FF C2-55 00-00 ... B0-9A 5C-FF C2-55 00-00 B0-9A 5C-FF C2-55 00-00 00-00 00-00 00-00 00-00 00-00 00-00 00-00 00-00 00-00 00-00 00-00 00-00 20-AB 57-FF C2-55 00-00 50-AB 57-FF C2-55 00-00 50-AB 57-FF C2-55 00-00&gt;" status="run" result="completed" time="0" timestamp="2021-04-29T00:55:01" classname="NISTTestVector/PRNGTest" />
    <testcase name="HashDRBG/216" value_param="168-byte object &lt;90-ED 5B-FF C2-55 00-00 B0-ED 5B-FF C2-55 00-00 B0-ED 5B-FF C2-55 00-00 40-AA 57-FF C2-55 00-00 50-AA 57-FF C2-55 00-00 50-AA 57-FF C2-55 00-00 90-9A 5C-FF C2-55 00-00 B0-9A 5C-FF C2-55 00-00 ... 70-5B 5C-FF C2-55 00-00 70-5B 5C-FF C2-55 00-00 00-00 00-00 00-00 00-00 00-00 00-00 00-00 00-00 00-00 00-00 00-00 00-00 20-AB 57-FF C2-55 00-00 50-AB 57-FF C2-55 00-00 50-AB 57-FF C2-55 00-00&gt;" status="run" result="completed" time="0" timestamp="2021-04-29T00:55:01" classname="NISTTestVector/PRNGTest" />
    <testcase name="HashDRBG/217" value_param="168-byte object &lt;90-9A 5C-FF C2-55 00-00 B0-9A 5C-FF C2-55 00-00 B0-9A 5C-FF C2-55 00-00 40-AA 57-FF C2-55 00-00 50-AA 57-FF C2-55 00-00 50-AA 57-FF C2-55 00-00 50-5B 5C-FF C2-55 00-00 70-5B 5C-FF C2-55 00-00 ... 90-C4 5C-FF C2-55 00-00 90-C4 5C-FF C2-55 00-00 00-00 00-00 00-00 00-00 00-00 00-00 00-00 00-00 00-00 00-00 00-00 00-00 20-AB 57-FF C2-55 00-00 50-AB 57-FF C2-55 00-00 50-AB 57-FF C2-55 00-00&gt;" status="run" result="completed" time="0" timestamp="2021-04-29T00:55:01" classname="NISTTestVector/PRNGTest" />
    <testcase name="HashDRBG/218" value_param="168-byte object &lt;50-5B 5C-FF C2-55 00-00 70-5B 5C-FF C2-55 00-00 70-5B 5C-FF C2-55 00-00 40-AA 57-FF C2-55 00-00 50-AA 57-FF C2-55 00-00 50-AA 57-FF C2-55 00-00 70-C4 5C-FF C2-55 00-00 90-C4 5C-FF C2-55 00-00 ... 70-CA 5C-FF C2-55 00-00 70-CA 5C-FF C2-55 00-00 00-00 00-00 00-00 00-00 00-00 00-00 00-00 00-00 00-00 00-00 00-00 00-00 20-AB 57-FF C2-55 00-00 50-AB 57-FF C2-55 00-00 50-AB 57-FF C2-55 00-00&gt;" status="run" result="completed" time="0" timestamp="2021-04-29T00:55:01" classname="NISTTestVector/PRNGTest" />
    <testcase name="HashDRBG/219" value_param="168-byte object &lt;70-C4 5C-FF C2-55 00-00 90-C4 5C-FF C2-55 00-00 90-C4 5C-FF C2-55 00-00 40-AA 57-FF C2-55 00-00 50-AA 57-FF C2-55 00-00 50-AA 57-FF C2-55 00-00 50-CA 5C-FF C2-55 00-00 70-CA 5C-FF C2-55 00-00 ... 50-D0 5C-FF C2-55 00-00 50-D0 5C-FF C2-55 00-00 00-00 00-00 00-00 00-00 00-00 00-00 00-00 00-00 00-00 00-00 00-00 00-00 20-AB 57-FF C2-55 00-00 50-AB 57-FF C2-55 00-00 50-AB 57-FF C2-55 00-00&gt;" status="run" result="completed" time="0" timestamp="2021-04-29T00:55:01" classname="NISTTestVector/PRNGTest" />
    <testcase name="HashDRBG/220" value_param="168-byte object &lt;50-CA 5C-FF C2-55 00-00 70-CA 5C-FF C2-55 00-00 70-CA 5C-FF C2-55 00-00 40-AA 57-FF C2-55 00-00 50-AA 57-FF C2-55 00-00 50-AA 57-FF C2-55 00-00 30-D0 5C-FF C2-55 00-00 50-D0 5C-FF C2-55 00-00 ... 30-D6 5C-FF C2-55 00-00 30-D6 5C-FF C2-55 00-00 00-00 00-00 00-00 00-00 00-00 00-00 00-00 00-00 00-00 00-00 00-00 00-00 20-AB 57-FF C2-55 00-00 50-AB 57-FF C2-55 00-00 50-AB 57-FF C2-55 00-00&gt;" status="run" result="completed" time="0" timestamp="2021-04-29T00:55:01" classname="NISTTestVector/PRNGTest" />
    <testcase name="HashDRBG/221" value_param="168-byte object &lt;30-D0 5C-FF C2-55 00-00 50-D0 5C-FF C2-55 00-00 50-D0 5C-FF C2-55 00-00 40-AA 57-FF C2-55 00-00 50-AA 57-FF C2-55 00-00 50-AA 57-FF C2-55 00-00 10-D6 5C-FF C2-55 00-00 30-D6 5C-FF C2-55 00-00 ... 10-DC 5C-FF C2-55 00-00 10-DC 5C-FF C2-55 00-00 00-00 00-00 00-00 00-00 00-00 00-00 00-00 00-00 00-00 00-00 00-00 00-00 20-AB 57-FF C2-55 00-00 50-AB 57-FF C2-55 00-00 50-AB 57-FF C2-55 00-00&gt;" status="run" result="completed" time="0" timestamp="2021-04-29T00:55:01" classname="NISTTestVector/PRNGTest" />
    <testcase name="HashDRBG/222" value_param="168-byte object &lt;10-D6 5C-FF C2-55 00-00 30-D6 5C-FF C2-55 00-00 30-D6 5C-FF C2-55 00-00 40-AA 57-FF C2-55 00-00 50-AA 57-FF C2-55 00-00 50-AA 57-FF C2-55 00-00 F0-DB 5C-FF C2-55 00-00 10-DC 5C-FF C2-55 00-00 ... F0-E1 5C-FF C2-55 00-00 F0-E1 5C-FF C2-55 00-00 00-00 00-00 00-00 00-00 00-00 00-00 00-00 00-00 00-00 00-00 00-00 00-00 20-AB 57-FF C2-55 00-00 50-AB 57-FF C2-55 00-00 50-AB 57-FF C2-55 00-00&gt;" status="run" result="completed" time="0" timestamp="2021-04-29T00:55:01" classname="NISTTestVector/PRNGTest" />
    <testcase name="HashDRBG/223" value_param="168-byte object &lt;F0-DB 5C-FF C2-55 00-00 10-DC 5C-FF C2-55 00-00 10-DC 5C-FF C2-55 00-00 40-AA 57-FF C2-55 00-00 50-AA 57-FF C2-55 00-00 50-AA 57-FF C2-55 00-00 D0-E1 5C-FF C2-55 00-00 F0-E1 5C-FF C2-55 00-00 ... D0-E7 5C-FF C2-55 00-00 D0-E7 5C-FF C2-55 00-00 00-00 00-00 00-00 00-00 00-00 00-00 00-00 00-00 00-00 00-00 00-00 00-00 20-AB 57-FF C2-55 00-00 50-AB 57-FF C2-55 00-00 50-AB 57-FF C2-55 00-00&gt;" status="run" result="completed" time="0" timestamp="2021-04-29T00:55:01" classname="NISTTestVector/PRNGTest" />
    <testcase name="HashDRBG/224" value_param="168-byte object &lt;D0-E1 5C-FF C2-55 00-00 F0-E1 5C-FF C2-55 00-00 F0-E1 5C-FF C2-55 00-00 40-AA 57-FF C2-55 00-00 50-AA 57-FF C2-55 00-00 50-AA 57-FF C2-55 00-00 B0-E7 5C-FF C2-55 00-00 D0-E7 5C-FF C2-55 00-00 ... B0-ED 5C-FF C2-55 00-00 B0-ED 5C-FF C2-55 00-00 00-00 00-00 00-00 00-00 00-00 00-00 00-00 00-00 00-00 00-00 00-00 00-00 20-AB 57-FF C2-55 00-00 50-AB 57-FF C2-55 00-00 50-AB 57-FF C2-55 00-00&gt;" status="run" result="completed" time="0.001" timestamp="2021-04-29T00:55:01" classname="NISTTestVector/PRNGTest" />
    <testcase name="HashDRBG/225" value_param="168-byte object &lt;B0-E7 5C-FF C2-55 00-00 D0-E7 5C-FF C2-55 00-00 D0-E7 5C-FF C2-55 00-00 40-AA 57-FF C2-55 00-00 50-AA 57-FF C2-55 00-00 50-AA 57-FF C2-55 00-00 90-ED 5C-FF C2-55 00-00 B0-ED 5C-FF C2-55 00-00 ... 90-F3 5C-FF C2-55 00-00 90-F3 5C-FF C2-55 00-00 50-F9 5C-FF C2-55 00-00 70-F9 5C-FF C2-55 00-00 70-F9 5C-FF C2-55 00-00 20-AB 57-FF C2-55 00-00 50-AB 57-FF C2-55 00-00 50-AB 57-FF C2-55 00-00&gt;" status="run" result="completed" time="0" timestamp="2021-04-29T00:55:01" classname="NISTTestVector/PRNGTest" />
    <testcase name="HashDRBG/226" value_param="168-byte object &lt;E0-10 5D-FF C2-55 00-00 00-11 5D-FF C2-55 00-00 00-11 5D-FF C2-55 00-00 40-AA 57-FF C2-55 00-00 50-AA 57-FF C2-55 00-00 50-AA 57-FF C2-55 00-00 10-11 5D-FF C2-55 00-00 30-11 5D-FF C2-55 00-00 ... B0-11 5D-FF C2-55 00-00 B0-11 5D-FF C2-55 00-00 F0-11 5D-FF C2-55 00-00 10-12 5D-FF C2-55 00-00 10-12 5D-FF C2-55 00-00 20-AB 57-FF C2-55 00-00 50-AB 57-FF C2-55 00-00 50-AB 57-FF C2-55 00-00&gt;" status="run" result="completed" time="0" timestamp="2021-04-29T00:55:01" classname="NISTTestVector/PRNGTest" />
    <testcase name="HashDRBG/227" value_param="168-byte object &lt;70-F3 5C-FF C2-55 00-00 90-F3 5C-FF C2-55 00-00 90-F3 5C-FF C2-55 00-00 40-AA 57-FF C2-55 00-00 50-AA 57-FF C2-55 00-00 50-AA 57-FF C2-55 00-00 50-F9 5C-FF C2-55 00-00 70-F9 5C-FF C2-55 00-00 ... B0-ED 5C-FF C2-55 00-00 B0-ED 5C-FF C2-55 00-00 B0-10 5D-FF C2-55 00-00 D0-10 5D-FF C2-55 00-00 D0-10 5D-FF C2-55 00-00 20-AB 57-FF C2-55 00-00 50-AB 57-FF C2-55 00-00 50-AB 57-FF C2-55 00-00&gt;" status="run" result="completed" time="0" timestamp="2021-04-29T00:55:01" classname="NISTTestVector/PRNGTest" />
    <testcase name="HashDRBG/228" value_param="168-byte object &lt;90-11 5D-FF C2-55 00-00 B0-11 5D-FF C2-55 00-00 B0-11 5D-FF C2-55 00-00 40-AA 57-FF C2-55 00-00 50-AA 57-FF C2-55 00-00 50-AA 57-FF C2-55 00-00 F0-11 5D-FF C2-55 00-00 10-12 5D-FF C2-55 00-00 ... 30-11 5D-FF C2-55 00-00 30-11 5D-FF C2-55 00-00 30-FF 5C-FF C2-55 00-00 50-FF 5C-FF C2-55 00-00 50-FF 5C-FF C2-55 00-00 20-AB 57-FF C2-55 00-00 50-AB 57-FF C2-55 00-00 50-AB 57-FF C2-55 00-00&gt;" status="run" result="completed" time="0" timestamp="2021-04-29T00:55:01" classname="NISTTestVector/PRNGTest" />
    <testcase name="HashDRBG/229" value_param="168-byte object &lt;90-ED 5C-FF C2-55 00-00 B0-ED 5C-FF C2-55 00-00 B0-ED 5C-FF C2-55 00-00 40-AA 57-FF C2-55 00-00 50-AA 57-FF C2-55 00-00 50-AA 57-FF C2-55 00-00 B0-10 5D-FF C2-55 00-00 D0-10 5D-FF C2-55 00-00 ... 70-F9 5C-FF C2-55 00-00 70-F9 5C-FF C2-55 00-00 20-12 5D-FF C2-55 00-00 40-12 5D-FF C2-55 00-00 40-12 5D-FF C2-55 00-00 20-AB 57-FF C2-55 00-00 50-AB 57-FF C2-55 00-00 50-AB 57-FF C2-55 00-00&gt;" status="run" result="completed" time="0" timestamp="2021-04-29T00:55:01" classname="NISTTestVector/PRNGTest" />
    <testcase name="HashDRBG/230" value_param="168-byte object &lt;10-11 5D-FF C2-55 00-00 30-11 5D-FF C2-55 00-00 30-11 5D-FF C2-55 00-00 40-AA 57-FF C2-55 00-00 50-AA 57-FF C2-55 00-00 50-AA 57-FF C2-55 00-00 30-FF 5C-FF C2-55 00-00 50-FF 5C-FF C2-55 00-00 ... 10-12 5D-FF C2-55 00-00 10-12 5D-FF C2-55 00-00 80-10 5D-FF C2-55 00-00 A0-10 5D-FF C2-55 00-00 A0-10 5D-FF C2-55 00-00 20-AB 57-FF C2-55 00-00 50-AB 57-FF C2-55 00-00 50-AB 57-FF C2-55 00-00&gt;" status="run" result="completed" time="0" timestamp="2021-04-29T00:55:01" classname="NISTTestVector/PRNGTest" />
    <testcase name="HashDRBG/231" value_param="168-byte object &lt;50-F9 5C-FF C2-55 00-00 70-F9 5C-FF C2-55 00-00 70-F9 5C-FF C2-55 00-00 40-AA 57-FF C2-55 00-00 50-AA 57-FF C2-55 00-00 50-AA 57-FF C2-55 00-00 20-12 5D-FF C2-55 00-00 40-12 5D-FF C2-55 00-00 ... D0-10 5D-FF C2-55 00-00 D0-10 5D-FF C2-55 00-00 10-05 5D-FF C2-55 00-00 30-05 5D-FF C2-55 00-00 30-05 5D-FF C2-55 00-00 20-AB 57-FF C2-55 00-00 50-AB 57-FF C2-55 00-00 50-AB 57-FF C2-55 00-00&gt;" status="run" result="completed" time="0" timestamp="2021-04-29T00:55:01" classname="NISTTestVector/PRNGTest" />
    <testcase name="HashDRBG/232" value_param="168-byte object &lt;F0-11 5D-FF C2-55 00-00 10-12 5D-FF C2-55 00-00 10-12 5D-FF C2-55 00-00 40-AA 57-FF C2-55 00-00 50-AA 57-FF C2-55 00-00 50-AA 57-FF C2-55 00-00 80-10 5D-FF C2-55 00-00 A0-10 5D-FF C2-55 00-00 ... 50-FF 5C-FF C2-55 00-00 50-FF 5C-FF C2-55 00-00 80-12 5D-FF C2-55 00-00 A0-12 5D-FF C2-55 00-00 A0-12 5D-FF C2-55 00-00 20-AB 57-FF C2-55 00-00 50-AB 57-FF C2-55 00-00 50-AB 57-FF C2-55 00-00&gt;" status="run" result="completed" time="0" timestamp="2021-04-29T00:55:01" classname="NISTTestVector/PRNGTest" />
    <testcase name="HashDRBG/233" value_param="168-byte object &lt;B0-10 5D-FF C2-55 00-00 D0-10 5D-FF C2-55 00-00 D0-10 5D-FF C2-55 00-00 40-AA 57-FF C2-55 00-00 50-AA 57-FF C2-55 00-00 50-AA 57-FF C2-55 00-00 10-05 5D-FF C2-55 00-00 30-05 5D-FF C2-55 00-00 ... 40-12 5D-FF C2-55 00-00 40-12 5D-FF C2-55 00-00 F0-18 5D-FF C2-55 00-00 10-19 5D-FF C2-55 00-00 10-19 5D-FF C2-55 00-00 20-AB 57-FF C2-55 00-00 50-AB 57-FF C2-55 00-00 50-AB 57-FF C2-55 00-00&gt;" status="run" result="completed" time="0" timestamp="2021-04-29T00:55:01" classname="NISTTestVector/PRNGTest" />
    <testcase name="HashDRBG/234" value_param="168-byte object &lt;30-FF 5C-FF C2-55 00-00 50-FF 5C-FF C2-55 00-00 50-FF 5C-FF C2-55 00-00 40-AA 57-FF C2-55 00-00 50-AA 57-FF C2-55 00-00 50-AA 57-FF C2-55 00-00 80-12 5D-FF C2-55 00-00 A0-12 5D-FF C2-55 00-00 ... A0-10 5D-FF C2-55 00-00 A0-10 5D-FF C2-55 00-00 60-1F 5D-FF C2-55 00-00 80-1F 5D-FF C2-55 00-00 80-1F 5D-FF C2-55 00-00 20-AB 57-FF C2-55 00-00 50-AB 57-FF C2-55 00-00 50-AB 57-FF C2-55 00-00&gt;" status="run" result="completed" time="0" timestamp="2021-04-29T00:55:01" classname="NISTTestVector/PRNGTest" />
    <testcase name="HashDRBG/235" value_param="168-byte object &lt;20-12 5D-FF C2-55 00-00 40-12 5D-FF C2-55 00-00 40-12 5D-FF C2-55 00-00 40-AA 57-FF C2-55 00-00 50-AA 57-FF C2-55 00-00 50-AA 57-FF C2-55 00-00 F0-18 5D-FF C2-55 00-00 10-19 5D-FF C2-55 00-00 ... 30-05 5D-FF C2-55 00-00 30-05 5D-FF C2-55 00-00 D0-25 5D-FF C2-55 00-00 F0-25 5D-FF C2-55 00-00 F0-25 5D-FF C2-55 00-00 20-AB 57-FF C2-55 00-00 50-AB 57-FF C2-55 00-00 50-AB 57-FF C2-55 00-00&gt;" status="run" result="completed" time="0" timestamp="2021-04-29T00:55:01" classname="NISTTestVector/PRNGTest" />
    <testcase name="HashDRBG/236" value_param="168-byte object &lt;80-10 5D-FF C2-55 00-00 A0-10 5D-FF C2-55 00-00 A0-10 5D-FF C2-55 00-00 40-AA 57-FF C2-55 00-00 50-AA 57-FF C2-55 00-00 50-AA 57-FF C2-55 00-00 60-1F 5D-FF C2-55 00-00 80-1F 5D-FF C2-55 00-00 ... A0-12 5D-FF C2-55 00-00 A0-12 5D-FF C2-55 00-00 40-2C 5D-FF C2-55 00-00 60-2C 5D-FF C2-55 00-00 60-2C 5D-FF C2-55 00-00 20-AB 57-FF C2-55 00-00 50-AB 57-FF C2-55 00-00 50-AB 57-FF C2-55 00-00&gt;" status="run" result="completed" time="0" timestamp="2021-04-29T00:55:01" classname="NISTTestVector/PRNGTest" />
    <testcase name="HashDRBG/237" value_param="168-byte object &lt;10-05 5D-FF C2-55 00-00 30-05 5D-FF C2-55 00-00 30-05 5D-FF C2-55 00-00 40-AA 57-FF C2-55 00-00 50-AA 57-FF C2-55 00-00 50-AA 57-FF C2-55 00-00 D0-25 5D-FF C2-55 00-00 F0-25 5D-FF C2-55 00-00 ... 10-19 5D-FF C2-55 00-00 10-19 5D-FF C2-55 00-00 B0-32 5D-FF C2-55 00-00 D0-32 5D-FF C2-55 00-00 D0-32 5D-FF C2-55 00-00 20-AB 57-FF C2-55 00-00 50-AB 57-FF C2-55 00-00 50-AB 57-FF C2-55 00-00&gt;" status="run" result="completed" time="0" timestamp="2021-04-29T00:55:01" classname="NISTTestVector/PRNGTest" />
    <testcase name="HashDRBG/238" value_param="168-byte object &lt;80-12 5D-FF C2-55 00-00 A0-12 5D-FF C2-55 00-00 A0-12 5D-FF C2-55 00-00 40-AA 57-FF C2-55 00-00 50-AA 57-FF C2-55 00-00 50-AA 57-FF C2-55 00-00 40-2C 5D-FF C2-55 00-00 60-2C 5D-FF C2-55 00-00 ... 80-1F 5D-FF C2-55 00-00 80-1F 5D-FF C2-55 00-00 20-39 5D-FF C2-55 00-00 40-39 5D-FF C2-55 00-00 40-39 5D-FF C2-55 00-00 20-AB 57-FF C2-55 00-00 50-AB 57-FF C2-55 00-00 50-AB 57-FF C2-55 00-00&gt;" status="run" result="completed" time="0" timestamp="2021-04-29T00:55:01" classname="NISTTestVector/PRNGTest" />
    <testcase name="HashDRBG/239" value_param="168-byte object &lt;F0-18 5D-FF C2-55 00-00 10-19 5D-FF C2-55 00-00 10-19 5D-FF C2-55 00-00 40-AA 57-FF C2-55 00-00 50-AA 57-FF C2-55 00-00 50-AA 57-FF C2-55 00-00 B0-32 5D-FF C2-55 00-00 D0-32 5D-FF C2-55 00-00 ... F0-25 5D-FF C2-55 00-00 F0-25 5D-FF C2-55 00-00 90-3F 5D-FF C2-55 00-00 B0-3F 5D-FF C2-55 00-00 B0-3F 5D-FF C2-55 00-00 20-AB 57-FF C2-55 00-00 50-AB 57-FF C2-55 00-00 50-AB 57-FF C2-55 00-00&gt;" status="run" result="completed" time="0.001" timestamp="2021-04-29T00:55:01" classname="NISTTestVector/PRNGTest" />
  </testsuite>
</testsuites>
