<?xml version="1.0" encoding="UTF-8"?>
<testsuites tests="21" failures="0" disabled="0" errors="0" time="0.003" timestamp="2021-04-28T22:48:15" name="AllTests">
  <testsuite name="Alg1485Test" tests="2" failures="0" disabled="0" errors="0" time="0" timestamp="2021-04-28T22:48:15">
    <testcase name="ShortOIDTest" status="run" result="completed" time="0" timestamp="2021-04-28T22:48:15" classname="Alg1485Test" />
    <testcase name="BrokenOIDTest" status="run" result="completed" time="0" timestamp="2021-04-28T22:48:15" classname="Alg1485Test" />
  </testsuite>
  <testsuite name="CertTest" tests="2" failures="0" disabled="0" errors="0" time="0.003" timestamp="2021-04-28T22:48:15">
    <testcase name="GetCertDer" status="run" result="completed" time="0.002" timestamp="2021-04-28T22:48:15" classname="CertTest" />
    <testcase name="GetCertDerBad" status="run" result="completed" time="0.001" timestamp="2021-04-28T22:48:15" classname="CertTest" />
  </testsuite>
  <testsuite name="DecodeCertsTest" tests="1" failures="0" disabled="0" errors="0" time="0" timestamp="2021-04-28T22:48:15">
    <testcase name="EmptyCertPackage" status="run" result="completed" time="0" timestamp="2021-04-28T22:48:15" classname="DecodeCertsTest" />
  </testsuite>
  <testsuite name="ParseAVAStrings/Alg1485ParseTest" tests="11" failures="0" disabled="0" errors="0" time="0" timestamp="2021-04-28T22:48:15">
    <testcase name="TryParsingAVAStrings/0" value_param="40-byte object &lt;20-48 9A-02 56-55 00-00 51-00 00-00 00-00 00-00 51-00 00-00 00-00 00-00 00-00 00-00 00-00 00-00 01-00 00-00 00-00 00-00&gt;" status="run" result="completed" time="0" timestamp="2021-04-28T22:48:15" classname="ParseAVAStrings/Alg1485ParseTest" />
    <testcase name="TryParsingAVAStrings/1" value_param="40-byte object &lt;20-48 9A-02 56-55 00-00 52-00 00-00 00-00 00-00 52-00 00-00 00-00 00-00 00-00 00-00 00-00 00-00 01-00 00-00 00-00 00-00&gt;" status="run" result="completed" time="0" timestamp="2021-04-28T22:48:15" classname="ParseAVAStrings/Alg1485ParseTest" />
    <testcase name="TryParsingAVAStrings/2" value_param="40-byte object &lt;20-48 9A-02 56-55 00-00 51-00 00-00 00-00 00-00 51-00 00-00 00-00 00-00 00-00 00-00 00-00 00-00 01-00 00-00 00-00 00-00&gt;" status="run" result="completed" time="0" timestamp="2021-04-28T22:48:15" classname="ParseAVAStrings/Alg1485ParseTest" />
    <testcase name="TryParsingAVAStrings/3" value_param="40-byte object &lt;70-4E 9A-02 56-55 00-00 28-00 00-00 00-00 00-00 28-00 00-00 00-00 00-00 00-00 00-00 00-00 00-00 01-00 00-00 00-00 00-00&gt;" status="run" result="completed" time="0" timestamp="2021-04-28T22:48:15" classname="ParseAVAStrings/Alg1485ParseTest" />
    <testcase name="TryParsingAVAStrings/4" value_param="40-byte object &lt;50-4E 9A-02 56-55 00-00 10-00 00-00 00-00 00-00 10-00 00-00 00-00 00-00 00-00 00-00 00-00 00-00 01-00 00-00 00-00 00-00&gt;" status="run" result="completed" time="0" timestamp="2021-04-28T22:48:15" classname="ParseAVAStrings/Alg1485ParseTest" />
    <testcase name="TryParsingAVAStrings/5" value_param="40-byte object &lt;00-48 9A-02 56-55 00-00 0C-00 00-00 00-00 00-00 32-2E 35-2E 34-2E 36-3D F0-9F 98-91 00-00 00-00 01-00 00-00 00-00 00-00&gt;" status="run" result="completed" time="0" timestamp="2021-04-28T22:48:15" classname="ParseAVAStrings/Alg1485ParseTest" />
    <testcase name="TryParsingAVAStrings/6" value_param="40-byte object &lt;00-48 9A-02 56-55 00-00 0F-00 00-00 00-00 00-00 4F-49 44-2E 6D-6F 6F-63 6F-77 3D-F0 9F-98 91-00 00-00 00-00 00-00 00-00&gt;" status="run" result="completed" time="0" timestamp="2021-04-28T22:48:15" classname="ParseAVAStrings/Alg1485ParseTest" />
    <testcase name="TryParsingAVAStrings/7" value_param="40-byte object &lt;00-48 9A-02 56-55 00-00 07-00 00-00 00-00 00-00 33-2E 32-3D 62-61 64-00 00-00 00-00 00-00 00-00 00-00 00-00 00-00 00-00&gt;" status="run" result="completed" time="0" timestamp="2021-04-28T22:48:15" classname="ParseAVAStrings/Alg1485ParseTest" />
    <testcase name="TryParsingAVAStrings/8" value_param="40-byte object &lt;00-48 9A-02 56-55 00-00 0B-00 00-00 00-00 00-00 32-35 36-2E 32-35 37-3D 62-61 64-00 00-00 00-00 00-00 00-00 00-00 00-00&gt;" status="run" result="completed" time="0" timestamp="2021-04-28T22:48:15" classname="ParseAVAStrings/Alg1485ParseTest" />
    <testcase name="TryParsingAVAStrings/9" value_param="40-byte object &lt;00-48 9A-02 56-55 00-00 05-00 00-00 00-00 00-00 59-4F 3D-4C 4F-00 00-00 00-00 00-00 00-00 00-00 00-00 00-00 00-00 00-00&gt;" status="run" result="completed" time="0" timestamp="2021-04-28T22:48:15" classname="ParseAVAStrings/Alg1485ParseTest" />
    <testcase name="TryParsingAVAStrings/10" value_param="40-byte object &lt;50-4E 9A-02 56-55 00-00 10-00 00-00 00-00 00-00 10-00 00-00 00-00 00-00 00-00 00-00 00-00 00-00 00-00 00-00 00-00 00-00&gt;" status="run" result="completed" time="0" timestamp="2021-04-28T22:48:15" classname="ParseAVAStrings/Alg1485ParseTest" />
  </testsuite>
  <testsuite name="CompareAVAStrings/Alg1485CompareTest" tests="5" failures="0" disabled="0" errors="0" time="0" timestamp="2021-04-28T22:48:15">
    <testcase name="CompareAVAStrings/0" value_param="72-byte object &lt;C0-74 9A-02 56-55 00-00 1C-00 00-00 00-00 00-00 1C-00 00-00 00-00 00-00 00-00 00-00 00-00 00-00 F0-74 9A-02 56-55 00-00 22-00 00-00 00-00 00-00 22-00 00-00 00-00 00-00 00-00 00-00 00-00 00-00 FF-FF FF-FF 00-00 00-00&gt;" status="run" result="completed" time="0" timestamp="2021-04-28T22:48:15" classname="CompareAVAStrings/Alg1485CompareTest" />
    <testcase name="CompareAVAStrings/1" value_param="72-byte object &lt;F0-74 9A-02 56-55 00-00 22-00 00-00 00-00 00-00 22-00 00-00 00-00 00-00 00-00 00-00 00-00 00-00 20-75 9A-02 56-55 00-00 1C-00 00-00 00-00 00-00 1C-00 00-00 00-00 00-00 00-00 00-00 00-00 00-00 01-00 00-00 00-00 00-00&gt;" status="run" result="completed" time="0" timestamp="2021-04-28T22:48:15" classname="CompareAVAStrings/Alg1485CompareTest" />
    <testcase name="CompareAVAStrings/2" value_param="72-byte object &lt;50-75 9A-02 56-55 00-00 22-00 00-00 00-00 00-00 22-00 00-00 00-00 00-00 00-00 00-00 00-00 00-00 B0-75 9A-02 56-55 00-00 22-00 00-00 00-00 00-00 22-00 00-00 00-00 00-00 00-00 00-00 00-00 00-00 00-00 00-00 00-00 00-00&gt;" status="run" result="completed" time="0" timestamp="2021-04-28T22:48:15" classname="CompareAVAStrings/Alg1485CompareTest" />
    <testcase name="CompareAVAStrings/3" value_param="72-byte object &lt;B0-75 9A-02 56-55 00-00 23-00 00-00 00-00 00-00 23-00 00-00 00-00 00-00 00-00 00-00 00-00 00-00 F0-79 9A-02 56-55 00-00 23-00 00-00 00-00 00-00 23-00 00-00 00-00 00-00 00-00 00-00 00-00 00-00 FF-FF FF-FF 00-00 00-00&gt;" status="run" result="completed" time="0" timestamp="2021-04-28T22:48:15" classname="CompareAVAStrings/Alg1485CompareTest" />
    <testcase name="CompareAVAStrings/4" value_param="72-byte object &lt;C0-79 9A-02 56-55 00-00 22-00 00-00 00-00 00-00 22-00 00-00 00-00 00-00 00-00 00-00 00-00 00-00 10-7E 9A-02 56-55 00-00 22-00 00-00 00-00 00-00 22-00 00-00 00-00 00-00 00-00 00-00 00-00 00-00 FF-FF FF-FF 00-00 00-00&gt;" status="run" result="completed" time="0" timestamp="2021-04-28T22:48:15" classname="CompareAVAStrings/Alg1485CompareTest" />
  </testsuite>
</testsuites>
