<?xml version="1.0" encoding="UTF-8"?>
<testsuites tests="240" failures="0" disabled="0" errors="0" time="0.021" timestamp="2021-04-28T22:27:05" name="AllTests">
  <testsuite name="NISTTestVector/PRNGTest" tests="240" failures="0" disabled="0" errors="0" time="0.021" timestamp="2021-04-28T22:27:05">
    <testcase name="HashDRBG/0" value_param="168-byte object &lt;10-9A 5F-B7 93-55 00-00 30-9A 5F-B7 93-55 00-00 30-9A 5F-B7 93-55 00-00 40-9A 5F-B7 93-55 00-00 50-9A 5F-B7 93-55 00-00 50-9A 5F-B7 93-55 00-00 00-00 00-00 00-00 00-00 00-00 00-00 00-00 00-00 ... 10-9B 5F-B7 93-55 00-00 10-9B 5F-B7 93-55 00-00 00-00 00-00 00-00 00-00 00-00 00-00 00-00 00-00 00-00 00-00 00-00 00-00 20-9B 5F-B7 93-55 00-00 50-9B 5F-B7 93-55 00-00 50-9B 5F-B7 93-55 00-00&gt;" status="run" result="completed" time="0" timestamp="2021-04-28T22:27:05" classname="NISTTestVector/PRNGTest" />
    <testcase name="HashDRBG/1" value_param="168-byte object &lt;10-9A 5F-B7 93-55 00-00 30-9A 5F-B7 93-55 00-00 30-9A 5F-B7 93-55 00-00 40-9A 5F-B7 93-55 00-00 50-9A 5F-B7 93-55 00-00 50-9A 5F-B7 93-55 00-00 00-00 00-00 00-00 00-00 00-00 00-00 00-00 00-00 ... 10-9B 5F-B7 93-55 00-00 10-9B 5F-B7 93-55 00-00 00-00 00-00 00-00 00-00 00-00 00-00 00-00 00-00 00-00 00-00 00-00 00-00 20-9B 5F-B7 93-55 00-00 50-9B 5F-B7 93-55 00-00 50-9B 5F-B7 93-55 00-00&gt;" status="run" result="completed" time="0" timestamp="2021-04-28T22:27:05" classname="NISTTestVector/PRNGTest" />
    <testcase name="HashDRBG/2" value_param="168-byte object &lt;10-9A 5F-B7 93-55 00-00 30-9A 5F-B7 93-55 00-00 30-9A 5F-B7 93-55 00-00 40-9A 5F-B7 93-55 00-00 50-9A 5F-B7 93-55 00-00 50-9A 5F-B7 93-55 00-00 00-00 00-00 00-00 00-00 00-00 00-00 00-00 00-00 ... 10-9B 5F-B7 93-55 00-00 10-9B 5F-B7 93-55 00-00 00-00 00-00 00-00 00-00 00-00 00-00 00-00 00-00 00-00 00-00 00-00 00-00 20-9B 5F-B7 93-55 00-00 50-9B 5F-B7 93-55 00-00 50-9B 5F-B7 93-55 00-00&gt;" status="run" result="completed" time="0" timestamp="2021-04-28T22:27:05" classname="NISTTestVector/PRNGTest" />
    <testcase name="HashDRBG/3" value_param="168-byte object &lt;10-9A 5F-B7 93-55 00-00 30-9A 5F-B7 93-55 00-00 30-9A 5F-B7 93-55 00-00 40-9A 5F-B7 93-55 00-00 50-9A 5F-B7 93-55 00-00 50-9A 5F-B7 93-55 00-00 00-00 00-00 00-00 00-00 00-00 00-00 00-00 00-00 ... 10-9B 5F-B7 93-55 00-00 10-9B 5F-B7 93-55 00-00 00-00 00-00 00-00 00-00 00-00 00-00 00-00 00-00 00-00 00-00 00-00 00-00 20-9B 5F-B7 93-55 00-00 50-9B 5F-B7 93-55 00-00 50-9B 5F-B7 93-55 00-00&gt;" status="run" result="completed" time="0.001" timestamp="2021-04-28T22:27:05" classname="NISTTestVector/PRNGTest" />
    <testcase name="HashDRBG/4" value_param="168-byte object &lt;10-9A 5F-B7 93-55 00-00 30-9A 5F-B7 93-55 00-00 30-9A 5F-B7 93-55 00-00 40-9A 5F-B7 93-55 00-00 50-9A 5F-B7 93-55 00-00 50-9A 5F-B7 93-55 00-00 00-00 00-00 00-00 00-00 00-00 00-00 00-00 00-00 ... 10-9B 5F-B7 93-55 00-00 10-9B 5F-B7 93-55 00-00 00-00 00-00 00-00 00-00 00-00 00-00 00-00 00-00 00-00 00-00 00-00 00-00 20-9B 5F-B7 93-55 00-00 50-9B 5F-B7 93-55 00-00 50-9B 5F-B7 93-55 00-00&gt;" status="run" result="completed" time="0" timestamp="2021-04-28T22:27:05" classname="NISTTestVector/PRNGTest" />
    <testcase name="HashDRBG/5" value_param="168-byte object &lt;10-9A 5F-B7 93-55 00-00 30-9A 5F-B7 93-55 00-00 30-9A 5F-B7 93-55 00-00 40-9A 5F-B7 93-55 00-00 50-9A 5F-B7 93-55 00-00 50-9A 5F-B7 93-55 00-00 00-00 00-00 00-00 00-00 00-00 00-00 00-00 00-00 ... 10-9B 5F-B7 93-55 00-00 10-9B 5F-B7 93-55 00-00 00-00 00-00 00-00 00-00 00-00 00-00 00-00 00-00 00-00 00-00 00-00 00-00 20-9B 5F-B7 93-55 00-00 50-9B 5F-B7 93-55 00-00 50-9B 5F-B7 93-55 00-00&gt;" status="run" result="completed" time="0" timestamp="2021-04-28T22:27:05" classname="NISTTestVector/PRNGTest" />
    <testcase name="HashDRBG/6" value_param="168-byte object &lt;10-9A 5F-B7 93-55 00-00 30-9A 5F-B7 93-55 00-00 30-9A 5F-B7 93-55 00-00 40-9A 5F-B7 93-55 00-00 50-9A 5F-B7 93-55 00-00 50-9A 5F-B7 93-55 00-00 00-00 00-00 00-00 00-00 00-00 00-00 00-00 00-00 ... 10-9B 5F-B7 93-55 00-00 10-9B 5F-B7 93-55 00-00 00-00 00-00 00-00 00-00 00-00 00-00 00-00 00-00 00-00 00-00 00-00 00-00 20-9B 5F-B7 93-55 00-00 50-9B 5F-B7 93-55 00-00 50-9B 5F-B7 93-55 00-00&gt;" status="run" result="completed" time="0" timestamp="2021-04-28T22:27:05" classname="NISTTestVector/PRNGTest" />
    <testcase name="HashDRBG/7" value_param="168-byte object &lt;10-9A 5F-B7 93-55 00-00 30-9A 5F-B7 93-55 00-00 30-9A 5F-B7 93-55 00-00 40-9A 5F-B7 93-55 00-00 50-9A 5F-B7 93-55 00-00 50-9A 5F-B7 93-55 00-00 00-00 00-00 00-00 00-00 00-00 00-00 00-00 00-00 ... 10-9B 5F-B7 93-55 00-00 10-9B 5F-B7 93-55 00-00 00-00 00-00 00-00 00-00 00-00 00-00 00-00 00-00 00-00 00-00 00-00 00-00 20-9B 5F-B7 93-55 00-00 50-9B 5F-B7 93-55 00-00 50-9B 5F-B7 93-55 00-00&gt;" status="run" result="completed" time="0" timestamp="2021-04-28T22:27:05" classname="NISTTestVector/PRNGTest" />
    <testcase name="HashDRBG/8" value_param="168-byte object &lt;10-9A 5F-B7 93-55 00-00 30-9A 5F-B7 93-55 00-00 30-9A 5F-B7 93-55 00-00 40-9A 5F-B7 93-55 00-00 50-9A 5F-B7 93-55 00-00 50-9A 5F-B7 93-55 00-00 00-00 00-00 00-00 00-00 00-00 00-00 00-00 00-00 ... 10-9B 5F-B7 93-55 00-00 10-9B 5F-B7 93-55 00-00 00-00 00-00 00-00 00-00 00-00 00-00 00-00 00-00 00-00 00-00 00-00 00-00 20-9B 5F-B7 93-55 00-00 50-9B 5F-B7 93-55 00-00 50-9B 5F-B7 93-55 00-00&gt;" status="run" result="completed" time="0" timestamp="2021-04-28T22:27:05" classname="NISTTestVector/PRNGTest" />
    <testcase name="HashDRBG/9" value_param="168-byte object &lt;10-9A 5F-B7 93-55 00-00 30-9A 5F-B7 93-55 00-00 30-9A 5F-B7 93-55 00-00 40-9A 5F-B7 93-55 00-00 50-9A 5F-B7 93-55 00-00 50-9A 5F-B7 93-55 00-00 00-00 00-00 00-00 00-00 00-00 00-00 00-00 00-00 ... 10-9B 5F-B7 93-55 00-00 10-9B 5F-B7 93-55 00-00 00-00 00-00 00-00 00-00 00-00 00-00 00-00 00-00 00-00 00-00 00-00 00-00 20-9B 5F-B7 93-55 00-00 50-9B 5F-B7 93-55 00-00 50-9B 5F-B7 93-55 00-00&gt;" status="run" result="completed" time="0" timestamp="2021-04-28T22:27:05" classname="NISTTestVector/PRNGTest" />
    <testcase name="HashDRBG/10" value_param="168-byte object &lt;10-9A 5F-B7 93-55 00-00 30-9A 5F-B7 93-55 00-00 30-9A 5F-B7 93-55 00-00 40-9A 5F-B7 93-55 00-00 50-9A 5F-B7 93-55 00-00 50-9A 5F-B7 93-55 00-00 00-00 00-00 00-00 00-00 00-00 00-00 00-00 00-00 ... 10-9B 5F-B7 93-55 00-00 10-9B 5F-B7 93-55 00-00 00-00 00-00 00-00 00-00 00-00 00-00 00-00 00-00 00-00 00-00 00-00 00-00 20-9B 5F-B7 93-55 00-00 50-9B 5F-B7 93-55 00-00 50-9B 5F-B7 93-55 00-00&gt;" status="run" result="completed" time="0" timestamp="2021-04-28T22:27:05" classname="NISTTestVector/PRNGTest" />
    <testcase name="HashDRBG/11" value_param="168-byte object &lt;10-9A 5F-B7 93-55 00-00 30-9A 5F-B7 93-55 00-00 30-9A 5F-B7 93-55 00-00 40-9A 5F-B7 93-55 00-00 50-9A 5F-B7 93-55 00-00 50-9A 5F-B7 93-55 00-00 00-00 00-00 00-00 00-00 00-00 00-00 00-00 00-00 ... 10-9B 5F-B7 93-55 00-00 10-9B 5F-B7 93-55 00-00 00-00 00-00 00-00 00-00 00-00 00-00 00-00 00-00 00-00 00-00 00-00 00-00 20-9B 5F-B7 93-55 00-00 50-9B 5F-B7 93-55 00-00 50-9B 5F-B7 93-55 00-00&gt;" status="run" result="completed" time="0" timestamp="2021-04-28T22:27:05" classname="NISTTestVector/PRNGTest" />
    <testcase name="HashDRBG/12" value_param="168-byte object &lt;10-9A 5F-B7 93-55 00-00 30-9A 5F-B7 93-55 00-00 30-9A 5F-B7 93-55 00-00 40-9A 5F-B7 93-55 00-00 50-9A 5F-B7 93-55 00-00 50-9A 5F-B7 93-55 00-00 00-00 00-00 00-00 00-00 00-00 00-00 00-00 00-00 ... 10-9B 5F-B7 93-55 00-00 10-9B 5F-B7 93-55 00-00 00-00 00-00 00-00 00-00 00-00 00-00 00-00 00-00 00-00 00-00 00-00 00-00 20-9B 5F-B7 93-55 00-00 50-9B 5F-B7 93-55 00-00 50-9B 5F-B7 93-55 00-00&gt;" status="run" result="completed" time="0" timestamp="2021-04-28T22:27:05" classname="NISTTestVector/PRNGTest" />
    <testcase name="HashDRBG/13" value_param="168-byte object &lt;10-9A 5F-B7 93-55 00-00 30-9A 5F-B7 93-55 00-00 30-9A 5F-B7 93-55 00-00 40-9A 5F-B7 93-55 00-00 50-9A 5F-B7 93-55 00-00 50-9A 5F-B7 93-55 00-00 00-00 00-00 00-00 00-00 00-00 00-00 00-00 00-00 ... 10-9B 5F-B7 93-55 00-00 10-9B 5F-B7 93-55 00-00 00-00 00-00 00-00 00-00 00-00 00-00 00-00 00-00 00-00 00-00 00-00 00-00 20-9B 5F-B7 93-55 00-00 50-9B 5F-B7 93-55 00-00 50-9B 5F-B7 93-55 00-00&gt;" status="run" result="completed" time="0" timestamp="2021-04-28T22:27:05" classname="NISTTestVector/PRNGTest" />
    <testcase name="HashDRBG/14" value_param="168-byte object &lt;10-9A 5F-B7 93-55 00-00 30-9A 5F-B7 93-55 00-00 30-9A 5F-B7 93-55 00-00 40-9A 5F-B7 93-55 00-00 50-9A 5F-B7 93-55 00-00 50-9A 5F-B7 93-55 00-00 00-00 00-00 00-00 00-00 00-00 00-00 00-00 00-00 ... 10-9B 5F-B7 93-55 00-00 10-9B 5F-B7 93-55 00-00 00-00 00-00 00-00 00-00 00-00 00-00 00-00 00-00 00-00 00-00 00-00 00-00 20-9B 5F-B7 93-55 00-00 50-9B 5F-B7 93-55 00-00 50-9B 5F-B7 93-55 00-00&gt;" status="run" result="completed" time="0" timestamp="2021-04-28T22:27:05" classname="NISTTestVector/PRNGTest" />
    <testcase name="HashDRBG/15" value_param="168-byte object &lt;10-9A 5F-B7 93-55 00-00 30-9A 5F-B7 93-55 00-00 30-9A 5F-B7 93-55 00-00 40-9A 5F-B7 93-55 00-00 50-9A 5F-B7 93-55 00-00 50-9A 5F-B7 93-55 00-00 00-00 00-00 00-00 00-00 00-00 00-00 00-00 00-00 ... 10-9B 5F-B7 93-55 00-00 10-9B 5F-B7 93-55 00-00 60-9B 5F-B7 93-55 00-00 80-9B 5F-B7 93-55 00-00 80-9B 5F-B7 93-55 00-00 20-9B 5F-B7 93-55 00-00 50-9B 5F-B7 93-55 00-00 50-9B 5F-B7 93-55 00-00&gt;" status="run" result="completed" time="0" timestamp="2021-04-28T22:27:05" classname="NISTTestVector/PRNGTest" />
    <testcase name="HashDRBG/16" value_param="168-byte object &lt;D0-F8 5F-B7 93-55 00-00 F0-F8 5F-B7 93-55 00-00 F0-F8 5F-B7 93-55 00-00 40-9A 5F-B7 93-55 00-00 50-9A 5F-B7 93-55 00-00 50-9A 5F-B7 93-55 00-00 00-00 00-00 00-00 00-00 00-00 00-00 00-00 00-00 ... 20-F9 5F-B7 93-55 00-00 20-F9 5F-B7 93-55 00-00 30-F9 5F-B7 93-55 00-00 50-F9 5F-B7 93-55 00-00 50-F9 5F-B7 93-55 00-00 20-9B 5F-B7 93-55 00-00 50-9B 5F-B7 93-55 00-00 50-9B 5F-B7 93-55 00-00&gt;" status="run" result="completed" time="0" timestamp="2021-04-28T22:27:05" classname="NISTTestVector/PRNGTest" />
    <testcase name="HashDRBG/17" value_param="168-byte object &lt;A0-F8 5F-B7 93-55 00-00 C0-F8 5F-B7 93-55 00-00 C0-F8 5F-B7 93-55 00-00 40-9A 5F-B7 93-55 00-00 50-9A 5F-B7 93-55 00-00 50-9A 5F-B7 93-55 00-00 00-00 00-00 00-00 00-00 00-00 00-00 00-00 00-00 ... 60-9E 5F-B7 93-55 00-00 60-9E 5F-B7 93-55 00-00 40-9C 5F-B7 93-55 00-00 60-9C 5F-B7 93-55 00-00 60-9C 5F-B7 93-55 00-00 20-9B 5F-B7 93-55 00-00 50-9B 5F-B7 93-55 00-00 50-9B 5F-B7 93-55 00-00&gt;" status="run" result="completed" time="0" timestamp="2021-04-28T22:27:05" classname="NISTTestVector/PRNGTest" />
    <testcase name="HashDRBG/18" value_param="168-byte object &lt;70-F8 5F-B7 93-55 00-00 90-F8 5F-B7 93-55 00-00 90-F8 5F-B7 93-55 00-00 40-9A 5F-B7 93-55 00-00 50-9A 5F-B7 93-55 00-00 50-9A 5F-B7 93-55 00-00 00-00 00-00 00-00 00-00 00-00 00-00 00-00 00-00 ... 30-FA 5F-B7 93-55 00-00 30-FA 5F-B7 93-55 00-00 B0-F9 5F-B7 93-55 00-00 D0-F9 5F-B7 93-55 00-00 D0-F9 5F-B7 93-55 00-00 20-9B 5F-B7 93-55 00-00 50-9B 5F-B7 93-55 00-00 50-9B 5F-B7 93-55 00-00&gt;" status="run" result="completed" time="0.001" timestamp="2021-04-28T22:27:05" classname="NISTTestVector/PRNGTest" />
    <testcase name="HashDRBG/19" value_param="168-byte object &lt;10-9A 5F-B7 93-55 00-00 30-9A 5F-B7 93-55 00-00 30-9A 5F-B7 93-55 00-00 40-9A 5F-B7 93-55 00-00 50-9A 5F-B7 93-55 00-00 50-9A 5F-B7 93-55 00-00 00-00 00-00 00-00 00-00 00-00 00-00 00-00 00-00 ... 90-FA 5F-B7 93-55 00-00 90-FA 5F-B7 93-55 00-00 60-9B 5F-B7 93-55 00-00 80-9B 5F-B7 93-55 00-00 80-9B 5F-B7 93-55 00-00 20-9B 5F-B7 93-55 00-00 50-9B 5F-B7 93-55 00-00 50-9B 5F-B7 93-55 00-00&gt;" status="run" result="completed" time="0" timestamp="2021-04-28T22:27:05" classname="NISTTestVector/PRNGTest" />
    <testcase name="HashDRBG/20" value_param="168-byte object &lt;D0-F8 5F-B7 93-55 00-00 F0-F8 5F-B7 93-55 00-00 F0-F8 5F-B7 93-55 00-00 40-9A 5F-B7 93-55 00-00 50-9A 5F-B7 93-55 00-00 50-9A 5F-B7 93-55 00-00 00-00 00-00 00-00 00-00 00-00 00-00 00-00 00-00 ... D0-00 60-B7 93-55 00-00 D0-00 60-B7 93-55 00-00 30-F9 5F-B7 93-55 00-00 50-F9 5F-B7 93-55 00-00 50-F9 5F-B7 93-55 00-00 20-9B 5F-B7 93-55 00-00 50-9B 5F-B7 93-55 00-00 50-9B 5F-B7 93-55 00-00&gt;" status="run" result="completed" time="0" timestamp="2021-04-28T22:27:05" classname="NISTTestVector/PRNGTest" />
    <testcase name="HashDRBG/21" value_param="168-byte object &lt;A0-F8 5F-B7 93-55 00-00 C0-F8 5F-B7 93-55 00-00 C0-F8 5F-B7 93-55 00-00 40-9A 5F-B7 93-55 00-00 50-9A 5F-B7 93-55 00-00 50-9A 5F-B7 93-55 00-00 00-00 00-00 00-00 00-00 00-00 00-00 00-00 00-00 ... D0-07 60-B7 93-55 00-00 D0-07 60-B7 93-55 00-00 40-9C 5F-B7 93-55 00-00 60-9C 5F-B7 93-55 00-00 60-9C 5F-B7 93-55 00-00 20-9B 5F-B7 93-55 00-00 50-9B 5F-B7 93-55 00-00 50-9B 5F-B7 93-55 00-00&gt;" status="run" result="completed" time="0" timestamp="2021-04-28T22:27:05" classname="NISTTestVector/PRNGTest" />
    <testcase name="HashDRBG/22" value_param="168-byte object &lt;70-F8 5F-B7 93-55 00-00 90-F8 5F-B7 93-55 00-00 90-F8 5F-B7 93-55 00-00 40-9A 5F-B7 93-55 00-00 50-9A 5F-B7 93-55 00-00 50-9A 5F-B7 93-55 00-00 00-00 00-00 00-00 00-00 00-00 00-00 00-00 00-00 ... 10-0E 60-B7 93-55 00-00 10-0E 60-B7 93-55 00-00 B0-F9 5F-B7 93-55 00-00 D0-F9 5F-B7 93-55 00-00 D0-F9 5F-B7 93-55 00-00 20-9B 5F-B7 93-55 00-00 50-9B 5F-B7 93-55 00-00 50-9B 5F-B7 93-55 00-00&gt;" status="run" result="completed" time="0" timestamp="2021-04-28T22:27:05" classname="NISTTestVector/PRNGTest" />
    <testcase name="HashDRBG/23" value_param="168-byte object &lt;10-9A 5F-B7 93-55 00-00 30-9A 5F-B7 93-55 00-00 30-9A 5F-B7 93-55 00-00 40-9A 5F-B7 93-55 00-00 50-9A 5F-B7 93-55 00-00 50-9A 5F-B7 93-55 00-00 00-00 00-00 00-00 00-00 00-00 00-00 00-00 00-00 ... 50-14 60-B7 93-55 00-00 50-14 60-B7 93-55 00-00 60-9B 5F-B7 93-55 00-00 80-9B 5F-B7 93-55 00-00 80-9B 5F-B7 93-55 00-00 20-9B 5F-B7 93-55 00-00 50-9B 5F-B7 93-55 00-00 50-9B 5F-B7 93-55 00-00&gt;" status="run" result="completed" time="0" timestamp="2021-04-28T22:27:05" classname="NISTTestVector/PRNGTest" />
    <testcase name="HashDRBG/24" value_param="168-byte object &lt;D0-F8 5F-B7 93-55 00-00 F0-F8 5F-B7 93-55 00-00 F0-F8 5F-B7 93-55 00-00 40-9A 5F-B7 93-55 00-00 50-9A 5F-B7 93-55 00-00 50-9A 5F-B7 93-55 00-00 00-00 00-00 00-00 00-00 00-00 00-00 00-00 00-00 ... 90-1A 60-B7 93-55 00-00 90-1A 60-B7 93-55 00-00 30-F9 5F-B7 93-55 00-00 50-F9 5F-B7 93-55 00-00 50-F9 5F-B7 93-55 00-00 20-9B 5F-B7 93-55 00-00 50-9B 5F-B7 93-55 00-00 50-9B 5F-B7 93-55 00-00&gt;" status="run" result="completed" time="0" timestamp="2021-04-28T22:27:05" classname="NISTTestVector/PRNGTest" />
    <testcase name="HashDRBG/25" value_param="168-byte object &lt;A0-F8 5F-B7 93-55 00-00 C0-F8 5F-B7 93-55 00-00 C0-F8 5F-B7 93-55 00-00 40-9A 5F-B7 93-55 00-00 50-9A 5F-B7 93-55 00-00 50-9A 5F-B7 93-55 00-00 00-00 00-00 00-00 00-00 00-00 00-00 00-00 00-00 ... D0-20 60-B7 93-55 00-00 D0-20 60-B7 93-55 00-00 40-9C 5F-B7 93-55 00-00 60-9C 5F-B7 93-55 00-00 60-9C 5F-B7 93-55 00-00 20-9B 5F-B7 93-55 00-00 50-9B 5F-B7 93-55 00-00 50-9B 5F-B7 93-55 00-00&gt;" status="run" result="completed" time="0" timestamp="2021-04-28T22:27:05" classname="NISTTestVector/PRNGTest" />
    <testcase name="HashDRBG/26" value_param="168-byte object &lt;70-F8 5F-B7 93-55 00-00 90-F8 5F-B7 93-55 00-00 90-F8 5F-B7 93-55 00-00 40-9A 5F-B7 93-55 00-00 50-9A 5F-B7 93-55 00-00 50-9A 5F-B7 93-55 00-00 00-00 00-00 00-00 00-00 00-00 00-00 00-00 00-00 ... 10-27 60-B7 93-55 00-00 10-27 60-B7 93-55 00-00 B0-F9 5F-B7 93-55 00-00 D0-F9 5F-B7 93-55 00-00 D0-F9 5F-B7 93-55 00-00 20-9B 5F-B7 93-55 00-00 50-9B 5F-B7 93-55 00-00 50-9B 5F-B7 93-55 00-00&gt;" status="run" result="completed" time="0" timestamp="2021-04-28T22:27:05" classname="NISTTestVector/PRNGTest" />
    <testcase name="HashDRBG/27" value_param="168-byte object &lt;10-9A 5F-B7 93-55 00-00 30-9A 5F-B7 93-55 00-00 30-9A 5F-B7 93-55 00-00 40-9A 5F-B7 93-55 00-00 50-9A 5F-B7 93-55 00-00 50-9A 5F-B7 93-55 00-00 00-00 00-00 00-00 00-00 00-00 00-00 00-00 00-00 ... 50-2D 60-B7 93-55 00-00 50-2D 60-B7 93-55 00-00 60-9B 5F-B7 93-55 00-00 80-9B 5F-B7 93-55 00-00 80-9B 5F-B7 93-55 00-00 20-9B 5F-B7 93-55 00-00 50-9B 5F-B7 93-55 00-00 50-9B 5F-B7 93-55 00-00&gt;" status="run" result="completed" time="0" timestamp="2021-04-28T22:27:05" classname="NISTTestVector/PRNGTest" />
    <testcase name="HashDRBG/28" value_param="168-byte object &lt;D0-F8 5F-B7 93-55 00-00 F0-F8 5F-B7 93-55 00-00 F0-F8 5F-B7 93-55 00-00 40-9A 5F-B7 93-55 00-00 50-9A 5F-B7 93-55 00-00 50-9A 5F-B7 93-55 00-00 00-00 00-00 00-00 00-00 00-00 00-00 00-00 00-00 ... 90-33 60-B7 93-55 00-00 90-33 60-B7 93-55 00-00 30-F9 5F-B7 93-55 00-00 50-F9 5F-B7 93-55 00-00 50-F9 5F-B7 93-55 00-00 20-9B 5F-B7 93-55 00-00 50-9B 5F-B7 93-55 00-00 50-9B 5F-B7 93-55 00-00&gt;" status="run" result="completed" time="0" timestamp="2021-04-28T22:27:05" classname="NISTTestVector/PRNGTest" />
    <testcase name="HashDRBG/29" value_param="168-byte object &lt;A0-F8 5F-B7 93-55 00-00 C0-F8 5F-B7 93-55 00-00 C0-F8 5F-B7 93-55 00-00 40-9A 5F-B7 93-55 00-00 50-9A 5F-B7 93-55 00-00 50-9A 5F-B7 93-55 00-00 00-00 00-00 00-00 00-00 00-00 00-00 00-00 00-00 ... D0-39 60-B7 93-55 00-00 D0-39 60-B7 93-55 00-00 40-9C 5F-B7 93-55 00-00 60-9C 5F-B7 93-55 00-00 60-9C 5F-B7 93-55 00-00 20-9B 5F-B7 93-55 00-00 50-9B 5F-B7 93-55 00-00 50-9B 5F-B7 93-55 00-00&gt;" status="run" result="completed" time="0" timestamp="2021-04-28T22:27:05" classname="NISTTestVector/PRNGTest" />
    <testcase name="HashDRBG/30" value_param="168-byte object &lt;70-F8 5F-B7 93-55 00-00 90-F8 5F-B7 93-55 00-00 90-F8 5F-B7 93-55 00-00 40-9A 5F-B7 93-55 00-00 50-9A 5F-B7 93-55 00-00 50-9A 5F-B7 93-55 00-00 F0-3F 60-B7 93-55 00-00 10-40 60-B7 93-55 00-00 ... D0-F9 5F-B7 93-55 00-00 D0-F9 5F-B7 93-55 00-00 00-00 00-00 00-00 00-00 00-00 00-00 00-00 00-00 00-00 00-00 00-00 00-00 20-9B 5F-B7 93-55 00-00 50-9B 5F-B7 93-55 00-00 50-9B 5F-B7 93-55 00-00&gt;" status="run" result="completed" time="0" timestamp="2021-04-28T22:27:05" classname="NISTTestVector/PRNGTest" />
    <testcase name="HashDRBG/31" value_param="168-byte object &lt;30-F9 5F-B7 93-55 00-00 50-F9 5F-B7 93-55 00-00 50-F9 5F-B7 93-55 00-00 40-9A 5F-B7 93-55 00-00 50-9A 5F-B7 93-55 00-00 50-9A 5F-B7 93-55 00-00 70-4C 60-B7 93-55 00-00 90-4C 60-B7 93-55 00-00 ... D0-52 60-B7 93-55 00-00 D0-52 60-B7 93-55 00-00 00-00 00-00 00-00 00-00 00-00 00-00 00-00 00-00 00-00 00-00 00-00 00-00 20-9B 5F-B7 93-55 00-00 50-9B 5F-B7 93-55 00-00 50-9B 5F-B7 93-55 00-00&gt;" status="run" result="completed" time="0" timestamp="2021-04-28T22:27:05" classname="NISTTestVector/PRNGTest" />
    <testcase name="HashDRBG/32" value_param="168-byte object &lt;70-4C 60-B7 93-55 00-00 90-4C 60-B7 93-55 00-00 90-4C 60-B7 93-55 00-00 40-9A 5F-B7 93-55 00-00 50-9A 5F-B7 93-55 00-00 50-9A 5F-B7 93-55 00-00 B0-52 60-B7 93-55 00-00 D0-52 60-B7 93-55 00-00 ... 60-FA 5F-B7 93-55 00-00 60-FA 5F-B7 93-55 00-00 00-00 00-00 00-00 00-00 00-00 00-00 00-00 00-00 00-00 00-00 00-00 00-00 20-9B 5F-B7 93-55 00-00 50-9B 5F-B7 93-55 00-00 50-9B 5F-B7 93-55 00-00&gt;" status="run" result="completed" time="0.001" timestamp="2021-04-28T22:27:05" classname="NISTTestVector/PRNGTest" />
    <testcase name="HashDRBG/33" value_param="168-byte object &lt;B0-52 60-B7 93-55 00-00 D0-52 60-B7 93-55 00-00 D0-52 60-B7 93-55 00-00 40-9A 5F-B7 93-55 00-00 50-9A 5F-B7 93-55 00-00 50-9A 5F-B7 93-55 00-00 40-FA 5F-B7 93-55 00-00 60-FA 5F-B7 93-55 00-00 ... 30-9A 5F-B7 93-55 00-00 30-9A 5F-B7 93-55 00-00 00-00 00-00 00-00 00-00 00-00 00-00 00-00 00-00 00-00 00-00 00-00 00-00 20-9B 5F-B7 93-55 00-00 50-9B 5F-B7 93-55 00-00 50-9B 5F-B7 93-55 00-00&gt;" status="run" result="completed" time="0" timestamp="2021-04-28T22:27:05" classname="NISTTestVector/PRNGTest" />
    <testcase name="HashDRBG/34" value_param="168-byte object &lt;40-FA 5F-B7 93-55 00-00 60-FA 5F-B7 93-55 00-00 60-FA 5F-B7 93-55 00-00 40-9A 5F-B7 93-55 00-00 50-9A 5F-B7 93-55 00-00 50-9A 5F-B7 93-55 00-00 10-9A 5F-B7 93-55 00-00 30-9A 5F-B7 93-55 00-00 ... 60-9C 5F-B7 93-55 00-00 60-9C 5F-B7 93-55 00-00 00-00 00-00 00-00 00-00 00-00 00-00 00-00 00-00 00-00 00-00 00-00 00-00 20-9B 5F-B7 93-55 00-00 50-9B 5F-B7 93-55 00-00 50-9B 5F-B7 93-55 00-00&gt;" status="run" result="completed" time="0" timestamp="2021-04-28T22:27:05" classname="NISTTestVector/PRNGTest" />
    <testcase name="HashDRBG/35" value_param="168-byte object &lt;10-9A 5F-B7 93-55 00-00 30-9A 5F-B7 93-55 00-00 30-9A 5F-B7 93-55 00-00 40-9A 5F-B7 93-55 00-00 50-9A 5F-B7 93-55 00-00 50-9A 5F-B7 93-55 00-00 40-9C 5F-B7 93-55 00-00 60-9C 5F-B7 93-55 00-00 ... D0-39 60-B7 93-55 00-00 D0-39 60-B7 93-55 00-00 00-00 00-00 00-00 00-00 00-00 00-00 00-00 00-00 00-00 00-00 00-00 00-00 20-9B 5F-B7 93-55 00-00 50-9B 5F-B7 93-55 00-00 50-9B 5F-B7 93-55 00-00&gt;" status="run" result="completed" time="0" timestamp="2021-04-28T22:27:05" classname="NISTTestVector/PRNGTest" />
    <testcase name="HashDRBG/36" value_param="168-byte object &lt;40-9C 5F-B7 93-55 00-00 60-9C 5F-B7 93-55 00-00 60-9C 5F-B7 93-55 00-00 40-9A 5F-B7 93-55 00-00 50-9A 5F-B7 93-55 00-00 50-9A 5F-B7 93-55 00-00 B0-39 60-B7 93-55 00-00 D0-39 60-B7 93-55 00-00 ... D0-F9 5F-B7 93-55 00-00 D0-F9 5F-B7 93-55 00-00 00-00 00-00 00-00 00-00 00-00 00-00 00-00 00-00 00-00 00-00 00-00 00-00 20-9B 5F-B7 93-55 00-00 50-9B 5F-B7 93-55 00-00 50-9B 5F-B7 93-55 00-00&gt;" status="run" result="completed" time="0" timestamp="2021-04-28T22:27:05" classname="NISTTestVector/PRNGTest" />
    <testcase name="HashDRBG/37" value_param="168-byte object &lt;B0-39 60-B7 93-55 00-00 D0-39 60-B7 93-55 00-00 D0-39 60-B7 93-55 00-00 40-9A 5F-B7 93-55 00-00 50-9A 5F-B7 93-55 00-00 50-9A 5F-B7 93-55 00-00 B0-F9 5F-B7 93-55 00-00 D0-F9 5F-B7 93-55 00-00 ... B0-63 60-B7 93-55 00-00 B0-63 60-B7 93-55 00-00 00-00 00-00 00-00 00-00 00-00 00-00 00-00 00-00 00-00 00-00 00-00 00-00 20-9B 5F-B7 93-55 00-00 50-9B 5F-B7 93-55 00-00 50-9B 5F-B7 93-55 00-00&gt;" status="run" result="completed" time="0" timestamp="2021-04-28T22:27:05" classname="NISTTestVector/PRNGTest" />
    <testcase name="HashDRBG/38" value_param="168-byte object &lt;B0-F9 5F-B7 93-55 00-00 D0-F9 5F-B7 93-55 00-00 D0-F9 5F-B7 93-55 00-00 40-9A 5F-B7 93-55 00-00 50-9A 5F-B7 93-55 00-00 50-9A 5F-B7 93-55 00-00 90-63 60-B7 93-55 00-00 B0-63 60-B7 93-55 00-00 ... 90-69 60-B7 93-55 00-00 90-69 60-B7 93-55 00-00 00-00 00-00 00-00 00-00 00-00 00-00 00-00 00-00 00-00 00-00 00-00 00-00 20-9B 5F-B7 93-55 00-00 50-9B 5F-B7 93-55 00-00 50-9B 5F-B7 93-55 00-00&gt;" status="run" result="completed" time="0" timestamp="2021-04-28T22:27:05" classname="NISTTestVector/PRNGTest" />
    <testcase name="HashDRBG/39" value_param="168-byte object &lt;90-63 60-B7 93-55 00-00 B0-63 60-B7 93-55 00-00 B0-63 60-B7 93-55 00-00 40-9A 5F-B7 93-55 00-00 50-9A 5F-B7 93-55 00-00 50-9A 5F-B7 93-55 00-00 70-69 60-B7 93-55 00-00 90-69 60-B7 93-55 00-00 ... F0-70 60-B7 93-55 00-00 F0-70 60-B7 93-55 00-00 00-00 00-00 00-00 00-00 00-00 00-00 00-00 00-00 00-00 00-00 00-00 00-00 20-9B 5F-B7 93-55 00-00 50-9B 5F-B7 93-55 00-00 50-9B 5F-B7 93-55 00-00&gt;" status="run" result="completed" time="0" timestamp="2021-04-28T22:27:05" classname="NISTTestVector/PRNGTest" />
    <testcase name="HashDRBG/40" value_param="168-byte object &lt;70-69 60-B7 93-55 00-00 90-69 60-B7 93-55 00-00 90-69 60-B7 93-55 00-00 40-9A 5F-B7 93-55 00-00 50-9A 5F-B7 93-55 00-00 50-9A 5F-B7 93-55 00-00 D0-70 60-B7 93-55 00-00 F0-70 60-B7 93-55 00-00 ... D0-76 60-B7 93-55 00-00 D0-76 60-B7 93-55 00-00 00-00 00-00 00-00 00-00 00-00 00-00 00-00 00-00 00-00 00-00 00-00 00-00 20-9B 5F-B7 93-55 00-00 50-9B 5F-B7 93-55 00-00 50-9B 5F-B7 93-55 00-00&gt;" status="run" result="completed" time="0" timestamp="2021-04-28T22:27:05" classname="NISTTestVector/PRNGTest" />
    <testcase name="HashDRBG/41" value_param="168-byte object &lt;D0-70 60-B7 93-55 00-00 F0-70 60-B7 93-55 00-00 F0-70 60-B7 93-55 00-00 40-9A 5F-B7 93-55 00-00 50-9A 5F-B7 93-55 00-00 50-9A 5F-B7 93-55 00-00 B0-76 60-B7 93-55 00-00 D0-76 60-B7 93-55 00-00 ... B0-7C 60-B7 93-55 00-00 B0-7C 60-B7 93-55 00-00 00-00 00-00 00-00 00-00 00-00 00-00 00-00 00-00 00-00 00-00 00-00 00-00 20-9B 5F-B7 93-55 00-00 50-9B 5F-B7 93-55 00-00 50-9B 5F-B7 93-55 00-00&gt;" status="run" result="completed" time="0" timestamp="2021-04-28T22:27:05" classname="NISTTestVector/PRNGTest" />
    <testcase name="HashDRBG/42" value_param="168-byte object &lt;B0-76 60-B7 93-55 00-00 D0-76 60-B7 93-55 00-00 D0-76 60-B7 93-55 00-00 40-9A 5F-B7 93-55 00-00 50-9A 5F-B7 93-55 00-00 50-9A 5F-B7 93-55 00-00 90-7C 60-B7 93-55 00-00 B0-7C 60-B7 93-55 00-00 ... 90-82 60-B7 93-55 00-00 90-82 60-B7 93-55 00-00 00-00 00-00 00-00 00-00 00-00 00-00 00-00 00-00 00-00 00-00 00-00 00-00 20-9B 5F-B7 93-55 00-00 50-9B 5F-B7 93-55 00-00 50-9B 5F-B7 93-55 00-00&gt;" status="run" result="completed" time="0" timestamp="2021-04-28T22:27:05" classname="NISTTestVector/PRNGTest" />
    <testcase name="HashDRBG/43" value_param="168-byte object &lt;90-7C 60-B7 93-55 00-00 B0-7C 60-B7 93-55 00-00 B0-7C 60-B7 93-55 00-00 40-9A 5F-B7 93-55 00-00 50-9A 5F-B7 93-55 00-00 50-9A 5F-B7 93-55 00-00 70-82 60-B7 93-55 00-00 90-82 60-B7 93-55 00-00 ... 70-88 60-B7 93-55 00-00 70-88 60-B7 93-55 00-00 00-00 00-00 00-00 00-00 00-00 00-00 00-00 00-00 00-00 00-00 00-00 00-00 20-9B 5F-B7 93-55 00-00 50-9B 5F-B7 93-55 00-00 50-9B 5F-B7 93-55 00-00&gt;" status="run" result="completed" time="0" timestamp="2021-04-28T22:27:05" classname="NISTTestVector/PRNGTest" />
    <testcase name="HashDRBG/44" value_param="168-byte object &lt;70-82 60-B7 93-55 00-00 90-82 60-B7 93-55 00-00 90-82 60-B7 93-55 00-00 40-9A 5F-B7 93-55 00-00 50-9A 5F-B7 93-55 00-00 50-9A 5F-B7 93-55 00-00 50-88 60-B7 93-55 00-00 70-88 60-B7 93-55 00-00 ... 50-8E 60-B7 93-55 00-00 50-8E 60-B7 93-55 00-00 00-00 00-00 00-00 00-00 00-00 00-00 00-00 00-00 00-00 00-00 00-00 00-00 20-9B 5F-B7 93-55 00-00 50-9B 5F-B7 93-55 00-00 50-9B 5F-B7 93-55 00-00&gt;" status="run" result="completed" time="0" timestamp="2021-04-28T22:27:05" classname="NISTTestVector/PRNGTest" />
    <testcase name="HashDRBG/45" value_param="168-byte object &lt;50-88 60-B7 93-55 00-00 70-88 60-B7 93-55 00-00 70-88 60-B7 93-55 00-00 40-9A 5F-B7 93-55 00-00 50-9A 5F-B7 93-55 00-00 50-9A 5F-B7 93-55 00-00 30-8E 60-B7 93-55 00-00 50-8E 60-B7 93-55 00-00 ... 30-94 60-B7 93-55 00-00 30-94 60-B7 93-55 00-00 F0-99 60-B7 93-55 00-00 10-9A 60-B7 93-55 00-00 10-9A 60-B7 93-55 00-00 20-9B 5F-B7 93-55 00-00 50-9B 5F-B7 93-55 00-00 50-9B 5F-B7 93-55 00-00&gt;" status="run" result="completed" time="0" timestamp="2021-04-28T22:27:05" classname="NISTTestVector/PRNGTest" />
    <testcase name="HashDRBG/46" value_param="168-byte object &lt;80-B1 60-B7 93-55 00-00 A0-B1 60-B7 93-55 00-00 A0-B1 60-B7 93-55 00-00 40-9A 5F-B7 93-55 00-00 50-9A 5F-B7 93-55 00-00 50-9A 5F-B7 93-55 00-00 B0-B1 60-B7 93-55 00-00 D0-B1 60-B7 93-55 00-00 ... 50-B2 60-B7 93-55 00-00 50-B2 60-B7 93-55 00-00 90-B2 60-B7 93-55 00-00 B0-B2 60-B7 93-55 00-00 B0-B2 60-B7 93-55 00-00 20-9B 5F-B7 93-55 00-00 50-9B 5F-B7 93-55 00-00 50-9B 5F-B7 93-55 00-00&gt;" status="run" result="completed" time="0" timestamp="2021-04-28T22:27:05" classname="NISTTestVector/PRNGTest" />
    <testcase name="HashDRBG/47" value_param="168-byte object &lt;10-94 60-B7 93-55 00-00 30-94 60-B7 93-55 00-00 30-94 60-B7 93-55 00-00 40-9A 5F-B7 93-55 00-00 50-9A 5F-B7 93-55 00-00 50-9A 5F-B7 93-55 00-00 F0-99 60-B7 93-55 00-00 10-9A 60-B7 93-55 00-00 ... 50-8E 60-B7 93-55 00-00 50-8E 60-B7 93-55 00-00 50-B1 60-B7 93-55 00-00 70-B1 60-B7 93-55 00-00 70-B1 60-B7 93-55 00-00 20-9B 5F-B7 93-55 00-00 50-9B 5F-B7 93-55 00-00 50-9B 5F-B7 93-55 00-00&gt;" status="run" result="completed" time="0" timestamp="2021-04-28T22:27:05" classname="NISTTestVector/PRNGTest" />
    <testcase name="HashDRBG/48" value_param="168-byte object &lt;30-B2 60-B7 93-55 00-00 50-B2 60-B7 93-55 00-00 50-B2 60-B7 93-55 00-00 40-9A 5F-B7 93-55 00-00 50-9A 5F-B7 93-55 00-00 50-9A 5F-B7 93-55 00-00 90-B2 60-B7 93-55 00-00 B0-B2 60-B7 93-55 00-00 ... D0-B1 60-B7 93-55 00-00 D0-B1 60-B7 93-55 00-00 D0-9F 60-B7 93-55 00-00 F0-9F 60-B7 93-55 00-00 F0-9F 60-B7 93-55 00-00 20-9B 5F-B7 93-55 00-00 50-9B 5F-B7 93-55 00-00 50-9B 5F-B7 93-55 00-00&gt;" status="run" result="completed" time="0" timestamp="2021-04-28T22:27:05" classname="NISTTestVector/PRNGTest" />
    <testcase name="HashDRBG/49" value_param="168-byte object &lt;30-8E 60-B7 93-55 00-00 50-8E 60-B7 93-55 00-00 50-8E 60-B7 93-55 00-00 40-9A 5F-B7 93-55 00-00 50-9A 5F-B7 93-55 00-00 50-9A 5F-B7 93-55 00-00 50-B1 60-B7 93-55 00-00 70-B1 60-B7 93-55 00-00 ... 10-9A 60-B7 93-55 00-00 10-9A 60-B7 93-55 00-00 C0-B2 60-B7 93-55 00-00 E0-B2 60-B7 93-55 00-00 E0-B2 60-B7 93-55 00-00 20-9B 5F-B7 93-55 00-00 50-9B 5F-B7 93-55 00-00 50-9B 5F-B7 93-55 00-00&gt;" status="run" result="completed" time="0" timestamp="2021-04-28T22:27:05" classname="NISTTestVector/PRNGTest" />
    <testcase name="HashDRBG/50" value_param="168-byte object &lt;B0-B1 60-B7 93-55 00-00 D0-B1 60-B7 93-55 00-00 D0-B1 60-B7 93-55 00-00 40-9A 5F-B7 93-55 00-00 50-9A 5F-B7 93-55 00-00 50-9A 5F-B7 93-55 00-00 D0-9F 60-B7 93-55 00-00 F0-9F 60-B7 93-55 00-00 ... B0-B2 60-B7 93-55 00-00 B0-B2 60-B7 93-55 00-00 20-B1 60-B7 93-55 00-00 40-B1 60-B7 93-55 00-00 40-B1 60-B7 93-55 00-00 20-9B 5F-B7 93-55 00-00 50-9B 5F-B7 93-55 00-00 50-9B 5F-B7 93-55 00-00&gt;" status="run" result="completed" time="0" timestamp="2021-04-28T22:27:05" classname="NISTTestVector/PRNGTest" />
    <testcase name="HashDRBG/51" value_param="168-byte object &lt;F0-99 60-B7 93-55 00-00 10-9A 60-B7 93-55 00-00 10-9A 60-B7 93-55 00-00 40-9A 5F-B7 93-55 00-00 50-9A 5F-B7 93-55 00-00 50-9A 5F-B7 93-55 00-00 C0-B2 60-B7 93-55 00-00 E0-B2 60-B7 93-55 00-00 ... 70-B1 60-B7 93-55 00-00 70-B1 60-B7 93-55 00-00 B0-A5 60-B7 93-55 00-00 D0-A5 60-B7 93-55 00-00 D0-A5 60-B7 93-55 00-00 20-9B 5F-B7 93-55 00-00 50-9B 5F-B7 93-55 00-00 50-9B 5F-B7 93-55 00-00&gt;" status="run" result="completed" time="0" timestamp="2021-04-28T22:27:05" classname="NISTTestVector/PRNGTest" />
    <testcase name="HashDRBG/52" value_param="168-byte object &lt;90-B2 60-B7 93-55 00-00 B0-B2 60-B7 93-55 00-00 B0-B2 60-B7 93-55 00-00 40-9A 5F-B7 93-55 00-00 50-9A 5F-B7 93-55 00-00 50-9A 5F-B7 93-55 00-00 20-B1 60-B7 93-55 00-00 40-B1 60-B7 93-55 00-00 ... F0-9F 60-B7 93-55 00-00 F0-9F 60-B7 93-55 00-00 20-B3 60-B7 93-55 00-00 40-B3 60-B7 93-55 00-00 40-B3 60-B7 93-55 00-00 20-9B 5F-B7 93-55 00-00 50-9B 5F-B7 93-55 00-00 50-9B 5F-B7 93-55 00-00&gt;" status="run" result="completed" time="0" timestamp="2021-04-28T22:27:05" classname="NISTTestVector/PRNGTest" />
    <testcase name="HashDRBG/53" value_param="168-byte object &lt;50-B1 60-B7 93-55 00-00 70-B1 60-B7 93-55 00-00 70-B1 60-B7 93-55 00-00 40-9A 5F-B7 93-55 00-00 50-9A 5F-B7 93-55 00-00 50-9A 5F-B7 93-55 00-00 B0-A5 60-B7 93-55 00-00 D0-A5 60-B7 93-55 00-00 ... E0-B2 60-B7 93-55 00-00 E0-B2 60-B7 93-55 00-00 90-B9 60-B7 93-55 00-00 B0-B9 60-B7 93-55 00-00 B0-B9 60-B7 93-55 00-00 20-9B 5F-B7 93-55 00-00 50-9B 5F-B7 93-55 00-00 50-9B 5F-B7 93-55 00-00&gt;" status="run" result="completed" time="0" timestamp="2021-04-28T22:27:05" classname="NISTTestVector/PRNGTest" />
    <testcase name="HashDRBG/54" value_param="168-byte object &lt;D0-9F 60-B7 93-55 00-00 F0-9F 60-B7 93-55 00-00 F0-9F 60-B7 93-55 00-00 40-9A 5F-B7 93-55 00-00 50-9A 5F-B7 93-55 00-00 50-9A 5F-B7 93-55 00-00 20-B3 60-B7 93-55 00-00 40-B3 60-B7 93-55 00-00 ... 40-B1 60-B7 93-55 00-00 40-B1 60-B7 93-55 00-00 00-C0 60-B7 93-55 00-00 20-C0 60-B7 93-55 00-00 20-C0 60-B7 93-55 00-00 20-9B 5F-B7 93-55 00-00 50-9B 5F-B7 93-55 00-00 50-9B 5F-B7 93-55 00-00&gt;" status="run" result="completed" time="0" timestamp="2021-04-28T22:27:05" classname="NISTTestVector/PRNGTest" />
    <testcase name="HashDRBG/55" value_param="168-byte object &lt;C0-B2 60-B7 93-55 00-00 E0-B2 60-B7 93-55 00-00 E0-B2 60-B7 93-55 00-00 40-9A 5F-B7 93-55 00-00 50-9A 5F-B7 93-55 00-00 50-9A 5F-B7 93-55 00-00 90-B9 60-B7 93-55 00-00 B0-B9 60-B7 93-55 00-00 ... D0-A5 60-B7 93-55 00-00 D0-A5 60-B7 93-55 00-00 70-C6 60-B7 93-55 00-00 90-C6 60-B7 93-55 00-00 90-C6 60-B7 93-55 00-00 20-9B 5F-B7 93-55 00-00 50-9B 5F-B7 93-55 00-00 50-9B 5F-B7 93-55 00-00&gt;" status="run" result="completed" time="0" timestamp="2021-04-28T22:27:05" classname="NISTTestVector/PRNGTest" />
    <testcase name="HashDRBG/56" value_param="168-byte object &lt;20-B1 60-B7 93-55 00-00 40-B1 60-B7 93-55 00-00 40-B1 60-B7 93-55 00-00 40-9A 5F-B7 93-55 00-00 50-9A 5F-B7 93-55 00-00 50-9A 5F-B7 93-55 00-00 00-C0 60-B7 93-55 00-00 20-C0 60-B7 93-55 00-00 ... 40-B3 60-B7 93-55 00-00 40-B3 60-B7 93-55 00-00 E0-CC 60-B7 93-55 00-00 00-CD 60-B7 93-55 00-00 00-CD 60-B7 93-55 00-00 20-9B 5F-B7 93-55 00-00 50-9B 5F-B7 93-55 00-00 50-9B 5F-B7 93-55 00-00&gt;" status="run" result="completed" time="0" timestamp="2021-04-28T22:27:05" classname="NISTTestVector/PRNGTest" />
    <testcase name="HashDRBG/57" value_param="168-byte object &lt;B0-A5 60-B7 93-55 00-00 D0-A5 60-B7 93-55 00-00 D0-A5 60-B7 93-55 00-00 40-9A 5F-B7 93-55 00-00 50-9A 5F-B7 93-55 00-00 50-9A 5F-B7 93-55 00-00 70-C6 60-B7 93-55 00-00 90-C6 60-B7 93-55 00-00 ... B0-B9 60-B7 93-55 00-00 B0-B9 60-B7 93-55 00-00 50-D3 60-B7 93-55 00-00 70-D3 60-B7 93-55 00-00 70-D3 60-B7 93-55 00-00 20-9B 5F-B7 93-55 00-00 50-9B 5F-B7 93-55 00-00 50-9B 5F-B7 93-55 00-00&gt;" status="run" result="completed" time="0" timestamp="2021-04-28T22:27:05" classname="NISTTestVector/PRNGTest" />
    <testcase name="HashDRBG/58" value_param="168-byte object &lt;20-B3 60-B7 93-55 00-00 40-B3 60-B7 93-55 00-00 40-B3 60-B7 93-55 00-00 40-9A 5F-B7 93-55 00-00 50-9A 5F-B7 93-55 00-00 50-9A 5F-B7 93-55 00-00 E0-CC 60-B7 93-55 00-00 00-CD 60-B7 93-55 00-00 ... 20-C0 60-B7 93-55 00-00 20-C0 60-B7 93-55 00-00 C0-D9 60-B7 93-55 00-00 E0-D9 60-B7 93-55 00-00 E0-D9 60-B7 93-55 00-00 20-9B 5F-B7 93-55 00-00 50-9B 5F-B7 93-55 00-00 50-9B 5F-B7 93-55 00-00&gt;" status="run" result="completed" time="0" timestamp="2021-04-28T22:27:05" classname="NISTTestVector/PRNGTest" />
    <testcase name="HashDRBG/59" value_param="168-byte object &lt;90-B9 60-B7 93-55 00-00 B0-B9 60-B7 93-55 00-00 B0-B9 60-B7 93-55 00-00 40-9A 5F-B7 93-55 00-00 50-9A 5F-B7 93-55 00-00 50-9A 5F-B7 93-55 00-00 50-D3 60-B7 93-55 00-00 70-D3 60-B7 93-55 00-00 ... 90-C6 60-B7 93-55 00-00 90-C6 60-B7 93-55 00-00 30-E0 60-B7 93-55 00-00 50-E0 60-B7 93-55 00-00 50-E0 60-B7 93-55 00-00 20-9B 5F-B7 93-55 00-00 50-9B 5F-B7 93-55 00-00 50-9B 5F-B7 93-55 00-00&gt;" status="run" result="completed" time="0" timestamp="2021-04-28T22:27:05" classname="NISTTestVector/PRNGTest" />
    <testcase name="HashDRBG/60" value_param="168-byte object &lt;00-C0 60-B7 93-55 00-00 20-C0 60-B7 93-55 00-00 20-C0 60-B7 93-55 00-00 40-9A 5F-B7 93-55 00-00 50-9A 5F-B7 93-55 00-00 50-9A 5F-B7 93-55 00-00 00-00 00-00 00-00 00-00 00-00 00-00 00-00 00-00 ... E0-D9 60-B7 93-55 00-00 E0-D9 60-B7 93-55 00-00 00-00 00-00 00-00 00-00 00-00 00-00 00-00 00-00 00-00 00-00 00-00 00-00 20-9B 5F-B7 93-55 00-00 50-9B 5F-B7 93-55 00-00 50-9B 5F-B7 93-55 00-00&gt;" status="run" result="completed" time="0.001" timestamp="2021-04-28T22:27:05" classname="NISTTestVector/PRNGTest" />
    <testcase name="HashDRBG/61" value_param="168-byte object &lt;A0-E6 60-B7 93-55 00-00 C0-E6 60-B7 93-55 00-00 C0-E6 60-B7 93-55 00-00 40-9A 5F-B7 93-55 00-00 50-9A 5F-B7 93-55 00-00 50-9A 5F-B7 93-55 00-00 00-00 00-00 00-00 00-00 00-00 00-00 00-00 00-00 ... 90-82 60-B7 93-55 00-00 90-82 60-B7 93-55 00-00 00-00 00-00 00-00 00-00 00-00 00-00 00-00 00-00 00-00 00-00 00-00 00-00 20-9B 5F-B7 93-55 00-00 50-9B 5F-B7 93-55 00-00 50-9B 5F-B7 93-55 00-00&gt;" status="run" result="completed" time="0" timestamp="2021-04-28T22:27:05" classname="NISTTestVector/PRNGTest" />
    <testcase name="HashDRBG/62" value_param="168-byte object &lt;D0-06 61-B7 93-55 00-00 F0-06 61-B7 93-55 00-00 F0-06 61-B7 93-55 00-00 40-9A 5F-B7 93-55 00-00 50-9A 5F-B7 93-55 00-00 50-9A 5F-B7 93-55 00-00 00-00 00-00 00-00 00-00 00-00 00-00 00-00 00-00 ... 90-C6 60-B7 93-55 00-00 90-C6 60-B7 93-55 00-00 00-00 00-00 00-00 00-00 00-00 00-00 00-00 00-00 00-00 00-00 00-00 00-00 20-9B 5F-B7 93-55 00-00 50-9B 5F-B7 93-55 00-00 50-9B 5F-B7 93-55 00-00&gt;" status="run" result="completed" time="0" timestamp="2021-04-28T22:27:05" classname="NISTTestVector/PRNGTest" />
    <testcase name="HashDRBG/63" value_param="168-byte object &lt;70-C6 60-B7 93-55 00-00 90-C6 60-B7 93-55 00-00 90-C6 60-B7 93-55 00-00 40-9A 5F-B7 93-55 00-00 50-9A 5F-B7 93-55 00-00 50-9A 5F-B7 93-55 00-00 00-00 00-00 00-00 00-00 00-00 00-00 00-00 00-00 ... 80-00 61-B7 93-55 00-00 80-00 61-B7 93-55 00-00 00-00 00-00 00-00 00-00 00-00 00-00 00-00 00-00 00-00 00-00 00-00 00-00 20-9B 5F-B7 93-55 00-00 50-9B 5F-B7 93-55 00-00 50-9B 5F-B7 93-55 00-00&gt;" status="run" result="completed" time="0" timestamp="2021-04-28T22:27:05" classname="NISTTestVector/PRNGTest" />
    <testcase name="HashDRBG/64" value_param="168-byte object &lt;70-C6 60-B7 93-55 00-00 90-C6 60-B7 93-55 00-00 90-C6 60-B7 93-55 00-00 40-9A 5F-B7 93-55 00-00 50-9A 5F-B7 93-55 00-00 50-9A 5F-B7 93-55 00-00 00-00 00-00 00-00 00-00 00-00 00-00 00-00 00-00 ... 80-00 61-B7 93-55 00-00 80-00 61-B7 93-55 00-00 00-00 00-00 00-00 00-00 00-00 00-00 00-00 00-00 00-00 00-00 00-00 00-00 20-9B 5F-B7 93-55 00-00 50-9B 5F-B7 93-55 00-00 50-9B 5F-B7 93-55 00-00&gt;" status="run" result="completed" time="0" timestamp="2021-04-28T22:27:05" classname="NISTTestVector/PRNGTest" />
    <testcase name="HashDRBG/65" value_param="168-byte object &lt;70-C6 60-B7 93-55 00-00 90-C6 60-B7 93-55 00-00 90-C6 60-B7 93-55 00-00 40-9A 5F-B7 93-55 00-00 50-9A 5F-B7 93-55 00-00 50-9A 5F-B7 93-55 00-00 00-00 00-00 00-00 00-00 00-00 00-00 00-00 00-00 ... 80-00 61-B7 93-55 00-00 80-00 61-B7 93-55 00-00 00-00 00-00 00-00 00-00 00-00 00-00 00-00 00-00 00-00 00-00 00-00 00-00 20-9B 5F-B7 93-55 00-00 50-9B 5F-B7 93-55 00-00 50-9B 5F-B7 93-55 00-00&gt;" status="run" result="completed" time="0" timestamp="2021-04-28T22:27:05" classname="NISTTestVector/PRNGTest" />
    <testcase name="HashDRBG/66" value_param="168-byte object &lt;70-C6 60-B7 93-55 00-00 90-C6 60-B7 93-55 00-00 90-C6 60-B7 93-55 00-00 40-9A 5F-B7 93-55 00-00 50-9A 5F-B7 93-55 00-00 50-9A 5F-B7 93-55 00-00 00-00 00-00 00-00 00-00 00-00 00-00 00-00 00-00 ... 80-00 61-B7 93-55 00-00 80-00 61-B7 93-55 00-00 00-00 00-00 00-00 00-00 00-00 00-00 00-00 00-00 00-00 00-00 00-00 00-00 20-9B 5F-B7 93-55 00-00 50-9B 5F-B7 93-55 00-00 50-9B 5F-B7 93-55 00-00&gt;" status="run" result="completed" time="0" timestamp="2021-04-28T22:27:05" classname="NISTTestVector/PRNGTest" />
    <testcase name="HashDRBG/67" value_param="168-byte object &lt;70-C6 60-B7 93-55 00-00 90-C6 60-B7 93-55 00-00 90-C6 60-B7 93-55 00-00 40-9A 5F-B7 93-55 00-00 50-9A 5F-B7 93-55 00-00 50-9A 5F-B7 93-55 00-00 00-00 00-00 00-00 00-00 00-00 00-00 00-00 00-00 ... 80-00 61-B7 93-55 00-00 80-00 61-B7 93-55 00-00 00-00 00-00 00-00 00-00 00-00 00-00 00-00 00-00 00-00 00-00 00-00 00-00 20-9B 5F-B7 93-55 00-00 50-9B 5F-B7 93-55 00-00 50-9B 5F-B7 93-55 00-00&gt;" status="run" result="completed" time="0" timestamp="2021-04-28T22:27:05" classname="NISTTestVector/PRNGTest" />
    <testcase name="HashDRBG/68" value_param="168-byte object &lt;70-C6 60-B7 93-55 00-00 90-C6 60-B7 93-55 00-00 90-C6 60-B7 93-55 00-00 40-9A 5F-B7 93-55 00-00 50-9A 5F-B7 93-55 00-00 50-9A 5F-B7 93-55 00-00 00-00 00-00 00-00 00-00 00-00 00-00 00-00 00-00 ... 80-00 61-B7 93-55 00-00 80-00 61-B7 93-55 00-00 00-00 00-00 00-00 00-00 00-00 00-00 00-00 00-00 00-00 00-00 00-00 00-00 20-9B 5F-B7 93-55 00-00 50-9B 5F-B7 93-55 00-00 50-9B 5F-B7 93-55 00-00&gt;" status="run" result="completed" time="0" timestamp="2021-04-28T22:27:05" classname="NISTTestVector/PRNGTest" />
    <testcase name="HashDRBG/69" value_param="168-byte object &lt;70-C6 60-B7 93-55 00-00 90-C6 60-B7 93-55 00-00 90-C6 60-B7 93-55 00-00 40-9A 5F-B7 93-55 00-00 50-9A 5F-B7 93-55 00-00 50-9A 5F-B7 93-55 00-00 00-00 00-00 00-00 00-00 00-00 00-00 00-00 00-00 ... 80-00 61-B7 93-55 00-00 80-00 61-B7 93-55 00-00 00-00 00-00 00-00 00-00 00-00 00-00 00-00 00-00 00-00 00-00 00-00 00-00 20-9B 5F-B7 93-55 00-00 50-9B 5F-B7 93-55 00-00 50-9B 5F-B7 93-55 00-00&gt;" status="run" result="completed" time="0" timestamp="2021-04-28T22:27:05" classname="NISTTestVector/PRNGTest" />
    <testcase name="HashDRBG/70" value_param="168-byte object &lt;70-C6 60-B7 93-55 00-00 90-C6 60-B7 93-55 00-00 90-C6 60-B7 93-55 00-00 40-9A 5F-B7 93-55 00-00 50-9A 5F-B7 93-55 00-00 50-9A 5F-B7 93-55 00-00 00-00 00-00 00-00 00-00 00-00 00-00 00-00 00-00 ... 80-00 61-B7 93-55 00-00 80-00 61-B7 93-55 00-00 00-00 00-00 00-00 00-00 00-00 00-00 00-00 00-00 00-00 00-00 00-00 00-00 20-9B 5F-B7 93-55 00-00 50-9B 5F-B7 93-55 00-00 50-9B 5F-B7 93-55 00-00&gt;" status="run" result="completed" time="0" timestamp="2021-04-28T22:27:05" classname="NISTTestVector/PRNGTest" />
    <testcase name="HashDRBG/71" value_param="168-byte object &lt;70-C6 60-B7 93-55 00-00 90-C6 60-B7 93-55 00-00 90-C6 60-B7 93-55 00-00 40-9A 5F-B7 93-55 00-00 50-9A 5F-B7 93-55 00-00 50-9A 5F-B7 93-55 00-00 00-00 00-00 00-00 00-00 00-00 00-00 00-00 00-00 ... 80-00 61-B7 93-55 00-00 80-00 61-B7 93-55 00-00 00-00 00-00 00-00 00-00 00-00 00-00 00-00 00-00 00-00 00-00 00-00 00-00 20-9B 5F-B7 93-55 00-00 50-9B 5F-B7 93-55 00-00 50-9B 5F-B7 93-55 00-00&gt;" status="run" result="completed" time="0" timestamp="2021-04-28T22:27:05" classname="NISTTestVector/PRNGTest" />
    <testcase name="HashDRBG/72" value_param="168-byte object &lt;70-C6 60-B7 93-55 00-00 90-C6 60-B7 93-55 00-00 90-C6 60-B7 93-55 00-00 40-9A 5F-B7 93-55 00-00 50-9A 5F-B7 93-55 00-00 50-9A 5F-B7 93-55 00-00 00-00 00-00 00-00 00-00 00-00 00-00 00-00 00-00 ... 80-00 61-B7 93-55 00-00 80-00 61-B7 93-55 00-00 00-00 00-00 00-00 00-00 00-00 00-00 00-00 00-00 00-00 00-00 00-00 00-00 20-9B 5F-B7 93-55 00-00 50-9B 5F-B7 93-55 00-00 50-9B 5F-B7 93-55 00-00&gt;" status="run" result="completed" time="0" timestamp="2021-04-28T22:27:05" classname="NISTTestVector/PRNGTest" />
    <testcase name="HashDRBG/73" value_param="168-byte object &lt;70-C6 60-B7 93-55 00-00 90-C6 60-B7 93-55 00-00 90-C6 60-B7 93-55 00-00 40-9A 5F-B7 93-55 00-00 50-9A 5F-B7 93-55 00-00 50-9A 5F-B7 93-55 00-00 00-00 00-00 00-00 00-00 00-00 00-00 00-00 00-00 ... 80-00 61-B7 93-55 00-00 80-00 61-B7 93-55 00-00 00-00 00-00 00-00 00-00 00-00 00-00 00-00 00-00 00-00 00-00 00-00 00-00 20-9B 5F-B7 93-55 00-00 50-9B 5F-B7 93-55 00-00 50-9B 5F-B7 93-55 00-00&gt;" status="run" result="completed" time="0" timestamp="2021-04-28T22:27:05" classname="NISTTestVector/PRNGTest" />
    <testcase name="HashDRBG/74" value_param="168-byte object &lt;70-C6 60-B7 93-55 00-00 90-C6 60-B7 93-55 00-00 90-C6 60-B7 93-55 00-00 40-9A 5F-B7 93-55 00-00 50-9A 5F-B7 93-55 00-00 50-9A 5F-B7 93-55 00-00 00-00 00-00 00-00 00-00 00-00 00-00 00-00 00-00 ... 80-00 61-B7 93-55 00-00 80-00 61-B7 93-55 00-00 00-00 00-00 00-00 00-00 00-00 00-00 00-00 00-00 00-00 00-00 00-00 00-00 20-9B 5F-B7 93-55 00-00 50-9B 5F-B7 93-55 00-00 50-9B 5F-B7 93-55 00-00&gt;" status="run" result="completed" time="0" timestamp="2021-04-28T22:27:05" classname="NISTTestVector/PRNGTest" />
    <testcase name="HashDRBG/75" value_param="168-byte object &lt;70-C6 60-B7 93-55 00-00 90-C6 60-B7 93-55 00-00 90-C6 60-B7 93-55 00-00 40-9A 5F-B7 93-55 00-00 50-9A 5F-B7 93-55 00-00 50-9A 5F-B7 93-55 00-00 00-00 00-00 00-00 00-00 00-00 00-00 00-00 00-00 ... 80-00 61-B7 93-55 00-00 80-00 61-B7 93-55 00-00 40-0D 61-B7 93-55 00-00 60-0D 61-B7 93-55 00-00 60-0D 61-B7 93-55 00-00 20-9B 5F-B7 93-55 00-00 50-9B 5F-B7 93-55 00-00 50-9B 5F-B7 93-55 00-00&gt;" status="run" result="completed" time="0" timestamp="2021-04-28T22:27:05" classname="NISTTestVector/PRNGTest" />
    <testcase name="HashDRBG/76" value_param="168-byte object &lt;E0-6A 61-B7 93-55 00-00 00-6B 61-B7 93-55 00-00 00-6B 61-B7 93-55 00-00 40-9A 5F-B7 93-55 00-00 50-9A 5F-B7 93-55 00-00 50-9A 5F-B7 93-55 00-00 00-00 00-00 00-00 00-00 00-00 00-00 00-00 00-00 ... 30-6B 61-B7 93-55 00-00 30-6B 61-B7 93-55 00-00 40-6B 61-B7 93-55 00-00 60-6B 61-B7 93-55 00-00 60-6B 61-B7 93-55 00-00 20-9B 5F-B7 93-55 00-00 50-9B 5F-B7 93-55 00-00 50-9B 5F-B7 93-55 00-00&gt;" status="run" result="completed" time="0" timestamp="2021-04-28T22:27:05" classname="NISTTestVector/PRNGTest" />
    <testcase name="HashDRBG/77" value_param="168-byte object &lt;B0-6A 61-B7 93-55 00-00 D0-6A 61-B7 93-55 00-00 D0-6A 61-B7 93-55 00-00 40-9A 5F-B7 93-55 00-00 50-9A 5F-B7 93-55 00-00 50-9A 5F-B7 93-55 00-00 00-00 00-00 00-00 00-00 00-00 00-00 00-00 00-00 ... 50-E0 60-B7 93-55 00-00 50-E0 60-B7 93-55 00-00 F0-F9 60-B7 93-55 00-00 10-FA 60-B7 93-55 00-00 10-FA 60-B7 93-55 00-00 20-9B 5F-B7 93-55 00-00 50-9B 5F-B7 93-55 00-00 50-9B 5F-B7 93-55 00-00&gt;" status="run" result="completed" time="0" timestamp="2021-04-28T22:27:05" classname="NISTTestVector/PRNGTest" />
    <testcase name="HashDRBG/78" value_param="168-byte object &lt;80-6A 61-B7 93-55 00-00 A0-6A 61-B7 93-55 00-00 A0-6A 61-B7 93-55 00-00 40-9A 5F-B7 93-55 00-00 50-9A 5F-B7 93-55 00-00 50-9A 5F-B7 93-55 00-00 00-00 00-00 00-00 00-00 00-00 00-00 00-00 00-00 ... 40-6C 61-B7 93-55 00-00 40-6C 61-B7 93-55 00-00 C0-6B 61-B7 93-55 00-00 E0-6B 61-B7 93-55 00-00 E0-6B 61-B7 93-55 00-00 20-9B 5F-B7 93-55 00-00 50-9B 5F-B7 93-55 00-00 50-9B 5F-B7 93-55 00-00&gt;" status="run" result="completed" time="0" timestamp="2021-04-28T22:27:05" classname="NISTTestVector/PRNGTest" />
    <testcase name="HashDRBG/79" value_param="168-byte object &lt;70-C6 60-B7 93-55 00-00 90-C6 60-B7 93-55 00-00 90-C6 60-B7 93-55 00-00 40-9A 5F-B7 93-55 00-00 50-9A 5F-B7 93-55 00-00 50-9A 5F-B7 93-55 00-00 00-00 00-00 00-00 00-00 00-00 00-00 00-00 00-00 ... A0-6C 61-B7 93-55 00-00 A0-6C 61-B7 93-55 00-00 40-0D 61-B7 93-55 00-00 60-0D 61-B7 93-55 00-00 60-0D 61-B7 93-55 00-00 20-9B 5F-B7 93-55 00-00 50-9B 5F-B7 93-55 00-00 50-9B 5F-B7 93-55 00-00&gt;" status="run" result="completed" time="0" timestamp="2021-04-28T22:27:05" classname="NISTTestVector/PRNGTest" />
    <testcase name="HashDRBG/80" value_param="168-byte object &lt;E0-6A 61-B7 93-55 00-00 00-6B 61-B7 93-55 00-00 00-6B 61-B7 93-55 00-00 40-9A 5F-B7 93-55 00-00 50-9A 5F-B7 93-55 00-00 50-9A 5F-B7 93-55 00-00 00-00 00-00 00-00 00-00 00-00 00-00 00-00 00-00 ... E0-72 61-B7 93-55 00-00 E0-72 61-B7 93-55 00-00 40-6B 61-B7 93-55 00-00 60-6B 61-B7 93-55 00-00 60-6B 61-B7 93-55 00-00 20-9B 5F-B7 93-55 00-00 50-9B 5F-B7 93-55 00-00 50-9B 5F-B7 93-55 00-00&gt;" status="run" result="completed" time="0" timestamp="2021-04-28T22:27:05" classname="NISTTestVector/PRNGTest" />
    <testcase name="HashDRBG/81" value_param="168-byte object &lt;B0-6A 61-B7 93-55 00-00 D0-6A 61-B7 93-55 00-00 D0-6A 61-B7 93-55 00-00 40-9A 5F-B7 93-55 00-00 50-9A 5F-B7 93-55 00-00 50-9A 5F-B7 93-55 00-00 00-00 00-00 00-00 00-00 00-00 00-00 00-00 00-00 ... 20-79 61-B7 93-55 00-00 20-79 61-B7 93-55 00-00 F0-F9 60-B7 93-55 00-00 10-FA 60-B7 93-55 00-00 10-FA 60-B7 93-55 00-00 20-9B 5F-B7 93-55 00-00 50-9B 5F-B7 93-55 00-00 50-9B 5F-B7 93-55 00-00&gt;" status="run" result="completed" time="0" timestamp="2021-04-28T22:27:05" classname="NISTTestVector/PRNGTest" />
    <testcase name="HashDRBG/82" value_param="168-byte object &lt;80-6A 61-B7 93-55 00-00 A0-6A 61-B7 93-55 00-00 A0-6A 61-B7 93-55 00-00 40-9A 5F-B7 93-55 00-00 50-9A 5F-B7 93-55 00-00 50-9A 5F-B7 93-55 00-00 00-00 00-00 00-00 00-00 00-00 00-00 00-00 00-00 ... 60-7F 61-B7 93-55 00-00 60-7F 61-B7 93-55 00-00 C0-6B 61-B7 93-55 00-00 E0-6B 61-B7 93-55 00-00 E0-6B 61-B7 93-55 00-00 20-9B 5F-B7 93-55 00-00 50-9B 5F-B7 93-55 00-00 50-9B 5F-B7 93-55 00-00&gt;" status="run" result="completed" time="0" timestamp="2021-04-28T22:27:05" classname="NISTTestVector/PRNGTest" />
    <testcase name="HashDRBG/83" value_param="168-byte object &lt;70-C6 60-B7 93-55 00-00 90-C6 60-B7 93-55 00-00 90-C6 60-B7 93-55 00-00 40-9A 5F-B7 93-55 00-00 50-9A 5F-B7 93-55 00-00 50-9A 5F-B7 93-55 00-00 00-00 00-00 00-00 00-00 00-00 00-00 00-00 00-00 ... A0-85 61-B7 93-55 00-00 A0-85 61-B7 93-55 00-00 40-0D 61-B7 93-55 00-00 60-0D 61-B7 93-55 00-00 60-0D 61-B7 93-55 00-00 20-9B 5F-B7 93-55 00-00 50-9B 5F-B7 93-55 00-00 50-9B 5F-B7 93-55 00-00&gt;" status="run" result="completed" time="0" timestamp="2021-04-28T22:27:05" classname="NISTTestVector/PRNGTest" />
    <testcase name="HashDRBG/84" value_param="168-byte object &lt;E0-6A 61-B7 93-55 00-00 00-6B 61-B7 93-55 00-00 00-6B 61-B7 93-55 00-00 40-9A 5F-B7 93-55 00-00 50-9A 5F-B7 93-55 00-00 50-9A 5F-B7 93-55 00-00 00-00 00-00 00-00 00-00 00-00 00-00 00-00 00-00 ... E0-8B 61-B7 93-55 00-00 E0-8B 61-B7 93-55 00-00 40-6B 61-B7 93-55 00-00 60-6B 61-B7 93-55 00-00 60-6B 61-B7 93-55 00-00 20-9B 5F-B7 93-55 00-00 50-9B 5F-B7 93-55 00-00 50-9B 5F-B7 93-55 00-00&gt;" status="run" result="completed" time="0" timestamp="2021-04-28T22:27:05" classname="NISTTestVector/PRNGTest" />
    <testcase name="HashDRBG/85" value_param="168-byte object &lt;B0-6A 61-B7 93-55 00-00 D0-6A 61-B7 93-55 00-00 D0-6A 61-B7 93-55 00-00 40-9A 5F-B7 93-55 00-00 50-9A 5F-B7 93-55 00-00 50-9A 5F-B7 93-55 00-00 00-00 00-00 00-00 00-00 00-00 00-00 00-00 00-00 ... 20-92 61-B7 93-55 00-00 20-92 61-B7 93-55 00-00 F0-F9 60-B7 93-55 00-00 10-FA 60-B7 93-55 00-00 10-FA 60-B7 93-55 00-00 20-9B 5F-B7 93-55 00-00 50-9B 5F-B7 93-55 00-00 50-9B 5F-B7 93-55 00-00&gt;" status="run" result="completed" time="0" timestamp="2021-04-28T22:27:05" classname="NISTTestVector/PRNGTest" />
    <testcase name="HashDRBG/86" value_param="168-byte object &lt;80-6A 61-B7 93-55 00-00 A0-6A 61-B7 93-55 00-00 A0-6A 61-B7 93-55 00-00 40-9A 5F-B7 93-55 00-00 50-9A 5F-B7 93-55 00-00 50-9A 5F-B7 93-55 00-00 00-00 00-00 00-00 00-00 00-00 00-00 00-00 00-00 ... 60-98 61-B7 93-55 00-00 60-98 61-B7 93-55 00-00 C0-6B 61-B7 93-55 00-00 E0-6B 61-B7 93-55 00-00 E0-6B 61-B7 93-55 00-00 20-9B 5F-B7 93-55 00-00 50-9B 5F-B7 93-55 00-00 50-9B 5F-B7 93-55 00-00&gt;" status="run" result="completed" time="0" timestamp="2021-04-28T22:27:05" classname="NISTTestVector/PRNGTest" />
    <testcase name="HashDRBG/87" value_param="168-byte object &lt;70-C6 60-B7 93-55 00-00 90-C6 60-B7 93-55 00-00 90-C6 60-B7 93-55 00-00 40-9A 5F-B7 93-55 00-00 50-9A 5F-B7 93-55 00-00 50-9A 5F-B7 93-55 00-00 00-00 00-00 00-00 00-00 00-00 00-00 00-00 00-00 ... A0-9E 61-B7 93-55 00-00 A0-9E 61-B7 93-55 00-00 40-0D 61-B7 93-55 00-00 60-0D 61-B7 93-55 00-00 60-0D 61-B7 93-55 00-00 20-9B 5F-B7 93-55 00-00 50-9B 5F-B7 93-55 00-00 50-9B 5F-B7 93-55 00-00&gt;" status="run" result="completed" time="0" timestamp="2021-04-28T22:27:05" classname="NISTTestVector/PRNGTest" />
    <testcase name="HashDRBG/88" value_param="168-byte object &lt;E0-6A 61-B7 93-55 00-00 00-6B 61-B7 93-55 00-00 00-6B 61-B7 93-55 00-00 40-9A 5F-B7 93-55 00-00 50-9A 5F-B7 93-55 00-00 50-9A 5F-B7 93-55 00-00 00-00 00-00 00-00 00-00 00-00 00-00 00-00 00-00 ... E0-A4 61-B7 93-55 00-00 E0-A4 61-B7 93-55 00-00 40-6B 61-B7 93-55 00-00 60-6B 61-B7 93-55 00-00 60-6B 61-B7 93-55 00-00 20-9B 5F-B7 93-55 00-00 50-9B 5F-B7 93-55 00-00 50-9B 5F-B7 93-55 00-00&gt;" status="run" result="completed" time="0" timestamp="2021-04-28T22:27:05" classname="NISTTestVector/PRNGTest" />
    <testcase name="HashDRBG/89" value_param="168-byte object &lt;B0-6A 61-B7 93-55 00-00 D0-6A 61-B7 93-55 00-00 D0-6A 61-B7 93-55 00-00 40-9A 5F-B7 93-55 00-00 50-9A 5F-B7 93-55 00-00 50-9A 5F-B7 93-55 00-00 00-00 00-00 00-00 00-00 00-00 00-00 00-00 00-00 ... 20-AB 61-B7 93-55 00-00 20-AB 61-B7 93-55 00-00 F0-F9 60-B7 93-55 00-00 10-FA 60-B7 93-55 00-00 10-FA 60-B7 93-55 00-00 20-9B 5F-B7 93-55 00-00 50-9B 5F-B7 93-55 00-00 50-9B 5F-B7 93-55 00-00&gt;" status="run" result="completed" time="0.001" timestamp="2021-04-28T22:27:05" classname="NISTTestVector/PRNGTest" />
    <testcase name="HashDRBG/90" value_param="168-byte object &lt;80-6A 61-B7 93-55 00-00 A0-6A 61-B7 93-55 00-00 A0-6A 61-B7 93-55 00-00 40-9A 5F-B7 93-55 00-00 50-9A 5F-B7 93-55 00-00 50-9A 5F-B7 93-55 00-00 40-B1 61-B7 93-55 00-00 60-B1 61-B7 93-55 00-00 ... E0-6B 61-B7 93-55 00-00 E0-6B 61-B7 93-55 00-00 00-00 00-00 00-00 00-00 00-00 00-00 00-00 00-00 00-00 00-00 00-00 00-00 20-9B 5F-B7 93-55 00-00 50-9B 5F-B7 93-55 00-00 50-9B 5F-B7 93-55 00-00&gt;" status="run" result="completed" time="0" timestamp="2021-04-28T22:27:05" classname="NISTTestVector/PRNGTest" />
    <testcase name="HashDRBG/91" value_param="168-byte object &lt;40-6B 61-B7 93-55 00-00 60-6B 61-B7 93-55 00-00 60-6B 61-B7 93-55 00-00 40-9A 5F-B7 93-55 00-00 50-9A 5F-B7 93-55 00-00 50-9A 5F-B7 93-55 00-00 C0-BD 61-B7 93-55 00-00 E0-BD 61-B7 93-55 00-00 ... 20-C4 61-B7 93-55 00-00 20-C4 61-B7 93-55 00-00 00-00 00-00 00-00 00-00 00-00 00-00 00-00 00-00 00-00 00-00 00-00 00-00 20-9B 5F-B7 93-55 00-00 50-9B 5F-B7 93-55 00-00 50-9B 5F-B7 93-55 00-00&gt;" status="run" result="completed" time="0" timestamp="2021-04-28T22:27:05" classname="NISTTestVector/PRNGTest" />
    <testcase name="HashDRBG/92" value_param="168-byte object &lt;C0-BD 61-B7 93-55 00-00 E0-BD 61-B7 93-55 00-00 E0-BD 61-B7 93-55 00-00 40-9A 5F-B7 93-55 00-00 50-9A 5F-B7 93-55 00-00 50-9A 5F-B7 93-55 00-00 00-C4 61-B7 93-55 00-00 20-C4 61-B7 93-55 00-00 ... 70-6C 61-B7 93-55 00-00 70-6C 61-B7 93-55 00-00 00-00 00-00 00-00 00-00 00-00 00-00 00-00 00-00 00-00 00-00 00-00 00-00 20-9B 5F-B7 93-55 00-00 50-9B 5F-B7 93-55 00-00 50-9B 5F-B7 93-55 00-00&gt;" status="run" result="completed" time="0" timestamp="2021-04-28T22:27:05" classname="NISTTestVector/PRNGTest" />
    <testcase name="HashDRBG/93" value_param="168-byte object &lt;00-C4 61-B7 93-55 00-00 20-C4 61-B7 93-55 00-00 20-C4 61-B7 93-55 00-00 40-9A 5F-B7 93-55 00-00 50-9A 5F-B7 93-55 00-00 50-9A 5F-B7 93-55 00-00 50-6C 61-B7 93-55 00-00 70-6C 61-B7 93-55 00-00 ... 90-C6 60-B7 93-55 00-00 90-C6 60-B7 93-55 00-00 00-00 00-00 00-00 00-00 00-00 00-00 00-00 00-00 00-00 00-00 00-00 00-00 20-9B 5F-B7 93-55 00-00 50-9B 5F-B7 93-55 00-00 50-9B 5F-B7 93-55 00-00&gt;" status="run" result="completed" time="0" timestamp="2021-04-28T22:27:05" classname="NISTTestVector/PRNGTest" />
    <testcase name="HashDRBG/94" value_param="168-byte object &lt;50-6C 61-B7 93-55 00-00 70-6C 61-B7 93-55 00-00 70-6C 61-B7 93-55 00-00 40-9A 5F-B7 93-55 00-00 50-9A 5F-B7 93-55 00-00 50-9A 5F-B7 93-55 00-00 70-C6 60-B7 93-55 00-00 90-C6 60-B7 93-55 00-00 ... 10-FA 60-B7 93-55 00-00 10-FA 60-B7 93-55 00-00 00-00 00-00 00-00 00-00 00-00 00-00 00-00 00-00 00-00 00-00 00-00 00-00 20-9B 5F-B7 93-55 00-00 50-9B 5F-B7 93-55 00-00 50-9B 5F-B7 93-55 00-00&gt;" status="run" result="completed" time="0" timestamp="2021-04-28T22:27:05" classname="NISTTestVector/PRNGTest" />
    <testcase name="HashDRBG/95" value_param="168-byte object &lt;70-C6 60-B7 93-55 00-00 90-C6 60-B7 93-55 00-00 90-C6 60-B7 93-55 00-00 40-9A 5F-B7 93-55 00-00 50-9A 5F-B7 93-55 00-00 50-9A 5F-B7 93-55 00-00 F0-F9 60-B7 93-55 00-00 10-FA 60-B7 93-55 00-00 ... 20-AB 61-B7 93-55 00-00 20-AB 61-B7 93-55 00-00 00-00 00-00 00-00 00-00 00-00 00-00 00-00 00-00 00-00 00-00 00-00 00-00 20-9B 5F-B7 93-55 00-00 50-9B 5F-B7 93-55 00-00 50-9B 5F-B7 93-55 00-00&gt;" status="run" result="completed" time="0" timestamp="2021-04-28T22:27:05" classname="NISTTestVector/PRNGTest" />
    <testcase name="HashDRBG/96" value_param="168-byte object &lt;F0-F9 60-B7 93-55 00-00 10-FA 60-B7 93-55 00-00 10-FA 60-B7 93-55 00-00 40-9A 5F-B7 93-55 00-00 50-9A 5F-B7 93-55 00-00 50-9A 5F-B7 93-55 00-00 00-AB 61-B7 93-55 00-00 20-AB 61-B7 93-55 00-00 ... E0-6B 61-B7 93-55 00-00 E0-6B 61-B7 93-55 00-00 00-00 00-00 00-00 00-00 00-00 00-00 00-00 00-00 00-00 00-00 00-00 00-00 20-9B 5F-B7 93-55 00-00 50-9B 5F-B7 93-55 00-00 50-9B 5F-B7 93-55 00-00&gt;" status="run" result="completed" time="0" timestamp="2021-04-28T22:27:05" classname="NISTTestVector/PRNGTest" />
    <testcase name="HashDRBG/97" value_param="168-byte object &lt;00-AB 61-B7 93-55 00-00 20-AB 61-B7 93-55 00-00 20-AB 61-B7 93-55 00-00 40-9A 5F-B7 93-55 00-00 50-9A 5F-B7 93-55 00-00 50-9A 5F-B7 93-55 00-00 C0-6B 61-B7 93-55 00-00 E0-6B 61-B7 93-55 00-00 ... 00-D5 61-B7 93-55 00-00 00-D5 61-B7 93-55 00-00 00-00 00-00 00-00 00-00 00-00 00-00 00-00 00-00 00-00 00-00 00-00 00-00 20-9B 5F-B7 93-55 00-00 50-9B 5F-B7 93-55 00-00 50-9B 5F-B7 93-55 00-00&gt;" status="run" result="completed" time="0" timestamp="2021-04-28T22:27:05" classname="NISTTestVector/PRNGTest" />
    <testcase name="HashDRBG/98" value_param="168-byte object &lt;C0-6B 61-B7 93-55 00-00 E0-6B 61-B7 93-55 00-00 E0-6B 61-B7 93-55 00-00 40-9A 5F-B7 93-55 00-00 50-9A 5F-B7 93-55 00-00 50-9A 5F-B7 93-55 00-00 E0-D4 61-B7 93-55 00-00 00-D5 61-B7 93-55 00-00 ... E0-DA 61-B7 93-55 00-00 E0-DA 61-B7 93-55 00-00 00-00 00-00 00-00 00-00 00-00 00-00 00-00 00-00 00-00 00-00 00-00 00-00 20-9B 5F-B7 93-55 00-00 50-9B 5F-B7 93-55 00-00 50-9B 5F-B7 93-55 00-00&gt;" status="run" result="completed" time="0" timestamp="2021-04-28T22:27:05" classname="NISTTestVector/PRNGTest" />
    <testcase name="HashDRBG/99" value_param="168-byte object &lt;E0-D4 61-B7 93-55 00-00 00-D5 61-B7 93-55 00-00 00-D5 61-B7 93-55 00-00 40-9A 5F-B7 93-55 00-00 50-9A 5F-B7 93-55 00-00 50-9A 5F-B7 93-55 00-00 C0-DA 61-B7 93-55 00-00 E0-DA 61-B7 93-55 00-00 ... C0-E0 61-B7 93-55 00-00 C0-E0 61-B7 93-55 00-00 00-00 00-00 00-00 00-00 00-00 00-00 00-00 00-00 00-00 00-00 00-00 00-00 20-9B 5F-B7 93-55 00-00 50-9B 5F-B7 93-55 00-00 50-9B 5F-B7 93-55 00-00&gt;" status="run" result="completed" time="0" timestamp="2021-04-28T22:27:05" classname="NISTTestVector/PRNGTest" />
    <testcase name="HashDRBG/100" value_param="168-byte object &lt;C0-DA 61-B7 93-55 00-00 E0-DA 61-B7 93-55 00-00 E0-DA 61-B7 93-55 00-00 40-9A 5F-B7 93-55 00-00 50-9A 5F-B7 93-55 00-00 50-9A 5F-B7 93-55 00-00 A0-E0 61-B7 93-55 00-00 C0-E0 61-B7 93-55 00-00 ... A0-E6 61-B7 93-55 00-00 A0-E6 61-B7 93-55 00-00 00-00 00-00 00-00 00-00 00-00 00-00 00-00 00-00 00-00 00-00 00-00 00-00 20-9B 5F-B7 93-55 00-00 50-9B 5F-B7 93-55 00-00 50-9B 5F-B7 93-55 00-00&gt;" status="run" result="completed" time="0" timestamp="2021-04-28T22:27:05" classname="NISTTestVector/PRNGTest" />
    <testcase name="HashDRBG/101" value_param="168-byte object &lt;A0-E0 61-B7 93-55 00-00 C0-E0 61-B7 93-55 00-00 C0-E0 61-B7 93-55 00-00 40-9A 5F-B7 93-55 00-00 50-9A 5F-B7 93-55 00-00 50-9A 5F-B7 93-55 00-00 80-E6 61-B7 93-55 00-00 A0-E6 61-B7 93-55 00-00 ... 80-EC 61-B7 93-55 00-00 80-EC 61-B7 93-55 00-00 00-00 00-00 00-00 00-00 00-00 00-00 00-00 00-00 00-00 00-00 00-00 00-00 20-9B 5F-B7 93-55 00-00 50-9B 5F-B7 93-55 00-00 50-9B 5F-B7 93-55 00-00&gt;" status="run" result="completed" time="0" timestamp="2021-04-28T22:27:05" classname="NISTTestVector/PRNGTest" />
    <testcase name="HashDRBG/102" value_param="168-byte object &lt;80-E6 61-B7 93-55 00-00 A0-E6 61-B7 93-55 00-00 A0-E6 61-B7 93-55 00-00 40-9A 5F-B7 93-55 00-00 50-9A 5F-B7 93-55 00-00 50-9A 5F-B7 93-55 00-00 60-EC 61-B7 93-55 00-00 80-EC 61-B7 93-55 00-00 ... 60-F2 61-B7 93-55 00-00 60-F2 61-B7 93-55 00-00 00-00 00-00 00-00 00-00 00-00 00-00 00-00 00-00 00-00 00-00 00-00 00-00 20-9B 5F-B7 93-55 00-00 50-9B 5F-B7 93-55 00-00 50-9B 5F-B7 93-55 00-00&gt;" status="run" result="completed" time="0" timestamp="2021-04-28T22:27:05" classname="NISTTestVector/PRNGTest" />
    <testcase name="HashDRBG/103" value_param="168-byte object &lt;60-EC 61-B7 93-55 00-00 80-EC 61-B7 93-55 00-00 80-EC 61-B7 93-55 00-00 40-9A 5F-B7 93-55 00-00 50-9A 5F-B7 93-55 00-00 50-9A 5F-B7 93-55 00-00 40-F2 61-B7 93-55 00-00 60-F2 61-B7 93-55 00-00 ... 40-F8 61-B7 93-55 00-00 40-F8 61-B7 93-55 00-00 00-00 00-00 00-00 00-00 00-00 00-00 00-00 00-00 00-00 00-00 00-00 00-00 20-9B 5F-B7 93-55 00-00 50-9B 5F-B7 93-55 00-00 50-9B 5F-B7 93-55 00-00&gt;" status="run" result="completed" time="0" timestamp="2021-04-28T22:27:05" classname="NISTTestVector/PRNGTest" />
    <testcase name="HashDRBG/104" value_param="168-byte object &lt;40-F2 61-B7 93-55 00-00 60-F2 61-B7 93-55 00-00 60-F2 61-B7 93-55 00-00 40-9A 5F-B7 93-55 00-00 50-9A 5F-B7 93-55 00-00 50-9A 5F-B7 93-55 00-00 20-F8 61-B7 93-55 00-00 40-F8 61-B7 93-55 00-00 ... 20-FE 61-B7 93-55 00-00 20-FE 61-B7 93-55 00-00 00-00 00-00 00-00 00-00 00-00 00-00 00-00 00-00 00-00 00-00 00-00 00-00 20-9B 5F-B7 93-55 00-00 50-9B 5F-B7 93-55 00-00 50-9B 5F-B7 93-55 00-00&gt;" status="run" result="completed" time="0.001" timestamp="2021-04-28T22:27:05" classname="NISTTestVector/PRNGTest" />
    <testcase name="HashDRBG/105" value_param="168-byte object &lt;20-F8 61-B7 93-55 00-00 40-F8 61-B7 93-55 00-00 40-F8 61-B7 93-55 00-00 40-9A 5F-B7 93-55 00-00 50-9A 5F-B7 93-55 00-00 50-9A 5F-B7 93-55 00-00 00-FE 61-B7 93-55 00-00 20-FE 61-B7 93-55 00-00 ... 00-04 62-B7 93-55 00-00 00-04 62-B7 93-55 00-00 C0-09 62-B7 93-55 00-00 E0-09 62-B7 93-55 00-00 E0-09 62-B7 93-55 00-00 20-9B 5F-B7 93-55 00-00 50-9B 5F-B7 93-55 00-00 50-9B 5F-B7 93-55 00-00&gt;" status="run" result="completed" time="0" timestamp="2021-04-28T22:27:05" classname="NISTTestVector/PRNGTest" />
    <testcase name="HashDRBG/106" value_param="168-byte object &lt;50-21 62-B7 93-55 00-00 70-21 62-B7 93-55 00-00 70-21 62-B7 93-55 00-00 40-9A 5F-B7 93-55 00-00 50-9A 5F-B7 93-55 00-00 50-9A 5F-B7 93-55 00-00 80-21 62-B7 93-55 00-00 A0-21 62-B7 93-55 00-00 ... 20-22 62-B7 93-55 00-00 20-22 62-B7 93-55 00-00 60-22 62-B7 93-55 00-00 80-22 62-B7 93-55 00-00 80-22 62-B7 93-55 00-00 20-9B 5F-B7 93-55 00-00 50-9B 5F-B7 93-55 00-00 50-9B 5F-B7 93-55 00-00&gt;" status="run" result="completed" time="0" timestamp="2021-04-28T22:27:05" classname="NISTTestVector/PRNGTest" />
    <testcase name="HashDRBG/107" value_param="168-byte object &lt;E0-03 62-B7 93-55 00-00 00-04 62-B7 93-55 00-00 00-04 62-B7 93-55 00-00 40-9A 5F-B7 93-55 00-00 50-9A 5F-B7 93-55 00-00 50-9A 5F-B7 93-55 00-00 C0-09 62-B7 93-55 00-00 E0-09 62-B7 93-55 00-00 ... 20-FE 61-B7 93-55 00-00 20-FE 61-B7 93-55 00-00 20-21 62-B7 93-55 00-00 40-21 62-B7 93-55 00-00 40-21 62-B7 93-55 00-00 20-9B 5F-B7 93-55 00-00 50-9B 5F-B7 93-55 00-00 50-9B 5F-B7 93-55 00-00&gt;" status="run" result="completed" time="0" timestamp="2021-04-28T22:27:05" classname="NISTTestVector/PRNGTest" />
    <testcase name="HashDRBG/108" value_param="168-byte object &lt;00-22 62-B7 93-55 00-00 20-22 62-B7 93-55 00-00 20-22 62-B7 93-55 00-00 40-9A 5F-B7 93-55 00-00 50-9A 5F-B7 93-55 00-00 50-9A 5F-B7 93-55 00-00 60-22 62-B7 93-55 00-00 80-22 62-B7 93-55 00-00 ... A0-21 62-B7 93-55 00-00 A0-21 62-B7 93-55 00-00 A0-0F 62-B7 93-55 00-00 C0-0F 62-B7 93-55 00-00 C0-0F 62-B7 93-55 00-00 20-9B 5F-B7 93-55 00-00 50-9B 5F-B7 93-55 00-00 50-9B 5F-B7 93-55 00-00&gt;" status="run" result="completed" time="0" timestamp="2021-04-28T22:27:05" classname="NISTTestVector/PRNGTest" />
    <testcase name="HashDRBG/109" value_param="168-byte object &lt;00-FE 61-B7 93-55 00-00 20-FE 61-B7 93-55 00-00 20-FE 61-B7 93-55 00-00 40-9A 5F-B7 93-55 00-00 50-9A 5F-B7 93-55 00-00 50-9A 5F-B7 93-55 00-00 20-21 62-B7 93-55 00-00 40-21 62-B7 93-55 00-00 ... E0-09 62-B7 93-55 00-00 E0-09 62-B7 93-55 00-00 90-22 62-B7 93-55 00-00 B0-22 62-B7 93-55 00-00 B0-22 62-B7 93-55 00-00 20-9B 5F-B7 93-55 00-00 50-9B 5F-B7 93-55 00-00 50-9B 5F-B7 93-55 00-00&gt;" status="run" result="completed" time="0" timestamp="2021-04-28T22:27:05" classname="NISTTestVector/PRNGTest" />
    <testcase name="HashDRBG/110" value_param="168-byte object &lt;80-21 62-B7 93-55 00-00 A0-21 62-B7 93-55 00-00 A0-21 62-B7 93-55 00-00 40-9A 5F-B7 93-55 00-00 50-9A 5F-B7 93-55 00-00 50-9A 5F-B7 93-55 00-00 A0-0F 62-B7 93-55 00-00 C0-0F 62-B7 93-55 00-00 ... 80-22 62-B7 93-55 00-00 80-22 62-B7 93-55 00-00 F0-20 62-B7 93-55 00-00 10-21 62-B7 93-55 00-00 10-21 62-B7 93-55 00-00 20-9B 5F-B7 93-55 00-00 50-9B 5F-B7 93-55 00-00 50-9B 5F-B7 93-55 00-00&gt;" status="run" result="completed" time="0" timestamp="2021-04-28T22:27:05" classname="NISTTestVector/PRNGTest" />
    <testcase name="HashDRBG/111" value_param="168-byte object &lt;C0-09 62-B7 93-55 00-00 E0-09 62-B7 93-55 00-00 E0-09 62-B7 93-55 00-00 40-9A 5F-B7 93-55 00-00 50-9A 5F-B7 93-55 00-00 50-9A 5F-B7 93-55 00-00 90-22 62-B7 93-55 00-00 B0-22 62-B7 93-55 00-00 ... 40-21 62-B7 93-55 00-00 40-21 62-B7 93-55 00-00 80-15 62-B7 93-55 00-00 A0-15 62-B7 93-55 00-00 A0-15 62-B7 93-55 00-00 20-9B 5F-B7 93-55 00-00 50-9B 5F-B7 93-55 00-00 50-9B 5F-B7 93-55 00-00&gt;" status="run" result="completed" time="0" timestamp="2021-04-28T22:27:05" classname="NISTTestVector/PRNGTest" />
    <testcase name="HashDRBG/112" value_param="168-byte object &lt;60-22 62-B7 93-55 00-00 80-22 62-B7 93-55 00-00 80-22 62-B7 93-55 00-00 40-9A 5F-B7 93-55 00-00 50-9A 5F-B7 93-55 00-00 50-9A 5F-B7 93-55 00-00 F0-20 62-B7 93-55 00-00 10-21 62-B7 93-55 00-00 ... C0-0F 62-B7 93-55 00-00 C0-0F 62-B7 93-55 00-00 F0-22 62-B7 93-55 00-00 10-23 62-B7 93-55 00-00 10-23 62-B7 93-55 00-00 20-9B 5F-B7 93-55 00-00 50-9B 5F-B7 93-55 00-00 50-9B 5F-B7 93-55 00-00&gt;" status="run" result="completed" time="0" timestamp="2021-04-28T22:27:05" classname="NISTTestVector/PRNGTest" />
    <testcase name="HashDRBG/113" value_param="168-byte object &lt;20-21 62-B7 93-55 00-00 40-21 62-B7 93-55 00-00 40-21 62-B7 93-55 00-00 40-9A 5F-B7 93-55 00-00 50-9A 5F-B7 93-55 00-00 50-9A 5F-B7 93-55 00-00 80-15 62-B7 93-55 00-00 A0-15 62-B7 93-55 00-00 ... B0-22 62-B7 93-55 00-00 B0-22 62-B7 93-55 00-00 60-29 62-B7 93-55 00-00 80-29 62-B7 93-55 00-00 80-29 62-B7 93-55 00-00 20-9B 5F-B7 93-55 00-00 50-9B 5F-B7 93-55 00-00 50-9B 5F-B7 93-55 00-00&gt;" status="run" result="completed" time="0" timestamp="2021-04-28T22:27:05" classname="NISTTestVector/PRNGTest" />
    <testcase name="HashDRBG/114" value_param="168-byte object &lt;A0-0F 62-B7 93-55 00-00 C0-0F 62-B7 93-55 00-00 C0-0F 62-B7 93-55 00-00 40-9A 5F-B7 93-55 00-00 50-9A 5F-B7 93-55 00-00 50-9A 5F-B7 93-55 00-00 F0-22 62-B7 93-55 00-00 10-23 62-B7 93-55 00-00 ... 10-21 62-B7 93-55 00-00 10-21 62-B7 93-55 00-00 D0-2F 62-B7 93-55 00-00 F0-2F 62-B7 93-55 00-00 F0-2F 62-B7 93-55 00-00 20-9B 5F-B7 93-55 00-00 50-9B 5F-B7 93-55 00-00 50-9B 5F-B7 93-55 00-00&gt;" status="run" result="completed" time="0" timestamp="2021-04-28T22:27:05" classname="NISTTestVector/PRNGTest" />
    <testcase name="HashDRBG/115" value_param="168-byte object &lt;90-22 62-B7 93-55 00-00 B0-22 62-B7 93-55 00-00 B0-22 62-B7 93-55 00-00 40-9A 5F-B7 93-55 00-00 50-9A 5F-B7 93-55 00-00 50-9A 5F-B7 93-55 00-00 60-29 62-B7 93-55 00-00 80-29 62-B7 93-55 00-00 ... A0-15 62-B7 93-55 00-00 A0-15 62-B7 93-55 00-00 40-36 62-B7 93-55 00-00 60-36 62-B7 93-55 00-00 60-36 62-B7 93-55 00-00 20-9B 5F-B7 93-55 00-00 50-9B 5F-B7 93-55 00-00 50-9B 5F-B7 93-55 00-00&gt;" status="run" result="completed" time="0" timestamp="2021-04-28T22:27:05" classname="NISTTestVector/PRNGTest" />
    <testcase name="HashDRBG/116" value_param="168-byte object &lt;F0-20 62-B7 93-55 00-00 10-21 62-B7 93-55 00-00 10-21 62-B7 93-55 00-00 40-9A 5F-B7 93-55 00-00 50-9A 5F-B7 93-55 00-00 50-9A 5F-B7 93-55 00-00 D0-2F 62-B7 93-55 00-00 F0-2F 62-B7 93-55 00-00 ... 10-23 62-B7 93-55 00-00 10-23 62-B7 93-55 00-00 B0-3C 62-B7 93-55 00-00 D0-3C 62-B7 93-55 00-00 D0-3C 62-B7 93-55 00-00 20-9B 5F-B7 93-55 00-00 50-9B 5F-B7 93-55 00-00 50-9B 5F-B7 93-55 00-00&gt;" status="run" result="completed" time="0" timestamp="2021-04-28T22:27:05" classname="NISTTestVector/PRNGTest" />
    <testcase name="HashDRBG/117" value_param="168-byte object &lt;80-15 62-B7 93-55 00-00 A0-15 62-B7 93-55 00-00 A0-15 62-B7 93-55 00-00 40-9A 5F-B7 93-55 00-00 50-9A 5F-B7 93-55 00-00 50-9A 5F-B7 93-55 00-00 40-36 62-B7 93-55 00-00 60-36 62-B7 93-55 00-00 ... 80-29 62-B7 93-55 00-00 80-29 62-B7 93-55 00-00 20-43 62-B7 93-55 00-00 40-43 62-B7 93-55 00-00 40-43 62-B7 93-55 00-00 20-9B 5F-B7 93-55 00-00 50-9B 5F-B7 93-55 00-00 50-9B 5F-B7 93-55 00-00&gt;" status="run" result="completed" time="0.001" timestamp="2021-04-28T22:27:05" classname="NISTTestVector/PRNGTest" />
    <testcase name="HashDRBG/118" value_param="168-byte object &lt;F0-22 62-B7 93-55 00-00 10-23 62-B7 93-55 00-00 10-23 62-B7 93-55 00-00 40-9A 5F-B7 93-55 00-00 50-9A 5F-B7 93-55 00-00 50-9A 5F-B7 93-55 00-00 B0-3C 62-B7 93-55 00-00 D0-3C 62-B7 93-55 00-00 ... F0-2F 62-B7 93-55 00-00 F0-2F 62-B7 93-55 00-00 90-49 62-B7 93-55 00-00 B0-49 62-B7 93-55 00-00 B0-49 62-B7 93-55 00-00 20-9B 5F-B7 93-55 00-00 50-9B 5F-B7 93-55 00-00 50-9B 5F-B7 93-55 00-00&gt;" status="run" result="completed" time="0" timestamp="2021-04-28T22:27:05" classname="NISTTestVector/PRNGTest" />
    <testcase name="HashDRBG/119" value_param="168-byte object &lt;60-29 62-B7 93-55 00-00 80-29 62-B7 93-55 00-00 80-29 62-B7 93-55 00-00 40-9A 5F-B7 93-55 00-00 50-9A 5F-B7 93-55 00-00 50-9A 5F-B7 93-55 00-00 20-43 62-B7 93-55 00-00 40-43 62-B7 93-55 00-00 ... 60-36 62-B7 93-55 00-00 60-36 62-B7 93-55 00-00 00-50 62-B7 93-55 00-00 20-50 62-B7 93-55 00-00 20-50 62-B7 93-55 00-00 20-9B 5F-B7 93-55 00-00 50-9B 5F-B7 93-55 00-00 50-9B 5F-B7 93-55 00-00&gt;" status="run" result="completed" time="0" timestamp="2021-04-28T22:27:05" classname="NISTTestVector/PRNGTest" />
    <testcase name="HashDRBG/120" value_param="168-byte object &lt;D0-2F 62-B7 93-55 00-00 F0-2F 62-B7 93-55 00-00 F0-2F 62-B7 93-55 00-00 40-9A 5F-B7 93-55 00-00 50-9A 5F-B7 93-55 00-00 50-9A 5F-B7 93-55 00-00 00-00 00-00 00-00 00-00 00-00 00-00 00-00 00-00 ... B0-49 62-B7 93-55 00-00 B0-49 62-B7 93-55 00-00 00-00 00-00 00-00 00-00 00-00 00-00 00-00 00-00 00-00 00-00 00-00 00-00 20-9B 5F-B7 93-55 00-00 50-9B 5F-B7 93-55 00-00 50-9B 5F-B7 93-55 00-00&gt;" status="run" result="completed" time="0" timestamp="2021-04-28T22:27:05" classname="NISTTestVector/PRNGTest" />
    <testcase name="HashDRBG/121" value_param="168-byte object &lt;70-56 62-B7 93-55 00-00 90-56 62-B7 93-55 00-00 90-56 62-B7 93-55 00-00 40-9A 5F-B7 93-55 00-00 50-9A 5F-B7 93-55 00-00 50-9A 5F-B7 93-55 00-00 00-00 00-00 00-00 00-00 00-00 00-00 00-00 00-00 ... 60-F2 61-B7 93-55 00-00 60-F2 61-B7 93-55 00-00 00-00 00-00 00-00 00-00 00-00 00-00 00-00 00-00 00-00 00-00 00-00 00-00 20-9B 5F-B7 93-55 00-00 50-9B 5F-B7 93-55 00-00 50-9B 5F-B7 93-55 00-00&gt;" status="run" result="completed" time="0" timestamp="2021-04-28T22:27:05" classname="NISTTestVector/PRNGTest" />
    <testcase name="HashDRBG/122" value_param="168-byte object &lt;A0-76 62-B7 93-55 00-00 C0-76 62-B7 93-55 00-00 C0-76 62-B7 93-55 00-00 40-9A 5F-B7 93-55 00-00 50-9A 5F-B7 93-55 00-00 50-9A 5F-B7 93-55 00-00 00-00 00-00 00-00 00-00 00-00 00-00 00-00 00-00 ... 60-36 62-B7 93-55 00-00 60-36 62-B7 93-55 00-00 00-00 00-00 00-00 00-00 00-00 00-00 00-00 00-00 00-00 00-00 00-00 00-00 20-9B 5F-B7 93-55 00-00 50-9B 5F-B7 93-55 00-00 50-9B 5F-B7 93-55 00-00&gt;" status="run" result="completed" time="0" timestamp="2021-04-28T22:27:05" classname="NISTTestVector/PRNGTest" />
    <testcase name="HashDRBG/123" value_param="168-byte object &lt;40-36 62-B7 93-55 00-00 60-36 62-B7 93-55 00-00 60-36 62-B7 93-55 00-00 40-9A 5F-B7 93-55 00-00 50-9A 5F-B7 93-55 00-00 50-9A 5F-B7 93-55 00-00 00-00 00-00 00-00 00-00 00-00 00-00 00-00 00-00 ... 50-70 62-B7 93-55 00-00 50-70 62-B7 93-55 00-00 00-00 00-00 00-00 00-00 00-00 00-00 00-00 00-00 00-00 00-00 00-00 00-00 20-9B 5F-B7 93-55 00-00 50-9B 5F-B7 93-55 00-00 50-9B 5F-B7 93-55 00-00&gt;" status="run" result="completed" time="0" timestamp="2021-04-28T22:27:05" classname="NISTTestVector/PRNGTest" />
    <testcase name="HashDRBG/124" value_param="168-byte object &lt;40-36 62-B7 93-55 00-00 60-36 62-B7 93-55 00-00 60-36 62-B7 93-55 00-00 40-9A 5F-B7 93-55 00-00 50-9A 5F-B7 93-55 00-00 50-9A 5F-B7 93-55 00-00 00-00 00-00 00-00 00-00 00-00 00-00 00-00 00-00 ... 50-70 62-B7 93-55 00-00 50-70 62-B7 93-55 00-00 00-00 00-00 00-00 00-00 00-00 00-00 00-00 00-00 00-00 00-00 00-00 00-00 20-9B 5F-B7 93-55 00-00 50-9B 5F-B7 93-55 00-00 50-9B 5F-B7 93-55 00-00&gt;" status="run" result="completed" time="0" timestamp="2021-04-28T22:27:05" classname="NISTTestVector/PRNGTest" />
    <testcase name="HashDRBG/125" value_param="168-byte object &lt;40-36 62-B7 93-55 00-00 60-36 62-B7 93-55 00-00 60-36 62-B7 93-55 00-00 40-9A 5F-B7 93-55 00-00 50-9A 5F-B7 93-55 00-00 50-9A 5F-B7 93-55 00-00 00-00 00-00 00-00 00-00 00-00 00-00 00-00 00-00 ... 50-70 62-B7 93-55 00-00 50-70 62-B7 93-55 00-00 00-00 00-00 00-00 00-00 00-00 00-00 00-00 00-00 00-00 00-00 00-00 00-00 20-9B 5F-B7 93-55 00-00 50-9B 5F-B7 93-55 00-00 50-9B 5F-B7 93-55 00-00&gt;" status="run" result="completed" time="0" timestamp="2021-04-28T22:27:05" classname="NISTTestVector/PRNGTest" />
    <testcase name="HashDRBG/126" value_param="168-byte object &lt;40-36 62-B7 93-55 00-00 60-36 62-B7 93-55 00-00 60-36 62-B7 93-55 00-00 40-9A 5F-B7 93-55 00-00 50-9A 5F-B7 93-55 00-00 50-9A 5F-B7 93-55 00-00 00-00 00-00 00-00 00-00 00-00 00-00 00-00 00-00 ... 50-70 62-B7 93-55 00-00 50-70 62-B7 93-55 00-00 00-00 00-00 00-00 00-00 00-00 00-00 00-00 00-00 00-00 00-00 00-00 00-00 20-9B 5F-B7 93-55 00-00 50-9B 5F-B7 93-55 00-00 50-9B 5F-B7 93-55 00-00&gt;" status="run" result="completed" time="0" timestamp="2021-04-28T22:27:05" classname="NISTTestVector/PRNGTest" />
    <testcase name="HashDRBG/127" value_param="168-byte object &lt;40-36 62-B7 93-55 00-00 60-36 62-B7 93-55 00-00 60-36 62-B7 93-55 00-00 40-9A 5F-B7 93-55 00-00 50-9A 5F-B7 93-55 00-00 50-9A 5F-B7 93-55 00-00 00-00 00-00 00-00 00-00 00-00 00-00 00-00 00-00 ... 50-70 62-B7 93-55 00-00 50-70 62-B7 93-55 00-00 00-00 00-00 00-00 00-00 00-00 00-00 00-00 00-00 00-00 00-00 00-00 00-00 20-9B 5F-B7 93-55 00-00 50-9B 5F-B7 93-55 00-00 50-9B 5F-B7 93-55 00-00&gt;" status="run" result="completed" time="0" timestamp="2021-04-28T22:27:05" classname="NISTTestVector/PRNGTest" />
    <testcase name="HashDRBG/128" value_param="168-byte object &lt;40-36 62-B7 93-55 00-00 60-36 62-B7 93-55 00-00 60-36 62-B7 93-55 00-00 40-9A 5F-B7 93-55 00-00 50-9A 5F-B7 93-55 00-00 50-9A 5F-B7 93-55 00-00 00-00 00-00 00-00 00-00 00-00 00-00 00-00 00-00 ... 50-70 62-B7 93-55 00-00 50-70 62-B7 93-55 00-00 00-00 00-00 00-00 00-00 00-00 00-00 00-00 00-00 00-00 00-00 00-00 00-00 20-9B 5F-B7 93-55 00-00 50-9B 5F-B7 93-55 00-00 50-9B 5F-B7 93-55 00-00&gt;" status="run" result="completed" time="0" timestamp="2021-04-28T22:27:05" classname="NISTTestVector/PRNGTest" />
    <testcase name="HashDRBG/129" value_param="168-byte object &lt;40-36 62-B7 93-55 00-00 60-36 62-B7 93-55 00-00 60-36 62-B7 93-55 00-00 40-9A 5F-B7 93-55 00-00 50-9A 5F-B7 93-55 00-00 50-9A 5F-B7 93-55 00-00 00-00 00-00 00-00 00-00 00-00 00-00 00-00 00-00 ... 50-70 62-B7 93-55 00-00 50-70 62-B7 93-55 00-00 00-00 00-00 00-00 00-00 00-00 00-00 00-00 00-00 00-00 00-00 00-00 00-00 20-9B 5F-B7 93-55 00-00 50-9B 5F-B7 93-55 00-00 50-9B 5F-B7 93-55 00-00&gt;" status="run" result="completed" time="0" timestamp="2021-04-28T22:27:05" classname="NISTTestVector/PRNGTest" />
    <testcase name="HashDRBG/130" value_param="168-byte object &lt;40-36 62-B7 93-55 00-00 60-36 62-B7 93-55 00-00 60-36 62-B7 93-55 00-00 40-9A 5F-B7 93-55 00-00 50-9A 5F-B7 93-55 00-00 50-9A 5F-B7 93-55 00-00 00-00 00-00 00-00 00-00 00-00 00-00 00-00 00-00 ... 50-70 62-B7 93-55 00-00 50-70 62-B7 93-55 00-00 00-00 00-00 00-00 00-00 00-00 00-00 00-00 00-00 00-00 00-00 00-00 00-00 20-9B 5F-B7 93-55 00-00 50-9B 5F-B7 93-55 00-00 50-9B 5F-B7 93-55 00-00&gt;" status="run" result="completed" time="0" timestamp="2021-04-28T22:27:05" classname="NISTTestVector/PRNGTest" />
    <testcase name="HashDRBG/131" value_param="168-byte object &lt;40-36 62-B7 93-55 00-00 60-36 62-B7 93-55 00-00 60-36 62-B7 93-55 00-00 40-9A 5F-B7 93-55 00-00 50-9A 5F-B7 93-55 00-00 50-9A 5F-B7 93-55 00-00 00-00 00-00 00-00 00-00 00-00 00-00 00-00 00-00 ... 50-70 62-B7 93-55 00-00 50-70 62-B7 93-55 00-00 00-00 00-00 00-00 00-00 00-00 00-00 00-00 00-00 00-00 00-00 00-00 00-00 20-9B 5F-B7 93-55 00-00 50-9B 5F-B7 93-55 00-00 50-9B 5F-B7 93-55 00-00&gt;" status="run" result="completed" time="0" timestamp="2021-04-28T22:27:05" classname="NISTTestVector/PRNGTest" />
    <testcase name="HashDRBG/132" value_param="168-byte object &lt;40-36 62-B7 93-55 00-00 60-36 62-B7 93-55 00-00 60-36 62-B7 93-55 00-00 40-9A 5F-B7 93-55 00-00 50-9A 5F-B7 93-55 00-00 50-9A 5F-B7 93-55 00-00 00-00 00-00 00-00 00-00 00-00 00-00 00-00 00-00 ... 50-70 62-B7 93-55 00-00 50-70 62-B7 93-55 00-00 00-00 00-00 00-00 00-00 00-00 00-00 00-00 00-00 00-00 00-00 00-00 00-00 20-9B 5F-B7 93-55 00-00 50-9B 5F-B7 93-55 00-00 50-9B 5F-B7 93-55 00-00&gt;" status="run" result="completed" time="0" timestamp="2021-04-28T22:27:05" classname="NISTTestVector/PRNGTest" />
    <testcase name="HashDRBG/133" value_param="168-byte object &lt;40-36 62-B7 93-55 00-00 60-36 62-B7 93-55 00-00 60-36 62-B7 93-55 00-00 40-9A 5F-B7 93-55 00-00 50-9A 5F-B7 93-55 00-00 50-9A 5F-B7 93-55 00-00 00-00 00-00 00-00 00-00 00-00 00-00 00-00 00-00 ... 50-70 62-B7 93-55 00-00 50-70 62-B7 93-55 00-00 00-00 00-00 00-00 00-00 00-00 00-00 00-00 00-00 00-00 00-00 00-00 00-00 20-9B 5F-B7 93-55 00-00 50-9B 5F-B7 93-55 00-00 50-9B 5F-B7 93-55 00-00&gt;" status="run" result="completed" time="0.001" timestamp="2021-04-28T22:27:05" classname="NISTTestVector/PRNGTest" />
    <testcase name="HashDRBG/134" value_param="168-byte object &lt;40-36 62-B7 93-55 00-00 60-36 62-B7 93-55 00-00 60-36 62-B7 93-55 00-00 40-9A 5F-B7 93-55 00-00 50-9A 5F-B7 93-55 00-00 50-9A 5F-B7 93-55 00-00 00-00 00-00 00-00 00-00 00-00 00-00 00-00 00-00 ... 50-70 62-B7 93-55 00-00 50-70 62-B7 93-55 00-00 00-00 00-00 00-00 00-00 00-00 00-00 00-00 00-00 00-00 00-00 00-00 00-00 20-9B 5F-B7 93-55 00-00 50-9B 5F-B7 93-55 00-00 50-9B 5F-B7 93-55 00-00&gt;" status="run" result="completed" time="0" timestamp="2021-04-28T22:27:05" classname="NISTTestVector/PRNGTest" />
    <testcase name="HashDRBG/135" value_param="168-byte object &lt;40-36 62-B7 93-55 00-00 60-36 62-B7 93-55 00-00 60-36 62-B7 93-55 00-00 40-9A 5F-B7 93-55 00-00 50-9A 5F-B7 93-55 00-00 50-9A 5F-B7 93-55 00-00 00-00 00-00 00-00 00-00 00-00 00-00 00-00 00-00 ... 50-70 62-B7 93-55 00-00 50-70 62-B7 93-55 00-00 10-7D 62-B7 93-55 00-00 30-7D 62-B7 93-55 00-00 30-7D 62-B7 93-55 00-00 20-9B 5F-B7 93-55 00-00 50-9B 5F-B7 93-55 00-00 50-9B 5F-B7 93-55 00-00&gt;" status="run" result="completed" time="0" timestamp="2021-04-28T22:27:05" classname="NISTTestVector/PRNGTest" />
    <testcase name="HashDRBG/136" value_param="168-byte object &lt;B0-DE 62-B7 93-55 00-00 D0-DE 62-B7 93-55 00-00 D0-DE 62-B7 93-55 00-00 40-9A 5F-B7 93-55 00-00 50-9A 5F-B7 93-55 00-00 50-9A 5F-B7 93-55 00-00 00-00 00-00 00-00 00-00 00-00 00-00 00-00 00-00 ... 00-DF 62-B7 93-55 00-00 00-DF 62-B7 93-55 00-00 10-DF 62-B7 93-55 00-00 30-DF 62-B7 93-55 00-00 30-DF 62-B7 93-55 00-00 20-9B 5F-B7 93-55 00-00 50-9B 5F-B7 93-55 00-00 50-9B 5F-B7 93-55 00-00&gt;" status="run" result="completed" time="0" timestamp="2021-04-28T22:27:05" classname="NISTTestVector/PRNGTest" />
    <testcase name="HashDRBG/137" value_param="168-byte object &lt;80-DE 62-B7 93-55 00-00 A0-DE 62-B7 93-55 00-00 A0-DE 62-B7 93-55 00-00 40-9A 5F-B7 93-55 00-00 50-9A 5F-B7 93-55 00-00 50-9A 5F-B7 93-55 00-00 00-00 00-00 00-00 00-00 00-00 00-00 00-00 00-00 ... 20-50 62-B7 93-55 00-00 20-50 62-B7 93-55 00-00 C0-69 62-B7 93-55 00-00 E0-69 62-B7 93-55 00-00 E0-69 62-B7 93-55 00-00 20-9B 5F-B7 93-55 00-00 50-9B 5F-B7 93-55 00-00 50-9B 5F-B7 93-55 00-00&gt;" status="run" result="completed" time="0" timestamp="2021-04-28T22:27:05" classname="NISTTestVector/PRNGTest" />
    <testcase name="HashDRBG/138" value_param="168-byte object &lt;50-DE 62-B7 93-55 00-00 70-DE 62-B7 93-55 00-00 70-DE 62-B7 93-55 00-00 40-9A 5F-B7 93-55 00-00 50-9A 5F-B7 93-55 00-00 50-9A 5F-B7 93-55 00-00 00-00 00-00 00-00 00-00 00-00 00-00 00-00 00-00 ... 10-E0 62-B7 93-55 00-00 10-E0 62-B7 93-55 00-00 90-DF 62-B7 93-55 00-00 B0-DF 62-B7 93-55 00-00 B0-DF 62-B7 93-55 00-00 20-9B 5F-B7 93-55 00-00 50-9B 5F-B7 93-55 00-00 50-9B 5F-B7 93-55 00-00&gt;" status="run" result="completed" time="0" timestamp="2021-04-28T22:27:05" classname="NISTTestVector/PRNGTest" />
[...]
    <testcase name="HashDRBG/206" value_param="168-byte object &lt;10-4A 64-B7 93-55 00-00 30-4A 64-B7 93-55 00-00 30-4A 64-B7 93-55 00-00 40-9A 5F-B7 93-55 00-00 50-9A 5F-B7 93-55 00-00 50-9A 5F-B7 93-55 00-00 00-00 00-00 00-00 00-00 00-00 00-00 00-00 00-00 ... F0-77 64-B7 93-55 00-00 F0-77 64-B7 93-55 00-00 50-4B 64-B7 93-55 00-00 70-4B 64-B7 93-55 00-00 70-4B 64-B7 93-55 00-00 20-9B 5F-B7 93-55 00-00 50-9B 5F-B7 93-55 00-00 50-9B 5F-B7 93-55 00-00&gt;" status="run" result="completed" time="0" timestamp="2021-04-28T22:27:05" classname="NISTTestVector/PRNGTest" />
    <testcase name="HashDRBG/207" value_param="168-byte object &lt;10-AA 63-B7 93-55 00-00 30-AA 63-B7 93-55 00-00 30-AA 63-B7 93-55 00-00 40-9A 5F-B7 93-55 00-00 50-9A 5F-B7 93-55 00-00 50-9A 5F-B7 93-55 00-00 00-00 00-00 00-00 00-00 00-00 00-00 00-00 00-00 ... 30-7E 64-B7 93-55 00-00 30-7E 64-B7 93-55 00-00 E0-F0 63-B7 93-55 00-00 00-F1 63-B7 93-55 00-00 00-F1 63-B7 93-55 00-00 20-9B 5F-B7 93-55 00-00 50-9B 5F-B7 93-55 00-00 50-9B 5F-B7 93-55 00-00&gt;" status="run" result="completed" time="0" timestamp="2021-04-28T22:27:05" classname="NISTTestVector/PRNGTest" />
    <testcase name="HashDRBG/208" value_param="168-byte object &lt;70-4A 64-B7 93-55 00-00 90-4A 64-B7 93-55 00-00 90-4A 64-B7 93-55 00-00 40-9A 5F-B7 93-55 00-00 50-9A 5F-B7 93-55 00-00 50-9A 5F-B7 93-55 00-00 00-00 00-00 00-00 00-00 00-00 00-00 00-00 00-00 ... 70-84 64-B7 93-55 00-00 70-84 64-B7 93-55 00-00 D0-4A 64-B7 93-55 00-00 F0-4A 64-B7 93-55 00-00 F0-4A 64-B7 93-55 00-00 20-9B 5F-B7 93-55 00-00 50-9B 5F-B7 93-55 00-00 50-9B 5F-B7 93-55 00-00&gt;" status="run" result="completed" time="0" timestamp="2021-04-28T22:27:05" classname="NISTTestVector/PRNGTest" />
    <testcase name="HashDRBG/209" value_param="168-byte object &lt;40-4A 64-B7 93-55 00-00 60-4A 64-B7 93-55 00-00 60-4A 64-B7 93-55 00-00 40-9A 5F-B7 93-55 00-00 50-9A 5F-B7 93-55 00-00 50-9A 5F-B7 93-55 00-00 00-00 00-00 00-00 00-00 00-00 00-00 00-00 00-00 ... B0-8A 64-B7 93-55 00-00 B0-8A 64-B7 93-55 00-00 90-DD 63-B7 93-55 00-00 B0-DD 63-B7 93-55 00-00 B0-DD 63-B7 93-55 00-00 20-9B 5F-B7 93-55 00-00 50-9B 5F-B7 93-55 00-00 50-9B 5F-B7 93-55 00-00&gt;" status="run" result="completed" time="0" timestamp="2021-04-28T22:27:05" classname="NISTTestVector/PRNGTest" />
    <testcase name="HashDRBG/210" value_param="168-byte object &lt;10-4A 64-B7 93-55 00-00 30-4A 64-B7 93-55 00-00 30-4A 64-B7 93-55 00-00 40-9A 5F-B7 93-55 00-00 50-9A 5F-B7 93-55 00-00 50-9A 5F-B7 93-55 00-00 D0-90 64-B7 93-55 00-00 F0-90 64-B7 93-55 00-00 ... 70-4B 64-B7 93-55 00-00 70-4B 64-B7 93-55 00-00 00-00 00-00 00-00 00-00 00-00 00-00 00-00 00-00 00-00 00-00 00-00 00-00 20-9B 5F-B7 93-55 00-00 50-9B 5F-B7 93-55 00-00 50-9B 5F-B7 93-55 00-00&gt;" status="run" result="completed" time="0" timestamp="2021-04-28T22:27:05" classname="NISTTestVector/PRNGTest" />
    <testcase name="HashDRBG/211" value_param="168-byte object &lt;D0-4A 64-B7 93-55 00-00 F0-4A 64-B7 93-55 00-00 F0-4A 64-B7 93-55 00-00 40-9A 5F-B7 93-55 00-00 50-9A 5F-B7 93-55 00-00 50-9A 5F-B7 93-55 00-00 50-9D 64-B7 93-55 00-00 70-9D 64-B7 93-55 00-00 ... B0-A3 64-B7 93-55 00-00 B0-A3 64-B7 93-55 00-00 00-00 00-00 00-00 00-00 00-00 00-00 00-00 00-00 00-00 00-00 00-00 00-00 20-9B 5F-B7 93-55 00-00 50-9B 5F-B7 93-55 00-00 50-9B 5F-B7 93-55 00-00&gt;" status="run" result="completed" time="0" timestamp="2021-04-28T22:27:05" classname="NISTTestVector/PRNGTest" />
    <testcase name="HashDRBG/212" value_param="168-byte object &lt;50-9D 64-B7 93-55 00-00 70-9D 64-B7 93-55 00-00 70-9D 64-B7 93-55 00-00 40-9A 5F-B7 93-55 00-00 50-9A 5F-B7 93-55 00-00 50-9A 5F-B7 93-55 00-00 90-A3 64-B7 93-55 00-00 B0-A3 64-B7 93-55 00-00 ... 00-4C 64-B7 93-55 00-00 00-4C 64-B7 93-55 00-00 00-00 00-00 00-00 00-00 00-00 00-00 00-00 00-00 00-00 00-00 00-00 00-00 20-9B 5F-B7 93-55 00-00 50-9B 5F-B7 93-55 00-00 50-9B 5F-B7 93-55 00-00&gt;" status="run" result="completed" time="0" timestamp="2021-04-28T22:27:05" classname="NISTTestVector/PRNGTest" />
    <testcase name="HashDRBG/213" value_param="168-byte object &lt;90-A3 64-B7 93-55 00-00 B0-A3 64-B7 93-55 00-00 B0-A3 64-B7 93-55 00-00 40-9A 5F-B7 93-55 00-00 50-9A 5F-B7 93-55 00-00 50-9A 5F-B7 93-55 00-00 E0-4B 64-B7 93-55 00-00 00-4C 64-B7 93-55 00-00 ... 30-AA 63-B7 93-55 00-00 30-AA 63-B7 93-55 00-00 00-00 00-00 00-00 00-00 00-00 00-00 00-00 00-00 00-00 00-00 00-00 00-00 20-9B 5F-B7 93-55 00-00 50-9B 5F-B7 93-55 00-00 50-9B 5F-B7 93-55 00-00&gt;" status="run" result="completed" time="0" timestamp="2021-04-28T22:27:05" classname="NISTTestVector/PRNGTest" />
    <testcase name="HashDRBG/214" value_param="168-byte object &lt;E0-4B 64-B7 93-55 00-00 00-4C 64-B7 93-55 00-00 00-4C 64-B7 93-55 00-00 40-9A 5F-B7 93-55 00-00 50-9A 5F-B7 93-55 00-00 50-9A 5F-B7 93-55 00-00 10-AA 63-B7 93-55 00-00 30-AA 63-B7 93-55 00-00 ... B0-DD 63-B7 93-55 00-00 B0-DD 63-B7 93-55 00-00 00-00 00-00 00-00 00-00 00-00 00-00 00-00 00-00 00-00 00-00 00-00 00-00 20-9B 5F-B7 93-55 00-00 50-9B 5F-B7 93-55 00-00 50-9B 5F-B7 93-55 00-00&gt;" status="run" result="completed" time="0" timestamp="2021-04-28T22:27:05" classname="NISTTestVector/PRNGTest" />
    <testcase name="HashDRBG/215" value_param="168-byte object &lt;10-AA 63-B7 93-55 00-00 30-AA 63-B7 93-55 00-00 30-AA 63-B7 93-55 00-00 40-9A 5F-B7 93-55 00-00 50-9A 5F-B7 93-55 00-00 50-9A 5F-B7 93-55 00-00 90-DD 63-B7 93-55 00-00 B0-DD 63-B7 93-55 00-00 ... B0-8A 64-B7 93-55 00-00 B0-8A 64-B7 93-55 00-00 00-00 00-00 00-00 00-00 00-00 00-00 00-00 00-00 00-00 00-00 00-00 00-00 20-9B 5F-B7 93-55 00-00 50-9B 5F-B7 93-55 00-00 50-9B 5F-B7 93-55 00-00&gt;" status="run" result="completed" time="0" timestamp="2021-04-28T22:27:05" classname="NISTTestVector/PRNGTest" />
    <testcase name="HashDRBG/216" value_param="168-byte object &lt;90-DD 63-B7 93-55 00-00 B0-DD 63-B7 93-55 00-00 B0-DD 63-B7 93-55 00-00 40-9A 5F-B7 93-55 00-00 50-9A 5F-B7 93-55 00-00 50-9A 5F-B7 93-55 00-00 90-8A 64-B7 93-55 00-00 B0-8A 64-B7 93-55 00-00 ... 70-4B 64-B7 93-55 00-00 70-4B 64-B7 93-55 00-00 00-00 00-00 00-00 00-00 00-00 00-00 00-00 00-00 00-00 00-00 00-00 00-00 20-9B 5F-B7 93-55 00-00 50-9B 5F-B7 93-55 00-00 50-9B 5F-B7 93-55 00-00&gt;" status="run" result="completed" time="0" timestamp="2021-04-28T22:27:05" classname="NISTTestVector/PRNGTest" />
    <testcase name="HashDRBG/217" value_param="168-byte object &lt;90-8A 64-B7 93-55 00-00 B0-8A 64-B7 93-55 00-00 B0-8A 64-B7 93-55 00-00 40-9A 5F-B7 93-55 00-00 50-9A 5F-B7 93-55 00-00 50-9A 5F-B7 93-55 00-00 50-4B 64-B7 93-55 00-00 70-4B 64-B7 93-55 00-00 ... 90-B4 64-B7 93-55 00-00 90-B4 64-B7 93-55 00-00 00-00 00-00 00-00 00-00 00-00 00-00 00-00 00-00 00-00 00-00 00-00 00-00 20-9B 5F-B7 93-55 00-00 50-9B 5F-B7 93-55 00-00 50-9B 5F-B7 93-55 00-00&gt;" status="run" result="completed" time="0" timestamp="2021-04-28T22:27:05" classname="NISTTestVector/PRNGTest" />
    <testcase name="HashDRBG/218" value_param="168-byte object &lt;50-4B 64-B7 93-55 00-00 70-4B 64-B7 93-55 00-00 70-4B 64-B7 93-55 00-00 40-9A 5F-B7 93-55 00-00 50-9A 5F-B7 93-55 00-00 50-9A 5F-B7 93-55 00-00 70-B4 64-B7 93-55 00-00 90-B4 64-B7 93-55 00-00 ... 70-BA 64-B7 93-55 00-00 70-BA 64-B7 93-55 00-00 00-00 00-00 00-00 00-00 00-00 00-00 00-00 00-00 00-00 00-00 00-00 00-00 20-9B 5F-B7 93-55 00-00 50-9B 5F-B7 93-55 00-00 50-9B 5F-B7 93-55 00-00&gt;" status="run" result="completed" time="0" timestamp="2021-04-28T22:27:05" classname="NISTTestVector/PRNGTest" />
    <testcase name="HashDRBG/219" value_param="168-byte object &lt;70-B4 64-B7 93-55 00-00 90-B4 64-B7 93-55 00-00 90-B4 64-B7 93-55 00-00 40-9A 5F-B7 93-55 00-00 50-9A 5F-B7 93-55 00-00 50-9A 5F-B7 93-55 00-00 50-BA 64-B7 93-55 00-00 70-BA 64-B7 93-55 00-00 ... 50-C0 64-B7 93-55 00-00 50-C0 64-B7 93-55 00-00 00-00 00-00 00-00 00-00 00-00 00-00 00-00 00-00 00-00 00-00 00-00 00-00 20-9B 5F-B7 93-55 00-00 50-9B 5F-B7 93-55 00-00 50-9B 5F-B7 93-55 00-00&gt;" status="run" result="completed" time="0" timestamp="2021-04-28T22:27:05" classname="NISTTestVector/PRNGTest" />
    <testcase name="HashDRBG/220" value_param="168-byte object &lt;50-BA 64-B7 93-55 00-00 70-BA 64-B7 93-55 00-00 70-BA 64-B7 93-55 00-00 40-9A 5F-B7 93-55 00-00 50-9A 5F-B7 93-55 00-00 50-9A 5F-B7 93-55 00-00 30-C0 64-B7 93-55 00-00 50-C0 64-B7 93-55 00-00 ... 30-C6 64-B7 93-55 00-00 30-C6 64-B7 93-55 00-00 00-00 00-00 00-00 00-00 00-00 00-00 00-00 00-00 00-00 00-00 00-00 00-00 20-9B 5F-B7 93-55 00-00 50-9B 5F-B7 93-55 00-00 50-9B 5F-B7 93-55 00-00&gt;" status="run" result="completed" time="0" timestamp="2021-04-28T22:27:05" classname="NISTTestVector/PRNGTest" />
    <testcase name="HashDRBG/221" value_param="168-byte object &lt;30-C0 64-B7 93-55 00-00 50-C0 64-B7 93-55 00-00 50-C0 64-B7 93-55 00-00 40-9A 5F-B7 93-55 00-00 50-9A 5F-B7 93-55 00-00 50-9A 5F-B7 93-55 00-00 10-C6 64-B7 93-55 00-00 30-C6 64-B7 93-55 00-00 ... 10-CC 64-B7 93-55 00-00 10-CC 64-B7 93-55 00-00 00-00 00-00 00-00 00-00 00-00 00-00 00-00 00-00 00-00 00-00 00-00 00-00 20-9B 5F-B7 93-55 00-00 50-9B 5F-B7 93-55 00-00 50-9B 5F-B7 93-55 00-00&gt;" status="run" result="completed" time="0" timestamp="2021-04-28T22:27:05" classname="NISTTestVector/PRNGTest" />
    <testcase name="HashDRBG/222" value_param="168-byte object &lt;10-C6 64-B7 93-55 00-00 30-C6 64-B7 93-55 00-00 30-C6 64-B7 93-55 00-00 40-9A 5F-B7 93-55 00-00 50-9A 5F-B7 93-55 00-00 50-9A 5F-B7 93-55 00-00 F0-CB 64-B7 93-55 00-00 10-CC 64-B7 93-55 00-00 ... F0-D1 64-B7 93-55 00-00 F0-D1 64-B7 93-55 00-00 00-00 00-00 00-00 00-00 00-00 00-00 00-00 00-00 00-00 00-00 00-00 00-00 20-9B 5F-B7 93-55 00-00 50-9B 5F-B7 93-55 00-00 50-9B 5F-B7 93-55 00-00&gt;" status="run" result="completed" time="0" timestamp="2021-04-28T22:27:05" classname="NISTTestVector/PRNGTest" />
    <testcase name="HashDRBG/223" value_param="168-byte object &lt;F0-CB 64-B7 93-55 00-00 10-CC 64-B7 93-55 00-00 10-CC 64-B7 93-55 00-00 40-9A 5F-B7 93-55 00-00 50-9A 5F-B7 93-55 00-00 50-9A 5F-B7 93-55 00-00 D0-D1 64-B7 93-55 00-00 F0-D1 64-B7 93-55 00-00 ... D0-D7 64-B7 93-55 00-00 D0-D7 64-B7 93-55 00-00 00-00 00-00 00-00 00-00 00-00 00-00 00-00 00-00 00-00 00-00 00-00 00-00 20-9B 5F-B7 93-55 00-00 50-9B 5F-B7 93-55 00-00 50-9B 5F-B7 93-55 00-00&gt;" status="run" result="completed" time="0" timestamp="2021-04-28T22:27:05" classname="NISTTestVector/PRNGTest" />
    <testcase name="HashDRBG/224" value_param="168-byte object &lt;D0-D1 64-B7 93-55 00-00 F0-D1 64-B7 93-55 00-00 F0-D1 64-B7 93-55 00-00 40-9A 5F-B7 93-55 00-00 50-9A 5F-B7 93-55 00-00 50-9A 5F-B7 93-55 00-00 B0-D7 64-B7 93-55 00-00 D0-D7 64-B7 93-55 00-00 ... B0-DD 64-B7 93-55 00-00 B0-DD 64-B7 93-55 00-00 00-00 00-00 00-00 00-00 00-00 00-00 00-00 00-00 00-00 00-00 00-00 00-00 20-9B 5F-B7 93-55 00-00 50-9B 5F-B7 93-55 00-00 50-9B 5F-B7 93-55 00-00&gt;" status="run" result="completed" time="0" timestamp="2021-04-28T22:27:05" classname="NISTTestVector/PRNGTest" />
    <testcase name="HashDRBG/225" value_param="168-byte object &lt;B0-D7 64-B7 93-55 00-00 D0-D7 64-B7 93-55 00-00 D0-D7 64-B7 93-55 00-00 40-9A 5F-B7 93-55 00-00 50-9A 5F-B7 93-55 00-00 50-9A 5F-B7 93-55 00-00 90-DD 64-B7 93-55 00-00 B0-DD 64-B7 93-55 00-00 ... 90-E3 64-B7 93-55 00-00 90-E3 64-B7 93-55 00-00 50-E9 64-B7 93-55 00-00 70-E9 64-B7 93-55 00-00 70-E9 64-B7 93-55 00-00 20-9B 5F-B7 93-55 00-00 50-9B 5F-B7 93-55 00-00 50-9B 5F-B7 93-55 00-00&gt;" status="run" result="completed" time="0" timestamp="2021-04-28T22:27:05" classname="NISTTestVector/PRNGTest" />
    <testcase name="HashDRBG/226" value_param="168-byte object &lt;E0-00 65-B7 93-55 00-00 00-01 65-B7 93-55 00-00 00-01 65-B7 93-55 00-00 40-9A 5F-B7 93-55 00-00 50-9A 5F-B7 93-55 00-00 50-9A 5F-B7 93-55 00-00 10-01 65-B7 93-55 00-00 30-01 65-B7 93-55 00-00 ... B0-01 65-B7 93-55 00-00 B0-01 65-B7 93-55 00-00 F0-01 65-B7 93-55 00-00 10-02 65-B7 93-55 00-00 10-02 65-B7 93-55 00-00 20-9B 5F-B7 93-55 00-00 50-9B 5F-B7 93-55 00-00 50-9B 5F-B7 93-55 00-00&gt;" status="run" result="completed" time="0" timestamp="2021-04-28T22:27:05" classname="NISTTestVector/PRNGTest" />
    <testcase name="HashDRBG/227" value_param="168-byte object &lt;70-E3 64-B7 93-55 00-00 90-E3 64-B7 93-55 00-00 90-E3 64-B7 93-55 00-00 40-9A 5F-B7 93-55 00-00 50-9A 5F-B7 93-55 00-00 50-9A 5F-B7 93-55 00-00 50-E9 64-B7 93-55 00-00 70-E9 64-B7 93-55 00-00 ... B0-DD 64-B7 93-55 00-00 B0-DD 64-B7 93-55 00-00 B0-00 65-B7 93-55 00-00 D0-00 65-B7 93-55 00-00 D0-00 65-B7 93-55 00-00 20-9B 5F-B7 93-55 00-00 50-9B 5F-B7 93-55 00-00 50-9B 5F-B7 93-55 00-00&gt;" status="run" result="completed" time="0" timestamp="2021-04-28T22:27:05" classname="NISTTestVector/PRNGTest" />
    <testcase name="HashDRBG/228" value_param="168-byte object &lt;90-01 65-B7 93-55 00-00 B0-01 65-B7 93-55 00-00 B0-01 65-B7 93-55 00-00 40-9A 5F-B7 93-55 00-00 50-9A 5F-B7 93-55 00-00 50-9A 5F-B7 93-55 00-00 F0-01 65-B7 93-55 00-00 10-02 65-B7 93-55 00-00 ... 30-01 65-B7 93-55 00-00 30-01 65-B7 93-55 00-00 30-EF 64-B7 93-55 00-00 50-EF 64-B7 93-55 00-00 50-EF 64-B7 93-55 00-00 20-9B 5F-B7 93-55 00-00 50-9B 5F-B7 93-55 00-00 50-9B 5F-B7 93-55 00-00&gt;" status="run" result="completed" time="0" timestamp="2021-04-28T22:27:05" classname="NISTTestVector/PRNGTest" />
    <testcase name="HashDRBG/229" value_param="168-byte object &lt;90-DD 64-B7 93-55 00-00 B0-DD 64-B7 93-55 00-00 B0-DD 64-B7 93-55 00-00 40-9A 5F-B7 93-55 00-00 50-9A 5F-B7 93-55 00-00 50-9A 5F-B7 93-55 00-00 B0-00 65-B7 93-55 00-00 D0-00 65-B7 93-55 00-00 ... 70-E9 64-B7 93-55 00-00 70-E9 64-B7 93-55 00-00 20-02 65-B7 93-55 00-00 40-02 65-B7 93-55 00-00 40-02 65-B7 93-55 00-00 20-9B 5F-B7 93-55 00-00 50-9B 5F-B7 93-55 00-00 50-9B 5F-B7 93-55 00-00&gt;" status="run" result="completed" time="0" timestamp="2021-04-28T22:27:05" classname="NISTTestVector/PRNGTest" />
    <testcase name="HashDRBG/230" value_param="168-byte object &lt;10-01 65-B7 93-55 00-00 30-01 65-B7 93-55 00-00 30-01 65-B7 93-55 00-00 40-9A 5F-B7 93-55 00-00 50-9A 5F-B7 93-55 00-00 50-9A 5F-B7 93-55 00-00 30-EF 64-B7 93-55 00-00 50-EF 64-B7 93-55 00-00 ... 10-02 65-B7 93-55 00-00 10-02 65-B7 93-55 00-00 80-00 65-B7 93-55 00-00 A0-00 65-B7 93-55 00-00 A0-00 65-B7 93-55 00-00 20-9B 5F-B7 93-55 00-00 50-9B 5F-B7 93-55 00-00 50-9B 5F-B7 93-55 00-00&gt;" status="run" result="completed" time="0" timestamp="2021-04-28T22:27:05" classname="NISTTestVector/PRNGTest" />
    <testcase name="HashDRBG/231" value_param="168-byte object &lt;50-E9 64-B7 93-55 00-00 70-E9 64-B7 93-55 00-00 70-E9 64-B7 93-55 00-00 40-9A 5F-B7 93-55 00-00 50-9A 5F-B7 93-55 00-00 50-9A 5F-B7 93-55 00-00 20-02 65-B7 93-55 00-00 40-02 65-B7 93-55 00-00 ... D0-00 65-B7 93-55 00-00 D0-00 65-B7 93-55 00-00 10-F5 64-B7 93-55 00-00 30-F5 64-B7 93-55 00-00 30-F5 64-B7 93-55 00-00 20-9B 5F-B7 93-55 00-00 50-9B 5F-B7 93-55 00-00 50-9B 5F-B7 93-55 00-00&gt;" status="run" result="completed" time="0" timestamp="2021-04-28T22:27:05" classname="NISTTestVector/PRNGTest" />
    <testcase name="HashDRBG/232" value_param="168-byte object &lt;F0-01 65-B7 93-55 00-00 10-02 65-B7 93-55 00-00 10-02 65-B7 93-55 00-00 40-9A 5F-B7 93-55 00-00 50-9A 5F-B7 93-55 00-00 50-9A 5F-B7 93-55 00-00 80-00 65-B7 93-55 00-00 A0-00 65-B7 93-55 00-00 ... 50-EF 64-B7 93-55 00-00 50-EF 64-B7 93-55 00-00 80-02 65-B7 93-55 00-00 A0-02 65-B7 93-55 00-00 A0-02 65-B7 93-55 00-00 20-9B 5F-B7 93-55 00-00 50-9B 5F-B7 93-55 00-00 50-9B 5F-B7 93-55 00-00&gt;" status="run" result="completed" time="0" timestamp="2021-04-28T22:27:05" classname="NISTTestVector/PRNGTest" />
    <testcase name="HashDRBG/233" value_param="168-byte object &lt;B0-00 65-B7 93-55 00-00 D0-00 65-B7 93-55 00-00 D0-00 65-B7 93-55 00-00 40-9A 5F-B7 93-55 00-00 50-9A 5F-B7 93-55 00-00 50-9A 5F-B7 93-55 00-00 10-F5 64-B7 93-55 00-00 30-F5 64-B7 93-55 00-00 ... 40-02 65-B7 93-55 00-00 40-02 65-B7 93-55 00-00 F0-08 65-B7 93-55 00-00 10-09 65-B7 93-55 00-00 10-09 65-B7 93-55 00-00 20-9B 5F-B7 93-55 00-00 50-9B 5F-B7 93-55 00-00 50-9B 5F-B7 93-55 00-00&gt;" status="run" result="completed" time="0" timestamp="2021-04-28T22:27:05" classname="NISTTestVector/PRNGTest" />
    <testcase name="HashDRBG/234" value_param="168-byte object &lt;30-EF 64-B7 93-55 00-00 50-EF 64-B7 93-55 00-00 50-EF 64-B7 93-55 00-00 40-9A 5F-B7 93-55 00-00 50-9A 5F-B7 93-55 00-00 50-9A 5F-B7 93-55 00-00 80-02 65-B7 93-55 00-00 A0-02 65-B7 93-55 00-00 ... A0-00 65-B7 93-55 00-00 A0-00 65-B7 93-55 00-00 60-0F 65-B7 93-55 00-00 80-0F 65-B7 93-55 00-00 80-0F 65-B7 93-55 00-00 20-9B 5F-B7 93-55 00-00 50-9B 5F-B7 93-55 00-00 50-9B 5F-B7 93-55 00-00&gt;" status="run" result="completed" time="0.002" timestamp="2021-04-28T22:27:05" classname="NISTTestVector/PRNGTest" />
    <testcase name="HashDRBG/235" value_param="168-byte object &lt;20-02 65-B7 93-55 00-00 40-02 65-B7 93-55 00-00 40-02 65-B7 93-55 00-00 40-9A 5F-B7 93-55 00-00 50-9A 5F-B7 93-55 00-00 50-9A 5F-B7 93-55 00-00 F0-08 65-B7 93-55 00-00 10-09 65-B7 93-55 00-00 ... 30-F5 64-B7 93-55 00-00 30-F5 64-B7 93-55 00-00 D0-15 65-B7 93-55 00-00 F0-15 65-B7 93-55 00-00 F0-15 65-B7 93-55 00-00 20-9B 5F-B7 93-55 00-00 50-9B 5F-B7 93-55 00-00 50-9B 5F-B7 93-55 00-00&gt;" status="run" result="completed" time="0" timestamp="2021-04-28T22:27:05" classname="NISTTestVector/PRNGTest" />
    <testcase name="HashDRBG/236" value_param="168-byte object &lt;80-00 65-B7 93-55 00-00 A0-00 65-B7 93-55 00-00 A0-00 65-B7 93-55 00-00 40-9A 5F-B7 93-55 00-00 50-9A 5F-B7 93-55 00-00 50-9A 5F-B7 93-55 00-00 60-0F 65-B7 93-55 00-00 80-0F 65-B7 93-55 00-00 ... A0-02 65-B7 93-55 00-00 A0-02 65-B7 93-55 00-00 40-1C 65-B7 93-55 00-00 60-1C 65-B7 93-55 00-00 60-1C 65-B7 93-55 00-00 20-9B 5F-B7 93-55 00-00 50-9B 5F-B7 93-55 00-00 50-9B 5F-B7 93-55 00-00&gt;" status="run" result="completed" time="0" timestamp="2021-04-28T22:27:05" classname="NISTTestVector/PRNGTest" />
    <testcase name="HashDRBG/237" value_param="168-byte object &lt;10-F5 64-B7 93-55 00-00 30-F5 64-B7 93-55 00-00 30-F5 64-B7 93-55 00-00 40-9A 5F-B7 93-55 00-00 50-9A 5F-B7 93-55 00-00 50-9A 5F-B7 93-55 00-00 D0-15 65-B7 93-55 00-00 F0-15 65-B7 93-55 00-00 ... 10-09 65-B7 93-55 00-00 10-09 65-B7 93-55 00-00 B0-22 65-B7 93-55 00-00 D0-22 65-B7 93-55 00-00 D0-22 65-B7 93-55 00-00 20-9B 5F-B7 93-55 00-00 50-9B 5F-B7 93-55 00-00 50-9B 5F-B7 93-55 00-00&gt;" status="run" result="completed" time="0" timestamp="2021-04-28T22:27:05" classname="NISTTestVector/PRNGTest" />
    <testcase name="HashDRBG/238" value_param="168-byte object &lt;80-02 65-B7 93-55 00-00 A0-02 65-B7 93-55 00-00 A0-02 65-B7 93-55 00-00 40-9A 5F-B7 93-55 00-00 50-9A 5F-B7 93-55 00-00 50-9A 5F-B7 93-55 00-00 40-1C 65-B7 93-55 00-00 60-1C 65-B7 93-55 00-00 ... 80-0F 65-B7 93-55 00-00 80-0F 65-B7 93-55 00-00 20-29 65-B7 93-55 00-00 40-29 65-B7 93-55 00-00 40-29 65-B7 93-55 00-00 20-9B 5F-B7 93-55 00-00 50-9B 5F-B7 93-55 00-00 50-9B 5F-B7 93-55 00-00&gt;" status="run" result="completed" time="0" timestamp="2021-04-28T22:27:05" classname="NISTTestVector/PRNGTest" />
    <testcase name="HashDRBG/239" value_param="168-byte object &lt;F0-08 65-B7 93-55 00-00 10-09 65-B7 93-55 00-00 10-09 65-B7 93-55 00-00 40-9A 5F-B7 93-55 00-00 50-9A 5F-B7 93-55 00-00 50-9A 5F-B7 93-55 00-00 B0-22 65-B7 93-55 00-00 D0-22 65-B7 93-55 00-00 ... F0-15 65-B7 93-55 00-00 F0-15 65-B7 93-55 00-00 90-2F 65-B7 93-55 00-00 B0-2F 65-B7 93-55 00-00 B0-2F 65-B7 93-55 00-00 20-9B 5F-B7 93-55 00-00 50-9B 5F-B7 93-55 00-00 50-9B 5F-B7 93-55 00-00&gt;" status="run" result="completed" time="0" timestamp="2021-04-28T22:27:05" classname="NISTTestVector/PRNGTest" />
  </testsuite>
</testsuites>
