<?xml version="1.0" encoding="UTF-8"?>
<testsuites tests="1963" failures="0" disabled="3" errors="0" time="0.043" timestamp="2021-04-28T21:24:23" name="AllTests">
  <testsuite name="B64EncodeDecodeTest" tests="7" failures="0" disabled="3" errors="0" time="0" timestamp="2021-04-28T21:24:23">
    <testcase name="DecEncTest" status="run" result="completed" time="0" timestamp="2021-04-28T21:24:23" classname="B64EncodeDecodeTest" />
    <testcase name="EncDecTest" status="run" result="completed" time="0" timestamp="2021-04-28T21:24:23" classname="B64EncodeDecodeTest" />
    <testcase name="FakeDecTest" status="run" result="completed" time="0" timestamp="2021-04-28T21:24:23" classname="B64EncodeDecodeTest" />
    <testcase name="FakeEncDecTest" status="run" result="completed" time="0" timestamp="2021-04-28T21:24:23" classname="B64EncodeDecodeTest" />
    <testcase name="DISABLED_LongFakeDecTest1" status="notrun" result="suppressed" time="0" timestamp="1970-01-01T05:30:00" classname="B64EncodeDecodeTest" />
    <testcase name="DISABLED_LongFakeEncDecTest1" status="notrun" result="suppressed" time="0" timestamp="1970-01-01T05:30:00" classname="B64EncodeDecodeTest" />
    <testcase name="DISABLED_LongFakeEncDecTest2" status="notrun" result="suppressed" time="0" timestamp="1970-01-01T05:30:00" classname="B64EncodeDecodeTest" />
  </testsuite>
  <testsuite name="MemcmpZeroTest" tests="4" failures="0" disabled="0" errors="0" time="0" timestamp="2021-04-28T21:24:23">
    <testcase name="TestMemcmpZeroTrue" status="run" result="completed" time="0" timestamp="2021-04-28T21:24:23" classname="MemcmpZeroTest" />
    <testcase name="TestMemcmpZeroFalse5" status="run" result="completed" time="0" timestamp="2021-04-28T21:24:23" classname="MemcmpZeroTest" />
    <testcase name="TestMemcmpZeroFalse37" status="run" result="completed" time="0" timestamp="2021-04-28T21:24:23" classname="MemcmpZeroTest" />
    <testcase name="TestMemcmpZeroFalse0" status="run" result="completed" time="0" timestamp="2021-04-28T21:24:23" classname="MemcmpZeroTest" />
  </testsuite>
  <testsuite name="PK11URITest" tests="6" failures="0" disabled="0" errors="0" time="0" timestamp="2021-04-28T21:24:23">
    <testcase name="CreateTest" status="run" result="completed" time="0" timestamp="2021-04-28T21:24:23" classname="PK11URITest" />
    <testcase name="CreateRetrieveTest" status="run" result="completed" time="0" timestamp="2021-04-28T21:24:23" classname="PK11URITest" />
    <testcase name="CreateFormatTest" status="run" result="completed" time="0" timestamp="2021-04-28T21:24:23" classname="PK11URITest" />
    <testcase name="ParseTest" status="run" result="completed" time="0" timestamp="2021-04-28T21:24:23" classname="PK11URITest" />
    <testcase name="ParseRetrieveTest" status="run" result="completed" time="0" timestamp="2021-04-28T21:24:23" classname="PK11URITest" />
    <testcase name="ParseFormatTest" status="run" result="completed" time="0" timestamp="2021-04-28T21:24:23" classname="PK11URITest" />
  </testsuite>
  <testsuite name="Utf8Zeroes" tests="4" failures="0" disabled="0" errors="0" time="0" timestamp="2021-04-28T21:24:23">
    <testcase name="From32To8" status="run" result="completed" time="0" timestamp="2021-04-28T21:24:23" classname="Utf8Zeroes" />
    <testcase name="From16To8" status="run" result="completed" time="0" timestamp="2021-04-28T21:24:23" classname="Utf8Zeroes" />
    <testcase name="From8To32" status="run" result="completed" time="0" timestamp="2021-04-28T21:24:23" classname="Utf8Zeroes" />
    <testcase name="From8To16" status="run" result="completed" time="0" timestamp="2021-04-28T21:24:23" classname="Utf8Zeroes" />
  </testsuite>
  <testsuite name="AllAligned/AlignedMallocTest" tests="14" failures="0" disabled="0" errors="0" time="0.001" timestamp="2021-04-28T21:24:23">
    <testcase name="TestNew/0" value_param="1" status="run" result="completed" time="0" timestamp="2021-04-28T21:24:23" classname="AllAligned/AlignedMallocTest" />
    <testcase name="TestNew/1" value_param="2" status="run" result="completed" time="0" timestamp="2021-04-28T21:24:23" classname="AllAligned/AlignedMallocTest" />
    <testcase name="TestNew/2" value_param="4" status="run" result="completed" time="0" timestamp="2021-04-28T21:24:23" classname="AllAligned/AlignedMallocTest" />
    <testcase name="TestNew/3" value_param="8" status="run" result="completed" time="0" timestamp="2021-04-28T21:24:23" classname="AllAligned/AlignedMallocTest" />
    <testcase name="TestNew/4" value_param="16" status="run" result="completed" time="0" timestamp="2021-04-28T21:24:23" classname="AllAligned/AlignedMallocTest" />
    <testcase name="TestNew/5" value_param="32" status="run" result="completed" time="0" timestamp="2021-04-28T21:24:23" classname="AllAligned/AlignedMallocTest" />
    <testcase name="TestNew/6" value_param="64" status="run" result="completed" time="0" timestamp="2021-04-28T21:24:23" classname="AllAligned/AlignedMallocTest" />
    <testcase name="TestAlloc/0" value_param="1" status="run" result="completed" time="0" timestamp="2021-04-28T21:24:23" classname="AllAligned/AlignedMallocTest" />
    <testcase name="TestAlloc/1" value_param="2" status="run" result="completed" time="0" timestamp="2021-04-28T21:24:23" classname="AllAligned/AlignedMallocTest" />
    <testcase name="TestAlloc/2" value_param="4" status="run" result="completed" time="0" timestamp="2021-04-28T21:24:23" classname="AllAligned/AlignedMallocTest" />
    <testcase name="TestAlloc/3" value_param="8" status="run" result="completed" time="0" timestamp="2021-04-28T21:24:23" classname="AllAligned/AlignedMallocTest" />
    <testcase name="TestAlloc/4" value_param="16" status="run" result="completed" time="0" timestamp="2021-04-28T21:24:23" classname="AllAligned/AlignedMallocTest" />
    <testcase name="TestAlloc/5" value_param="32" status="run" result="completed" time="0" timestamp="2021-04-28T21:24:23" classname="AllAligned/AlignedMallocTest" />
    <testcase name="TestAlloc/6" value_param="64" status="run" result="completed" time="0" timestamp="2021-04-28T21:24:23" classname="AllAligned/AlignedMallocTest" />
  </testsuite>
  <testsuite name="AllAlignedBadSize/AlignedMallocTestBadSize" tests="10" failures="0" disabled="0" errors="0" time="0" timestamp="2021-04-28T21:24:23">
    <testcase name="TestNew/0" value_param="0" status="run" result="completed" time="0" timestamp="2021-04-28T21:24:23" classname="AllAlignedBadSize/AlignedMallocTestBadSize" />
    <testcase name="TestNew/1" value_param="7" status="run" result="completed" time="0" timestamp="2021-04-28T21:24:23" classname="AllAlignedBadSize/AlignedMallocTestBadSize" />
    <testcase name="TestNew/2" value_param="17" status="run" result="completed" time="0" timestamp="2021-04-28T21:24:23" classname="AllAlignedBadSize/AlignedMallocTestBadSize" />
    <testcase name="TestNew/3" value_param="24" status="run" result="completed" time="0" timestamp="2021-04-28T21:24:23" classname="AllAlignedBadSize/AlignedMallocTestBadSize" />
    <testcase name="TestNew/4" value_param="56" status="run" result="completed" time="0" timestamp="2021-04-28T21:24:23" classname="AllAlignedBadSize/AlignedMallocTestBadSize" />
    <testcase name="TestAlloc/0" value_param="0" status="run" result="completed" time="0" timestamp="2021-04-28T21:24:23" classname="AllAlignedBadSize/AlignedMallocTestBadSize" />
    <testcase name="TestAlloc/1" value_param="7" status="run" result="completed" time="0" timestamp="2021-04-28T21:24:23" classname="AllAlignedBadSize/AlignedMallocTestBadSize" />
    <testcase name="TestAlloc/2" value_param="17" status="run" result="completed" time="0" timestamp="2021-04-28T21:24:23" classname="AllAlignedBadSize/AlignedMallocTestBadSize" />
    <testcase name="TestAlloc/3" value_param="24" status="run" result="completed" time="0" timestamp="2021-04-28T21:24:23" classname="AllAlignedBadSize/AlignedMallocTestBadSize" />
    <testcase name="TestAlloc/4" value_param="56" status="run" result="completed" time="0" timestamp="2021-04-28T21:24:23" classname="AllAlignedBadSize/AlignedMallocTestBadSize" />
  </testsuite>
  <testsuite name="Ucs4TestCases/Ucs4Test" tests="678" failures="0" disabled="0" errors="0" time="0.018" timestamp="2021-04-28T21:24:23">
    <testcase name="ToUtf8/0" value_param="16-byte object &lt;01-00 00-00 00-00 00-00 0E-6E CC-0A 3F-56 00-00&gt;" status="run" result="completed" time="0" timestamp="2021-04-28T21:24:23" classname="Ucs4TestCases/Ucs4Test" />
    <testcase name="ToUtf8/1" value_param="16-byte object &lt;02-00 00-00 00-00 00-00 10-6E CC-0A 3F-56 00-00&gt;" status="run" result="completed" time="0" timestamp="2021-04-28T21:24:23" classname="Ucs4TestCases/Ucs4Test" />
    <testcase name="ToUtf8/2" value_param="16-byte object &lt;03-00 00-00 00-00 00-00 12-6E CC-0A 3F-56 00-00&gt;" status="run" result="completed" time="0" timestamp="2021-04-28T21:24:23" classname="Ucs4TestCases/Ucs4Test" />
    <testcase name="ToUtf8/3" value_param="16-byte object &lt;04-00 00-00 00-00 00-00 14-6E CC-0A 3F-56 00-00&gt;" status="run" result="completed" time="0" timestamp="2021-04-28T21:24:23" classname="Ucs4TestCases/Ucs4Test" />
    <testcase name="ToUtf8/4" value_param="16-byte object &lt;07-00 00-00 00-00 00-00 16-6E CC-0A 3F-56 00-00&gt;" status="run" result="completed" time="0" timestamp="2021-04-28T21:24:23" classname="Ucs4TestCases/Ucs4Test" />
    <testcase name="ToUtf8/5" value_param="16-byte object &lt;08-00 00-00 00-00 00-00 18-6E CC-0A 3F-56 00-00&gt;" status="run" result="completed" time="0" timestamp="2021-04-28T21:24:23" classname="Ucs4TestCases/Ucs4Test" />
    <testcase name="ToUtf8/6" value_param="16-byte object &lt;0F-00 00-00 00-00 00-00 1A-6E CC-0A 3F-56 00-00&gt;" status="run" result="completed" time="0" timestamp="2021-04-28T21:24:23" classname="Ucs4TestCases/Ucs4Test" />
    <testcase name="ToUtf8/7" value_param="16-byte object &lt;10-00 00-00 00-00 00-00 1C-6E CC-0A 3F-56 00-00&gt;" status="run" result="completed" time="0" timestamp="2021-04-28T21:24:23" classname="Ucs4TestCases/Ucs4Test" />
    <testcase name="ToUtf8/8" value_param="16-byte object &lt;1F-00 00-00 00-00 00-00 1E-6E CC-0A 3F-56 00-00&gt;" status="run" result="completed" time="0" timestamp="2021-04-28T21:24:23" classname="Ucs4TestCases/Ucs4Test" />
    <testcase name="ToUtf8/9" value_param="16-byte object &lt;20-00 00-00 00-00 00-00 20-6E CC-0A 3F-56 00-00&gt;" status="run" result="completed" time="0" timestamp="2021-04-28T21:24:23" classname="Ucs4TestCases/Ucs4Test" />
    <testcase name="ToUtf8/10" value_param="16-byte object &lt;3F-00 00-00 00-00 00-00 22-6E CC-0A 3F-56 00-00&gt;" status="run" result="completed" time="0" timestamp="2021-04-28T21:24:23" classname="Ucs4TestCases/Ucs4Test" />
    <testcase name="ToUtf8/11" value_param="16-byte object &lt;40-00 00-00 00-00 00-00 24-6E CC-0A 3F-56 00-00&gt;" status="run" result="completed" time="0" timestamp="2021-04-28T21:24:23" classname="Ucs4TestCases/Ucs4Test" />
    <testcase name="ToUtf8/12" value_param="16-byte object &lt;7F-00 00-00 00-00 00-00 26-6E CC-0A 3F-56 00-00&gt;" status="run" result="completed" time="0" timestamp="2021-04-28T21:24:23" classname="Ucs4TestCases/Ucs4Test" />
    <testcase name="ToUtf8/13" value_param="16-byte object &lt;80-00 00-00 00-00 00-00 28-6E CC-0A 3F-56 00-00&gt;" status="run" result="completed" time="0" timestamp="2021-04-28T21:24:23" classname="Ucs4TestCases/Ucs4Test" />
    <testcase name="ToUtf8/14" value_param="16-byte object &lt;81-00 00-00 00-00 00-00 2B-6E CC-0A 3F-56 00-00&gt;" status="run" result="completed" time="0" timestamp="2021-04-28T21:24:23" classname="Ucs4TestCases/Ucs4Test" />
    <testcase name="ToUtf8/15" value_param="16-byte object &lt;82-00 00-00 00-00 00-00 2E-6E CC-0A 3F-56 00-00&gt;" status="run" result="completed" time="0" timestamp="2021-04-28T21:24:23" classname="Ucs4TestCases/Ucs4Test" />
    <testcase name="ToUtf8/16" value_param="16-byte object &lt;84-00 00-00 00-00 00-00 31-6E CC-0A 3F-56 00-00&gt;" status="run" result="completed" time="0" timestamp="2021-04-28T21:24:23" classname="Ucs4TestCases/Ucs4Test" />
    <testcase name="ToUtf8/17" value_param="16-byte object &lt;88-00 00-00 00-00 00-00 34-6E CC-0A 3F-56 00-00&gt;" status="run" result="completed" time="0" timestamp="2021-04-28T21:24:23" classname="Ucs4TestCases/Ucs4Test" />
    <testcase name="ToUtf8/18" value_param="16-byte object &lt;90-00 00-00 00-00 00-00 37-6E CC-0A 3F-56 00-00&gt;" status="run" result="completed" time="0" timestamp="2021-04-28T21:24:23" classname="Ucs4TestCases/Ucs4Test" />
    <testcase name="ToUtf8/19" value_param="16-byte object &lt;A0-00 00-00 00-00 00-00 3A-6E CC-0A 3F-56 00-00&gt;" status="run" result="completed" time="0" timestamp="2021-04-28T21:24:23" classname="Ucs4TestCases/Ucs4Test" />
    <testcase name="ToUtf8/20" value_param="16-byte object &lt;C0-00 00-00 00-00 00-00 3D-6E CC-0A 3F-56 00-00&gt;" status="run" result="completed" time="0" timestamp="2021-04-28T21:24:23" classname="Ucs4TestCases/Ucs4Test" />
    <testcase name="ToUtf8/21" value_param="16-byte object &lt;FF-00 00-00 00-00 00-00 40-6E CC-0A 3F-56 00-00&gt;" status="run" result="completed" time="0" timestamp="2021-04-28T21:24:23" classname="Ucs4TestCases/Ucs4Test" />
    <testcase name="ToUtf8/22" value_param="16-byte object &lt;00-01 00-00 00-00 00-00 43-6E CC-0A 3F-56 00-00&gt;" status="run" result="completed" time="0" timestamp="2021-04-28T21:24:23" classname="Ucs4TestCases/Ucs4Test" />
    <testcase name="ToUtf8/23" value_param="16-byte object &lt;01-01 00-00 00-00 00-00 46-6E CC-0A 3F-56 00-00&gt;" status="run" result="completed" time="0" timestamp="2021-04-28T21:24:23" classname="Ucs4TestCases/Ucs4Test" />
    <testcase name="ToUtf8/24" value_param="16-byte object &lt;02-01 00-00 00-00 00-00 49-6E CC-0A 3F-56 00-00&gt;" status="run" result="completed" time="0" timestamp="2021-04-28T21:24:23" classname="Ucs4TestCases/Ucs4Test" />
    <testcase name="ToUtf8/25" value_param="16-byte object &lt;04-01 00-00 00-00 00-00 4C-6E CC-0A 3F-56 00-00&gt;" status="run" result="completed" time="0" timestamp="2021-04-28T21:24:23" classname="Ucs4TestCases/Ucs4Test" />
    <testcase name="ToUtf8/26" value_param="16-byte object &lt;08-01 00-00 00-00 00-00 4F-6E CC-0A 3F-56 00-00&gt;" status="run" result="completed" time="0" timestamp="2021-04-28T21:24:23" classname="Ucs4TestCases/Ucs4Test" />
    <testcase name="ToUtf8/27" value_param="16-byte object &lt;10-01 00-00 00-00 00-00 52-6E CC-0A 3F-56 00-00&gt;" status="run" result="completed" time="0" timestamp="2021-04-28T21:24:23" classname="Ucs4TestCases/Ucs4Test" />
    <testcase name="ToUtf8/28" value_param="16-byte object &lt;20-01 00-00 00-00 00-00 55-6E CC-0A 3F-56 00-00&gt;" status="run" result="completed" time="0" timestamp="2021-04-28T21:24:23" classname="Ucs4TestCases/Ucs4Test" />
    <testcase name="ToUtf8/29" value_param="16-byte object &lt;40-01 00-00 00-00 00-00 58-6E CC-0A 3F-56 00-00&gt;" status="run" result="completed" time="0" timestamp="2021-04-28T21:24:23" classname="Ucs4TestCases/Ucs4Test" />
    <testcase name="ToUtf8/30" value_param="16-byte object &lt;80-01 00-00 00-00 00-00 5B-6E CC-0A 3F-56 00-00&gt;" status="run" result="completed" time="0" timestamp="2021-04-28T21:24:23" classname="Ucs4TestCases/Ucs4Test" />
    <testcase name="ToUtf8/31" value_param="16-byte object &lt;FF-01 00-00 00-00 00-00 5E-6E CC-0A 3F-56 00-00&gt;" status="run" result="completed" time="0" timestamp="2021-04-28T21:24:23" classname="Ucs4TestCases/Ucs4Test" />
    <testcase name="ToUtf8/32" value_param="16-byte object &lt;00-02 00-00 00-00 00-00 61-6E CC-0A 3F-56 00-00&gt;" status="run" result="completed" time="0" timestamp="2021-04-28T21:24:23" classname="Ucs4TestCases/Ucs4Test" />
    <testcase name="ToUtf8/33" value_param="16-byte object &lt;01-02 00-00 00-00 00-00 64-6E CC-0A 3F-56 00-00&gt;" status="run" result="completed" time="0" timestamp="2021-04-28T21:24:23" classname="Ucs4TestCases/Ucs4Test" />
    <testcase name="ToUtf8/34" value_param="16-byte object &lt;02-02 00-00 00-00 00-00 67-6E CC-0A 3F-56 00-00&gt;" status="run" result="completed" time="0" timestamp="2021-04-28T21:24:23" classname="Ucs4TestCases/Ucs4Test" />
    <testcase name="ToUtf8/35" value_param="16-byte object &lt;04-02 00-00 00-00 00-00 6A-6E CC-0A 3F-56 00-00&gt;" status="run" result="completed" time="0" timestamp="2021-04-28T21:24:23" classname="Ucs4TestCases/Ucs4Test" />
    <testcase name="ToUtf8/36" value_param="16-byte object &lt;08-02 00-00 00-00 00-00 6D-6E CC-0A 3F-56 00-00&gt;" status="run" result="completed" time="0" timestamp="2021-04-28T21:24:23" classname="Ucs4TestCases/Ucs4Test" />
    <testcase name="ToUtf8/37" value_param="16-byte object &lt;10-02 00-00 00-00 00-00 70-6E CC-0A 3F-56 00-00&gt;" status="run" result="completed" time="0" timestamp="2021-04-28T21:24:23" classname="Ucs4TestCases/Ucs4Test" />
    <testcase name="ToUtf8/38" value_param="16-byte object &lt;20-02 00-00 00-00 00-00 73-6E CC-0A 3F-56 00-00&gt;" status="run" result="completed" time="0" timestamp="2021-04-28T21:24:23" classname="Ucs4TestCases/Ucs4Test" />
    <testcase name="ToUtf8/39" value_param="16-byte object &lt;40-02 00-00 00-00 00-00 76-6E CC-0A 3F-56 00-00&gt;" status="run" result="completed" time="0" timestamp="2021-04-28T21:24:23" classname="Ucs4TestCases/Ucs4Test" />
    <testcase name="ToUtf8/40" value_param="16-byte object &lt;80-02 00-00 00-00 00-00 79-6E CC-0A 3F-56 00-00&gt;" status="run" result="completed" time="0" timestamp="2021-04-28T21:24:23" classname="Ucs4TestCases/Ucs4Test" />
    <testcase name="ToUtf8/41" value_param="16-byte object &lt;00-03 00-00 00-00 00-00 7C-6E CC-0A 3F-56 00-00&gt;" status="run" result="completed" time="0" timestamp="2021-04-28T21:24:23" classname="Ucs4TestCases/Ucs4Test" />
    <testcase name="ToUtf8/42" value_param="16-byte object &lt;FF-03 00-00 00-00 00-00 7F-6E CC-0A 3F-56 00-00&gt;" status="run" result="completed" time="0" timestamp="2021-04-28T21:24:23" classname="Ucs4TestCases/Ucs4Test" />
    <testcase name="ToUtf8/43" value_param="16-byte object &lt;00-04 00-00 00-00 00-00 82-6E CC-0A 3F-56 00-00&gt;" status="run" result="completed" time="0" timestamp="2021-04-28T21:24:23" classname="Ucs4TestCases/Ucs4Test" />
    <testcase name="ToUtf8/44" value_param="16-byte object &lt;01-04 00-00 00-00 00-00 85-6E CC-0A 3F-56 00-00&gt;" status="run" result="completed" time="0" timestamp="2021-04-28T21:24:23" classname="Ucs4TestCases/Ucs4Test" />
    <testcase name="ToUtf8/45" value_param="16-byte object &lt;02-04 00-00 00-00 00-00 88-6E CC-0A 3F-56 00-00&gt;" status="run" result="completed" time="0" timestamp="2021-04-28T21:24:23" classname="Ucs4TestCases/Ucs4Test" />
    <testcase name="ToUtf8/46" value_param="16-byte object &lt;04-04 00-00 00-00 00-00 8B-6E CC-0A 3F-56 00-00&gt;" status="run" result="completed" time="0" timestamp="2021-04-28T21:24:23" classname="Ucs4TestCases/Ucs4Test" />
    <testcase name="ToUtf8/47" value_param="16-byte object &lt;08-04 00-00 00-00 00-00 8E-6E CC-0A 3F-56 00-00&gt;" status="run" result="completed" time="0" timestamp="2021-04-28T21:24:23" classname="Ucs4TestCases/Ucs4Test" />
    <testcase name="ToUtf8/48" value_param="16-byte object &lt;10-04 00-00 00-00 00-00 91-6E CC-0A 3F-56 00-00&gt;" status="run" result="completed" time="0" timestamp="2021-04-28T21:24:23" classname="Ucs4TestCases/Ucs4Test" />
    <testcase name="ToUtf8/49" value_param="16-byte object &lt;20-04 00-00 00-00 00-00 94-6E CC-0A 3F-56 00-00&gt;" status="run" result="completed" time="0" timestamp="2021-04-28T21:24:23" classname="Ucs4TestCases/Ucs4Test" />
    <testcase name="ToUtf8/50" value_param="16-byte object &lt;40-04 00-00 00-00 00-00 97-6E CC-0A 3F-56 00-00&gt;" status="run" result="completed" time="0" timestamp="2021-04-28T21:24:23" classname="Ucs4TestCases/Ucs4Test" />
    <testcase name="ToUtf8/51" value_param="16-byte object &lt;80-04 00-00 00-00 00-00 9A-6E CC-0A 3F-56 00-00&gt;" status="run" result="completed" time="0" timestamp="2021-04-28T21:24:23" classname="Ucs4TestCases/Ucs4Test" />
    <testcase name="ToUtf8/52" value_param="16-byte object &lt;00-05 00-00 00-00 00-00 9D-6E CC-0A 3F-56 00-00&gt;" status="run" result="completed" time="0" timestamp="2021-04-28T21:24:23" classname="Ucs4TestCases/Ucs4Test" />
    <testcase name="ToUtf8/53" value_param="16-byte object &lt;00-06 00-00 00-00 00-00 A0-6E CC-0A 3F-56 00-00&gt;" status="run" result="completed" time="0" timestamp="2021-04-28T21:24:23" classname="Ucs4TestCases/Ucs4Test" />
    <testcase name="ToUtf8/54" value_param="16-byte object &lt;FF-07 00-00 00-00 00-00 A3-6E CC-0A 3F-56 00-00&gt;" status="run" result="completed" time="0" timestamp="2021-04-28T21:24:23" classname="Ucs4TestCases/Ucs4Test" />
    <testcase name="ToUtf8/55" value_param="16-byte object &lt;00-08 00-00 00-00 00-00 A6-6E CC-0A 3F-56 00-00&gt;" status="run" result="completed" time="0" timestamp="2021-04-28T21:24:23" classname="Ucs4TestCases/Ucs4Test" />
    <testcase name="ToUtf8/56" value_param="16-byte object &lt;01-08 00-00 00-00 00-00 AA-6E CC-0A 3F-56 00-00&gt;" status="run" result="completed" time="0" timestamp="2021-04-28T21:24:23" classname="Ucs4TestCases/Ucs4Test" />
    <testcase name="ToUtf8/57" value_param="16-byte object &lt;02-08 00-00 00-00 00-00 AE-6E CC-0A 3F-56 00-00&gt;" status="run" result="completed" time="0" timestamp="2021-04-28T21:24:23" classname="Ucs4TestCases/Ucs4Test" />
    <testcase name="ToUtf8/58" value_param="16-byte object &lt;04-08 00-00 00-00 00-00 B2-6E CC-0A 3F-56 00-00&gt;" status="run" result="completed" time="0" timestamp="2021-04-28T21:24:23" classname="Ucs4TestCases/Ucs4Test" />
    <testcase name="ToUtf8/59" value_param="16-byte object &lt;08-08 00-00 00-00 00-00 B6-6E CC-0A 3F-56 00-00&gt;" status="run" result="completed" time="0" timestamp="2021-04-28T21:24:23" classname="Ucs4TestCases/Ucs4Test" />
    <testcase name="ToUtf8/60" value_param="16-byte object &lt;10-08 00-00 00-00 00-00 BA-6E CC-0A 3F-56 00-00&gt;" status="run" result="completed" time="0" timestamp="2021-04-28T21:24:23" classname="Ucs4TestCases/Ucs4Test" />
    <testcase name="ToUtf8/61" value_param="16-byte object &lt;20-08 00-00 00-00 00-00 BE-6E CC-0A 3F-56 00-00&gt;" status="run" result="completed" time="0" timestamp="2021-04-28T21:24:23" classname="Ucs4TestCases/Ucs4Test" />
    <testcase name="ToUtf8/62" value_param="16-byte object &lt;40-08 00-00 00-00 00-00 C2-6E CC-0A 3F-56 00-00&gt;" status="run" result="completed" time="0" timestamp="2021-04-28T21:24:23" classname="Ucs4TestCases/Ucs4Test" />
    <testcase name="ToUtf8/63" value_param="16-byte object &lt;80-08 00-00 00-00 00-00 C6-6E CC-0A 3F-56 00-00&gt;" status="run" result="completed" time="0" timestamp="2021-04-28T21:24:23" classname="Ucs4TestCases/Ucs4Test" />
    <testcase name="ToUtf8/64" value_param="16-byte object &lt;00-09 00-00 00-00 00-00 CA-6E CC-0A 3F-56 00-00&gt;" status="run" result="completed" time="0" timestamp="2021-04-28T21:24:23" classname="Ucs4TestCases/Ucs4Test" />
    <testcase name="ToUtf8/65" value_param="16-byte object &lt;00-0A 00-00 00-00 00-00 CE-6E CC-0A 3F-56 00-00&gt;" status="run" result="completed" time="0" timestamp="2021-04-28T21:24:23" classname="Ucs4TestCases/Ucs4Test" />
    <testcase name="ToUtf8/66" value_param="16-byte object &lt;00-0C 00-00 00-00 00-00 D2-6E CC-0A 3F-56 00-00&gt;" status="run" result="completed" time="0" timestamp="2021-04-28T21:24:23" classname="Ucs4TestCases/Ucs4Test" />
    <testcase name="ToUtf8/67" value_param="16-byte object &lt;FF-0F 00-00 00-00 00-00 D6-6E CC-0A 3F-56 00-00&gt;" status="run" result="completed" time="0" timestamp="2021-04-28T21:24:23" classname="Ucs4TestCases/Ucs4Test" />
    <testcase name="ToUtf8/68" value_param="16-byte object &lt;00-10 00-00 00-00 00-00 DA-6E CC-0A 3F-56 00-00&gt;" status="run" result="completed" time="0" timestamp="2021-04-28T21:24:23" classname="Ucs4TestCases/Ucs4Test" />
    <testcase name="ToUtf8/69" value_param="16-byte object &lt;01-10 00-00 00-00 00-00 DE-6E CC-0A 3F-56 00-00&gt;" status="run" result="completed" time="0" timestamp="2021-04-28T21:24:23" classname="Ucs4TestCases/Ucs4Test" />
    <testcase name="ToUtf8/70" value_param="16-byte object &lt;02-10 00-00 00-00 00-00 E2-6E CC-0A 3F-56 00-00&gt;" status="run" result="completed" time="0" timestamp="2021-04-28T21:24:23" classname="Ucs4TestCases/Ucs4Test" />
    <testcase name="ToUtf8/71" value_param="16-byte object &lt;04-10 00-00 00-00 00-00 E6-6E CC-0A 3F-56 00-00&gt;" status="run" result="completed" time="0" timestamp="2021-04-28T21:24:23" classname="Ucs4TestCases/Ucs4Test" />
    <testcase name="ToUtf8/72" value_param="16-byte object &lt;08-10 00-00 00-00 00-00 EA-6E CC-0A 3F-56 00-00&gt;" status="run" result="completed" time="0" timestamp="2021-04-28T21:24:23" classname="Ucs4TestCases/Ucs4Test" />
    <testcase name="ToUtf8/73" value_param="16-byte object &lt;10-10 00-00 00-00 00-00 EE-6E CC-0A 3F-56 00-00&gt;" status="run" result="completed" time="0" timestamp="2021-04-28T21:24:23" classname="Ucs4TestCases/Ucs4Test" />
    <testcase name="ToUtf8/74" value_param="16-byte object &lt;20-10 00-00 00-00 00-00 F2-6E CC-0A 3F-56 00-00&gt;" status="run" result="completed" time="0" timestamp="2021-04-28T21:24:23" classname="Ucs4TestCases/Ucs4Test" />
    <testcase name="ToUtf8/75" value_param="16-byte object &lt;40-10 00-00 00-00 00-00 F6-6E CC-0A 3F-56 00-00&gt;" status="run" result="completed" time="0" timestamp="2021-04-28T21:24:23" classname="Ucs4TestCases/Ucs4Test" />
    <testcase name="ToUtf8/76" value_param="16-byte object &lt;80-10 00-00 00-00 00-00 FA-6E CC-0A 3F-56 00-00&gt;" status="run" result="completed" time="0" timestamp="2021-04-28T21:24:23" classname="Ucs4TestCases/Ucs4Test" />
    <testcase name="ToUtf8/77" value_param="16-byte object &lt;00-11 00-00 00-00 00-00 FE-6E CC-0A 3F-56 00-00&gt;" status="run" result="completed" time="0" timestamp="2021-04-28T21:24:23" classname="Ucs4TestCases/Ucs4Test" />
    <testcase name="ToUtf8/78" value_param="16-byte object &lt;00-12 00-00 00-00 00-00 02-6F CC-0A 3F-56 00-00&gt;" status="run" result="completed" time="0" timestamp="2021-04-28T21:24:23" classname="Ucs4TestCases/Ucs4Test" />
    <testcase name="ToUtf8/79" value_param="16-byte object &lt;00-14 00-00 00-00 00-00 06-6F CC-0A 3F-56 00-00&gt;" status="run" result="completed" time="0" timestamp="2021-04-28T21:24:23" classname="Ucs4TestCases/Ucs4Test" />
    <testcase name="ToUtf8/80" value_param="16-byte object &lt;00-18 00-00 00-00 00-00 0A-6F CC-0A 3F-56 00-00&gt;" status="run" result="completed" time="0" timestamp="2021-04-28T21:24:23" classname="Ucs4TestCases/Ucs4Test" />
    <testcase name="ToUtf8/81" value_param="16-byte object &lt;FF-1F 00-00 00-00 00-00 0E-6F CC-0A 3F-56 00-00&gt;" status="run" result="completed" time="0" timestamp="2021-04-28T21:24:23" classname="Ucs4TestCases/Ucs4Test" />
    <testcase name="ToUtf8/82" value_param="16-byte object &lt;00-20 00-00 00-00 00-00 12-6F CC-0A 3F-56 00-00&gt;" status="run" result="completed" time="0" timestamp="2021-04-28T21:24:23" classname="Ucs4TestCases/Ucs4Test" />
    <testcase name="ToUtf8/83" value_param="16-byte object &lt;01-20 00-00 00-00 00-00 16-6F CC-0A 3F-56 00-00&gt;" status="run" result="completed" time="0" timestamp="2021-04-28T21:24:23" classname="Ucs4TestCases/Ucs4Test" />
    <testcase name="ToUtf8/84" value_param="16-byte object &lt;02-20 00-00 00-00 00-00 1A-6F CC-0A 3F-56 00-00&gt;" status="run" result="completed" time="0" timestamp="2021-04-28T21:24:23" classname="Ucs4TestCases/Ucs4Test" />
    <testcase name="ToUtf8/85" value_param="16-byte object &lt;04-20 00-00 00-00 00-00 1E-6F CC-0A 3F-56 00-00&gt;" status="run" result="completed" time="0" timestamp="2021-04-28T21:24:23" classname="Ucs4TestCases/Ucs4Test" />
    <testcase name="ToUtf8/86" value_param="16-byte object &lt;08-20 00-00 00-00 00-00 22-6F CC-0A 3F-56 00-00&gt;" status="run" result="completed" time="0" timestamp="2021-04-28T21:24:23" classname="Ucs4TestCases/Ucs4Test" />
    <testcase name="ToUtf8/87" value_param="16-byte object &lt;10-20 00-00 00-00 00-00 26-6F CC-0A 3F-56 00-00&gt;" status="run" result="completed" time="0" timestamp="2021-04-28T21:24:23" classname="Ucs4TestCases/Ucs4Test" />
    <testcase name="ToUtf8/88" value_param="16-byte object &lt;20-20 00-00 00-00 00-00 2A-6F CC-0A 3F-56 00-00&gt;" status="run" result="completed" time="0" timestamp="2021-04-28T21:24:23" classname="Ucs4TestCases/Ucs4Test" />
    <testcase name="ToUtf8/89" value_param="16-byte object &lt;40-20 00-00 00-00 00-00 2E-6F CC-0A 3F-56 00-00&gt;" status="run" result="completed" time="0" timestamp="2021-04-28T21:24:23" classname="Ucs4TestCases/Ucs4Test" />
    <testcase name="ToUtf8/90" value_param="16-byte object &lt;80-20 00-00 00-00 00-00 32-6F CC-0A 3F-56 00-00&gt;" status="run" result="completed" time="0" timestamp="2021-04-28T21:24:23" classname="Ucs4TestCases/Ucs4Test" />
    <testcase name="ToUtf8/91" value_param="16-byte object &lt;00-21 00-00 00-00 00-00 36-6F CC-0A 3F-56 00-00&gt;" status="run" result="completed" time="0" timestamp="2021-04-28T21:24:23" classname="Ucs4TestCases/Ucs4Test" />
    <testcase name="ToUtf8/92" value_param="16-byte object &lt;00-22 00-00 00-00 00-00 3A-6F CC-0A 3F-56 00-00&gt;" status="run" result="completed" time="0" timestamp="2021-04-28T21:24:23" classname="Ucs4TestCases/Ucs4Test" />
    <testcase name="ToUtf8/93" value_param="16-byte object &lt;00-24 00-00 00-00 00-00 3E-6F CC-0A 3F-56 00-00&gt;" status="run" result="completed" time="0" timestamp="2021-04-28T21:24:23" classname="Ucs4TestCases/Ucs4Test" />
    <testcase name="ToUtf8/94" value_param="16-byte object &lt;00-28 00-00 00-00 00-00 42-6F CC-0A 3F-56 00-00&gt;" status="run" result="completed" time="0" timestamp="2021-04-28T21:24:23" classname="Ucs4TestCases/Ucs4Test" />
    <testcase name="ToUtf8/95" value_param="16-byte object &lt;00-30 00-00 00-00 00-00 46-6F CC-0A 3F-56 00-00&gt;" status="run" result="completed" time="0" timestamp="2021-04-28T21:24:23" classname="Ucs4TestCases/Ucs4Test" />
    <testcase name="ToUtf8/96" value_param="16-byte object &lt;FF-3F 00-00 00-00 00-00 4A-6F CC-0A 3F-56 00-00&gt;" status="run" result="completed" time="0" timestamp="2021-04-28T21:24:23" classname="Ucs4TestCases/Ucs4Test" />
    <testcase name="ToUtf8/97" value_param="16-byte object &lt;00-40 00-00 00-00 00-00 4E-6F CC-0A 3F-56 00-00&gt;" status="run" result="completed" time="0" timestamp="2021-04-28T21:24:23" classname="Ucs4TestCases/Ucs4Test" />
    <testcase name="ToUtf8/98" value_param="16-byte object &lt;01-40 00-00 00-00 00-00 52-6F CC-0A 3F-56 00-00&gt;" status="run" result="completed" time="0" timestamp="2021-04-28T21:24:23" classname="Ucs4TestCases/Ucs4Test" />
    <testcase name="ToUtf8/99" value_param="16-byte object &lt;02-40 00-00 00-00 00-00 56-6F CC-0A 3F-56 00-00&gt;" status="run" result="completed" time="0" timestamp="2021-04-28T21:24:23" classname="Ucs4TestCases/Ucs4Test" />
    <testcase name="ToUtf8/100" value_param="16-byte object &lt;04-40 00-00 00-00 00-00 5A-6F CC-0A 3F-56 00-00&gt;" status="run" result="completed" time="0" timestamp="2021-04-28T21:24:23" classname="Ucs4TestCases/Ucs4Test" />
    <testcase name="ToUtf8/101" value_param="16-byte object &lt;08-40 00-00 00-00 00-00 5E-6F CC-0A 3F-56 00-00&gt;" status="run" result="completed" time="0" timestamp="2021-04-28T21:24:23" classname="Ucs4TestCases/Ucs4Test" />
    <testcase name="ToUtf8/102" value_param="16-byte object &lt;10-40 00-00 00-00 00-00 62-6F CC-0A 3F-56 00-00&gt;" status="run" result="completed" time="0" timestamp="2021-04-28T21:24:23" classname="Ucs4TestCases/Ucs4Test" />
    <testcase name="ToUtf8/103" value_param="16-byte object &lt;20-40 00-00 00-00 00-00 66-6F CC-0A 3F-56 00-00&gt;" status="run" result="completed" time="0" timestamp="2021-04-28T21:24:23" classname="Ucs4TestCases/Ucs4Test" />
    <testcase name="ToUtf8/104" value_param="16-byte object &lt;40-40 00-00 00-00 00-00 6A-6F CC-0A 3F-56 00-00&gt;" status="run" result="completed" time="0" timestamp="2021-04-28T21:24:23" classname="Ucs4TestCases/Ucs4Test" />
    <testcase name="ToUtf8/105" value_param="16-byte object &lt;80-40 00-00 00-00 00-00 6E-6F CC-0A 3F-56 00-00&gt;" status="run" result="completed" time="0" timestamp="2021-04-28T21:24:23" classname="Ucs4TestCases/Ucs4Test" />
    <testcase name="ToUtf8/106" value_param="16-byte object &lt;00-41 00-00 00-00 00-00 72-6F CC-0A 3F-56 00-00&gt;" status="run" result="completed" time="0" timestamp="2021-04-28T21:24:23" classname="Ucs4TestCases/Ucs4Test" />
    <testcase name="ToUtf8/107" value_param="16-byte object &lt;00-42 00-00 00-00 00-00 76-6F CC-0A 3F-56 00-00&gt;" status="run" result="completed" time="0" timestamp="2021-04-28T21:24:23" classname="Ucs4TestCases/Ucs4Test" />
    <testcase name="ToUtf8/108" value_param="16-byte object &lt;00-44 00-00 00-00 00-00 7A-6F CC-0A 3F-56 00-00&gt;" status="run" result="completed" time="0" timestamp="2021-04-28T21:24:23" classname="Ucs4TestCases/Ucs4Test" />
    <testcase name="ToUtf8/109" value_param="16-byte object &lt;00-48 00-00 00-00 00-00 7E-6F CC-0A 3F-56 00-00&gt;" status="run" result="completed" time="0" timestamp="2021-04-28T21:24:23" classname="Ucs4TestCases/Ucs4Test" />
    <testcase name="ToUtf8/110" value_param="16-byte object &lt;00-50 00-00 00-00 00-00 82-6F CC-0A 3F-56 00-00&gt;" status="run" result="completed" time="0" timestamp="2021-04-28T21:24:23" classname="Ucs4TestCases/Ucs4Test" />
    <testcase name="ToUtf8/111" value_param="16-byte object &lt;00-60 00-00 00-00 00-00 86-6F CC-0A 3F-56 00-00&gt;" status="run" result="completed" time="0" timestamp="2021-04-28T21:24:23" classname="Ucs4TestCases/Ucs4Test" />
    <testcase name="ToUtf8/112" value_param="16-byte object &lt;FF-7F 00-00 00-00 00-00 8A-6F CC-0A 3F-56 00-00&gt;" status="run" result="completed" time="0" timestamp="2021-04-28T21:24:23" classname="Ucs4TestCases/Ucs4Test" />
    <testcase name="ToUtf8/113" value_param="16-byte object &lt;00-80 00-00 00-00 00-00 8E-6F CC-0A 3F-56 00-00&gt;" status="run" result="completed" time="0" timestamp="2021-04-28T21:24:23" classname="Ucs4TestCases/Ucs4Test" />
    <testcase name="ToUtf8/114" value_param="16-byte object &lt;01-80 00-00 00-00 00-00 92-6F CC-0A 3F-56 00-00&gt;" status="run" result="completed" time="0" timestamp="2021-04-28T21:24:23" classname="Ucs4TestCases/Ucs4Test" />
    <testcase name="ToUtf8/115" value_param="16-byte object &lt;02-80 00-00 00-00 00-00 96-6F CC-0A 3F-56 00-00&gt;" status="run" result="completed" time="0" timestamp="2021-04-28T21:24:23" classname="Ucs4TestCases/Ucs4Test" />
    <testcase name="ToUtf8/116" value_param="16-byte object &lt;04-80 00-00 00-00 00-00 9A-6F CC-0A 3F-56 00-00&gt;" status="run" result="completed" time="0" timestamp="2021-04-28T21:24:23" classname="Ucs4TestCases/Ucs4Test" />
    <testcase name="ToUtf8/117" value_param="16-byte object &lt;08-80 00-00 00-00 00-00 9E-6F CC-0A 3F-56 00-00&gt;" status="run" result="completed" time="0" timestamp="2021-04-28T21:24:23" classname="Ucs4TestCases/Ucs4Test" />
    <testcase name="ToUtf8/118" value_param="16-byte object &lt;10-80 00-00 00-00 00-00 A2-6F CC-0A 3F-56 00-00&gt;" status="run" result="completed" time="0" timestamp="2021-04-28T21:24:23" classname="Ucs4TestCases/Ucs4Test" />
    <testcase name="ToUtf8/119" value_param="16-byte object &lt;20-80 00-00 00-00 00-00 A6-6F CC-0A 3F-56 00-00&gt;" status="run" result="completed" time="0" timestamp="2021-04-28T21:24:23" classname="Ucs4TestCases/Ucs4Test" />
    <testcase name="ToUtf8/120" value_param="16-byte object &lt;40-80 00-00 00-00 00-00 AA-6F CC-0A 3F-56 00-00&gt;" status="run" result="completed" time="0" timestamp="2021-04-28T21:24:23" classname="Ucs4TestCases/Ucs4Test" />
    <testcase name="ToUtf8/121" value_param="16-byte object &lt;80-80 00-00 00-00 00-00 AE-6F CC-0A 3F-56 00-00&gt;" status="run" result="completed" time="0" timestamp="2021-04-28T21:24:23" classname="Ucs4TestCases/Ucs4Test" />
    <testcase name="ToUtf8/122" value_param="16-byte object &lt;00-81 00-00 00-00 00-00 B2-6F CC-0A 3F-56 00-00&gt;" status="run" result="completed" time="0" timestamp="2021-04-28T21:24:23" classname="Ucs4TestCases/Ucs4Test" />
    <testcase name="ToUtf8/123" value_param="16-byte object &lt;00-82 00-00 00-00 00-00 B6-6F CC-0A 3F-56 00-00&gt;" status="run" result="completed" time="0" timestamp="2021-04-28T21:24:23" classname="Ucs4TestCases/Ucs4Test" />
    <testcase name="ToUtf8/124" value_param="16-byte object &lt;00-84 00-00 00-00 00-00 BA-6F CC-0A 3F-56 00-00&gt;" status="run" result="completed" time="0" timestamp="2021-04-28T21:24:23" classname="Ucs4TestCases/Ucs4Test" />
    <testcase name="ToUtf8/125" value_param="16-byte object &lt;00-88 00-00 00-00 00-00 BE-6F CC-0A 3F-56 00-00&gt;" status="run" result="completed" time="0" timestamp="2021-04-28T21:24:23" classname="Ucs4TestCases/Ucs4Test" />
    <testcase name="ToUtf8/126" value_param="16-byte object &lt;00-90 00-00 00-00 00-00 C2-6F CC-0A 3F-56 00-00&gt;" status="run" result="completed" time="0" timestamp="2021-04-28T21:24:23" classname="Ucs4TestCases/Ucs4Test" />
    <testcase name="ToUtf8/127" value_param="16-byte object &lt;00-A0 00-00 00-00 00-00 C6-6F CC-0A 3F-56 00-00&gt;" status="run" result="completed" time="0" timestamp="2021-04-28T21:24:23" classname="Ucs4TestCases/Ucs4Test" />
    <testcase name="ToUtf8/128" value_param="16-byte object &lt;00-C0 00-00 00-00 00-00 CA-6F CC-0A 3F-56 00-00&gt;" status="run" result="completed" time="0" timestamp="2021-04-28T21:24:23" classname="Ucs4TestCases/Ucs4Test" />
    <testcase name="ToUtf8/129" value_param="16-byte object &lt;FF-FF 00-00 00-00 00-00 CE-6F CC-0A 3F-56 00-00&gt;" status="run" result="completed" time="0" timestamp="2021-04-28T21:24:23" classname="Ucs4TestCases/Ucs4Test" />
    <testcase name="ToUtf8/130" value_param="16-byte object &lt;00-00 01-00 00-00 00-00 D2-6F CC-0A 3F-56 00-00&gt;" status="run" result="completed" time="0" timestamp="2021-04-28T21:24:23" classname="Ucs4TestCases/Ucs4Test" />
    <testcase name="ToUtf8/131" value_param="16-byte object &lt;01-00 01-00 00-00 00-00 D7-6F CC-0A 3F-56 00-00&gt;" status="run" result="completed" time="0" timestamp="2021-04-28T21:24:23" classname="Ucs4TestCases/Ucs4Test" />
    <testcase name="ToUtf8/132" value_param="16-byte object &lt;02-00 01-00 00-00 00-00 DC-6F CC-0A 3F-56 00-00&gt;" status="run" result="completed" time="0" timestamp="2021-04-28T21:24:23" classname="Ucs4TestCases/Ucs4Test" />
    <testcase name="ToUtf8/133" value_param="16-byte object &lt;04-00 01-00 00-00 00-00 E1-6F CC-0A 3F-56 00-00&gt;" status="run" result="completed" time="0" timestamp="2021-04-28T21:24:23" classname="Ucs4TestCases/Ucs4Test" />
    <testcase name="ToUtf8/134" value_param="16-byte object &lt;08-00 01-00 00-00 00-00 E6-6F CC-0A 3F-56 00-00&gt;" status="run" result="completed" time="0" timestamp="2021-04-28T21:24:23" classname="Ucs4TestCases/Ucs4Test" />
    <testcase name="ToUtf8/135" value_param="16-byte object &lt;10-00 01-00 00-00 00-00 EB-6F CC-0A 3F-56 00-00&gt;" status="run" result="completed" time="0" timestamp="2021-04-28T21:24:23" classname="Ucs4TestCases/Ucs4Test" />
    <testcase name="ToUtf8/136" value_param="16-byte object &lt;20-00 01-00 00-00 00-00 F0-6F CC-0A 3F-56 00-00&gt;" status="run" result="completed" time="0" timestamp="2021-04-28T21:24:23" classname="Ucs4TestCases/Ucs4Test" />
    <testcase name="ToUtf8/137" value_param="16-byte object &lt;40-00 01-00 00-00 00-00 F5-6F CC-0A 3F-56 00-00&gt;" status="run" result="completed" time="0" timestamp="2021-04-28T21:24:23" classname="Ucs4TestCases/Ucs4Test" />
    <testcase name="ToUtf8/138" value_param="16-byte object &lt;80-00 01-00 00-00 00-00 FA-6F CC-0A 3F-56 00-00&gt;" status="run" result="completed" time="0" timestamp="2021-04-28T21:24:23" classname="Ucs4TestCases/Ucs4Test" />
    <testcase name="ToUtf8/139" value_param="16-byte object &lt;00-01 01-00 00-00 00-00 FF-6F CC-0A 3F-56 00-00&gt;" status="run" result="completed" time="0" timestamp="2021-04-28T21:24:23" classname="Ucs4TestCases/Ucs4Test" />
    <testcase name="ToUtf8/140" value_param="16-byte object &lt;00-02 01-00 00-00 00-00 04-70 CC-0A 3F-56 00-00&gt;" status="run" result="completed" time="0" timestamp="2021-04-28T21:24:23" classname="Ucs4TestCases/Ucs4Test" />
    <testcase name="ToUtf8/141" value_param="16-byte object &lt;00-04 01-00 00-00 00-00 09-70 CC-0A 3F-56 00-00&gt;" status="run" result="completed" time="0" timestamp="2021-04-28T21:24:23" classname="Ucs4TestCases/Ucs4Test" />
    <testcase name="ToUtf8/142" value_param="16-byte object &lt;00-08 01-00 00-00 00-00 0E-70 CC-0A 3F-56 00-00&gt;" status="run" result="completed" time="0" timestamp="2021-04-28T21:24:23" classname="Ucs4TestCases/Ucs4Test" />
    <testcase name="ToUtf8/143" value_param="16-byte object &lt;00-10 01-00 00-00 00-00 13-70 CC-0A 3F-56 00-00&gt;" status="run" result="completed" time="0" timestamp="2021-04-28T21:24:23" classname="Ucs4TestCases/Ucs4Test" />
    <testcase name="ToUtf8/144" value_param="16-byte object &lt;00-20 01-00 00-00 00-00 18-70 CC-0A 3F-56 00-00&gt;" status="run" result="completed" time="0" timestamp="2021-04-28T21:24:23" classname="Ucs4TestCases/Ucs4Test" />
    <testcase name="ToUtf8/145" value_param="16-byte object &lt;00-40 01-00 00-00 00-00 1D-70 CC-0A 3F-56 00-00&gt;" status="run" result="completed" time="0" timestamp="2021-04-28T21:24:23" classname="Ucs4TestCases/Ucs4Test" />
    <testcase name="ToUtf8/146" value_param="16-byte object &lt;00-80 01-00 00-00 00-00 22-70 CC-0A 3F-56 00-00&gt;" status="run" result="completed" time="0" timestamp="2021-04-28T21:24:23" classname="Ucs4TestCases/Ucs4Test" />
    <testcase name="ToUtf8/147" value_param="16-byte object &lt;FF-FF 01-00 00-00 00-00 27-70 CC-0A 3F-56 00-00&gt;" status="run" result="completed" time="0" timestamp="2021-04-28T21:24:23" classname="Ucs4TestCases/Ucs4Test" />
    <testcase name="ToUtf8/148" value_param="16-byte object &lt;00-00 02-00 00-00 00-00 2C-70 CC-0A 3F-56 00-00&gt;" status="run" result="completed" time="0" timestamp="2021-04-28T21:24:23" classname="Ucs4TestCases/Ucs4Test" />
    <testcase name="ToUtf8/149" value_param="16-byte object &lt;01-00 02-00 00-00 00-00 31-70 CC-0A 3F-56 00-00&gt;" status="run" result="completed" time="0" timestamp="2021-04-28T21:24:23" classname="Ucs4TestCases/Ucs4Test" />
    <testcase name="ToUtf8/150" value_param="16-byte object &lt;02-00 02-00 00-00 00-00 36-70 CC-0A 3F-56 00-00&gt;" status="run" result="completed" time="0" timestamp="2021-04-28T21:24:23" classname="Ucs4TestCases/Ucs4Test" />
    <testcase name="ToUtf8/151" value_param="16-byte object &lt;04-00 02-00 00-00 00-00 3B-70 CC-0A 3F-56 00-00&gt;" status="run" result="completed" time="0" timestamp="2021-04-28T21:24:23" classname="Ucs4TestCases/Ucs4Test" />
    <testcase name="ToUtf8/152" value_param="16-byte object &lt;08-00 02-00 00-00 00-00 40-70 CC-0A 3F-56 00-00&gt;" status="run" result="completed" time="0" timestamp="2021-04-28T21:24:23" classname="Ucs4TestCases/Ucs4Test" />
    <testcase name="ToUtf8/153" value_param="16-byte object &lt;10-00 02-00 00-00 00-00 45-70 CC-0A 3F-56 00-00&gt;" status="run" result="completed" time="0" timestamp="2021-04-28T21:24:23" classname="Ucs4TestCases/Ucs4Test" />
    <testcase name="ToUtf8/154" value_param="16-byte object &lt;20-00 02-00 00-00 00-00 4A-70 CC-0A 3F-56 00-00&gt;" status="run" result="completed" time="0" timestamp="2021-04-28T21:24:23" classname="Ucs4TestCases/Ucs4Test" />
    <testcase name="ToUtf8/155" value_param="16-byte object &lt;40-00 02-00 00-00 00-00 4F-70 CC-0A 3F-56 00-00&gt;" status="run" result="completed" time="0" timestamp="2021-04-28T21:24:23" classname="Ucs4TestCases/Ucs4Test" />
    <testcase name="ToUtf8/156" value_param="16-byte object &lt;80-00 02-00 00-00 00-00 54-70 CC-0A 3F-56 00-00&gt;" status="run" result="completed" time="0" timestamp="2021-04-28T21:24:23" classname="Ucs4TestCases/Ucs4Test" />
    <testcase name="ToUtf8/157" value_param="16-byte object &lt;00-01 02-00 00-00 00-00 59-70 CC-0A 3F-56 00-00&gt;" status="run" result="completed" time="0" timestamp="2021-04-28T21:24:23" classname="Ucs4TestCases/Ucs4Test" />
    <testcase name="ToUtf8/158" value_param="16-byte object &lt;00-02 02-00 00-00 00-00 5E-70 CC-0A 3F-56 00-00&gt;" status="run" result="completed" time="0" timestamp="2021-04-28T21:24:23" classname="Ucs4TestCases/Ucs4Test" />
    <testcase name="ToUtf8/159" value_param="16-byte object &lt;00-04 02-00 00-00 00-00 63-70 CC-0A 3F-56 00-00&gt;" status="run" result="completed" time="0" timestamp="2021-04-28T21:24:23" classname="Ucs4TestCases/Ucs4Test" />
    <testcase name="ToUtf8/160" value_param="16-byte object &lt;00-08 02-00 00-00 00-00 68-70 CC-0A 3F-56 00-00&gt;" status="run" result="completed" time="0" timestamp="2021-04-28T21:24:23" classname="Ucs4TestCases/Ucs4Test" />
    <testcase name="ToUtf8/161" value_param="16-byte object &lt;00-10 02-00 00-00 00-00 6D-70 CC-0A 3F-56 00-00&gt;" status="run" result="completed" time="0" timestamp="2021-04-28T21:24:23" classname="Ucs4TestCases/Ucs4Test" />
    <testcase name="ToUtf8/162" value_param="16-byte object &lt;00-20 02-00 00-00 00-00 72-70 CC-0A 3F-56 00-00&gt;" status="run" result="completed" time="0" timestamp="2021-04-28T21:24:23" classname="Ucs4TestCases/Ucs4Test" />
    <testcase name="ToUtf8/163" value_param="16-byte object &lt;00-40 02-00 00-00 00-00 77-70 CC-0A 3F-56 00-00&gt;" status="run" result="completed" time="0" timestamp="2021-04-28T21:24:23" classname="Ucs4TestCases/Ucs4Test" />
    <testcase name="ToUtf8/164" value_param="16-byte object &lt;00-80 02-00 00-00 00-00 7C-70 CC-0A 3F-56 00-00&gt;" status="run" result="completed" time="0" timestamp="2021-04-28T21:24:23" classname="Ucs4TestCases/Ucs4Test" />
    <testcase name="ToUtf8/165" value_param="16-byte object &lt;00-00 03-00 00-00 00-00 81-70 CC-0A 3F-56 00-00&gt;" status="run" result="completed" time="0" timestamp="2021-04-28T21:24:23" classname="Ucs4TestCases/Ucs4Test" />
    <testcase name="ToUtf8/166" value_param="16-byte object &lt;FF-FF 03-00 00-00 00-00 86-70 CC-0A 3F-56 00-00&gt;" status="run" result="completed" time="0" timestamp="2021-04-28T21:24:23" classname="Ucs4TestCases/Ucs4Test" />
    <testcase name="ToUtf8/167" value_param="16-byte object &lt;00-00 04-00 00-00 00-00 8B-70 CC-0A 3F-56 00-00&gt;" status="run" result="completed" time="0" timestamp="2021-04-28T21:24:23" classname="Ucs4TestCases/Ucs4Test" />
    <testcase name="ToUtf8/168" value_param="16-byte object &lt;01-00 04-00 00-00 00-00 90-70 CC-0A 3F-56 00-00&gt;" status="run" result="completed" time="0" timestamp="2021-04-28T21:24:23" classname="Ucs4TestCases/Ucs4Test" />
    <testcase name="ToUtf8/169" value_param="16-byte object &lt;02-00 04-00 00-00 00-00 95-70 CC-0A 3F-56 00-00&gt;" status="run" result="completed" time="0" timestamp="2021-04-28T21:24:23" classname="Ucs4TestCases/Ucs4Test" />
    <testcase name="ToUtf8/170" value_param="16-byte object &lt;04-00 04-00 00-00 00-00 9A-70 CC-0A 3F-56 00-00&gt;" status="run" result="completed" time="0" timestamp="2021-04-28T21:24:23" classname="Ucs4TestCases/Ucs4Test" />
    <testcase name="ToUtf8/171" value_param="16-byte object &lt;08-00 04-00 00-00 00-00 9F-70 CC-0A 3F-56 00-00&gt;" status="run" result="completed" time="0" timestamp="2021-04-28T21:24:23" classname="Ucs4TestCases/Ucs4Test" />
    <testcase name="ToUtf8/172" value_param="16-byte object &lt;10-00 04-00 00-00 00-00 A4-70 CC-0A 3F-56 00-00&gt;" status="run" result="completed" time="0" timestamp="2021-04-28T21:24:23" classname="Ucs4TestCases/Ucs4Test" />
    <testcase name="ToUtf8/173" value_param="16-byte object &lt;20-00 04-00 00-00 00-00 A9-70 CC-0A 3F-56 00-00&gt;" status="run" result="completed" time="0" timestamp="2021-04-28T21:24:23" classname="Ucs4TestCases/Ucs4Test" />
    <testcase name="ToUtf8/174" value_param="16-byte object &lt;40-00 04-00 00-00 00-00 AE-70 CC-0A 3F-56 00-00&gt;" status="run" result="completed" time="0" timestamp="2021-04-28T21:24:23" classname="Ucs4TestCases/Ucs4Test" />
    <testcase name="ToUtf8/175" value_param="16-byte object &lt;80-00 04-00 00-00 00-00 B3-70 CC-0A 3F-56 00-00&gt;" status="run" result="completed" time="0" timestamp="2021-04-28T21:24:23" classname="Ucs4TestCases/Ucs4Test" />
    <testcase name="ToUtf8/176" value_param="16-byte object &lt;00-01 04-00 00-00 00-00 B8-70 CC-0A 3F-56 00-00&gt;" status="run" result="completed" time="0" timestamp="2021-04-28T21:24:23" classname="Ucs4TestCases/Ucs4Test" />
    <testcase name="ToUtf8/177" value_param="16-byte object &lt;00-02 04-00 00-00 00-00 BD-70 CC-0A 3F-56 00-00&gt;" status="run" result="completed" time="0" timestamp="2021-04-28T21:24:23" classname="Ucs4TestCases/Ucs4Test" />
    <testcase name="ToUtf8/178" value_param="16-byte object &lt;00-04 04-00 00-00 00-00 C2-70 CC-0A 3F-56 00-00&gt;" status="run" result="completed" time="0" timestamp="2021-04-28T21:24:23" classname="Ucs4TestCases/Ucs4Test" />
    <testcase name="ToUtf8/179" value_param="16-byte object &lt;00-08 04-00 00-00 00-00 C7-70 CC-0A 3F-56 00-00&gt;" status="run" result="completed" time="0" timestamp="2021-04-28T21:24:23" classname="Ucs4TestCases/Ucs4Test" />
    <testcase name="ToUtf8/180" value_param="16-byte object &lt;00-10 04-00 00-00 00-00 CC-70 CC-0A 3F-56 00-00&gt;" status="run" result="completed" time="0" timestamp="2021-04-28T21:24:23" classname="Ucs4TestCases/Ucs4Test" />
    <testcase name="ToUtf8/181" value_param="16-byte object &lt;00-20 04-00 00-00 00-00 D1-70 CC-0A 3F-56 00-00&gt;" status="run" result="completed" time="0" timestamp="2021-04-28T21:24:23" classname="Ucs4TestCases/Ucs4Test" />
    <testcase name="ToUtf8/182" value_param="16-byte object &lt;00-40 04-00 00-00 00-00 D6-70 CC-0A 3F-56 00-00&gt;" status="run" result="completed" time="0" timestamp="2021-04-28T21:24:23" classname="Ucs4TestCases/Ucs4Test" />
    <testcase name="ToUtf8/183" value_param="16-byte object &lt;00-80 04-00 00-00 00-00 DB-70 CC-0A 3F-56 00-00&gt;" status="run" result="completed" time="0" timestamp="2021-04-28T21:24:23" classname="Ucs4TestCases/Ucs4Test" />
    <testcase name="ToUtf8/184" value_param="16-byte object &lt;00-00 05-00 00-00 00-00 E0-70 CC-0A 3F-56 00-00&gt;" status="run" result="completed" time="0" timestamp="2021-04-28T21:24:23" classname="Ucs4TestCases/Ucs4Test" />
    <testcase name="ToUtf8/185" value_param="16-byte object &lt;00-00 06-00 00-00 00-00 E5-70 CC-0A 3F-56 00-00&gt;" status="run" result="completed" time="0" timestamp="2021-04-28T21:24:23" classname="Ucs4TestCases/Ucs4Test" />
    <testcase name="ToUtf8/186" value_param="16-byte object &lt;FF-FF 07-00 00-00 00-00 EA-70 CC-0A 3F-56 00-00&gt;" status="run" result="completed" time="0" timestamp="2021-04-28T21:24:23" classname="Ucs4TestCases/Ucs4Test" />
    <testcase name="ToUtf8/187" value_param="16-byte object &lt;00-00 08-00 00-00 00-00 EF-70 CC-0A 3F-56 00-00&gt;" status="run" result="completed" time="0" timestamp="2021-04-28T21:24:23" classname="Ucs4TestCases/Ucs4Test" />
    <testcase name="ToUtf8/188" value_param="16-byte object &lt;01-00 08-00 00-00 00-00 F4-70 CC-0A 3F-56 00-00&gt;" status="run" result="completed" time="0" timestamp="2021-04-28T21:24:23" classname="Ucs4TestCases/Ucs4Test" />
    <testcase name="ToUtf8/189" value_param="16-byte object &lt;02-00 08-00 00-00 00-00 F9-70 CC-0A 3F-56 00-00&gt;" status="run" result="completed" time="0" timestamp="2021-04-28T21:24:23" classname="Ucs4TestCases/Ucs4Test" />
    <testcase name="ToUtf8/190" value_param="16-byte object &lt;04-00 08-00 00-00 00-00 FE-70 CC-0A 3F-56 00-00&gt;" status="run" result="completed" time="0" timestamp="2021-04-28T21:24:23" classname="Ucs4TestCases/Ucs4Test" />
    <testcase name="ToUtf8/191" value_param="16-byte object &lt;08-00 08-00 00-00 00-00 03-71 CC-0A 3F-56 00-00&gt;" status="run" result="completed" time="0" timestamp="2021-04-28T21:24:23" classname="Ucs4TestCases/Ucs4Test" />
    <testcase name="ToUtf8/192" value_param="16-byte object &lt;10-00 08-00 00-00 00-00 08-71 CC-0A 3F-56 00-00&gt;" status="run" result="completed" time="0" timestamp="2021-04-28T21:24:23" classname="Ucs4TestCases/Ucs4Test" />
    <testcase name="ToUtf8/193" value_param="16-byte object &lt;20-00 08-00 00-00 00-00 0D-71 CC-0A 3F-56 00-00&gt;" status="run" result="completed" time="0" timestamp="2021-04-28T21:24:23" classname="Ucs4TestCases/Ucs4Test" />
    <testcase name="ToUtf8/194" value_param="16-byte object &lt;40-00 08-00 00-00 00-00 12-71 CC-0A 3F-56 00-00&gt;" status="run" result="completed" time="0" timestamp="2021-04-28T21:24:23" classname="Ucs4TestCases/Ucs4Test" />
    <testcase name="ToUtf8/195" value_param="16-byte object &lt;80-00 08-00 00-00 00-00 17-71 CC-0A 3F-56 00-00&gt;" status="run" result="completed" time="0" timestamp="2021-04-28T21:24:23" classname="Ucs4TestCases/Ucs4Test" />
    <testcase name="ToUtf8/196" value_param="16-byte object &lt;00-01 08-00 00-00 00-00 1C-71 CC-0A 3F-56 00-00&gt;" status="run" result="completed" time="0" timestamp="2021-04-28T21:24:23" classname="Ucs4TestCases/Ucs4Test" />
    <testcase name="ToUtf8/197" value_param="16-byte object &lt;00-02 08-00 00-00 00-00 21-71 CC-0A 3F-56 00-00&gt;" status="run" result="completed" time="0" timestamp="2021-04-28T21:24:23" classname="Ucs4TestCases/Ucs4Test" />
    <testcase name="ToUtf8/198" value_param="16-byte object &lt;00-04 08-00 00-00 00-00 26-71 CC-0A 3F-56 00-00&gt;" status="run" result="completed" time="0" timestamp="2021-04-28T21:24:23" classname="Ucs4TestCases/Ucs4Test" />
    <testcase name="ToUtf8/199" value_param="16-byte object &lt;00-08 08-00 00-00 00-00 2B-71 CC-0A 3F-56 00-00&gt;" status="run" result="completed" time="0" timestamp="2021-04-28T21:24:23" classname="Ucs4TestCases/Ucs4Test" />
    <testcase name="ToUtf8/200" value_param="16-byte object &lt;00-10 08-00 00-00 00-00 30-71 CC-0A 3F-56 00-00&gt;" status="run" result="completed" time="0" timestamp="2021-04-28T21:24:23" classname="Ucs4TestCases/Ucs4Test" />
    <testcase name="ToUtf8/201" value_param="16-byte object &lt;00-20 08-00 00-00 00-00 35-71 CC-0A 3F-56 00-00&gt;" status="run" result="completed" time="0" timestamp="2021-04-28T21:24:23" classname="Ucs4TestCases/Ucs4Test" />
    <testcase name="ToUtf8/202" value_param="16-byte object &lt;00-40 08-00 00-00 00-00 3A-71 CC-0A 3F-56 00-00&gt;" status="run" result="completed" time="0" timestamp="2021-04-28T21:24:23" classname="Ucs4TestCases/Ucs4Test" />
    <testcase name="ToUtf8/203" value_param="16-byte object &lt;00-80 08-00 00-00 00-00 3F-71 CC-0A 3F-56 00-00&gt;" status="run" result="completed" time="0" timestamp="2021-04-28T21:24:23" classname="Ucs4TestCases/Ucs4Test" />
    <testcase name="ToUtf8/204" value_param="16-byte object &lt;00-00 09-00 00-00 00-00 44-71 CC-0A 3F-56 00-00&gt;" status="run" result="completed" time="0" timestamp="2021-04-28T21:24:23" classname="Ucs4TestCases/Ucs4Test" />
    <testcase name="ToUtf8/205" value_param="16-byte object &lt;00-00 0A-00 00-00 00-00 49-71 CC-0A 3F-56 00-00&gt;" status="run" result="completed" time="0" timestamp="2021-04-28T21:24:23" classname="Ucs4TestCases/Ucs4Test" />
    <testcase name="ToUtf8/206" value_param="16-byte object &lt;00-00 0C-00 00-00 00-00 4E-71 CC-0A 3F-56 00-00&gt;" status="run" result="completed" time="0" timestamp="2021-04-28T21:24:23" classname="Ucs4TestCases/Ucs4Test" />
    <testcase name="ToUtf8/207" value_param="16-byte object &lt;FF-FF 0F-00 00-00 00-00 53-71 CC-0A 3F-56 00-00&gt;" status="run" result="completed" time="0" timestamp="2021-04-28T21:24:23" classname="Ucs4TestCases/Ucs4Test" />
    <testcase name="ToUtf8/208" value_param="16-byte object &lt;00-00 10-00 00-00 00-00 58-71 CC-0A 3F-56 00-00&gt;" status="run" result="completed" time="0" timestamp="2021-04-28T21:24:23" classname="Ucs4TestCases/Ucs4Test" />
    <testcase name="ToUtf8/209" value_param="16-byte object &lt;01-00 10-00 00-00 00-00 5D-71 CC-0A 3F-56 00-00&gt;" status="run" result="completed" time="0" timestamp="2021-04-28T21:24:23" classname="Ucs4TestCases/Ucs4Test" />
    <testcase name="ToUtf8/210" value_param="16-byte object &lt;02-00 10-00 00-00 00-00 62-71 CC-0A 3F-56 00-00&gt;" status="run" result="completed" time="0" timestamp="2021-04-28T21:24:23" classname="Ucs4TestCases/Ucs4Test" />
    <testcase name="ToUtf8/211" value_param="16-byte object &lt;04-00 10-00 00-00 00-00 67-71 CC-0A 3F-56 00-00&gt;" status="run" result="completed" time="0" timestamp="2021-04-28T21:24:23" classname="Ucs4TestCases/Ucs4Test" />
    <testcase name="ToUtf8/212" value_param="16-byte object &lt;08-00 10-00 00-00 00-00 6C-71 CC-0A 3F-56 00-00&gt;" status="run" result="completed" time="0" timestamp="2021-04-28T21:24:23" classname="Ucs4TestCases/Ucs4Test" />
    <testcase name="ToUtf8/213" value_param="16-byte object &lt;10-00 10-00 00-00 00-00 71-71 CC-0A 3F-56 00-00&gt;" status="run" result="completed" time="0" timestamp="2021-04-28T21:24:23" classname="Ucs4TestCases/Ucs4Test" />
    <testcase name="ToUtf8/214" value_param="16-byte object &lt;20-00 10-00 00-00 00-00 76-71 CC-0A 3F-56 00-00&gt;" status="run" result="completed" time="0" timestamp="2021-04-28T21:24:23" classname="Ucs4TestCases/Ucs4Test" />
    <testcase name="ToUtf8/215" value_param="16-byte object &lt;40-00 10-00 00-00 00-00 7B-71 CC-0A 3F-56 00-00&gt;" status="run" result="completed" time="0" timestamp="2021-04-28T21:24:23" classname="Ucs4TestCases/Ucs4Test" />
    <testcase name="ToUtf8/216" value_param="16-byte object &lt;80-00 10-00 00-00 00-00 80-71 CC-0A 3F-56 00-00&gt;" status="run" result="completed" time="0" timestamp="2021-04-28T21:24:23" classname="Ucs4TestCases/Ucs4Test" />
    <testcase name="ToUtf8/217" value_param="16-byte object &lt;00-01 10-00 00-00 00-00 85-71 CC-0A 3F-56 00-00&gt;" status="run" result="completed" time="0" timestamp="2021-04-28T21:24:23" classname="Ucs4TestCases/Ucs4Test" />
    <testcase name="ToUtf8/218" value_param="16-byte object &lt;00-02 10-00 00-00 00-00 8A-71 CC-0A 3F-56 00-00&gt;" status="run" result="completed" time="0" timestamp="2021-04-28T21:24:23" classname="Ucs4TestCases/Ucs4Test" />
    <testcase name="ToUtf8/219" value_param="16-byte object &lt;00-04 10-00 00-00 00-00 8F-71 CC-0A 3F-56 00-00&gt;" status="run" result="completed" time="0" timestamp="2021-04-28T21:24:23" classname="Ucs4TestCases/Ucs4Test" />
    <testcase name="ToUtf8/220" value_param="16-byte object &lt;00-08 10-00 00-00 00-00 94-71 CC-0A 3F-56 00-00&gt;" status="run" result="completed" time="0" timestamp="2021-04-28T21:24:23" classname="Ucs4TestCases/Ucs4Test" />
    <testcase name="ToUtf8/221" value_param="16-byte object &lt;00-10 10-00 00-00 00-00 99-71 CC-0A 3F-56 00-00&gt;" status="run" result="completed" time="0" timestamp="2021-04-28T21:24:23" classname="Ucs4TestCases/Ucs4Test" />
    <testcase name="ToUtf8/222" value_param="16-byte object &lt;00-20 10-00 00-00 00-00 9E-71 CC-0A 3F-56 00-00&gt;" status="run" result="completed" time="0" timestamp="2021-04-28T21:24:23" classname="Ucs4TestCases/Ucs4Test" />
    <testcase name="ToUtf8/223" value_param="16-byte object &lt;00-40 10-00 00-00 00-00 A3-71 CC-0A 3F-56 00-00&gt;" status="run" result="completed" time="0" timestamp="2021-04-28T21:24:23" classname="Ucs4TestCases/Ucs4Test" />
    <testcase name="ToUtf8/224" value_param="16-byte object &lt;00-80 10-00 00-00 00-00 A8-71 CC-0A 3F-56 00-00&gt;" status="run" result="completed" time="0" timestamp="2021-04-28T21:24:23" classname="Ucs4TestCases/Ucs4Test" />
    <testcase name="ToUtf8/225" value_param="16-byte object &lt;FF-FF 10-00 00-00 00-00 AD-71 CC-0A 3F-56 00-00&gt;" status="run" result="completed" time="0" timestamp="2021-04-28T21:24:23" classname="Ucs4TestCases/Ucs4Test" />
    <testcase name="FromUtf8/0" value_param="16-byte object &lt;01-00 00-00 00-00 00-00 0E-6E CC-0A 3F-56 00-00&gt;" status="run" result="completed" time="0" timestamp="2021-04-28T21:24:23" classname="Ucs4TestCases/Ucs4Test" />
    <testcase name="FromUtf8/1" value_param="16-byte object &lt;02-00 00-00 00-00 00-00 10-6E CC-0A 3F-56 00-00&gt;" status="run" result="completed" time="0" timestamp="2021-04-28T21:24:23" classname="Ucs4TestCases/Ucs4Test" />
    <testcase name="FromUtf8/2" value_param="16-byte object &lt;03-00 00-00 00-00 00-00 12-6E CC-0A 3F-56 00-00&gt;" status="run" result="completed" time="0" timestamp="2021-04-28T21:24:23" classname="Ucs4TestCases/Ucs4Test" />
    <testcase name="FromUtf8/3" value_param="16-byte object &lt;04-00 00-00 00-00 00-00 14-6E CC-0A 3F-56 00-00&gt;" status="run" result="completed" time="0" timestamp="2021-04-28T21:24:23" classname="Ucs4TestCases/Ucs4Test" />
    <testcase name="FromUtf8/4" value_param="16-byte object &lt;07-00 00-00 00-00 00-00 16-6E CC-0A 3F-56 00-00&gt;" status="run" result="completed" time="0" timestamp="2021-04-28T21:24:23" classname="Ucs4TestCases/Ucs4Test" />
    <testcase name="FromUtf8/5" value_param="16-byte object &lt;08-00 00-00 00-00 00-00 18-6E CC-0A 3F-56 00-00&gt;" status="run" result="completed" time="0" timestamp="2021-04-28T21:24:23" classname="Ucs4TestCases/Ucs4Test" />
    <testcase name="FromUtf8/6" value_param="16-byte object &lt;0F-00 00-00 00-00 00-00 1A-6E CC-0A 3F-56 00-00&gt;" status="run" result="completed" time="0" timestamp="2021-04-28T21:24:23" classname="Ucs4TestCases/Ucs4Test" />
    <testcase name="FromUtf8/7" value_param="16-byte object &lt;10-00 00-00 00-00 00-00 1C-6E CC-0A 3F-56 00-00&gt;" status="run" result="completed" time="0" timestamp="2021-04-28T21:24:23" classname="Ucs4TestCases/Ucs4Test" />
    <testcase name="FromUtf8/8" value_param="16-byte object &lt;1F-00 00-00 00-00 00-00 1E-6E CC-0A 3F-56 00-00&gt;" status="run" result="completed" time="0" timestamp="2021-04-28T21:24:23" classname="Ucs4TestCases/Ucs4Test" />
    <testcase name="FromUtf8/9" value_param="16-byte object &lt;20-00 00-00 00-00 00-00 20-6E CC-0A 3F-56 00-00&gt;" status="run" result="completed" time="0" timestamp="2021-04-28T21:24:23" classname="Ucs4TestCases/Ucs4Test" />
    <testcase name="FromUtf8/10" value_param="16-byte object &lt;3F-00 00-00 00-00 00-00 22-6E CC-0A 3F-56 00-00&gt;" status="run" result="completed" time="0" timestamp="2021-04-28T21:24:23" classname="Ucs4TestCases/Ucs4Test" />
    <testcase name="FromUtf8/11" value_param="16-byte object &lt;40-00 00-00 00-00 00-00 24-6E CC-0A 3F-56 00-00&gt;" status="run" result="completed" time="0" timestamp="2021-04-28T21:24:23" classname="Ucs4TestCases/Ucs4Test" />
    <testcase name="FromUtf8/12" value_param="16-byte object &lt;7F-00 00-00 00-00 00-00 26-6E CC-0A 3F-56 00-00&gt;" status="run" result="completed" time="0" timestamp="2021-04-28T21:24:23" classname="Ucs4TestCases/Ucs4Test" />
    <testcase name="FromUtf8/13" value_param="16-byte object &lt;80-00 00-00 00-00 00-00 28-6E CC-0A 3F-56 00-00&gt;" status="run" result="completed" time="0" timestamp="2021-04-28T21:24:23" classname="Ucs4TestCases/Ucs4Test" />
    <testcase name="FromUtf8/14" value_param="16-byte object &lt;81-00 00-00 00-00 00-00 2B-6E CC-0A 3F-56 00-00&gt;" status="run" result="completed" time="0" timestamp="2021-04-28T21:24:23" classname="Ucs4TestCases/Ucs4Test" />
    <testcase name="FromUtf8/15" value_param="16-byte object &lt;82-00 00-00 00-00 00-00 2E-6E CC-0A 3F-56 00-00&gt;" status="run" result="completed" time="0" timestamp="2021-04-28T21:24:23" classname="Ucs4TestCases/Ucs4Test" />
    <testcase name="FromUtf8/16" value_param="16-byte object &lt;84-00 00-00 00-00 00-00 31-6E CC-0A 3F-56 00-00&gt;" status="run" result="completed" time="0" timestamp="2021-04-28T21:24:23" classname="Ucs4TestCases/Ucs4Test" />
    <testcase name="FromUtf8/17" value_param="16-byte object &lt;88-00 00-00 00-00 00-00 34-6E CC-0A 3F-56 00-00&gt;" status="run" result="completed" time="0" timestamp="2021-04-28T21:24:23" classname="Ucs4TestCases/Ucs4Test" />
    <testcase name="FromUtf8/18" value_param="16-byte object &lt;90-00 00-00 00-00 00-00 37-6E CC-0A 3F-56 00-00&gt;" status="run" result="completed" time="0" timestamp="2021-04-28T21:24:23" classname="Ucs4TestCases/Ucs4Test" />
    <testcase name="FromUtf8/19" value_param="16-byte object &lt;A0-00 00-00 00-00 00-00 3A-6E CC-0A 3F-56 00-00&gt;" status="run" result="completed" time="0" timestamp="2021-04-28T21:24:23" classname="Ucs4TestCases/Ucs4Test" />
    <testcase name="FromUtf8/20" value_param="16-byte object &lt;C0-00 00-00 00-00 00-00 3D-6E CC-0A 3F-56 00-00&gt;" status="run" result="completed" time="0" timestamp="2021-04-28T21:24:23" classname="Ucs4TestCases/Ucs4Test" />
    <testcase name="FromUtf8/21" value_param="16-byte object &lt;FF-00 00-00 00-00 00-00 40-6E CC-0A 3F-56 00-00&gt;" status="run" result="completed" time="0" timestamp="2021-04-28T21:24:23" classname="Ucs4TestCases/Ucs4Test" />
    <testcase name="FromUtf8/22" value_param="16-byte object &lt;00-01 00-00 00-00 00-00 43-6E CC-0A 3F-56 00-00&gt;" status="run" result="completed" time="0" timestamp="2021-04-28T21:24:23" classname="Ucs4TestCases/Ucs4Test" />
    <testcase name="FromUtf8/23" value_param="16-byte object &lt;01-01 00-00 00-00 00-00 46-6E CC-0A 3F-56 00-00&gt;" status="run" result="completed" time="0" timestamp="2021-04-28T21:24:23" classname="Ucs4TestCases/Ucs4Test" />
    <testcase name="FromUtf8/24" value_param="16-byte object &lt;02-01 00-00 00-00 00-00 49-6E CC-0A 3F-56 00-00&gt;" status="run" result="completed" time="0" timestamp="2021-04-28T21:24:23" classname="Ucs4TestCases/Ucs4Test" />
    <testcase name="FromUtf8/25" value_param="16-byte object &lt;04-01 00-00 00-00 00-00 4C-6E CC-0A 3F-56 00-00&gt;" status="run" result="completed" time="0" timestamp="2021-04-28T21:24:23" classname="Ucs4TestCases/Ucs4Test" />
    <testcase name="FromUtf8/26" value_param="16-byte object &lt;08-01 00-00 00-00 00-00 4F-6E CC-0A 3F-56 00-00&gt;" status="run" result="completed" time="0" timestamp="2021-04-28T21:24:23" classname="Ucs4TestCases/Ucs4Test" />
    <testcase name="FromUtf8/27" value_param="16-byte object &lt;10-01 00-00 00-00 00-00 52-6E CC-0A 3F-56 00-00&gt;" status="run" result="completed" time="0" timestamp="2021-04-28T21:24:23" classname="Ucs4TestCases/Ucs4Test" />
    <testcase name="FromUtf8/28" value_param="16-byte object &lt;20-01 00-00 00-00 00-00 55-6E CC-0A 3F-56 00-00&gt;" status="run" result="completed" time="0" timestamp="2021-04-28T21:24:23" classname="Ucs4TestCases/Ucs4Test" />
    <testcase name="FromUtf8/29" value_param="16-byte object &lt;40-01 00-00 00-00 00-00 58-6E CC-0A 3F-56 00-00&gt;" status="run" result="completed" time="0" timestamp="2021-04-28T21:24:23" classname="Ucs4TestCases/Ucs4Test" />
    <testcase name="FromUtf8/30" value_param="16-byte object &lt;80-01 00-00 00-00 00-00 5B-6E CC-0A 3F-56 00-00&gt;" status="run" result="completed" time="0" timestamp="2021-04-28T21:24:23" classname="Ucs4TestCases/Ucs4Test" />
    <testcase name="FromUtf8/31" value_param="16-byte object &lt;FF-01 00-00 00-00 00-00 5E-6E CC-0A 3F-56 00-00&gt;" status="run" result="completed" time="0" timestamp="2021-04-28T21:24:23" classname="Ucs4TestCases/Ucs4Test" />
    <testcase name="FromUtf8/32" value_param="16-byte object &lt;00-02 00-00 00-00 00-00 61-6E CC-0A 3F-56 00-00&gt;" status="run" result="completed" time="0" timestamp="2021-04-28T21:24:23" classname="Ucs4TestCases/Ucs4Test" />
    <testcase name="FromUtf8/33" value_param="16-byte object &lt;01-02 00-00 00-00 00-00 64-6E CC-0A 3F-56 00-00&gt;" status="run" result="completed" time="0" timestamp="2021-04-28T21:24:23" classname="Ucs4TestCases/Ucs4Test" />
    <testcase name="FromUtf8/34" value_param="16-byte object &lt;02-02 00-00 00-00 00-00 67-6E CC-0A 3F-56 00-00&gt;" status="run" result="completed" time="0" timestamp="2021-04-28T21:24:23" classname="Ucs4TestCases/Ucs4Test" />
    <testcase name="FromUtf8/35" value_param="16-byte object &lt;04-02 00-00 00-00 00-00 6A-6E CC-0A 3F-56 00-00&gt;" status="run" result="completed" time="0" timestamp="2021-04-28T21:24:23" classname="Ucs4TestCases/Ucs4Test" />
    <testcase name="FromUtf8/36" value_param="16-byte object &lt;08-02 00-00 00-00 00-00 6D-6E CC-0A 3F-56 00-00&gt;" status="run" result="completed" time="0" timestamp="2021-04-28T21:24:23" classname="Ucs4TestCases/Ucs4Test" />
    <testcase name="FromUtf8/37" value_param="16-byte object &lt;10-02 00-00 00-00 00-00 70-6E CC-0A 3F-56 00-00&gt;" status="run" result="completed" time="0" timestamp="2021-04-28T21:24:23" classname="Ucs4TestCases/Ucs4Test" />
    <testcase name="FromUtf8/38" value_param="16-byte object &lt;20-02 00-00 00-00 00-00 73-6E CC-0A 3F-56 00-00&gt;" status="run" result="completed" time="0" timestamp="2021-04-28T21:24:23" classname="Ucs4TestCases/Ucs4Test" />
    <testcase name="FromUtf8/39" value_param="16-byte object &lt;40-02 00-00 00-00 00-00 76-6E CC-0A 3F-56 00-00&gt;" status="run" result="completed" time="0" timestamp="2021-04-28T21:24:23" classname="Ucs4TestCases/Ucs4Test" />
    <testcase name="FromUtf8/40" value_param="16-byte object &lt;80-02 00-00 00-00 00-00 79-6E CC-0A 3F-56 00-00&gt;" status="run" result="completed" time="0" timestamp="2021-04-28T21:24:23" classname="Ucs4TestCases/Ucs4Test" />
    <testcase name="FromUtf8/41" value_param="16-byte object &lt;00-03 00-00 00-00 00-00 7C-6E CC-0A 3F-56 00-00&gt;" status="run" result="completed" time="0" timestamp="2021-04-28T21:24:23" classname="Ucs4TestCases/Ucs4Test" />
    <testcase name="FromUtf8/42" value_param="16-byte object &lt;FF-03 00-00 00-00 00-00 7F-6E CC-0A 3F-56 00-00&gt;" status="run" result="completed" time="0" timestamp="2021-04-28T21:24:23" classname="Ucs4TestCases/Ucs4Test" />
    <testcase name="FromUtf8/43" value_param="16-byte object &lt;00-04 00-00 00-00 00-00 82-6E CC-0A 3F-56 00-00&gt;" status="run" result="completed" time="0" timestamp="2021-04-28T21:24:23" classname="Ucs4TestCases/Ucs4Test" />
    <testcase name="FromUtf8/44" value_param="16-byte object &lt;01-04 00-00 00-00 00-00 85-6E CC-0A 3F-56 00-00&gt;" status="run" result="completed" time="0" timestamp="2021-04-28T21:24:23" classname="Ucs4TestCases/Ucs4Test" />
    <testcase name="FromUtf8/45" value_param="16-byte object &lt;02-04 00-00 00-00 00-00 88-6E CC-0A 3F-56 00-00&gt;" status="run" result="completed" time="0" timestamp="2021-04-28T21:24:23" classname="Ucs4TestCases/Ucs4Test" />
    <testcase name="FromUtf8/46" value_param="16-byte object &lt;04-04 00-00 00-00 00-00 8B-6E CC-0A 3F-56 00-00&gt;" status="run" result="completed" time="0" timestamp="2021-04-28T21:24:23" classname="Ucs4TestCases/Ucs4Test" />
    <testcase name="FromUtf8/47" value_param="16-byte object &lt;08-04 00-00 00-00 00-00 8E-6E CC-0A 3F-56 00-00&gt;" status="run" result="completed" time="0" timestamp="2021-04-28T21:24:23" classname="Ucs4TestCases/Ucs4Test" />
    <testcase name="FromUtf8/48" value_param="16-byte object &lt;10-04 00-00 00-00 00-00 91-6E CC-0A 3F-56 00-00&gt;" status="run" result="completed" time="0" timestamp="2021-04-28T21:24:23" classname="Ucs4TestCases/Ucs4Test" />
    <testcase name="FromUtf8/49" value_param="16-byte object &lt;20-04 00-00 00-00 00-00 94-6E CC-0A 3F-56 00-00&gt;" status="run" result="completed" time="0" timestamp="2021-04-28T21:24:23" classname="Ucs4TestCases/Ucs4Test" />
    <testcase name="FromUtf8/50" value_param="16-byte object &lt;40-04 00-00 00-00 00-00 97-6E CC-0A 3F-56 00-00&gt;" status="run" result="completed" time="0" timestamp="2021-04-28T21:24:23" classname="Ucs4TestCases/Ucs4Test" />
    <testcase name="FromUtf8/51" value_param="16-byte object &lt;80-04 00-00 00-00 00-00 9A-6E CC-0A 3F-56 00-00&gt;" status="run" result="completed" time="0" timestamp="2021-04-28T21:24:23" classname="Ucs4TestCases/Ucs4Test" />
    <testcase name="FromUtf8/52" value_param="16-byte object &lt;00-05 00-00 00-00 00-00 9D-6E CC-0A 3F-56 00-00&gt;" status="run" result="completed" time="0" timestamp="2021-04-28T21:24:23" classname="Ucs4TestCases/Ucs4Test" />
    <testcase name="FromUtf8/53" value_param="16-byte object &lt;00-06 00-00 00-00 00-00 A0-6E CC-0A 3F-56 00-00&gt;" status="run" result="completed" time="0" timestamp="2021-04-28T21:24:23" classname="Ucs4TestCases/Ucs4Test" />
    <testcase name="FromUtf8/54" value_param="16-byte object &lt;FF-07 00-00 00-00 00-00 A3-6E CC-0A 3F-56 00-00&gt;" status="run" result="completed" time="0" timestamp="2021-04-28T21:24:23" classname="Ucs4TestCases/Ucs4Test" />
    <testcase name="FromUtf8/55" value_param="16-byte object &lt;00-08 00-00 00-00 00-00 A6-6E CC-0A 3F-56 00-00&gt;" status="run" result="completed" time="0" timestamp="2021-04-28T21:24:23" classname="Ucs4TestCases/Ucs4Test" />
    <testcase name="FromUtf8/56" value_param="16-byte object &lt;01-08 00-00 00-00 00-00 AA-6E CC-0A 3F-56 00-00&gt;" status="run" result="completed" time="0" timestamp="2021-04-28T21:24:23" classname="Ucs4TestCases/Ucs4Test" />
    <testcase name="FromUtf8/57" value_param="16-byte object &lt;02-08 00-00 00-00 00-00 AE-6E CC-0A 3F-56 00-00&gt;" status="run" result="completed" time="0" timestamp="2021-04-28T21:24:23" classname="Ucs4TestCases/Ucs4Test" />
    <testcase name="FromUtf8/58" value_param="16-byte object &lt;04-08 00-00 00-00 00-00 B2-6E CC-0A 3F-56 00-00&gt;" status="run" result="completed" time="0" timestamp="2021-04-28T21:24:23" classname="Ucs4TestCases/Ucs4Test" />
    <testcase name="FromUtf8/59" value_param="16-byte object &lt;08-08 00-00 00-00 00-00 B6-6E CC-0A 3F-56 00-00&gt;" status="run" result="completed" time="0" timestamp="2021-04-28T21:24:23" classname="Ucs4TestCases/Ucs4Test" />
    <testcase name="FromUtf8/60" value_param="16-byte object &lt;10-08 00-00 00-00 00-00 BA-6E CC-0A 3F-56 00-00&gt;" status="run" result="completed" time="0" timestamp="2021-04-28T21:24:23" classname="Ucs4TestCases/Ucs4Test" />
    <testcase name="FromUtf8/61" value_param="16-byte object &lt;20-08 00-00 00-00 00-00 BE-6E CC-0A 3F-56 00-00&gt;" status="run" result="completed" time="0" timestamp="2021-04-28T21:24:23" classname="Ucs4TestCases/Ucs4Test" />
    <testcase name="FromUtf8/62" value_param="16-byte object &lt;40-08 00-00 00-00 00-00 C2-6E CC-0A 3F-56 00-00&gt;" status="run" result="completed" time="0" timestamp="2021-04-28T21:24:23" classname="Ucs4TestCases/Ucs4Test" />
    <testcase name="FromUtf8/63" value_param="16-byte object &lt;80-08 00-00 00-00 00-00 C6-6E CC-0A 3F-56 00-00&gt;" status="run" result="completed" time="0" timestamp="2021-04-28T21:24:23" classname="Ucs4TestCases/Ucs4Test" />
    <testcase name="FromUtf8/64" value_param="16-byte object &lt;00-09 00-00 00-00 00-00 CA-6E CC-0A 3F-56 00-00&gt;" status="run" result="completed" time="0" timestamp="2021-04-28T21:24:23" classname="Ucs4TestCases/Ucs4Test" />
    <testcase name="FromUtf8/65" value_param="16-byte object &lt;00-0A 00-00 00-00 00-00 CE-6E CC-0A 3F-56 00-00&gt;" status="run" result="completed" time="0" timestamp="2021-04-28T21:24:23" classname="Ucs4TestCases/Ucs4Test" />
    <testcase name="FromUtf8/66" value_param="16-byte object &lt;00-0C 00-00 00-00 00-00 D2-6E CC-0A 3F-56 00-00&gt;" status="run" result="completed" time="0" timestamp="2021-04-28T21:24:23" classname="Ucs4TestCases/Ucs4Test" />
    <testcase name="FromUtf8/67" value_param="16-byte object &lt;FF-0F 00-00 00-00 00-00 D6-6E CC-0A 3F-56 00-00&gt;" status="run" result="completed" time="0" timestamp="2021-04-28T21:24:23" classname="Ucs4TestCases/Ucs4Test" />
    <testcase name="FromUtf8/68" value_param="16-byte object &lt;00-10 00-00 00-00 00-00 DA-6E CC-0A 3F-56 00-00&gt;" status="run" result="completed" time="0" timestamp="2021-04-28T21:24:23" classname="Ucs4TestCases/Ucs4Test" />
    <testcase name="FromUtf8/69" value_param="16-byte object &lt;01-10 00-00 00-00 00-00 DE-6E CC-0A 3F-56 00-00&gt;" status="run" result="completed" time="0" timestamp="2021-04-28T21:24:23" classname="Ucs4TestCases/Ucs4Test" />
    <testcase name="FromUtf8/70" value_param="16-byte object &lt;02-10 00-00 00-00 00-00 E2-6E CC-0A 3F-56 00-00&gt;" status="run" result="completed" time="0" timestamp="2021-04-28T21:24:23" classname="Ucs4TestCases/Ucs4Test" />
    <testcase name="FromUtf8/71" value_param="16-byte object &lt;04-10 00-00 00-00 00-00 E6-6E CC-0A 3F-56 00-00&gt;" status="run" result="completed" time="0" timestamp="2021-04-28T21:24:23" classname="Ucs4TestCases/Ucs4Test" />
    <testcase name="FromUtf8/72" value_param="16-byte object &lt;08-10 00-00 00-00 00-00 EA-6E CC-0A 3F-56 00-00&gt;" status="run" result="completed" time="0" timestamp="2021-04-28T21:24:23" classname="Ucs4TestCases/Ucs4Test" />
    <testcase name="FromUtf8/73" value_param="16-byte object &lt;10-10 00-00 00-00 00-00 EE-6E CC-0A 3F-56 00-00&gt;" status="run" result="completed" time="0" timestamp="2021-04-28T21:24:23" classname="Ucs4TestCases/Ucs4Test" />
    <testcase name="FromUtf8/74" value_param="16-byte object &lt;20-10 00-00 00-00 00-00 F2-6E CC-0A 3F-56 00-00&gt;" status="run" result="completed" time="0" timestamp="2021-04-28T21:24:23" classname="Ucs4TestCases/Ucs4Test" />
    <testcase name="FromUtf8/75" value_param="16-byte object &lt;40-10 00-00 00-00 00-00 F6-6E CC-0A 3F-56 00-00&gt;" status="run" result="completed" time="0" timestamp="2021-04-28T21:24:23" classname="Ucs4TestCases/Ucs4Test" />
    <testcase name="FromUtf8/76" value_param="16-byte object &lt;80-10 00-00 00-00 00-00 FA-6E CC-0A 3F-56 00-00&gt;" status="run" result="completed" time="0" timestamp="2021-04-28T21:24:23" classname="Ucs4TestCases/Ucs4Test" />
    <testcase name="FromUtf8/77" value_param="16-byte object &lt;00-11 00-00 00-00 00-00 FE-6E CC-0A 3F-56 00-00&gt;" status="run" result="completed" time="0" timestamp="2021-04-28T21:24:23" classname="Ucs4TestCases/Ucs4Test" />
    <testcase name="FromUtf8/78" value_param="16-byte object &lt;00-12 00-00 00-00 00-00 02-6F CC-0A 3F-56 00-00&gt;" status="run" result="completed" time="0" timestamp="2021-04-28T21:24:23" classname="Ucs4TestCases/Ucs4Test" />
    <testcase name="FromUtf8/79" value_param="16-byte object &lt;00-14 00-00 00-00 00-00 06-6F CC-0A 3F-56 00-00&gt;" status="run" result="completed" time="0" timestamp="2021-04-28T21:24:23" classname="Ucs4TestCases/Ucs4Test" />
    <testcase name="FromUtf8/80" value_param="16-byte object &lt;00-18 00-00 00-00 00-00 0A-6F CC-0A 3F-56 00-00&gt;" status="run" result="completed" time="0" timestamp="2021-04-28T21:24:23" classname="Ucs4TestCases/Ucs4Test" />
    <testcase name="FromUtf8/81" value_param="16-byte object &lt;FF-1F 00-00 00-00 00-00 0E-6F CC-0A 3F-56 00-00&gt;" status="run" result="completed" time="0" timestamp="2021-04-28T21:24:23" classname="Ucs4TestCases/Ucs4Test" />
    <testcase name="FromUtf8/82" value_param="16-byte object &lt;00-20 00-00 00-00 00-00 12-6F CC-0A 3F-56 00-00&gt;" status="run" result="completed" time="0" timestamp="2021-04-28T21:24:23" classname="Ucs4TestCases/Ucs4Test" />
    <testcase name="FromUtf8/83" value_param="16-byte object &lt;01-20 00-00 00-00 00-00 16-6F CC-0A 3F-56 00-00&gt;" status="run" result="completed" time="0" timestamp="2021-04-28T21:24:23" classname="Ucs4TestCases/Ucs4Test" />
    <testcase name="FromUtf8/84" value_param="16-byte object &lt;02-20 00-00 00-00 00-00 1A-6F CC-0A 3F-56 00-00&gt;" status="run" result="completed" time="0" timestamp="2021-04-28T21:24:23" classname="Ucs4TestCases/Ucs4Test" />
    <testcase name="FromUtf8/85" value_param="16-byte object &lt;04-20 00-00 00-00 00-00 1E-6F CC-0A 3F-56 00-00&gt;" status="run" result="completed" time="0" timestamp="2021-04-28T21:24:23" classname="Ucs4TestCases/Ucs4Test" />
    <testcase name="FromUtf8/86" value_param="16-byte object &lt;08-20 00-00 00-00 00-00 22-6F CC-0A 3F-56 00-00&gt;" status="run" result="completed" time="0" timestamp="2021-04-28T21:24:23" classname="Ucs4TestCases/Ucs4Test" />
    <testcase name="FromUtf8/87" value_param="16-byte object &lt;10-20 00-00 00-00 00-00 26-6F CC-0A 3F-56 00-00&gt;" status="run" result="completed" time="0" timestamp="2021-04-28T21:24:23" classname="Ucs4TestCases/Ucs4Test" />
[...]
    <testcase name="HasNoUcs2/14" value_param="&quot;\xF8\xB0\x80\x80\x80&quot;" status="run" result="completed" time="0" timestamp="2021-04-28T21:24:23" classname="BadUtf8TestCases/BadUtf8Test" />
    <testcase name="HasNoUcs2/15" value_param="&quot;\xF8\xBF\xBF\xBF\xBF&quot;" status="run" result="completed" time="0" timestamp="2021-04-28T21:24:23" classname="BadUtf8TestCases/BadUtf8Test" />
    <testcase name="HasNoUcs2/16" value_param="&quot;\xF9\x80\x80\x80\x88&quot;" status="run" result="completed" time="0" timestamp="2021-04-28T21:24:23" classname="BadUtf8TestCases/BadUtf8Test" />
    <testcase name="HasNoUcs2/17" value_param="&quot;\xF9\x84\x80\x80\x80&quot;" status="run" result="completed" time="0.001" timestamp="2021-04-28T21:24:23" classname="BadUtf8TestCases/BadUtf8Test" />
    <testcase name="HasNoUcs2/18" value_param="&quot;\xF9\xBF\xBF\xBF\xBF&quot;" status="run" result="completed" time="0" timestamp="2021-04-28T21:24:23" classname="BadUtf8TestCases/BadUtf8Test" />
    <testcase name="HasNoUcs2/19" value_param="&quot;\xFA\x80\x80\x80\x80&quot;" status="run" result="completed" time="0" timestamp="2021-04-28T21:24:23" classname="BadUtf8TestCases/BadUtf8Test" />
    <testcase name="HasNoUcs2/20" value_param="&quot;\xFA\x90\x80\x80\x80&quot;" status="run" result="completed" time="0" timestamp="2021-04-28T21:24:23" classname="BadUtf8TestCases/BadUtf8Test" />
    <testcase name="HasNoUcs2/21" value_param="&quot;\xFB\xBF\xBF\xBF\xBF&quot;" status="run" result="completed" time="0" timestamp="2021-04-28T21:24:23" classname="BadUtf8TestCases/BadUtf8Test" />
    <testcase name="HasNoUcs2/22" value_param="&quot;\xFC\x84\x80\x80\x80\x81&quot;" status="run" result="completed" time="0" timestamp="2021-04-28T21:24:23" classname="BadUtf8TestCases/BadUtf8Test" />
    <testcase name="HasNoUcs2/23" value_param="&quot;\xFC\x85\x80\x80\x80\x80&quot;" status="run" result="completed" time="0" timestamp="2021-04-28T21:24:23" classname="BadUtf8TestCases/BadUtf8Test" />
    <testcase name="HasNoUcs2/24" value_param="&quot;\xFC\x86\x80\x80\x80\x80&quot;" status="run" result="completed" time="0" timestamp="2021-04-28T21:24:23" classname="BadUtf8TestCases/BadUtf8Test" />
    <testcase name="HasNoUcs2/25" value_param="&quot;\xFC\x87\xBF\xBF\xBF\xBF&quot;" status="run" result="completed" time="0" timestamp="2021-04-28T21:24:23" classname="BadUtf8TestCases/BadUtf8Test" />
    <testcase name="HasNoUcs2/26" value_param="&quot;\xFC\x88\xA0\x80\x80\x80&quot;" status="run" result="completed" time="0" timestamp="2021-04-28T21:24:23" classname="BadUtf8TestCases/BadUtf8Test" />
    <testcase name="HasNoUcs2/27" value_param="&quot;\xFC\x89\x80\x80\x80\x80&quot;" status="run" result="completed" time="0" timestamp="2021-04-28T21:24:23" classname="BadUtf8TestCases/BadUtf8Test" />
    <testcase name="HasNoUcs2/28" value_param="&quot;\xFC\x8A\x80\x80\x80\x80&quot;" status="run" result="completed" time="0" timestamp="2021-04-28T21:24:23" classname="BadUtf8TestCases/BadUtf8Test" />
    <testcase name="HasNoUcs2/29" value_param="&quot;\xFC\x90\x80\x80\x80\x82&quot;" status="run" result="completed" time="0" timestamp="2021-04-28T21:24:23" classname="BadUtf8TestCases/BadUtf8Test" />
    <testcase name="HasNoUcs2/30" value_param="&quot;\xFD\x80\x80\x80\x80\x80&quot;" status="run" result="completed" time="0" timestamp="2021-04-28T21:24:23" classname="BadUtf8TestCases/BadUtf8Test" />
    <testcase name="HasNoUcs2/31" value_param="&quot;\xFD\xBF\xBF\xBF\xBF\xBF&quot;" status="run" result="completed" time="0" timestamp="2021-04-28T21:24:23" classname="BadUtf8TestCases/BadUtf8Test" />
    <testcase name="HasNoUcs2/32" value_param="&quot;\x80&quot;" status="run" result="completed" time="0" timestamp="2021-04-28T21:24:23" classname="BadUtf8TestCases/BadUtf8Test" />
    <testcase name="HasNoUcs2/33" value_param="&quot;\xC3&quot;" status="run" result="completed" time="0" timestamp="2021-04-28T21:24:23" classname="BadUtf8TestCases/BadUtf8Test" />
    <testcase name="HasNoUcs2/34" value_param="&quot;\xC3\xC3\x80&quot;" status="run" result="completed" time="0" timestamp="2021-04-28T21:24:23" classname="BadUtf8TestCases/BadUtf8Test" />
    <testcase name="HasNoUcs2/35" value_param="&quot;\xED\xA0\x80&quot;" status="run" result="completed" time="0" timestamp="2021-04-28T21:24:23" classname="BadUtf8TestCases/BadUtf8Test" />
    <testcase name="HasNoUcs2/36" value_param="&quot;\xED\xBF\x80&quot;" status="run" result="completed" time="0" timestamp="2021-04-28T21:24:23" classname="BadUtf8TestCases/BadUtf8Test" />
    <testcase name="HasNoUcs2/37" value_param="&quot;\xED\xBF\xBF&quot;" status="run" result="completed" time="0" timestamp="2021-04-28T21:24:23" classname="BadUtf8TestCases/BadUtf8Test" />
    <testcase name="HasNoUcs2/38" value_param="&quot;\xED\xA0\x80\xE0\xBF\xBF&quot;" status="run" result="completed" time="0" timestamp="2021-04-28T21:24:23" classname="BadUtf8TestCases/BadUtf8Test" />
    <testcase name="HasNoUcs4/0" value_param="&quot;\xC0\x80&quot;" status="run" result="completed" time="0" timestamp="2021-04-28T21:24:23" classname="BadUtf8TestCases/BadUtf8Test" />
    <testcase name="HasNoUcs4/1" value_param="&quot;\xC1\xBF&quot;" status="run" result="completed" time="0" timestamp="2021-04-28T21:24:23" classname="BadUtf8TestCases/BadUtf8Test" />
    <testcase name="HasNoUcs4/2" value_param="&quot;\xE0\x80\x80&quot;" status="run" result="completed" time="0" timestamp="2021-04-28T21:24:23" classname="BadUtf8TestCases/BadUtf8Test" />
    <testcase name="HasNoUcs4/3" value_param="&quot;\xE0\x9F\xBF&quot;" status="run" result="completed" time="0" timestamp="2021-04-28T21:24:23" classname="BadUtf8TestCases/BadUtf8Test" />
    <testcase name="HasNoUcs4/4" value_param="&quot;\xF0\x80\x80\x80&quot;" status="run" result="completed" time="0" timestamp="2021-04-28T21:24:23" classname="BadUtf8TestCases/BadUtf8Test" />
    <testcase name="HasNoUcs4/5" value_param="&quot;\xF0\x8F\xBF\xBF&quot;" status="run" result="completed" time="0" timestamp="2021-04-28T21:24:23" classname="BadUtf8TestCases/BadUtf8Test" />
    <testcase name="HasNoUcs4/6" value_param="&quot;\xF4\x90\x80\x80&quot;" status="run" result="completed" time="0" timestamp="2021-04-28T21:24:23" classname="BadUtf8TestCases/BadUtf8Test" />
    <testcase name="HasNoUcs4/7" value_param="&quot;\xF7\xBF\xBF\xBF&quot;" status="run" result="completed" time="0" timestamp="2021-04-28T21:24:23" classname="BadUtf8TestCases/BadUtf8Test" />
    <testcase name="HasNoUcs4/8" value_param="&quot;\xF8\x80\x80\x80\x80&quot;" status="run" result="completed" time="0" timestamp="2021-04-28T21:24:23" classname="BadUtf8TestCases/BadUtf8Test" />
    <testcase name="HasNoUcs4/9" value_param="&quot;\xF8\x88\x80\x80\x80&quot;" status="run" result="completed" time="0" timestamp="2021-04-28T21:24:23" classname="BadUtf8TestCases/BadUtf8Test" />
    <testcase name="HasNoUcs4/10" value_param="&quot;\xF8\x92\x80\x80\x80&quot;" status="run" result="completed" time="0" timestamp="2021-04-28T21:24:23" classname="BadUtf8TestCases/BadUtf8Test" />
    <testcase name="HasNoUcs4/11" value_param="&quot;\xF8\x9F\xBF\xBF\xBF&quot;" status="run" result="completed" time="0" timestamp="2021-04-28T21:24:23" classname="BadUtf8TestCases/BadUtf8Test" />
    <testcase name="HasNoUcs4/12" value_param="&quot;\xF8\xA0\x80\x80\x80&quot;" status="run" result="completed" time="0" timestamp="2021-04-28T21:24:23" classname="BadUtf8TestCases/BadUtf8Test" />
    <testcase name="HasNoUcs4/13" value_param="&quot;\xF8\xA8\x80\x80\x80&quot;" status="run" result="completed" time="0" timestamp="2021-04-28T21:24:23" classname="BadUtf8TestCases/BadUtf8Test" />
    <testcase name="HasNoUcs4/14" value_param="&quot;\xF8\xB0\x80\x80\x80&quot;" status="run" result="completed" time="0" timestamp="2021-04-28T21:24:23" classname="BadUtf8TestCases/BadUtf8Test" />
    <testcase name="HasNoUcs4/15" value_param="&quot;\xF8\xBF\xBF\xBF\xBF&quot;" status="run" result="completed" time="0" timestamp="2021-04-28T21:24:23" classname="BadUtf8TestCases/BadUtf8Test" />
    <testcase name="HasNoUcs4/16" value_param="&quot;\xF9\x80\x80\x80\x88&quot;" status="run" result="completed" time="0" timestamp="2021-04-28T21:24:23" classname="BadUtf8TestCases/BadUtf8Test" />
    <testcase name="HasNoUcs4/17" value_param="&quot;\xF9\x84\x80\x80\x80&quot;" status="run" result="completed" time="0" timestamp="2021-04-28T21:24:23" classname="BadUtf8TestCases/BadUtf8Test" />
    <testcase name="HasNoUcs4/18" value_param="&quot;\xF9\xBF\xBF\xBF\xBF&quot;" status="run" result="completed" time="0" timestamp="2021-04-28T21:24:23" classname="BadUtf8TestCases/BadUtf8Test" />
    <testcase name="HasNoUcs4/19" value_param="&quot;\xFA\x80\x80\x80\x80&quot;" status="run" result="completed" time="0" timestamp="2021-04-28T21:24:23" classname="BadUtf8TestCases/BadUtf8Test" />
    <testcase name="HasNoUcs4/20" value_param="&quot;\xFA\x90\x80\x80\x80&quot;" status="run" result="completed" time="0" timestamp="2021-04-28T21:24:23" classname="BadUtf8TestCases/BadUtf8Test" />
    <testcase name="HasNoUcs4/21" value_param="&quot;\xFB\xBF\xBF\xBF\xBF&quot;" status="run" result="completed" time="0" timestamp="2021-04-28T21:24:23" classname="BadUtf8TestCases/BadUtf8Test" />
    <testcase name="HasNoUcs4/22" value_param="&quot;\xFC\x84\x80\x80\x80\x81&quot;" status="run" result="completed" time="0" timestamp="2021-04-28T21:24:23" classname="BadUtf8TestCases/BadUtf8Test" />
    <testcase name="HasNoUcs4/23" value_param="&quot;\xFC\x85\x80\x80\x80\x80&quot;" status="run" result="completed" time="0" timestamp="2021-04-28T21:24:23" classname="BadUtf8TestCases/BadUtf8Test" />
    <testcase name="HasNoUcs4/24" value_param="&quot;\xFC\x86\x80\x80\x80\x80&quot;" status="run" result="completed" time="0" timestamp="2021-04-28T21:24:23" classname="BadUtf8TestCases/BadUtf8Test" />
    <testcase name="HasNoUcs4/25" value_param="&quot;\xFC\x87\xBF\xBF\xBF\xBF&quot;" status="run" result="completed" time="0" timestamp="2021-04-28T21:24:23" classname="BadUtf8TestCases/BadUtf8Test" />
    <testcase name="HasNoUcs4/26" value_param="&quot;\xFC\x88\xA0\x80\x80\x80&quot;" status="run" result="completed" time="0" timestamp="2021-04-28T21:24:23" classname="BadUtf8TestCases/BadUtf8Test" />
    <testcase name="HasNoUcs4/27" value_param="&quot;\xFC\x89\x80\x80\x80\x80&quot;" status="run" result="completed" time="0" timestamp="2021-04-28T21:24:23" classname="BadUtf8TestCases/BadUtf8Test" />
    <testcase name="HasNoUcs4/28" value_param="&quot;\xFC\x8A\x80\x80\x80\x80&quot;" status="run" result="completed" time="0" timestamp="2021-04-28T21:24:23" classname="BadUtf8TestCases/BadUtf8Test" />
    <testcase name="HasNoUcs4/29" value_param="&quot;\xFC\x90\x80\x80\x80\x82&quot;" status="run" result="completed" time="0" timestamp="2021-04-28T21:24:23" classname="BadUtf8TestCases/BadUtf8Test" />
    <testcase name="HasNoUcs4/30" value_param="&quot;\xFD\x80\x80\x80\x80\x80&quot;" status="run" result="completed" time="0" timestamp="2021-04-28T21:24:23" classname="BadUtf8TestCases/BadUtf8Test" />
    <testcase name="HasNoUcs4/31" value_param="&quot;\xFD\xBF\xBF\xBF\xBF\xBF&quot;" status="run" result="completed" time="0" timestamp="2021-04-28T21:24:23" classname="BadUtf8TestCases/BadUtf8Test" />
    <testcase name="HasNoUcs4/32" value_param="&quot;\x80&quot;" status="run" result="completed" time="0" timestamp="2021-04-28T21:24:23" classname="BadUtf8TestCases/BadUtf8Test" />
    <testcase name="HasNoUcs4/33" value_param="&quot;\xC3&quot;" status="run" result="completed" time="0" timestamp="2021-04-28T21:24:23" classname="BadUtf8TestCases/BadUtf8Test" />
    <testcase name="HasNoUcs4/34" value_param="&quot;\xC3\xC3\x80&quot;" status="run" result="completed" time="0" timestamp="2021-04-28T21:24:23" classname="BadUtf8TestCases/BadUtf8Test" />
    <testcase name="HasNoUcs4/35" value_param="&quot;\xED\xA0\x80&quot;" status="run" result="completed" time="0" timestamp="2021-04-28T21:24:23" classname="BadUtf8TestCases/BadUtf8Test" />
    <testcase name="HasNoUcs4/36" value_param="&quot;\xED\xBF\x80&quot;" status="run" result="completed" time="0" timestamp="2021-04-28T21:24:23" classname="BadUtf8TestCases/BadUtf8Test" />
    <testcase name="HasNoUcs4/37" value_param="&quot;\xED\xBF\xBF&quot;" status="run" result="completed" time="0" timestamp="2021-04-28T21:24:23" classname="BadUtf8TestCases/BadUtf8Test" />
    <testcase name="HasNoUcs4/38" value_param="&quot;\xED\xA0\x80\xE0\xBF\xBF&quot;" status="run" result="completed" time="0" timestamp="2021-04-28T21:24:23" classname="BadUtf8TestCases/BadUtf8Test" />
  </testsuite>
  <testsuite name="BadUtf16TestCases/BadUtf16Test" tests="9" failures="0" disabled="0" errors="0" time="0" timestamp="2021-04-28T21:24:23">
    <testcase name="HasNoUtf8/0" value_param="6-byte object &lt;00-D8 00-00 00-00&gt;" status="run" result="completed" time="0" timestamp="2021-04-28T21:24:23" classname="BadUtf16TestCases/BadUtf16Test" />
    <testcase name="HasNoUtf8/1" value_param="6-byte object &lt;00-D8 41-00 00-00&gt;" status="run" result="completed" time="0" timestamp="2021-04-28T21:24:23" classname="BadUtf16TestCases/BadUtf16Test" />
    <testcase name="HasNoUtf8/2" value_param="6-byte object &lt;00-D8 FE-00 00-00&gt;" status="run" result="completed" time="0" timestamp="2021-04-28T21:24:23" classname="BadUtf16TestCases/BadUtf16Test" />
    <testcase name="HasNoUtf8/3" value_param="6-byte object &lt;00-D8 BB-03 00-00&gt;" status="run" result="completed" time="0" timestamp="2021-04-28T21:24:23" classname="BadUtf16TestCases/BadUtf16Test" />
    <testcase name="HasNoUtf8/4" value_param="6-byte object &lt;00-D8 00-D8 00-00&gt;" status="run" result="completed" time="0" timestamp="2021-04-28T21:24:23" classname="BadUtf16TestCases/BadUtf16Test" />
    <testcase name="HasNoUtf8/5" value_param="6-byte object &lt;00-D8 FF-FE 00-00&gt;" status="run" result="completed" time="0" timestamp="2021-04-28T21:24:23" classname="BadUtf16TestCases/BadUtf16Test" />
    <testcase name="HasNoUtf8/6" value_param="6-byte object &lt;00-D8 FD-FF 00-00&gt;" status="run" result="completed" time="0" timestamp="2021-04-28T21:24:23" classname="BadUtf16TestCases/BadUtf16Test" />
    <testcase name="HasNoUtf8/7" value_param="6-byte object &lt;00-DC 00-00 00-00&gt;" status="run" result="completed" time="0" timestamp="2021-04-28T21:24:23" classname="BadUtf16TestCases/BadUtf16Test" />
    <testcase name="HasNoUtf8/8" value_param="6-byte object &lt;6D-DE 34-D8 00-00&gt;" status="run" result="completed" time="0" timestamp="2021-04-28T21:24:23" classname="BadUtf16TestCases/BadUtf16Test" />
  </testsuite>
  <testsuite name="Iso88591TestCases/Iso88591Test" tests="22" failures="0" disabled="0" errors="0" time="0.001" timestamp="2021-04-28T21:24:23">
    <testcase name="ToUtf8/0" value_param="16-byte object &lt;01-00 00-00 00-00 00-00 0E-6E CC-0A 3F-56 00-00&gt;" status="run" result="completed" time="0" timestamp="2021-04-28T21:24:23" classname="Iso88591TestCases/Iso88591Test" />
    <testcase name="ToUtf8/1" value_param="16-byte object &lt;02-00 00-00 00-00 00-00 10-6E CC-0A 3F-56 00-00&gt;" status="run" result="completed" time="0" timestamp="2021-04-28T21:24:23" classname="Iso88591TestCases/Iso88591Test" />
    <testcase name="ToUtf8/2" value_param="16-byte object &lt;03-00 00-00 00-00 00-00 12-6E CC-0A 3F-56 00-00&gt;" status="run" result="completed" time="0" timestamp="2021-04-28T21:24:23" classname="Iso88591TestCases/Iso88591Test" />
    <testcase name="ToUtf8/3" value_param="16-byte object &lt;04-00 00-00 00-00 00-00 14-6E CC-0A 3F-56 00-00&gt;" status="run" result="completed" time="0" timestamp="2021-04-28T21:24:23" classname="Iso88591TestCases/Iso88591Test" />
    <testcase name="ToUtf8/4" value_param="16-byte object &lt;07-00 00-00 00-00 00-00 16-6E CC-0A 3F-56 00-00&gt;" status="run" result="completed" time="0" timestamp="2021-04-28T21:24:23" classname="Iso88591TestCases/Iso88591Test" />
    <testcase name="ToUtf8/5" value_param="16-byte object &lt;08-00 00-00 00-00 00-00 18-6E CC-0A 3F-56 00-00&gt;" status="run" result="completed" time="0" timestamp="2021-04-28T21:24:23" classname="Iso88591TestCases/Iso88591Test" />
    <testcase name="ToUtf8/6" value_param="16-byte object &lt;0F-00 00-00 00-00 00-00 1A-6E CC-0A 3F-56 00-00&gt;" status="run" result="completed" time="0" timestamp="2021-04-28T21:24:23" classname="Iso88591TestCases/Iso88591Test" />
    <testcase name="ToUtf8/7" value_param="16-byte object &lt;10-00 00-00 00-00 00-00 1C-6E CC-0A 3F-56 00-00&gt;" status="run" result="completed" time="0" timestamp="2021-04-28T21:24:23" classname="Iso88591TestCases/Iso88591Test" />
    <testcase name="ToUtf8/8" value_param="16-byte object &lt;1F-00 00-00 00-00 00-00 1E-6E CC-0A 3F-56 00-00&gt;" status="run" result="completed" time="0" timestamp="2021-04-28T21:24:23" classname="Iso88591TestCases/Iso88591Test" />
    <testcase name="ToUtf8/9" value_param="16-byte object &lt;20-00 00-00 00-00 00-00 20-6E CC-0A 3F-56 00-00&gt;" status="run" result="completed" time="0" timestamp="2021-04-28T21:24:23" classname="Iso88591TestCases/Iso88591Test" />
    <testcase name="ToUtf8/10" value_param="16-byte object &lt;3F-00 00-00 00-00 00-00 22-6E CC-0A 3F-56 00-00&gt;" status="run" result="completed" time="0" timestamp="2021-04-28T21:24:23" classname="Iso88591TestCases/Iso88591Test" />
    <testcase name="ToUtf8/11" value_param="16-byte object &lt;40-00 00-00 00-00 00-00 24-6E CC-0A 3F-56 00-00&gt;" status="run" result="completed" time="0" timestamp="2021-04-28T21:24:23" classname="Iso88591TestCases/Iso88591Test" />
    <testcase name="ToUtf8/12" value_param="16-byte object &lt;7F-00 00-00 00-00 00-00 26-6E CC-0A 3F-56 00-00&gt;" status="run" result="completed" time="0" timestamp="2021-04-28T21:24:23" classname="Iso88591TestCases/Iso88591Test" />
    <testcase name="ToUtf8/13" value_param="16-byte object &lt;80-00 00-00 00-00 00-00 28-6E CC-0A 3F-56 00-00&gt;" status="run" result="completed" time="0" timestamp="2021-04-28T21:24:23" classname="Iso88591TestCases/Iso88591Test" />
    <testcase name="ToUtf8/14" value_param="16-byte object &lt;81-00 00-00 00-00 00-00 2B-6E CC-0A 3F-56 00-00&gt;" status="run" result="completed" time="0" timestamp="2021-04-28T21:24:23" classname="Iso88591TestCases/Iso88591Test" />
    <testcase name="ToUtf8/15" value_param="16-byte object &lt;82-00 00-00 00-00 00-00 2E-6E CC-0A 3F-56 00-00&gt;" status="run" result="completed" time="0" timestamp="2021-04-28T21:24:23" classname="Iso88591TestCases/Iso88591Test" />
    <testcase name="ToUtf8/16" value_param="16-byte object &lt;84-00 00-00 00-00 00-00 31-6E CC-0A 3F-56 00-00&gt;" status="run" result="completed" time="0" timestamp="2021-04-28T21:24:23" classname="Iso88591TestCases/Iso88591Test" />
    <testcase name="ToUtf8/17" value_param="16-byte object &lt;88-00 00-00 00-00 00-00 34-6E CC-0A 3F-56 00-00&gt;" status="run" result="completed" time="0" timestamp="2021-04-28T21:24:23" classname="Iso88591TestCases/Iso88591Test" />
    <testcase name="ToUtf8/18" value_param="16-byte object &lt;90-00 00-00 00-00 00-00 37-6E CC-0A 3F-56 00-00&gt;" status="run" result="completed" time="0" timestamp="2021-04-28T21:24:23" classname="Iso88591TestCases/Iso88591Test" />
    <testcase name="ToUtf8/19" value_param="16-byte object &lt;A0-00 00-00 00-00 00-00 3A-6E CC-0A 3F-56 00-00&gt;" status="run" result="completed" time="0" timestamp="2021-04-28T21:24:23" classname="Iso88591TestCases/Iso88591Test" />
    <testcase name="ToUtf8/20" value_param="16-byte object &lt;C0-00 00-00 00-00 00-00 3D-6E CC-0A 3F-56 00-00&gt;" status="run" result="completed" time="0" timestamp="2021-04-28T21:24:23" classname="Iso88591TestCases/Iso88591Test" />
    <testcase name="ToUtf8/21" value_param="16-byte object &lt;FF-00 00-00 00-00 00-00 40-6E CC-0A 3F-56 00-00&gt;" status="run" result="completed" time="0" timestamp="2021-04-28T21:24:23" classname="Iso88591TestCases/Iso88591Test" />
  </testsuite>
</testsuites>
